[2024-10-26T09:11:10.389+0000] {processor.py:161} INFO - Started process (PID=228) to work on /opt/airflow/dags/kafka_stream.py
[2024-10-26T09:11:10.392+0000] {processor.py:830} INFO - Processing file /opt/airflow/dags/kafka_stream.py for tasks to queue
[2024-10-26T09:11:10.399+0000] {logging_mixin.py:188} INFO - [2024-10-26T09:11:10.397+0000] {dagbag.py:545} INFO - Filling up the DagBag from /opt/airflow/dags/kafka_stream.py
[2024-10-26T09:11:11.294+0000] {processor.py:840} INFO - DAG(s) 'crypto_price_automation' retrieved from /opt/airflow/dags/kafka_stream.py
[2024-10-26T09:11:12.223+0000] {logging_mixin.py:188} INFO - [2024-10-26T09:11:12.223+0000] {dag.py:3089} INFO - Sync 1 DAGs
[2024-10-26T09:11:12.556+0000] {logging_mixin.py:188} INFO - [2024-10-26T09:11:12.555+0000] {dag.py:3947} INFO - Setting next_dagrun for crypto_price_automation to 2024-10-26 00:00:00+00:00, run_after=2024-10-27 00:00:00+00:00
[2024-10-26T09:11:12.658+0000] {processor.py:183} INFO - Processing /opt/airflow/dags/kafka_stream.py took 2.299 seconds
[2024-10-26T09:11:43.412+0000] {processor.py:161} INFO - Started process (PID=243) to work on /opt/airflow/dags/kafka_stream.py
[2024-10-26T09:11:43.416+0000] {processor.py:830} INFO - Processing file /opt/airflow/dags/kafka_stream.py for tasks to queue
[2024-10-26T09:11:43.445+0000] {logging_mixin.py:188} INFO - [2024-10-26T09:11:43.443+0000] {dagbag.py:545} INFO - Filling up the DagBag from /opt/airflow/dags/kafka_stream.py
[2024-10-26T09:11:44.194+0000] {processor.py:840} INFO - DAG(s) 'crypto_price_automation' retrieved from /opt/airflow/dags/kafka_stream.py
[2024-10-26T09:11:44.283+0000] {logging_mixin.py:188} INFO - [2024-10-26T09:11:44.282+0000] {dag.py:3089} INFO - Sync 1 DAGs
[2024-10-26T09:11:44.962+0000] {logging_mixin.py:188} INFO - [2024-10-26T09:11:44.956+0000] {dag.py:3947} INFO - Setting next_dagrun for crypto_price_automation to 2024-10-26 00:00:00+00:00, run_after=2024-10-27 00:00:00+00:00
[2024-10-26T09:11:45.106+0000] {processor.py:183} INFO - Processing /opt/airflow/dags/kafka_stream.py took 1.730 seconds
[2024-10-26T09:12:16.250+0000] {processor.py:161} INFO - Started process (PID=255) to work on /opt/airflow/dags/kafka_stream.py
[2024-10-26T09:12:16.257+0000] {processor.py:830} INFO - Processing file /opt/airflow/dags/kafka_stream.py for tasks to queue
[2024-10-26T09:12:16.274+0000] {logging_mixin.py:188} INFO - [2024-10-26T09:12:16.267+0000] {dagbag.py:545} INFO - Filling up the DagBag from /opt/airflow/dags/kafka_stream.py
[2024-10-26T09:12:17.298+0000] {processor.py:840} INFO - DAG(s) 'crypto_price_automation' retrieved from /opt/airflow/dags/kafka_stream.py
[2024-10-26T09:12:17.903+0000] {logging_mixin.py:188} INFO - [2024-10-26T09:12:17.902+0000] {dag.py:3089} INFO - Sync 1 DAGs
[2024-10-26T09:12:17.996+0000] {logging_mixin.py:188} INFO - [2024-10-26T09:12:17.995+0000] {dag.py:3947} INFO - Setting next_dagrun for crypto_price_automation to 2024-10-26 00:00:00+00:00, run_after=2024-10-27 00:00:00+00:00
[2024-10-26T09:12:18.068+0000] {processor.py:183} INFO - Processing /opt/airflow/dags/kafka_stream.py took 1.860 seconds
[2024-10-26T09:12:48.788+0000] {processor.py:161} INFO - Started process (PID=267) to work on /opt/airflow/dags/kafka_stream.py
[2024-10-26T09:12:48.795+0000] {processor.py:830} INFO - Processing file /opt/airflow/dags/kafka_stream.py for tasks to queue
[2024-10-26T09:12:48.807+0000] {logging_mixin.py:188} INFO - [2024-10-26T09:12:48.800+0000] {dagbag.py:545} INFO - Filling up the DagBag from /opt/airflow/dags/kafka_stream.py
[2024-10-26T09:12:49.555+0000] {processor.py:840} INFO - DAG(s) 'crypto_price_automation' retrieved from /opt/airflow/dags/kafka_stream.py
[2024-10-26T09:12:49.984+0000] {logging_mixin.py:188} INFO - [2024-10-26T09:12:49.983+0000] {dag.py:3089} INFO - Sync 1 DAGs
[2024-10-26T09:12:50.091+0000] {logging_mixin.py:188} INFO - [2024-10-26T09:12:50.091+0000] {dag.py:3947} INFO - Setting next_dagrun for crypto_price_automation to 2024-10-26 00:00:00+00:00, run_after=2024-10-27 00:00:00+00:00
[2024-10-26T09:12:50.321+0000] {processor.py:183} INFO - Processing /opt/airflow/dags/kafka_stream.py took 1.556 seconds
[2024-10-26T09:13:20.933+0000] {processor.py:161} INFO - Started process (PID=278) to work on /opt/airflow/dags/kafka_stream.py
[2024-10-26T09:13:20.936+0000] {processor.py:830} INFO - Processing file /opt/airflow/dags/kafka_stream.py for tasks to queue
[2024-10-26T09:13:20.941+0000] {logging_mixin.py:188} INFO - [2024-10-26T09:13:20.940+0000] {dagbag.py:545} INFO - Filling up the DagBag from /opt/airflow/dags/kafka_stream.py
[2024-10-26T09:13:21.629+0000] {processor.py:840} INFO - DAG(s) 'crypto_price_automation' retrieved from /opt/airflow/dags/kafka_stream.py
[2024-10-26T09:13:23.220+0000] {logging_mixin.py:188} INFO - [2024-10-26T09:13:23.219+0000] {dag.py:3089} INFO - Sync 1 DAGs
[2024-10-26T09:13:23.359+0000] {logging_mixin.py:188} INFO - [2024-10-26T09:13:23.359+0000] {dag.py:3947} INFO - Setting next_dagrun for crypto_price_automation to 2024-10-26 00:00:00+00:00, run_after=2024-10-27 00:00:00+00:00
[2024-10-26T09:13:23.490+0000] {processor.py:183} INFO - Processing /opt/airflow/dags/kafka_stream.py took 2.571 seconds
[2024-10-26T09:13:54.224+0000] {processor.py:161} INFO - Started process (PID=289) to work on /opt/airflow/dags/kafka_stream.py
[2024-10-26T09:13:54.227+0000] {processor.py:830} INFO - Processing file /opt/airflow/dags/kafka_stream.py for tasks to queue
[2024-10-26T09:13:54.233+0000] {logging_mixin.py:188} INFO - [2024-10-26T09:13:54.232+0000] {dagbag.py:545} INFO - Filling up the DagBag from /opt/airflow/dags/kafka_stream.py
[2024-10-26T09:13:54.765+0000] {processor.py:840} INFO - DAG(s) 'crypto_price_automation' retrieved from /opt/airflow/dags/kafka_stream.py
[2024-10-26T09:13:54.843+0000] {logging_mixin.py:188} INFO - [2024-10-26T09:13:54.842+0000] {dag.py:3089} INFO - Sync 1 DAGs
[2024-10-26T09:13:54.904+0000] {logging_mixin.py:188} INFO - [2024-10-26T09:13:54.904+0000] {dag.py:3947} INFO - Setting next_dagrun for crypto_price_automation to 2024-10-26 00:00:00+00:00, run_after=2024-10-27 00:00:00+00:00
[2024-10-26T09:13:54.956+0000] {processor.py:183} INFO - Processing /opt/airflow/dags/kafka_stream.py took 0.750 seconds
[2024-10-26T09:14:25.170+0000] {processor.py:161} INFO - Started process (PID=300) to work on /opt/airflow/dags/kafka_stream.py
[2024-10-26T09:14:25.173+0000] {processor.py:830} INFO - Processing file /opt/airflow/dags/kafka_stream.py for tasks to queue
[2024-10-26T09:14:25.178+0000] {logging_mixin.py:188} INFO - [2024-10-26T09:14:25.176+0000] {dagbag.py:545} INFO - Filling up the DagBag from /opt/airflow/dags/kafka_stream.py
[2024-10-26T09:14:25.521+0000] {processor.py:840} INFO - DAG(s) 'crypto_price_automation' retrieved from /opt/airflow/dags/kafka_stream.py
[2024-10-26T09:14:25.585+0000] {logging_mixin.py:188} INFO - [2024-10-26T09:14:25.584+0000] {dag.py:3089} INFO - Sync 1 DAGs
[2024-10-26T09:14:25.671+0000] {logging_mixin.py:188} INFO - [2024-10-26T09:14:25.668+0000] {dag.py:3947} INFO - Setting next_dagrun for crypto_price_automation to 2024-10-26 00:00:00+00:00, run_after=2024-10-27 00:00:00+00:00
[2024-10-26T09:14:25.763+0000] {processor.py:183} INFO - Processing /opt/airflow/dags/kafka_stream.py took 0.611 seconds
[2024-10-26T09:14:56.139+0000] {processor.py:161} INFO - Started process (PID=311) to work on /opt/airflow/dags/kafka_stream.py
[2024-10-26T09:14:56.144+0000] {processor.py:830} INFO - Processing file /opt/airflow/dags/kafka_stream.py for tasks to queue
[2024-10-26T09:14:56.148+0000] {logging_mixin.py:188} INFO - [2024-10-26T09:14:56.147+0000] {dagbag.py:545} INFO - Filling up the DagBag from /opt/airflow/dags/kafka_stream.py
[2024-10-26T09:14:56.683+0000] {processor.py:840} INFO - DAG(s) 'crypto_price_automation' retrieved from /opt/airflow/dags/kafka_stream.py
[2024-10-26T09:14:56.751+0000] {logging_mixin.py:188} INFO - [2024-10-26T09:14:56.751+0000] {dag.py:3089} INFO - Sync 1 DAGs
[2024-10-26T09:14:56.816+0000] {logging_mixin.py:188} INFO - [2024-10-26T09:14:56.815+0000] {dag.py:3947} INFO - Setting next_dagrun for crypto_price_automation to 2024-10-26 00:00:00+00:00, run_after=2024-10-27 00:00:00+00:00
[2024-10-26T09:14:56.984+0000] {processor.py:183} INFO - Processing /opt/airflow/dags/kafka_stream.py took 0.866 seconds
[2024-10-26T09:15:27.833+0000] {processor.py:161} INFO - Started process (PID=325) to work on /opt/airflow/dags/kafka_stream.py
[2024-10-26T09:15:27.836+0000] {processor.py:830} INFO - Processing file /opt/airflow/dags/kafka_stream.py for tasks to queue
[2024-10-26T09:15:27.843+0000] {logging_mixin.py:188} INFO - [2024-10-26T09:15:27.842+0000] {dagbag.py:545} INFO - Filling up the DagBag from /opt/airflow/dags/kafka_stream.py
[2024-10-26T09:15:29.052+0000] {processor.py:840} INFO - DAG(s) 'crypto_price_automation' retrieved from /opt/airflow/dags/kafka_stream.py
[2024-10-26T09:15:29.283+0000] {logging_mixin.py:188} INFO - [2024-10-26T09:15:29.282+0000] {dag.py:3089} INFO - Sync 1 DAGs
[2024-10-26T09:15:29.409+0000] {logging_mixin.py:188} INFO - [2024-10-26T09:15:29.408+0000] {dag.py:3947} INFO - Setting next_dagrun for crypto_price_automation to 2024-10-26 00:00:00+00:00, run_after=2024-10-27 00:00:00+00:00
[2024-10-26T09:15:29.554+0000] {processor.py:183} INFO - Processing /opt/airflow/dags/kafka_stream.py took 1.751 seconds
[2024-10-26T09:16:00.818+0000] {processor.py:161} INFO - Started process (PID=342) to work on /opt/airflow/dags/kafka_stream.py
[2024-10-26T09:16:00.822+0000] {processor.py:830} INFO - Processing file /opt/airflow/dags/kafka_stream.py for tasks to queue
[2024-10-26T09:16:00.832+0000] {logging_mixin.py:188} INFO - [2024-10-26T09:16:00.829+0000] {dagbag.py:545} INFO - Filling up the DagBag from /opt/airflow/dags/kafka_stream.py
[2024-10-26T09:16:01.288+0000] {processor.py:840} INFO - DAG(s) 'crypto_price_automation' retrieved from /opt/airflow/dags/kafka_stream.py
[2024-10-26T09:16:01.374+0000] {logging_mixin.py:188} INFO - [2024-10-26T09:16:01.373+0000] {dag.py:3089} INFO - Sync 1 DAGs
[2024-10-26T09:16:01.460+0000] {logging_mixin.py:188} INFO - [2024-10-26T09:16:01.459+0000] {dag.py:3947} INFO - Setting next_dagrun for crypto_price_automation to 2024-10-26 00:00:00+00:00, run_after=2024-10-27 00:00:00+00:00
[2024-10-26T09:16:01.526+0000] {processor.py:183} INFO - Processing /opt/airflow/dags/kafka_stream.py took 0.732 seconds
[2024-10-26T09:16:32.623+0000] {processor.py:161} INFO - Started process (PID=353) to work on /opt/airflow/dags/kafka_stream.py
[2024-10-26T09:16:32.627+0000] {processor.py:830} INFO - Processing file /opt/airflow/dags/kafka_stream.py for tasks to queue
[2024-10-26T09:16:32.637+0000] {logging_mixin.py:188} INFO - [2024-10-26T09:16:32.635+0000] {dagbag.py:545} INFO - Filling up the DagBag from /opt/airflow/dags/kafka_stream.py
[2024-10-26T09:16:34.090+0000] {processor.py:840} INFO - DAG(s) 'crypto_price_automation' retrieved from /opt/airflow/dags/kafka_stream.py
[2024-10-26T09:16:34.388+0000] {logging_mixin.py:188} INFO - [2024-10-26T09:16:34.387+0000] {dag.py:3089} INFO - Sync 1 DAGs
[2024-10-26T09:16:34.514+0000] {logging_mixin.py:188} INFO - [2024-10-26T09:16:34.513+0000] {dag.py:3947} INFO - Setting next_dagrun for crypto_price_automation to 2024-10-26 00:00:00+00:00, run_after=2024-10-27 00:00:00+00:00
[2024-10-26T09:16:34.582+0000] {processor.py:183} INFO - Processing /opt/airflow/dags/kafka_stream.py took 1.991 seconds
[2024-10-26T09:17:05.821+0000] {processor.py:161} INFO - Started process (PID=363) to work on /opt/airflow/dags/kafka_stream.py
[2024-10-26T09:17:05.823+0000] {processor.py:830} INFO - Processing file /opt/airflow/dags/kafka_stream.py for tasks to queue
[2024-10-26T09:17:05.832+0000] {logging_mixin.py:188} INFO - [2024-10-26T09:17:05.827+0000] {dagbag.py:545} INFO - Filling up the DagBag from /opt/airflow/dags/kafka_stream.py
[2024-10-26T09:17:06.307+0000] {processor.py:840} INFO - DAG(s) 'crypto_price_automation' retrieved from /opt/airflow/dags/kafka_stream.py
[2024-10-26T09:17:06.414+0000] {logging_mixin.py:188} INFO - [2024-10-26T09:17:06.412+0000] {dag.py:3089} INFO - Sync 1 DAGs
[2024-10-26T09:17:06.506+0000] {logging_mixin.py:188} INFO - [2024-10-26T09:17:06.506+0000] {dag.py:3947} INFO - Setting next_dagrun for crypto_price_automation to 2024-10-26 00:00:00+00:00, run_after=2024-10-27 00:00:00+00:00
[2024-10-26T09:17:06.568+0000] {processor.py:183} INFO - Processing /opt/airflow/dags/kafka_stream.py took 0.776 seconds
[2024-10-26T09:17:36.999+0000] {processor.py:161} INFO - Started process (PID=374) to work on /opt/airflow/dags/kafka_stream.py
[2024-10-26T09:17:37.002+0000] {processor.py:830} INFO - Processing file /opt/airflow/dags/kafka_stream.py for tasks to queue
[2024-10-26T09:17:37.011+0000] {logging_mixin.py:188} INFO - [2024-10-26T09:17:37.010+0000] {dagbag.py:545} INFO - Filling up the DagBag from /opt/airflow/dags/kafka_stream.py
[2024-10-26T09:17:37.527+0000] {processor.py:840} INFO - DAG(s) 'crypto_price_automation' retrieved from /opt/airflow/dags/kafka_stream.py
[2024-10-26T09:17:37.608+0000] {logging_mixin.py:188} INFO - [2024-10-26T09:17:37.607+0000] {dag.py:3089} INFO - Sync 1 DAGs
[2024-10-26T09:17:37.676+0000] {logging_mixin.py:188} INFO - [2024-10-26T09:17:37.675+0000] {dag.py:3947} INFO - Setting next_dagrun for crypto_price_automation to 2024-10-26 00:00:00+00:00, run_after=2024-10-27 00:00:00+00:00
[2024-10-26T09:17:37.734+0000] {processor.py:183} INFO - Processing /opt/airflow/dags/kafka_stream.py took 0.759 seconds
[2024-10-26T09:18:08.076+0000] {processor.py:161} INFO - Started process (PID=385) to work on /opt/airflow/dags/kafka_stream.py
[2024-10-26T09:18:08.078+0000] {processor.py:830} INFO - Processing file /opt/airflow/dags/kafka_stream.py for tasks to queue
[2024-10-26T09:18:08.083+0000] {logging_mixin.py:188} INFO - [2024-10-26T09:18:08.082+0000] {dagbag.py:545} INFO - Filling up the DagBag from /opt/airflow/dags/kafka_stream.py
[2024-10-26T09:18:08.463+0000] {processor.py:840} INFO - DAG(s) 'crypto_price_automation' retrieved from /opt/airflow/dags/kafka_stream.py
[2024-10-26T09:18:08.521+0000] {logging_mixin.py:188} INFO - [2024-10-26T09:18:08.520+0000] {dag.py:3089} INFO - Sync 1 DAGs
[2024-10-26T09:18:08.581+0000] {logging_mixin.py:188} INFO - [2024-10-26T09:18:08.580+0000] {dag.py:3947} INFO - Setting next_dagrun for crypto_price_automation to 2024-10-26 00:00:00+00:00, run_after=2024-10-27 00:00:00+00:00
[2024-10-26T09:18:08.634+0000] {processor.py:183} INFO - Processing /opt/airflow/dags/kafka_stream.py took 0.573 seconds
[2024-10-26T09:18:39.569+0000] {processor.py:161} INFO - Started process (PID=396) to work on /opt/airflow/dags/kafka_stream.py
[2024-10-26T09:18:39.572+0000] {processor.py:830} INFO - Processing file /opt/airflow/dags/kafka_stream.py for tasks to queue
[2024-10-26T09:18:39.578+0000] {logging_mixin.py:188} INFO - [2024-10-26T09:18:39.576+0000] {dagbag.py:545} INFO - Filling up the DagBag from /opt/airflow/dags/kafka_stream.py
[2024-10-26T09:18:40.222+0000] {processor.py:840} INFO - DAG(s) 'crypto_price_automation' retrieved from /opt/airflow/dags/kafka_stream.py
[2024-10-26T09:18:40.301+0000] {logging_mixin.py:188} INFO - [2024-10-26T09:18:40.301+0000] {dag.py:3089} INFO - Sync 1 DAGs
[2024-10-26T09:18:40.386+0000] {logging_mixin.py:188} INFO - [2024-10-26T09:18:40.385+0000] {dag.py:3947} INFO - Setting next_dagrun for crypto_price_automation to 2024-10-26 00:00:00+00:00, run_after=2024-10-27 00:00:00+00:00
[2024-10-26T09:18:40.455+0000] {processor.py:183} INFO - Processing /opt/airflow/dags/kafka_stream.py took 0.904 seconds
[2024-10-26T09:19:11.110+0000] {processor.py:161} INFO - Started process (PID=407) to work on /opt/airflow/dags/kafka_stream.py
[2024-10-26T09:19:11.114+0000] {processor.py:830} INFO - Processing file /opt/airflow/dags/kafka_stream.py for tasks to queue
[2024-10-26T09:19:11.120+0000] {logging_mixin.py:188} INFO - [2024-10-26T09:19:11.119+0000] {dagbag.py:545} INFO - Filling up the DagBag from /opt/airflow/dags/kafka_stream.py
[2024-10-26T09:19:11.799+0000] {processor.py:840} INFO - DAG(s) 'crypto_price_automation' retrieved from /opt/airflow/dags/kafka_stream.py
[2024-10-26T09:19:11.934+0000] {logging_mixin.py:188} INFO - [2024-10-26T09:19:11.933+0000] {dag.py:3089} INFO - Sync 1 DAGs
[2024-10-26T09:19:11.999+0000] {logging_mixin.py:188} INFO - [2024-10-26T09:19:11.998+0000] {dag.py:3947} INFO - Setting next_dagrun for crypto_price_automation to 2024-10-26 00:00:00+00:00, run_after=2024-10-27 00:00:00+00:00
[2024-10-26T09:19:12.051+0000] {processor.py:183} INFO - Processing /opt/airflow/dags/kafka_stream.py took 0.962 seconds
[2024-10-26T09:19:42.951+0000] {processor.py:161} INFO - Started process (PID=418) to work on /opt/airflow/dags/kafka_stream.py
[2024-10-26T09:19:42.958+0000] {processor.py:830} INFO - Processing file /opt/airflow/dags/kafka_stream.py for tasks to queue
[2024-10-26T09:19:42.966+0000] {logging_mixin.py:188} INFO - [2024-10-26T09:19:42.964+0000] {dagbag.py:545} INFO - Filling up the DagBag from /opt/airflow/dags/kafka_stream.py
[2024-10-26T09:19:43.625+0000] {processor.py:840} INFO - DAG(s) 'crypto_price_automation' retrieved from /opt/airflow/dags/kafka_stream.py
[2024-10-26T09:19:43.752+0000] {logging_mixin.py:188} INFO - [2024-10-26T09:19:43.750+0000] {dag.py:3089} INFO - Sync 1 DAGs
[2024-10-26T09:19:43.914+0000] {logging_mixin.py:188} INFO - [2024-10-26T09:19:43.913+0000] {dag.py:3947} INFO - Setting next_dagrun for crypto_price_automation to 2024-10-26 00:00:00+00:00, run_after=2024-10-27 00:00:00+00:00
[2024-10-26T09:19:44.076+0000] {processor.py:183} INFO - Processing /opt/airflow/dags/kafka_stream.py took 1.166 seconds
[2024-10-26T09:20:14.746+0000] {processor.py:161} INFO - Started process (PID=429) to work on /opt/airflow/dags/kafka_stream.py
[2024-10-26T09:20:14.749+0000] {processor.py:830} INFO - Processing file /opt/airflow/dags/kafka_stream.py for tasks to queue
[2024-10-26T09:20:14.756+0000] {logging_mixin.py:188} INFO - [2024-10-26T09:20:14.755+0000] {dagbag.py:545} INFO - Filling up the DagBag from /opt/airflow/dags/kafka_stream.py
[2024-10-26T09:20:15.169+0000] {processor.py:840} INFO - DAG(s) 'crypto_price_automation' retrieved from /opt/airflow/dags/kafka_stream.py
[2024-10-26T09:20:15.277+0000] {logging_mixin.py:188} INFO - [2024-10-26T09:20:15.276+0000] {dag.py:3089} INFO - Sync 1 DAGs
[2024-10-26T09:20:15.354+0000] {logging_mixin.py:188} INFO - [2024-10-26T09:20:15.353+0000] {dag.py:3947} INFO - Setting next_dagrun for crypto_price_automation to 2024-10-26 00:00:00+00:00, run_after=2024-10-27 00:00:00+00:00
[2024-10-26T09:20:15.414+0000] {processor.py:183} INFO - Processing /opt/airflow/dags/kafka_stream.py took 0.687 seconds
[2024-10-26T09:20:46.558+0000] {processor.py:161} INFO - Started process (PID=440) to work on /opt/airflow/dags/kafka_stream.py
[2024-10-26T09:20:46.564+0000] {processor.py:830} INFO - Processing file /opt/airflow/dags/kafka_stream.py for tasks to queue
[2024-10-26T09:20:46.571+0000] {logging_mixin.py:188} INFO - [2024-10-26T09:20:46.570+0000] {dagbag.py:545} INFO - Filling up the DagBag from /opt/airflow/dags/kafka_stream.py
[2024-10-26T09:20:47.234+0000] {processor.py:840} INFO - DAG(s) 'crypto_price_automation' retrieved from /opt/airflow/dags/kafka_stream.py
[2024-10-26T09:20:47.404+0000] {logging_mixin.py:188} INFO - [2024-10-26T09:20:47.402+0000] {dag.py:3089} INFO - Sync 1 DAGs
[2024-10-26T09:20:47.556+0000] {logging_mixin.py:188} INFO - [2024-10-26T09:20:47.556+0000] {dag.py:3947} INFO - Setting next_dagrun for crypto_price_automation to 2024-10-26 00:00:00+00:00, run_after=2024-10-27 00:00:00+00:00
[2024-10-26T09:20:47.631+0000] {processor.py:183} INFO - Processing /opt/airflow/dags/kafka_stream.py took 1.100 seconds
[2024-10-26T09:21:18.242+0000] {processor.py:161} INFO - Started process (PID=451) to work on /opt/airflow/dags/kafka_stream.py
[2024-10-26T09:21:18.244+0000] {processor.py:830} INFO - Processing file /opt/airflow/dags/kafka_stream.py for tasks to queue
[2024-10-26T09:21:18.247+0000] {logging_mixin.py:188} INFO - [2024-10-26T09:21:18.247+0000] {dagbag.py:545} INFO - Filling up the DagBag from /opt/airflow/dags/kafka_stream.py
[2024-10-26T09:21:18.673+0000] {processor.py:840} INFO - DAG(s) 'crypto_price_automation' retrieved from /opt/airflow/dags/kafka_stream.py
[2024-10-26T09:21:18.778+0000] {logging_mixin.py:188} INFO - [2024-10-26T09:21:18.778+0000] {dag.py:3089} INFO - Sync 1 DAGs
[2024-10-26T09:21:18.909+0000] {logging_mixin.py:188} INFO - [2024-10-26T09:21:18.909+0000] {dag.py:3947} INFO - Setting next_dagrun for crypto_price_automation to 2024-10-26 00:00:00+00:00, run_after=2024-10-27 00:00:00+00:00
[2024-10-26T09:21:19.003+0000] {processor.py:183} INFO - Processing /opt/airflow/dags/kafka_stream.py took 0.775 seconds
[2024-10-26T09:21:51.484+0000] {processor.py:161} INFO - Started process (PID=462) to work on /opt/airflow/dags/kafka_stream.py
[2024-10-26T09:21:51.489+0000] {processor.py:830} INFO - Processing file /opt/airflow/dags/kafka_stream.py for tasks to queue
[2024-10-26T09:21:51.502+0000] {logging_mixin.py:188} INFO - [2024-10-26T09:21:51.501+0000] {dagbag.py:545} INFO - Filling up the DagBag from /opt/airflow/dags/kafka_stream.py
[2024-10-26T09:21:54.920+0000] {processor.py:840} INFO - DAG(s) 'crypto_price_automation' retrieved from /opt/airflow/dags/kafka_stream.py
[2024-10-26T09:21:55.473+0000] {logging_mixin.py:188} INFO - [2024-10-26T09:21:55.472+0000] {dag.py:3089} INFO - Sync 1 DAGs
[2024-10-26T09:21:55.767+0000] {logging_mixin.py:188} INFO - [2024-10-26T09:21:55.766+0000] {dag.py:3947} INFO - Setting next_dagrun for crypto_price_automation to 2024-10-26 00:00:00+00:00, run_after=2024-10-27 00:00:00+00:00
[2024-10-26T09:21:56.088+0000] {processor.py:183} INFO - Processing /opt/airflow/dags/kafka_stream.py took 4.630 seconds
[2024-10-26T09:22:28.974+0000] {processor.py:161} INFO - Started process (PID=473) to work on /opt/airflow/dags/kafka_stream.py
[2024-10-26T09:22:29.277+0000] {processor.py:830} INFO - Processing file /opt/airflow/dags/kafka_stream.py for tasks to queue
[2024-10-26T09:22:29.505+0000] {logging_mixin.py:188} INFO - [2024-10-26T09:22:29.497+0000] {dagbag.py:545} INFO - Filling up the DagBag from /opt/airflow/dags/kafka_stream.py
[2024-10-26T09:22:35.643+0000] {processor.py:840} INFO - DAG(s) 'crypto_price_automation' retrieved from /opt/airflow/dags/kafka_stream.py
[2024-10-26T09:22:35.962+0000] {logging_mixin.py:188} INFO - [2024-10-26T09:22:35.961+0000] {dag.py:3089} INFO - Sync 1 DAGs
[2024-10-26T09:22:36.380+0000] {logging_mixin.py:188} INFO - [2024-10-26T09:22:36.368+0000] {dag.py:3947} INFO - Setting next_dagrun for crypto_price_automation to 2024-10-26 00:00:00+00:00, run_after=2024-10-27 00:00:00+00:00
[2024-10-26T09:22:36.674+0000] {processor.py:183} INFO - Processing /opt/airflow/dags/kafka_stream.py took 7.795 seconds
[2024-10-26T09:23:06.887+0000] {processor.py:161} INFO - Started process (PID=490) to work on /opt/airflow/dags/kafka_stream.py
[2024-10-26T09:23:06.890+0000] {processor.py:830} INFO - Processing file /opt/airflow/dags/kafka_stream.py for tasks to queue
[2024-10-26T09:23:06.899+0000] {logging_mixin.py:188} INFO - [2024-10-26T09:23:06.898+0000] {dagbag.py:545} INFO - Filling up the DagBag from /opt/airflow/dags/kafka_stream.py
[2024-10-26T09:23:07.444+0000] {processor.py:840} INFO - DAG(s) 'crypto_price_automation' retrieved from /opt/airflow/dags/kafka_stream.py
[2024-10-26T09:23:07.590+0000] {logging_mixin.py:188} INFO - [2024-10-26T09:23:07.589+0000] {dag.py:3089} INFO - Sync 1 DAGs
[2024-10-26T09:23:07.683+0000] {logging_mixin.py:188} INFO - [2024-10-26T09:23:07.682+0000] {dag.py:3947} INFO - Setting next_dagrun for crypto_price_automation to 2024-10-26 00:00:00+00:00, run_after=2024-10-27 00:00:00+00:00
[2024-10-26T09:23:07.751+0000] {processor.py:183} INFO - Processing /opt/airflow/dags/kafka_stream.py took 0.894 seconds
[2024-10-26T09:23:38.351+0000] {processor.py:161} INFO - Started process (PID=501) to work on /opt/airflow/dags/kafka_stream.py
[2024-10-26T09:23:38.354+0000] {processor.py:830} INFO - Processing file /opt/airflow/dags/kafka_stream.py for tasks to queue
[2024-10-26T09:23:38.362+0000] {logging_mixin.py:188} INFO - [2024-10-26T09:23:38.360+0000] {dagbag.py:545} INFO - Filling up the DagBag from /opt/airflow/dags/kafka_stream.py
[2024-10-26T09:23:39.973+0000] {processor.py:840} INFO - DAG(s) 'crypto_price_automation' retrieved from /opt/airflow/dags/kafka_stream.py
[2024-10-26T09:23:40.360+0000] {logging_mixin.py:188} INFO - [2024-10-26T09:23:40.348+0000] {dag.py:3089} INFO - Sync 1 DAGs
[2024-10-26T09:23:40.609+0000] {logging_mixin.py:188} INFO - [2024-10-26T09:23:40.608+0000] {dag.py:3947} INFO - Setting next_dagrun for crypto_price_automation to 2024-10-26 00:00:00+00:00, run_after=2024-10-27 00:00:00+00:00
[2024-10-26T09:23:40.789+0000] {processor.py:183} INFO - Processing /opt/airflow/dags/kafka_stream.py took 2.473 seconds
[2024-10-26T09:24:11.628+0000] {processor.py:161} INFO - Started process (PID=512) to work on /opt/airflow/dags/kafka_stream.py
[2024-10-26T09:24:11.648+0000] {processor.py:830} INFO - Processing file /opt/airflow/dags/kafka_stream.py for tasks to queue
[2024-10-26T09:24:11.675+0000] {logging_mixin.py:188} INFO - [2024-10-26T09:24:11.674+0000] {dagbag.py:545} INFO - Filling up the DagBag from /opt/airflow/dags/kafka_stream.py
[2024-10-26T09:24:12.974+0000] {processor.py:840} INFO - DAG(s) 'crypto_price_automation' retrieved from /opt/airflow/dags/kafka_stream.py
[2024-10-26T09:24:13.112+0000] {logging_mixin.py:188} INFO - [2024-10-26T09:24:13.111+0000] {dag.py:3089} INFO - Sync 1 DAGs
[2024-10-26T09:24:13.221+0000] {logging_mixin.py:188} INFO - [2024-10-26T09:24:13.220+0000] {dag.py:3947} INFO - Setting next_dagrun for crypto_price_automation to 2024-10-26 00:00:00+00:00, run_after=2024-10-27 00:00:00+00:00
[2024-10-26T09:24:13.297+0000] {processor.py:183} INFO - Processing /opt/airflow/dags/kafka_stream.py took 1.711 seconds
[2024-10-26T09:24:44.324+0000] {processor.py:161} INFO - Started process (PID=523) to work on /opt/airflow/dags/kafka_stream.py
[2024-10-26T09:24:44.326+0000] {processor.py:830} INFO - Processing file /opt/airflow/dags/kafka_stream.py for tasks to queue
[2024-10-26T09:24:44.331+0000] {logging_mixin.py:188} INFO - [2024-10-26T09:24:44.330+0000] {dagbag.py:545} INFO - Filling up the DagBag from /opt/airflow/dags/kafka_stream.py
[2024-10-26T09:24:44.882+0000] {processor.py:840} INFO - DAG(s) 'crypto_price_automation' retrieved from /opt/airflow/dags/kafka_stream.py
[2024-10-26T09:24:44.989+0000] {logging_mixin.py:188} INFO - [2024-10-26T09:24:44.989+0000] {dag.py:3089} INFO - Sync 1 DAGs
[2024-10-26T09:24:45.089+0000] {logging_mixin.py:188} INFO - [2024-10-26T09:24:45.089+0000] {dag.py:3947} INFO - Setting next_dagrun for crypto_price_automation to 2024-10-26 00:00:00+00:00, run_after=2024-10-27 00:00:00+00:00
[2024-10-26T09:24:45.162+0000] {processor.py:183} INFO - Processing /opt/airflow/dags/kafka_stream.py took 0.854 seconds
[2024-10-26T09:25:15.381+0000] {processor.py:161} INFO - Started process (PID=534) to work on /opt/airflow/dags/kafka_stream.py
[2024-10-26T09:25:15.384+0000] {processor.py:830} INFO - Processing file /opt/airflow/dags/kafka_stream.py for tasks to queue
[2024-10-26T09:25:15.388+0000] {logging_mixin.py:188} INFO - [2024-10-26T09:25:15.388+0000] {dagbag.py:545} INFO - Filling up the DagBag from /opt/airflow/dags/kafka_stream.py
[2024-10-26T09:25:15.873+0000] {processor.py:840} INFO - DAG(s) 'crypto_price_automation' retrieved from /opt/airflow/dags/kafka_stream.py
[2024-10-26T09:25:15.970+0000] {logging_mixin.py:188} INFO - [2024-10-26T09:25:15.969+0000] {dag.py:3089} INFO - Sync 1 DAGs
[2024-10-26T09:25:16.045+0000] {logging_mixin.py:188} INFO - [2024-10-26T09:25:16.044+0000] {dag.py:3947} INFO - Setting next_dagrun for crypto_price_automation to 2024-10-26 00:00:00+00:00, run_after=2024-10-27 00:00:00+00:00
[2024-10-26T09:25:16.133+0000] {processor.py:183} INFO - Processing /opt/airflow/dags/kafka_stream.py took 0.771 seconds
[2024-10-26T09:25:48.125+0000] {processor.py:161} INFO - Started process (PID=545) to work on /opt/airflow/dags/kafka_stream.py
[2024-10-26T09:25:48.128+0000] {processor.py:830} INFO - Processing file /opt/airflow/dags/kafka_stream.py for tasks to queue
[2024-10-26T09:25:48.136+0000] {logging_mixin.py:188} INFO - [2024-10-26T09:25:48.134+0000] {dagbag.py:545} INFO - Filling up the DagBag from /opt/airflow/dags/kafka_stream.py
[2024-10-26T09:25:54.459+0000] {processor.py:840} INFO - DAG(s) 'crypto_price_automation' retrieved from /opt/airflow/dags/kafka_stream.py
[2024-10-26T09:25:54.763+0000] {logging_mixin.py:188} INFO - [2024-10-26T09:25:54.762+0000] {dag.py:3089} INFO - Sync 1 DAGs
[2024-10-26T09:25:55.161+0000] {logging_mixin.py:188} INFO - [2024-10-26T09:25:55.149+0000] {dag.py:3947} INFO - Setting next_dagrun for crypto_price_automation to 2024-10-26 00:00:00+00:00, run_after=2024-10-27 00:00:00+00:00
[2024-10-26T09:25:55.363+0000] {processor.py:183} INFO - Processing /opt/airflow/dags/kafka_stream.py took 7.276 seconds
[2024-10-26T09:26:26.368+0000] {processor.py:161} INFO - Started process (PID=556) to work on /opt/airflow/dags/kafka_stream.py
[2024-10-26T09:26:26.371+0000] {processor.py:830} INFO - Processing file /opt/airflow/dags/kafka_stream.py for tasks to queue
[2024-10-26T09:26:26.377+0000] {logging_mixin.py:188} INFO - [2024-10-26T09:26:26.376+0000] {dagbag.py:545} INFO - Filling up the DagBag from /opt/airflow/dags/kafka_stream.py
[2024-10-26T09:26:27.959+0000] {processor.py:840} INFO - DAG(s) 'crypto_price_automation' retrieved from /opt/airflow/dags/kafka_stream.py
[2024-10-26T09:26:28.532+0000] {logging_mixin.py:188} INFO - [2024-10-26T09:26:28.531+0000] {dag.py:3089} INFO - Sync 1 DAGs
[2024-10-26T09:26:28.681+0000] {logging_mixin.py:188} INFO - [2024-10-26T09:26:28.681+0000] {dag.py:3947} INFO - Setting next_dagrun for crypto_price_automation to 2024-10-26 00:00:00+00:00, run_after=2024-10-27 00:00:00+00:00
[2024-10-26T09:26:28.752+0000] {processor.py:183} INFO - Processing /opt/airflow/dags/kafka_stream.py took 2.403 seconds
[2024-10-26T09:26:59.684+0000] {processor.py:161} INFO - Started process (PID=567) to work on /opt/airflow/dags/kafka_stream.py
[2024-10-26T09:26:59.687+0000] {processor.py:830} INFO - Processing file /opt/airflow/dags/kafka_stream.py for tasks to queue
[2024-10-26T09:26:59.693+0000] {logging_mixin.py:188} INFO - [2024-10-26T09:26:59.692+0000] {dagbag.py:545} INFO - Filling up the DagBag from /opt/airflow/dags/kafka_stream.py
[2024-10-26T09:27:00.266+0000] {processor.py:840} INFO - DAG(s) 'crypto_price_automation' retrieved from /opt/airflow/dags/kafka_stream.py
[2024-10-26T09:27:00.449+0000] {logging_mixin.py:188} INFO - [2024-10-26T09:27:00.448+0000] {dag.py:3089} INFO - Sync 1 DAGs
[2024-10-26T09:27:00.549+0000] {logging_mixin.py:188} INFO - [2024-10-26T09:27:00.548+0000] {dag.py:3947} INFO - Setting next_dagrun for crypto_price_automation to 2024-10-26 00:00:00+00:00, run_after=2024-10-27 00:00:00+00:00
[2024-10-26T09:27:00.611+0000] {processor.py:183} INFO - Processing /opt/airflow/dags/kafka_stream.py took 0.944 seconds
[2024-10-26T09:27:31.134+0000] {processor.py:161} INFO - Started process (PID=579) to work on /opt/airflow/dags/kafka_stream.py
[2024-10-26T09:27:31.147+0000] {processor.py:830} INFO - Processing file /opt/airflow/dags/kafka_stream.py for tasks to queue
[2024-10-26T09:27:31.156+0000] {logging_mixin.py:188} INFO - [2024-10-26T09:27:31.152+0000] {dagbag.py:545} INFO - Filling up the DagBag from /opt/airflow/dags/kafka_stream.py
[2024-10-26T09:27:32.631+0000] {processor.py:840} INFO - DAG(s) 'crypto_price_automation' retrieved from /opt/airflow/dags/kafka_stream.py
[2024-10-26T09:27:49.827+0000] {logging_mixin.py:188} INFO - [2024-10-26T09:27:49.792+0000] {dag.py:3089} INFO - Sync 1 DAGs
[2024-10-26T09:27:50.046+0000] {logging_mixin.py:188} INFO - [2024-10-26T09:27:50.045+0000] {dag.py:3947} INFO - Setting next_dagrun for crypto_price_automation to 2024-10-26 00:00:00+00:00, run_after=2024-10-27 00:00:00+00:00
[2024-10-26T09:27:50.156+0000] {processor.py:183} INFO - Processing /opt/airflow/dags/kafka_stream.py took 19.060 seconds
[2024-10-26T09:28:22.383+0000] {processor.py:161} INFO - Started process (PID=590) to work on /opt/airflow/dags/kafka_stream.py
[2024-10-26T09:28:22.392+0000] {processor.py:830} INFO - Processing file /opt/airflow/dags/kafka_stream.py for tasks to queue
[2024-10-26T09:28:22.414+0000] {logging_mixin.py:188} INFO - [2024-10-26T09:28:22.399+0000] {dagbag.py:545} INFO - Filling up the DagBag from /opt/airflow/dags/kafka_stream.py
[2024-10-26T09:28:59.520+0000] {logging_mixin.py:188} INFO - [2024-10-26T09:28:53.649+0000] {timeout.py:68} ERROR - Process timed out, PID: 590
[2024-10-26T09:29:58.607+0000] {processor.py:161} INFO - Started process (PID=594) to work on /opt/airflow/dags/kafka_stream.py
[2024-10-26T09:29:58.812+0000] {processor.py:830} INFO - Processing file /opt/airflow/dags/kafka_stream.py for tasks to queue
[2024-10-26T09:29:59.155+0000] {logging_mixin.py:188} INFO - [2024-10-26T09:29:59.038+0000] {dagbag.py:545} INFO - Filling up the DagBag from /opt/airflow/dags/kafka_stream.py
[2024-10-26T09:30:31.284+0000] {logging_mixin.py:188} INFO - [2024-10-26T09:30:30.250+0000] {timeout.py:68} ERROR - Process timed out, PID: 594
[2024-10-26T09:31:04.396+0000] {processor.py:161} INFO - Started process (PID=605) to work on /opt/airflow/dags/kafka_stream.py
[2024-10-26T09:31:04.406+0000] {processor.py:830} INFO - Processing file /opt/airflow/dags/kafka_stream.py for tasks to queue
[2024-10-26T09:31:04.490+0000] {logging_mixin.py:188} INFO - [2024-10-26T09:31:04.450+0000] {dagbag.py:545} INFO - Filling up the DagBag from /opt/airflow/dags/kafka_stream.py
[2024-10-26T09:31:07.655+0000] {processor.py:840} INFO - DAG(s) 'crypto_price_automation' retrieved from /opt/airflow/dags/kafka_stream.py
[2024-10-26T09:31:10.093+0000] {logging_mixin.py:188} INFO - [2024-10-26T09:31:10.072+0000] {dag.py:3089} INFO - Sync 1 DAGs
[2024-10-26T09:31:10.559+0000] {logging_mixin.py:188} INFO - [2024-10-26T09:31:10.554+0000] {dag.py:3947} INFO - Setting next_dagrun for crypto_price_automation to 2024-10-26 00:00:00+00:00, run_after=2024-10-27 00:00:00+00:00
[2024-10-26T09:31:11.038+0000] {processor.py:183} INFO - Processing /opt/airflow/dags/kafka_stream.py took 6.805 seconds
[2024-10-26T09:31:41.919+0000] {processor.py:161} INFO - Started process (PID=610) to work on /opt/airflow/dags/kafka_stream.py
[2024-10-26T09:31:41.929+0000] {processor.py:830} INFO - Processing file /opt/airflow/dags/kafka_stream.py for tasks to queue
[2024-10-26T09:31:41.937+0000] {logging_mixin.py:188} INFO - [2024-10-26T09:31:41.931+0000] {dagbag.py:545} INFO - Filling up the DagBag from /opt/airflow/dags/kafka_stream.py
[2024-10-26T09:31:44.239+0000] {processor.py:840} INFO - DAG(s) 'crypto_price_automation' retrieved from /opt/airflow/dags/kafka_stream.py
[2024-10-26T09:32:16.924+0000] {processor.py:186} ERROR - Got an exception! Propagating...
Traceback (most recent call last):
  File "/home/airflow/.local/lib/python3.12/site-packages/sqlalchemy/engine/base.py", line 3371, in _wrap_pool_connect
    return fn()
           ^^^^
  File "/home/airflow/.local/lib/python3.12/site-packages/sqlalchemy/pool/base.py", line 327, in connect
    return _ConnectionFairy._checkout(self)
           ^^^^^^^^^^^^^^^^^^^^^^^^^^^^^^^^
  File "/home/airflow/.local/lib/python3.12/site-packages/sqlalchemy/pool/base.py", line 894, in _checkout
    fairy = _ConnectionRecord.checkout(pool)
            ^^^^^^^^^^^^^^^^^^^^^^^^^^^^^^^^
  File "/home/airflow/.local/lib/python3.12/site-packages/sqlalchemy/pool/base.py", line 493, in checkout
    rec = pool._do_get()
          ^^^^^^^^^^^^^^
  File "/home/airflow/.local/lib/python3.12/site-packages/sqlalchemy/pool/impl.py", line 145, in _do_get
    with util.safe_reraise():
  File "/home/airflow/.local/lib/python3.12/site-packages/sqlalchemy/util/langhelpers.py", line 70, in __exit__
    compat.raise_(
  File "/home/airflow/.local/lib/python3.12/site-packages/sqlalchemy/util/compat.py", line 211, in raise_
    raise exception
  File "/home/airflow/.local/lib/python3.12/site-packages/sqlalchemy/pool/impl.py", line 143, in _do_get
    return self._create_connection()
           ^^^^^^^^^^^^^^^^^^^^^^^^^
  File "/home/airflow/.local/lib/python3.12/site-packages/sqlalchemy/pool/base.py", line 273, in _create_connection
    return _ConnectionRecord(self)
           ^^^^^^^^^^^^^^^^^^^^^^^
  File "/home/airflow/.local/lib/python3.12/site-packages/sqlalchemy/pool/base.py", line 388, in __init__
    self.__connect()
  File "/home/airflow/.local/lib/python3.12/site-packages/sqlalchemy/pool/base.py", line 690, in __connect
    with util.safe_reraise():
  File "/home/airflow/.local/lib/python3.12/site-packages/sqlalchemy/util/langhelpers.py", line 70, in __exit__
    compat.raise_(
  File "/home/airflow/.local/lib/python3.12/site-packages/sqlalchemy/util/compat.py", line 211, in raise_
    raise exception
  File "/home/airflow/.local/lib/python3.12/site-packages/sqlalchemy/pool/base.py", line 686, in __connect
    self.dbapi_connection = connection = pool._invoke_creator(self)
                                         ^^^^^^^^^^^^^^^^^^^^^^^^^^
  File "/home/airflow/.local/lib/python3.12/site-packages/sqlalchemy/engine/create.py", line 574, in connect
    return dialect.connect(*cargs, **cparams)
           ^^^^^^^^^^^^^^^^^^^^^^^^^^^^^^^^^^
  File "/home/airflow/.local/lib/python3.12/site-packages/sqlalchemy/engine/default.py", line 598, in connect
    return self.dbapi.connect(*cargs, **cparams)
           ^^^^^^^^^^^^^^^^^^^^^^^^^^^^^^^^^^^^^
  File "/home/airflow/.local/lib/python3.12/site-packages/psycopg2/__init__.py", line 122, in connect
    conn = _connect(dsn, connection_factory=connection_factory, **kwasync)
           ^^^^^^^^^^^^^^^^^^^^^^^^^^^^^^^^^^^^^^^^^^^^^^^^^^^^^^^^^^^^^^^
psycopg2.OperationalError: could not translate host name "postgres" to address: Temporary failure in name resolution


The above exception was the direct cause of the following exception:

Traceback (most recent call last):
  File "/home/airflow/.local/lib/python3.12/site-packages/airflow/dag_processing/processor.py", line 182, in _run_file_processor
    _handle_dag_file_processing()
  File "/home/airflow/.local/lib/python3.12/site-packages/airflow/dag_processing/processor.py", line 163, in _handle_dag_file_processing
    result: tuple[int, int] = dag_file_processor.process_file(
                              ^^^^^^^^^^^^^^^^^^^^^^^^^^^^^^^^
  File "/home/airflow/.local/lib/python3.12/site-packages/airflow/utils/session.py", line 79, in wrapper
    return func(*args, session=session, **kwargs)
           ^^^^^^^^^^^^^^^^^^^^^^^^^^^^^^^^^^^^^^
  File "/home/airflow/.local/lib/python3.12/site-packages/airflow/dag_processing/processor.py", line 859, in process_file
    serialize_errors = DagFileProcessor.save_dag_to_db(
                       ^^^^^^^^^^^^^^^^^^^^^^^^^^^^^^^^
  File "/home/airflow/.local/lib/python3.12/site-packages/airflow/api_internal/internal_api_call.py", line 115, in wrapper
    return func(*args, **kwargs)
           ^^^^^^^^^^^^^^^^^^^^^
  File "/home/airflow/.local/lib/python3.12/site-packages/airflow/utils/session.py", line 79, in wrapper
    return func(*args, session=session, **kwargs)
           ^^^^^^^^^^^^^^^^^^^^^^^^^^^^^^^^^^^^^^
  File "/home/airflow/.local/lib/python3.12/site-packages/airflow/dag_processing/processor.py", line 895, in save_dag_to_db
    import_errors = DagBag._sync_to_db(dags=dags, processor_subdir=dag_directory, session=session)
                    ^^^^^^^^^^^^^^^^^^^^^^^^^^^^^^^^^^^^^^^^^^^^^^^^^^^^^^^^^^^^^^^^^^^^^^^^^^^^^^
  File "/home/airflow/.local/lib/python3.12/site-packages/airflow/utils/session.py", line 76, in wrapper
    return func(*args, **kwargs)
           ^^^^^^^^^^^^^^^^^^^^^
  File "/home/airflow/.local/lib/python3.12/site-packages/airflow/models/dagbag.py", line 664, in _sync_to_db
    for attempt in run_with_db_retries(logger=log):
  File "/home/airflow/.local/lib/python3.12/site-packages/tenacity/__init__.py", line 443, in __iter__
    do = self.iter(retry_state=retry_state)
         ^^^^^^^^^^^^^^^^^^^^^^^^^^^^^^^^^^
  File "/home/airflow/.local/lib/python3.12/site-packages/tenacity/__init__.py", line 376, in iter
    result = action(retry_state)
             ^^^^^^^^^^^^^^^^^^^
  File "/home/airflow/.local/lib/python3.12/site-packages/tenacity/__init__.py", line 418, in exc_check
    raise retry_exc.reraise()
          ^^^^^^^^^^^^^^^^^^^
  File "/home/airflow/.local/lib/python3.12/site-packages/tenacity/__init__.py", line 185, in reraise
    raise self.last_attempt.result()
          ^^^^^^^^^^^^^^^^^^^^^^^^^^
  File "/usr/local/lib/python3.12/concurrent/futures/_base.py", line 449, in result
    return self.__get_result()
           ^^^^^^^^^^^^^^^^^^^
  File "/usr/local/lib/python3.12/concurrent/futures/_base.py", line 401, in __get_result
    raise self._exception
  File "/home/airflow/.local/lib/python3.12/site-packages/airflow/models/dagbag.py", line 677, in _sync_to_db
    _serialize_dag_capturing_errors(dag, session, processor_subdir)
  File "/home/airflow/.local/lib/python3.12/site-packages/airflow/models/dagbag.py", line 642, in _serialize_dag_capturing_errors
    dag_was_updated = SerializedDagModel.write_dag(
                      ^^^^^^^^^^^^^^^^^^^^^^^^^^^^^
  File "/home/airflow/.local/lib/python3.12/site-packages/airflow/utils/session.py", line 76, in wrapper
    return func(*args, **kwargs)
           ^^^^^^^^^^^^^^^^^^^^^
  File "/home/airflow/.local/lib/python3.12/site-packages/airflow/models/serialized_dag.py", line 158, in write_dag
    if session.scalar(
       ^^^^^^^^^^^^^^^
  File "/home/airflow/.local/lib/python3.12/site-packages/sqlalchemy/orm/session.py", line 1747, in scalar
    return self.execute(
           ^^^^^^^^^^^^^
  File "/home/airflow/.local/lib/python3.12/site-packages/sqlalchemy/orm/session.py", line 1716, in execute
    conn = self._connection_for_bind(bind)
           ^^^^^^^^^^^^^^^^^^^^^^^^^^^^^^^
  File "/home/airflow/.local/lib/python3.12/site-packages/sqlalchemy/orm/session.py", line 1555, in _connection_for_bind
    return self._transaction._connection_for_bind(
           ^^^^^^^^^^^^^^^^^^^^^^^^^^^^^^^^^^^^^^^
  File "/home/airflow/.local/lib/python3.12/site-packages/sqlalchemy/orm/session.py", line 750, in _connection_for_bind
    conn = bind.connect()
           ^^^^^^^^^^^^^^
  File "/home/airflow/.local/lib/python3.12/site-packages/sqlalchemy/future/engine.py", line 412, in connect
    return super(Engine, self).connect()
           ^^^^^^^^^^^^^^^^^^^^^^^^^^^^^
  File "/home/airflow/.local/lib/python3.12/site-packages/sqlalchemy/engine/base.py", line 3325, in connect
    return self._connection_cls(self, close_with_result=close_with_result)
           ^^^^^^^^^^^^^^^^^^^^^^^^^^^^^^^^^^^^^^^^^^^^^^^^^^^^^^^^^^^^^^^
  File "/home/airflow/.local/lib/python3.12/site-packages/sqlalchemy/engine/base.py", line 96, in __init__
    else engine.raw_connection()
         ^^^^^^^^^^^^^^^^^^^^^^^
  File "/home/airflow/.local/lib/python3.12/site-packages/sqlalchemy/engine/base.py", line 3404, in raw_connection
    return self._wrap_pool_connect(self.pool.connect, _connection)
           ^^^^^^^^^^^^^^^^^^^^^^^^^^^^^^^^^^^^^^^^^^^^^^^^^^^^^^^
  File "/home/airflow/.local/lib/python3.12/site-packages/sqlalchemy/engine/base.py", line 3374, in _wrap_pool_connect
    Connection._handle_dbapi_exception_noconnection(
  File "/home/airflow/.local/lib/python3.12/site-packages/sqlalchemy/engine/base.py", line 2208, in _handle_dbapi_exception_noconnection
    util.raise_(
  File "/home/airflow/.local/lib/python3.12/site-packages/sqlalchemy/util/compat.py", line 211, in raise_
    raise exception
  File "/home/airflow/.local/lib/python3.12/site-packages/sqlalchemy/engine/base.py", line 3371, in _wrap_pool_connect
    return fn()
           ^^^^
  File "/home/airflow/.local/lib/python3.12/site-packages/sqlalchemy/pool/base.py", line 327, in connect
    return _ConnectionFairy._checkout(self)
           ^^^^^^^^^^^^^^^^^^^^^^^^^^^^^^^^
  File "/home/airflow/.local/lib/python3.12/site-packages/sqlalchemy/pool/base.py", line 894, in _checkout
    fairy = _ConnectionRecord.checkout(pool)
            ^^^^^^^^^^^^^^^^^^^^^^^^^^^^^^^^
  File "/home/airflow/.local/lib/python3.12/site-packages/sqlalchemy/pool/base.py", line 493, in checkout
    rec = pool._do_get()
          ^^^^^^^^^^^^^^
  File "/home/airflow/.local/lib/python3.12/site-packages/sqlalchemy/pool/impl.py", line 145, in _do_get
    with util.safe_reraise():
  File "/home/airflow/.local/lib/python3.12/site-packages/sqlalchemy/util/langhelpers.py", line 70, in __exit__
    compat.raise_(
  File "/home/airflow/.local/lib/python3.12/site-packages/sqlalchemy/util/compat.py", line 211, in raise_
    raise exception
  File "/home/airflow/.local/lib/python3.12/site-packages/sqlalchemy/pool/impl.py", line 143, in _do_get
    return self._create_connection()
           ^^^^^^^^^^^^^^^^^^^^^^^^^
  File "/home/airflow/.local/lib/python3.12/site-packages/sqlalchemy/pool/base.py", line 273, in _create_connection
    return _ConnectionRecord(self)
           ^^^^^^^^^^^^^^^^^^^^^^^
  File "/home/airflow/.local/lib/python3.12/site-packages/sqlalchemy/pool/base.py", line 388, in __init__
    self.__connect()
  File "/home/airflow/.local/lib/python3.12/site-packages/sqlalchemy/pool/base.py", line 690, in __connect
    with util.safe_reraise():
  File "/home/airflow/.local/lib/python3.12/site-packages/sqlalchemy/util/langhelpers.py", line 70, in __exit__
    compat.raise_(
  File "/home/airflow/.local/lib/python3.12/site-packages/sqlalchemy/util/compat.py", line 211, in raise_
    raise exception
  File "/home/airflow/.local/lib/python3.12/site-packages/sqlalchemy/pool/base.py", line 686, in __connect
    self.dbapi_connection = connection = pool._invoke_creator(self)
                                         ^^^^^^^^^^^^^^^^^^^^^^^^^^
  File "/home/airflow/.local/lib/python3.12/site-packages/sqlalchemy/engine/create.py", line 574, in connect
    return dialect.connect(*cargs, **cparams)
           ^^^^^^^^^^^^^^^^^^^^^^^^^^^^^^^^^^
  File "/home/airflow/.local/lib/python3.12/site-packages/sqlalchemy/engine/default.py", line 598, in connect
    return self.dbapi.connect(*cargs, **cparams)
           ^^^^^^^^^^^^^^^^^^^^^^^^^^^^^^^^^^^^^
  File "/home/airflow/.local/lib/python3.12/site-packages/psycopg2/__init__.py", line 122, in connect
    conn = _connect(dsn, connection_factory=connection_factory, **kwasync)
           ^^^^^^^^^^^^^^^^^^^^^^^^^^^^^^^^^^^^^^^^^^^^^^^^^^^^^^^^^^^^^^^
sqlalchemy.exc.OperationalError: (psycopg2.OperationalError) could not translate host name "postgres" to address: Temporary failure in name resolution

(Background on this error at: https://sqlalche.me/e/14/e3q8)
[2024-10-26T09:32:52.375+0000] {processor.py:161} INFO - Started process (PID=615) to work on /opt/airflow/dags/kafka_stream.py
[2024-10-26T09:32:53.103+0000] {processor.py:830} INFO - Processing file /opt/airflow/dags/kafka_stream.py for tasks to queue
[2024-10-26T09:32:53.534+0000] {logging_mixin.py:188} INFO - [2024-10-26T09:32:53.291+0000] {dagbag.py:545} INFO - Filling up the DagBag from /opt/airflow/dags/kafka_stream.py
[2024-10-26T09:34:02.657+0000] {logging_mixin.py:188} INFO - [2024-10-26T09:34:01.544+0000] {timeout.py:68} ERROR - Process timed out, PID: 615
[2024-10-26T09:34:34.647+0000] {processor.py:161} INFO - Started process (PID=619) to work on /opt/airflow/dags/kafka_stream.py
[2024-10-26T09:34:34.721+0000] {processor.py:830} INFO - Processing file /opt/airflow/dags/kafka_stream.py for tasks to queue
[2024-10-26T09:34:35.042+0000] {logging_mixin.py:188} INFO - [2024-10-26T09:34:34.810+0000] {dagbag.py:545} INFO - Filling up the DagBag from /opt/airflow/dags/kafka_stream.py
[2024-10-26T09:34:45.573+0000] {processor.py:840} INFO - DAG(s) 'crypto_price_automation' retrieved from /opt/airflow/dags/kafka_stream.py
[2024-10-26T09:34:48.377+0000] {logging_mixin.py:188} INFO - [2024-10-26T09:34:48.375+0000] {dag.py:3089} INFO - Sync 1 DAGs
[2024-10-26T09:34:48.970+0000] {logging_mixin.py:188} INFO - [2024-10-26T09:34:48.964+0000] {dag.py:3947} INFO - Setting next_dagrun for crypto_price_automation to 2024-10-26 00:00:00+00:00, run_after=2024-10-27 00:00:00+00:00
[2024-10-26T09:34:49.211+0000] {processor.py:183} INFO - Processing /opt/airflow/dags/kafka_stream.py took 14.974 seconds
[2024-10-26T09:35:19.698+0000] {processor.py:161} INFO - Started process (PID=635) to work on /opt/airflow/dags/kafka_stream.py
[2024-10-26T09:35:19.701+0000] {processor.py:830} INFO - Processing file /opt/airflow/dags/kafka_stream.py for tasks to queue
[2024-10-26T09:35:19.708+0000] {logging_mixin.py:188} INFO - [2024-10-26T09:35:19.705+0000] {dagbag.py:545} INFO - Filling up the DagBag from /opt/airflow/dags/kafka_stream.py
[2024-10-26T09:35:20.354+0000] {processor.py:840} INFO - DAG(s) 'crypto_price_automation' retrieved from /opt/airflow/dags/kafka_stream.py
[2024-10-26T09:35:20.488+0000] {logging_mixin.py:188} INFO - [2024-10-26T09:35:20.487+0000] {dag.py:3089} INFO - Sync 1 DAGs
[2024-10-26T09:35:20.598+0000] {logging_mixin.py:188} INFO - [2024-10-26T09:35:20.597+0000] {dag.py:3947} INFO - Setting next_dagrun for crypto_price_automation to 2024-10-26 00:00:00+00:00, run_after=2024-10-27 00:00:00+00:00
[2024-10-26T09:35:20.713+0000] {processor.py:183} INFO - Processing /opt/airflow/dags/kafka_stream.py took 1.052 seconds
[2024-10-26T09:35:51.755+0000] {processor.py:161} INFO - Started process (PID=646) to work on /opt/airflow/dags/kafka_stream.py
[2024-10-26T09:35:51.758+0000] {processor.py:830} INFO - Processing file /opt/airflow/dags/kafka_stream.py for tasks to queue
[2024-10-26T09:35:51.763+0000] {logging_mixin.py:188} INFO - [2024-10-26T09:35:51.761+0000] {dagbag.py:545} INFO - Filling up the DagBag from /opt/airflow/dags/kafka_stream.py
[2024-10-26T09:35:52.165+0000] {processor.py:840} INFO - DAG(s) 'crypto_price_automation' retrieved from /opt/airflow/dags/kafka_stream.py
[2024-10-26T09:35:52.290+0000] {logging_mixin.py:188} INFO - [2024-10-26T09:35:52.290+0000] {dag.py:3089} INFO - Sync 1 DAGs
[2024-10-26T09:35:52.396+0000] {logging_mixin.py:188} INFO - [2024-10-26T09:35:52.396+0000] {dag.py:3947} INFO - Setting next_dagrun for crypto_price_automation to 2024-10-26 00:00:00+00:00, run_after=2024-10-27 00:00:00+00:00
[2024-10-26T09:35:52.465+0000] {processor.py:183} INFO - Processing /opt/airflow/dags/kafka_stream.py took 0.734 seconds
[2024-10-26T09:36:23.385+0000] {processor.py:161} INFO - Started process (PID=657) to work on /opt/airflow/dags/kafka_stream.py
[2024-10-26T09:36:23.388+0000] {processor.py:830} INFO - Processing file /opt/airflow/dags/kafka_stream.py for tasks to queue
[2024-10-26T09:36:23.391+0000] {logging_mixin.py:188} INFO - [2024-10-26T09:36:23.390+0000] {dagbag.py:545} INFO - Filling up the DagBag from /opt/airflow/dags/kafka_stream.py
[2024-10-26T09:36:23.825+0000] {processor.py:840} INFO - DAG(s) 'crypto_price_automation' retrieved from /opt/airflow/dags/kafka_stream.py
[2024-10-26T09:36:23.908+0000] {logging_mixin.py:188} INFO - [2024-10-26T09:36:23.907+0000] {dag.py:3089} INFO - Sync 1 DAGs
[2024-10-26T09:36:23.986+0000] {logging_mixin.py:188} INFO - [2024-10-26T09:36:23.985+0000] {dag.py:3947} INFO - Setting next_dagrun for crypto_price_automation to 2024-10-26 00:00:00+00:00, run_after=2024-10-27 00:00:00+00:00
[2024-10-26T09:36:24.075+0000] {processor.py:183} INFO - Processing /opt/airflow/dags/kafka_stream.py took 0.706 seconds
[2024-10-26T09:36:54.690+0000] {processor.py:161} INFO - Started process (PID=668) to work on /opt/airflow/dags/kafka_stream.py
[2024-10-26T09:36:54.701+0000] {processor.py:830} INFO - Processing file /opt/airflow/dags/kafka_stream.py for tasks to queue
[2024-10-26T09:36:54.713+0000] {logging_mixin.py:188} INFO - [2024-10-26T09:36:54.709+0000] {dagbag.py:545} INFO - Filling up the DagBag from /opt/airflow/dags/kafka_stream.py
[2024-10-26T09:36:55.456+0000] {processor.py:840} INFO - DAG(s) 'crypto_price_automation' retrieved from /opt/airflow/dags/kafka_stream.py
[2024-10-26T09:36:55.540+0000] {logging_mixin.py:188} INFO - [2024-10-26T09:36:55.539+0000] {dag.py:3089} INFO - Sync 1 DAGs
[2024-10-26T09:36:55.619+0000] {logging_mixin.py:188} INFO - [2024-10-26T09:36:55.618+0000] {dag.py:3947} INFO - Setting next_dagrun for crypto_price_automation to 2024-10-26 00:00:00+00:00, run_after=2024-10-27 00:00:00+00:00
[2024-10-26T09:36:55.681+0000] {processor.py:183} INFO - Processing /opt/airflow/dags/kafka_stream.py took 1.162 seconds
[2024-10-26T09:41:32.107+0000] {processor.py:161} INFO - Started process (PID=247) to work on /opt/airflow/dags/kafka_stream.py
[2024-10-26T09:41:32.112+0000] {processor.py:830} INFO - Processing file /opt/airflow/dags/kafka_stream.py for tasks to queue
[2024-10-26T09:41:32.156+0000] {logging_mixin.py:188} INFO - [2024-10-26T09:41:32.155+0000] {dagbag.py:545} INFO - Filling up the DagBag from /opt/airflow/dags/kafka_stream.py
[2024-10-26T09:41:39.499+0000] {processor.py:840} INFO - DAG(s) 'crypto_price_automation' retrieved from /opt/airflow/dags/kafka_stream.py
[2024-10-26T09:41:46.262+0000] {logging_mixin.py:188} INFO - [2024-10-26T09:41:46.261+0000] {dag.py:3089} INFO - Sync 1 DAGs
[2024-10-26T09:41:47.196+0000] {logging_mixin.py:188} INFO - [2024-10-26T09:41:47.195+0000] {dag.py:3947} INFO - Setting next_dagrun for crypto_price_automation to 2024-10-26 00:00:00+00:00, run_after=2024-10-27 00:00:00+00:00
[2024-10-26T09:41:48.002+0000] {processor.py:183} INFO - Processing /opt/airflow/dags/kafka_stream.py took 16.233 seconds
[2024-10-26T09:42:20.230+0000] {processor.py:161} INFO - Started process (PID=265) to work on /opt/airflow/dags/kafka_stream.py
[2024-10-26T09:42:20.235+0000] {processor.py:830} INFO - Processing file /opt/airflow/dags/kafka_stream.py for tasks to queue
[2024-10-26T09:42:20.439+0000] {logging_mixin.py:188} INFO - [2024-10-26T09:42:20.310+0000] {dagbag.py:545} INFO - Filling up the DagBag from /opt/airflow/dags/kafka_stream.py
[2024-10-26T09:42:23.858+0000] {processor.py:840} INFO - DAG(s) 'crypto_price_automation' retrieved from /opt/airflow/dags/kafka_stream.py
[2024-10-26T09:42:24.909+0000] {logging_mixin.py:188} INFO - [2024-10-26T09:42:24.908+0000] {dag.py:3089} INFO - Sync 1 DAGs
[2024-10-26T09:42:25.453+0000] {logging_mixin.py:188} INFO - [2024-10-26T09:42:25.428+0000] {dag.py:3947} INFO - Setting next_dagrun for crypto_price_automation to 2024-10-26 00:00:00+00:00, run_after=2024-10-27 00:00:00+00:00
[2024-10-26T09:42:25.913+0000] {processor.py:183} INFO - Processing /opt/airflow/dags/kafka_stream.py took 6.068 seconds
[2024-10-26T09:42:56.650+0000] {processor.py:161} INFO - Started process (PID=282) to work on /opt/airflow/dags/kafka_stream.py
[2024-10-26T09:42:56.652+0000] {processor.py:830} INFO - Processing file /opt/airflow/dags/kafka_stream.py for tasks to queue
[2024-10-26T09:42:56.661+0000] {logging_mixin.py:188} INFO - [2024-10-26T09:42:56.659+0000] {dagbag.py:545} INFO - Filling up the DagBag from /opt/airflow/dags/kafka_stream.py
[2024-10-26T09:42:57.019+0000] {processor.py:840} INFO - DAG(s) 'crypto_price_automation' retrieved from /opt/airflow/dags/kafka_stream.py
[2024-10-26T09:42:57.053+0000] {logging_mixin.py:188} INFO - [2024-10-26T09:42:57.052+0000] {dag.py:3089} INFO - Sync 1 DAGs
[2024-10-26T09:42:57.142+0000] {logging_mixin.py:188} INFO - [2024-10-26T09:42:57.141+0000] {dag.py:3947} INFO - Setting next_dagrun for crypto_price_automation to 2024-10-26 00:00:00+00:00, run_after=2024-10-27 00:00:00+00:00
[2024-10-26T09:42:57.193+0000] {processor.py:183} INFO - Processing /opt/airflow/dags/kafka_stream.py took 0.561 seconds
[2024-10-26T09:43:30.105+0000] {processor.py:161} INFO - Started process (PID=293) to work on /opt/airflow/dags/kafka_stream.py
[2024-10-26T09:43:30.130+0000] {processor.py:830} INFO - Processing file /opt/airflow/dags/kafka_stream.py for tasks to queue
[2024-10-26T09:43:30.154+0000] {logging_mixin.py:188} INFO - [2024-10-26T09:43:30.153+0000] {dagbag.py:545} INFO - Filling up the DagBag from /opt/airflow/dags/kafka_stream.py
[2024-10-26T09:43:34.799+0000] {processor.py:840} INFO - DAG(s) 'crypto_price_automation' retrieved from /opt/airflow/dags/kafka_stream.py
[2024-10-26T09:43:40.248+0000] {logging_mixin.py:188} INFO - [2024-10-26T09:43:40.247+0000] {dag.py:3089} INFO - Sync 1 DAGs
[2024-10-26T09:43:40.694+0000] {logging_mixin.py:188} INFO - [2024-10-26T09:43:40.693+0000] {dag.py:3947} INFO - Setting next_dagrun for crypto_price_automation to 2024-10-26 00:00:00+00:00, run_after=2024-10-27 00:00:00+00:00
[2024-10-26T09:43:40.814+0000] {processor.py:183} INFO - Processing /opt/airflow/dags/kafka_stream.py took 10.753 seconds
[2024-10-26T09:44:11.628+0000] {processor.py:161} INFO - Started process (PID=304) to work on /opt/airflow/dags/kafka_stream.py
[2024-10-26T09:44:11.635+0000] {processor.py:830} INFO - Processing file /opt/airflow/dags/kafka_stream.py for tasks to queue
[2024-10-26T09:44:11.710+0000] {logging_mixin.py:188} INFO - [2024-10-26T09:44:11.685+0000] {dagbag.py:545} INFO - Filling up the DagBag from /opt/airflow/dags/kafka_stream.py
[2024-10-26T09:44:13.876+0000] {processor.py:840} INFO - DAG(s) 'crypto_price_automation' retrieved from /opt/airflow/dags/kafka_stream.py
[2024-10-26T09:44:14.718+0000] {logging_mixin.py:188} INFO - [2024-10-26T09:44:14.717+0000] {dag.py:3089} INFO - Sync 1 DAGs
[2024-10-26T09:44:14.863+0000] {logging_mixin.py:188} INFO - [2024-10-26T09:44:14.862+0000] {dag.py:3947} INFO - Setting next_dagrun for crypto_price_automation to 2024-10-26 00:00:00+00:00, run_after=2024-10-27 00:00:00+00:00
[2024-10-26T09:44:15.096+0000] {processor.py:183} INFO - Processing /opt/airflow/dags/kafka_stream.py took 3.719 seconds
[2024-10-26T09:44:45.731+0000] {processor.py:161} INFO - Started process (PID=315) to work on /opt/airflow/dags/kafka_stream.py
[2024-10-26T09:44:45.735+0000] {processor.py:830} INFO - Processing file /opt/airflow/dags/kafka_stream.py for tasks to queue
[2024-10-26T09:44:45.749+0000] {logging_mixin.py:188} INFO - [2024-10-26T09:44:45.742+0000] {dagbag.py:545} INFO - Filling up the DagBag from /opt/airflow/dags/kafka_stream.py
[2024-10-26T09:44:46.420+0000] {processor.py:840} INFO - DAG(s) 'crypto_price_automation' retrieved from /opt/airflow/dags/kafka_stream.py
[2024-10-26T09:44:46.532+0000] {logging_mixin.py:188} INFO - [2024-10-26T09:44:46.531+0000] {dag.py:3089} INFO - Sync 1 DAGs
[2024-10-26T09:44:46.649+0000] {logging_mixin.py:188} INFO - [2024-10-26T09:44:46.649+0000] {dag.py:3947} INFO - Setting next_dagrun for crypto_price_automation to 2024-10-26 00:00:00+00:00, run_after=2024-10-27 00:00:00+00:00
[2024-10-26T09:44:46.721+0000] {processor.py:183} INFO - Processing /opt/airflow/dags/kafka_stream.py took 1.021 seconds
[2024-10-26T09:45:18.093+0000] {processor.py:161} INFO - Started process (PID=325) to work on /opt/airflow/dags/kafka_stream.py
[2024-10-26T09:45:18.095+0000] {processor.py:830} INFO - Processing file /opt/airflow/dags/kafka_stream.py for tasks to queue
[2024-10-26T09:45:18.101+0000] {logging_mixin.py:188} INFO - [2024-10-26T09:45:18.100+0000] {dagbag.py:545} INFO - Filling up the DagBag from /opt/airflow/dags/kafka_stream.py
[2024-10-26T09:45:18.908+0000] {processor.py:840} INFO - DAG(s) 'crypto_price_automation' retrieved from /opt/airflow/dags/kafka_stream.py
[2024-10-26T09:45:19.398+0000] {logging_mixin.py:188} INFO - [2024-10-26T09:45:19.398+0000] {dag.py:3089} INFO - Sync 1 DAGs
[2024-10-26T09:45:19.637+0000] {logging_mixin.py:188} INFO - [2024-10-26T09:45:19.637+0000] {dag.py:3947} INFO - Setting next_dagrun for crypto_price_automation to 2024-10-26 00:00:00+00:00, run_after=2024-10-27 00:00:00+00:00
[2024-10-26T09:45:19.801+0000] {processor.py:183} INFO - Processing /opt/airflow/dags/kafka_stream.py took 1.726 seconds
[2024-10-26T09:45:51.367+0000] {processor.py:161} INFO - Started process (PID=336) to work on /opt/airflow/dags/kafka_stream.py
[2024-10-26T09:45:51.380+0000] {processor.py:830} INFO - Processing file /opt/airflow/dags/kafka_stream.py for tasks to queue
[2024-10-26T09:45:51.399+0000] {logging_mixin.py:188} INFO - [2024-10-26T09:45:51.397+0000] {dagbag.py:545} INFO - Filling up the DagBag from /opt/airflow/dags/kafka_stream.py
[2024-10-26T09:45:51.845+0000] {processor.py:840} INFO - DAG(s) 'crypto_price_automation' retrieved from /opt/airflow/dags/kafka_stream.py
[2024-10-26T09:45:51.967+0000] {logging_mixin.py:188} INFO - [2024-10-26T09:45:51.966+0000] {dag.py:3089} INFO - Sync 1 DAGs
[2024-10-26T09:45:52.037+0000] {logging_mixin.py:188} INFO - [2024-10-26T09:45:52.037+0000] {dag.py:3947} INFO - Setting next_dagrun for crypto_price_automation to 2024-10-26 00:00:00+00:00, run_after=2024-10-27 00:00:00+00:00
[2024-10-26T09:45:52.091+0000] {processor.py:183} INFO - Processing /opt/airflow/dags/kafka_stream.py took 0.763 seconds
[2024-10-26T09:46:22.959+0000] {processor.py:161} INFO - Started process (PID=347) to work on /opt/airflow/dags/kafka_stream.py
[2024-10-26T09:46:22.962+0000] {processor.py:830} INFO - Processing file /opt/airflow/dags/kafka_stream.py for tasks to queue
[2024-10-26T09:46:22.976+0000] {logging_mixin.py:188} INFO - [2024-10-26T09:46:22.967+0000] {dagbag.py:545} INFO - Filling up the DagBag from /opt/airflow/dags/kafka_stream.py
[2024-10-26T09:46:23.647+0000] {processor.py:840} INFO - DAG(s) 'crypto_price_automation' retrieved from /opt/airflow/dags/kafka_stream.py
[2024-10-26T09:46:23.727+0000] {logging_mixin.py:188} INFO - [2024-10-26T09:46:23.726+0000] {dag.py:3089} INFO - Sync 1 DAGs
[2024-10-26T09:46:23.793+0000] {logging_mixin.py:188} INFO - [2024-10-26T09:46:23.793+0000] {dag.py:3947} INFO - Setting next_dagrun for crypto_price_automation to 2024-10-26 00:00:00+00:00, run_after=2024-10-27 00:00:00+00:00
[2024-10-26T09:46:23.851+0000] {processor.py:183} INFO - Processing /opt/airflow/dags/kafka_stream.py took 0.916 seconds
[2024-10-26T09:46:54.072+0000] {processor.py:161} INFO - Started process (PID=358) to work on /opt/airflow/dags/kafka_stream.py
[2024-10-26T09:46:54.077+0000] {processor.py:830} INFO - Processing file /opt/airflow/dags/kafka_stream.py for tasks to queue
[2024-10-26T09:46:54.084+0000] {logging_mixin.py:188} INFO - [2024-10-26T09:46:54.084+0000] {dagbag.py:545} INFO - Filling up the DagBag from /opt/airflow/dags/kafka_stream.py
[2024-10-26T09:46:55.355+0000] {processor.py:840} INFO - DAG(s) 'crypto_price_automation' retrieved from /opt/airflow/dags/kafka_stream.py
[2024-10-26T09:46:55.552+0000] {logging_mixin.py:188} INFO - [2024-10-26T09:46:55.551+0000] {dag.py:3089} INFO - Sync 1 DAGs
[2024-10-26T09:46:55.768+0000] {logging_mixin.py:188} INFO - [2024-10-26T09:46:55.767+0000] {dag.py:3947} INFO - Setting next_dagrun for crypto_price_automation to 2024-10-26 00:00:00+00:00, run_after=2024-10-27 00:00:00+00:00
[2024-10-26T09:46:55.830+0000] {processor.py:183} INFO - Processing /opt/airflow/dags/kafka_stream.py took 1.796 seconds
[2024-10-26T09:47:26.688+0000] {processor.py:161} INFO - Started process (PID=369) to work on /opt/airflow/dags/kafka_stream.py
[2024-10-26T09:47:26.691+0000] {processor.py:830} INFO - Processing file /opt/airflow/dags/kafka_stream.py for tasks to queue
[2024-10-26T09:47:26.704+0000] {logging_mixin.py:188} INFO - [2024-10-26T09:47:26.703+0000] {dagbag.py:545} INFO - Filling up the DagBag from /opt/airflow/dags/kafka_stream.py
[2024-10-26T09:47:27.771+0000] {processor.py:840} INFO - DAG(s) 'crypto_price_automation' retrieved from /opt/airflow/dags/kafka_stream.py
[2024-10-26T09:47:28.264+0000] {logging_mixin.py:188} INFO - [2024-10-26T09:47:28.263+0000] {dag.py:3089} INFO - Sync 1 DAGs
[2024-10-26T09:47:28.811+0000] {logging_mixin.py:188} INFO - [2024-10-26T09:47:28.810+0000] {dag.py:3947} INFO - Setting next_dagrun for crypto_price_automation to 2024-10-26 00:00:00+00:00, run_after=2024-10-27 00:00:00+00:00
[2024-10-26T09:47:28.902+0000] {processor.py:183} INFO - Processing /opt/airflow/dags/kafka_stream.py took 2.239 seconds
[2024-10-26T09:47:59.120+0000] {processor.py:161} INFO - Started process (PID=386) to work on /opt/airflow/dags/kafka_stream.py
[2024-10-26T09:47:59.125+0000] {processor.py:830} INFO - Processing file /opt/airflow/dags/kafka_stream.py for tasks to queue
[2024-10-26T09:47:59.134+0000] {logging_mixin.py:188} INFO - [2024-10-26T09:47:59.132+0000] {dagbag.py:545} INFO - Filling up the DagBag from /opt/airflow/dags/kafka_stream.py
[2024-10-26T09:47:59.776+0000] {processor.py:840} INFO - DAG(s) 'crypto_price_automation' retrieved from /opt/airflow/dags/kafka_stream.py
[2024-10-26T09:47:59.884+0000] {logging_mixin.py:188} INFO - [2024-10-26T09:47:59.883+0000] {dag.py:3089} INFO - Sync 1 DAGs
[2024-10-26T09:48:00.013+0000] {logging_mixin.py:188} INFO - [2024-10-26T09:48:00.012+0000] {dag.py:3947} INFO - Setting next_dagrun for crypto_price_automation to 2024-10-26 00:00:00+00:00, run_after=2024-10-27 00:00:00+00:00
[2024-10-26T09:48:00.102+0000] {processor.py:183} INFO - Processing /opt/airflow/dags/kafka_stream.py took 1.013 seconds
[2024-10-26T09:48:30.352+0000] {processor.py:161} INFO - Started process (PID=397) to work on /opt/airflow/dags/kafka_stream.py
[2024-10-26T09:48:30.356+0000] {processor.py:830} INFO - Processing file /opt/airflow/dags/kafka_stream.py for tasks to queue
[2024-10-26T09:48:30.365+0000] {logging_mixin.py:188} INFO - [2024-10-26T09:48:30.364+0000] {dagbag.py:545} INFO - Filling up the DagBag from /opt/airflow/dags/kafka_stream.py
[2024-10-26T09:48:30.976+0000] {processor.py:840} INFO - DAG(s) 'crypto_price_automation' retrieved from /opt/airflow/dags/kafka_stream.py
[2024-10-26T09:48:31.079+0000] {logging_mixin.py:188} INFO - [2024-10-26T09:48:31.078+0000] {dag.py:3089} INFO - Sync 1 DAGs
[2024-10-26T09:48:31.158+0000] {logging_mixin.py:188} INFO - [2024-10-26T09:48:31.157+0000] {dag.py:3947} INFO - Setting next_dagrun for crypto_price_automation to 2024-10-26 00:00:00+00:00, run_after=2024-10-27 00:00:00+00:00
[2024-10-26T09:48:31.213+0000] {processor.py:183} INFO - Processing /opt/airflow/dags/kafka_stream.py took 0.894 seconds
[2024-10-26T09:49:02.286+0000] {processor.py:161} INFO - Started process (PID=408) to work on /opt/airflow/dags/kafka_stream.py
[2024-10-26T09:49:02.291+0000] {processor.py:830} INFO - Processing file /opt/airflow/dags/kafka_stream.py for tasks to queue
[2024-10-26T09:49:02.303+0000] {logging_mixin.py:188} INFO - [2024-10-26T09:49:02.299+0000] {dagbag.py:545} INFO - Filling up the DagBag from /opt/airflow/dags/kafka_stream.py
[2024-10-26T09:49:03.450+0000] {processor.py:840} INFO - DAG(s) 'crypto_price_automation' retrieved from /opt/airflow/dags/kafka_stream.py
[2024-10-26T09:49:03.534+0000] {logging_mixin.py:188} INFO - [2024-10-26T09:49:03.533+0000] {dag.py:3089} INFO - Sync 1 DAGs
[2024-10-26T09:49:03.595+0000] {logging_mixin.py:188} INFO - [2024-10-26T09:49:03.594+0000] {dag.py:3947} INFO - Setting next_dagrun for crypto_price_automation to 2024-10-26 00:00:00+00:00, run_after=2024-10-27 00:00:00+00:00
[2024-10-26T09:49:03.657+0000] {processor.py:183} INFO - Processing /opt/airflow/dags/kafka_stream.py took 1.405 seconds
