[2024-10-26T09:41:43.682+0000] {local_task_job_runner.py:120} INFO - ::group::Pre task execution logs
[2024-10-26T09:41:44.698+0000] {taskinstance.py:2076} INFO - Dependencies all met for dep_context=non-requeueable deps ti=<TaskInstance: crypto_price_automation.stream_crypto_prices_on_change manual__2024-10-25T15:37:40.267824+00:00 [queued]>
[2024-10-26T09:41:44.883+0000] {taskinstance.py:2076} INFO - Dependencies all met for dep_context=requeueable deps ti=<TaskInstance: crypto_price_automation.stream_crypto_prices_on_change manual__2024-10-25T15:37:40.267824+00:00 [queued]>
[2024-10-26T09:41:44.889+0000] {taskinstance.py:2306} INFO - Starting attempt 3 of 2
[2024-10-26T09:41:45.633+0000] {taskinstance.py:2330} INFO - Executing <Task(PythonOperator): stream_crypto_prices_on_change> on 2024-10-25 15:37:40.267824+00:00
[2024-10-26T09:41:45.903+0000] {standard_task_runner.py:90} INFO - Running: ['***', 'tasks', 'run', 'crypto_price_automation', 'stream_crypto_prices_on_change', 'manual__2024-10-25T15:37:40.267824+00:00', '--job-id', '183', '--raw', '--subdir', 'DAGS_FOLDER/kafka_stream.py', '--cfg-path', '/tmp/tmp_4b0nw8p']
[2024-10-26T09:41:45.941+0000] {standard_task_runner.py:91} INFO - Job 183: Subtask stream_crypto_prices_on_change
[2024-10-26T09:41:46.053+0000] {logging_mixin.py:188} WARNING - /home/***/.local/lib/python3.12/site-packages/***/task/task_runner/standard_task_runner.py:62 DeprecationWarning: This process (pid=252) is multi-threaded, use of fork() may lead to deadlocks in the child.
[2024-10-26T09:41:46.086+0000] {standard_task_runner.py:64} INFO - Started process 254 to run task
[2024-10-26T09:41:47.000+0000] {task_command.py:426} INFO - Running <TaskInstance: crypto_price_automation.stream_crypto_prices_on_change manual__2024-10-25T15:37:40.267824+00:00 [running]> on host 99d2c9a4153a
[2024-10-26T09:41:48.252+0000] {taskinstance.py:2648} INFO - Exporting env vars: AIRFLOW_CTX_DAG_OWNER='admin' AIRFLOW_CTX_DAG_ID='crypto_price_automation' AIRFLOW_CTX_TASK_ID='stream_crypto_prices_on_change' AIRFLOW_CTX_EXECUTION_DATE='2024-10-25T15:37:40.267824+00:00' AIRFLOW_CTX_TRY_NUMBER='3' AIRFLOW_CTX_DAG_RUN_ID='manual__2024-10-25T15:37:40.267824+00:00'
[2024-10-26T09:41:48.259+0000] {taskinstance.py:430} INFO - ::endgroup::
[2024-10-26T09:41:48.564+0000] {conn.py:362} INFO - <BrokerConnection node_id=bootstrap-0 host=kafka:9093 <connecting> [IPv4 ('172.21.0.10', 9093)]>: connecting to kafka:9093 [('172.21.0.10', 9093) IPv4]
[2024-10-26T09:41:48.594+0000] {conn.py:957} INFO - Probing node bootstrap-0 broker version
[2024-10-26T09:41:48.604+0000] {conn.py:393} INFO - <BrokerConnection node_id=bootstrap-0 host=kafka:9093 <connecting> [IPv4 ('172.21.0.10', 9093)]>: Connection complete.
[2024-10-26T09:41:49.625+0000] {conn.py:1019} INFO - Broker version identified as 2.6.0
[2024-10-26T09:41:49.628+0000] {conn.py:1020} INFO - Set configuration api_version=(2, 6, 0) to skip auto check_version requests on startup
[2024-10-26T09:42:10.919+0000] {kafka_stream.py:75} INFO - Data sent to Kafka: {'symbol': 'BTCUSDT', 'date': '2024-10-26', 'open': 66698.32, 'high': 67264.34, 'low': 66439.9, 'close': 67142.04, 'volume': 5799.80379} on topic 'crypto_prices'
[2024-10-26T09:42:10.932+0000] {kafka_stream.py:75} INFO - Data sent to Kafka: {'symbol': 'ETHUSDT', 'date': '2024-10-26', 'open': 2440.63, 'high': 2479.7, 'low': 2430.12, 'close': 2472.65, 'volume': 112724.9252} on topic 'crypto_prices'
[2024-10-26T09:42:10.939+0000] {kafka_stream.py:75} INFO - Data sent to Kafka: {'symbol': 'BNBUSDT', 'date': '2024-10-26', 'open': 575.3, 'high': 584.4, 'low': 571.6, 'close': 583.1, 'volume': 68771.853} on topic 'crypto_prices'
[2024-10-26T09:42:10.952+0000] {kafka_stream.py:75} INFO - Data sent to Kafka: {'symbol': 'LTCUSDT', 'date': '2024-10-26', 'open': 68.83, 'high': 69.72, 'low': 68.3, 'close': 69.01, 'volume': 127217.423} on topic 'crypto_prices'
[2024-10-26T09:42:10.960+0000] {kafka_stream.py:75} INFO - Data sent to Kafka: {'symbol': 'XRPUSDT', 'date': '2024-10-26', 'open': 0.5022, 'high': 0.5154, 'low': 0.4989, 'close': 0.5141, 'volume': 72522326.0} on topic 'crypto_prices'
[2024-10-26T09:42:10.980+0000] {kafka_stream.py:75} INFO - Data sent to Kafka: {'symbol': 'DOGEUSDT', 'date': '2024-10-26', 'open': 0.13161, 'high': 0.13525, 'low': 0.13071, 'close': 0.13484, 'volume': 350833273.0} on topic 'crypto_prices'
[2024-10-26T09:42:10.987+0000] {conn.py:362} INFO - <BrokerConnection node_id=1002 host=kafka:9093 <connecting> [IPv4 ('172.21.0.10', 9093)]>: connecting to kafka:9093 [('172.21.0.10', 9093) IPv4]
[2024-10-26T09:42:10.993+0000] {conn.py:393} INFO - <BrokerConnection node_id=1002 host=kafka:9093 <connecting> [IPv4 ('172.21.0.10', 9093)]>: Connection complete.
[2024-10-26T09:42:10.995+0000] {conn.py:673} INFO - <BrokerConnection node_id=bootstrap-0 host=kafka:9093 <connected> [IPv4 ('172.21.0.10', 9093)]>: Closing connection. 
[2024-10-26T09:42:10.989+0000] {kafka_stream.py:75} INFO - Data sent to Kafka: {'symbol': 'ADAUSDT', 'date': '2024-10-26', 'open': 0.326, 'high': 0.3338, 'low': 0.3206, 'close': 0.3307, 'volume': 44400744.5} on topic 'crypto_prices'
[2024-10-26T09:42:11.032+0000] {kafka_stream.py:75} INFO - Data sent to Kafka: {'symbol': 'SOLUSDT', 'date': '2024-10-26', 'open': 164.91, 'high': 169.56, 'low': 162.43, 'close': 168.95, 'volume': 1553438.663} on topic 'crypto_prices'
[2024-10-26T09:42:11.037+0000] {kafka_stream.py:75} INFO - Data sent to Kafka: {'symbol': 'DOTUSDT', 'date': '2024-10-26', 'open': 3.996, 'high': 4.061, 'low': 3.943, 'close': 4.041, 'volume': 1434521.13} on topic 'crypto_prices'
[2024-10-26T09:42:11.054+0000] {kafka_stream.py:75} INFO - Data sent to Kafka: {'symbol': 'MATICUSDT', 'date': '2024-10-26', 'open': 0.3821, 'high': 0.3826, 'low': 0.3774, 'close': 0.3794, 'volume': 4452579.6} on topic 'crypto_prices'
[2024-10-26T09:42:11.063+0000] {kafka_stream.py:75} INFO - Data sent to Kafka: {'symbol': 'AVAXUSDT', 'date': '2024-10-26', 'open': 24.94, 'high': 25.67, 'low': 24.56, 'close': 25.58, 'volume': 617257.63} on topic 'crypto_prices'
[2024-10-26T09:42:11.068+0000] {kafka_stream.py:75} INFO - Data sent to Kafka: {'symbol': 'SHIBUSDT', 'date': '2024-10-26', 'open': 1.656e-05, 'high': 1.701e-05, 'low': 1.637e-05, 'close': 1.693e-05, 'volume': 968502762656.0} on topic 'crypto_prices'
[2024-10-26T09:42:11.069+0000] {kafka_stream.py:75} INFO - Data sent to Kafka: {'symbol': 'ATOMUSDT', 'date': '2024-10-26', 'open': 4.414, 'high': 4.512, 'low': 4.341, 'close': 4.446, 'volume': 738788.71} on topic 'crypto_prices'
[2024-10-26T09:42:11.070+0000] {kafka_stream.py:75} INFO - Data sent to Kafka: {'symbol': 'LINKUSDT', 'date': '2024-10-26', 'open': 11.14, 'high': 11.4, 'low': 10.96, 'close': 11.18, 'volume': 1260753.02} on topic 'crypto_prices'
[2024-10-26T09:42:11.072+0000] {kafka_stream.py:75} INFO - Data sent to Kafka: {'symbol': 'TRXUSDT', 'date': '2024-10-26', 'open': 0.1625, 'high': 0.1649, 'low': 0.1624, 'close': 0.1649, 'volume': 97176062.1} on topic 'crypto_prices'
[2024-10-26T09:42:11.075+0000] {kafka_stream.py:75} INFO - Data sent to Kafka: {'symbol': 'UNIUSDT', 'date': '2024-10-26', 'open': 7.432, 'high': 7.782, 'low': 7.316, 'close': 7.61, 'volume': 2530764.47} on topic 'crypto_prices'
[2024-10-26T09:42:11.083+0000] {kafka_stream.py:75} INFO - Data sent to Kafka: {'symbol': 'XLMUSDT', 'date': '2024-10-26', 'open': 0.0934, 'high': 0.095, 'low': 0.0928, 'close': 0.0941, 'volume': 27891403.0} on topic 'crypto_prices'
[2024-10-26T09:42:11.093+0000] {kafka_stream.py:75} INFO - Data sent to Kafka: {'symbol': 'FTMUSDT', 'date': '2024-10-26', 'open': 0.6202, 'high': 0.6444, 'low': 0.6086, 'close': 0.6397, 'volume': 27362009.0} on topic 'crypto_prices'
[2024-10-26T09:42:11.096+0000] {kafka_stream.py:75} INFO - Data sent to Kafka: {'symbol': 'NEARUSDT', 'date': '2024-10-26', 'open': 4.172, 'high': 4.252, 'low': 4.099, 'close': 4.237, 'volume': 5100826.7} on topic 'crypto_prices'
[2024-10-26T09:42:11.101+0000] {kafka_stream.py:75} INFO - Data sent to Kafka: {'symbol': 'ICPUSDT', 'date': '2024-10-26', 'open': 7.705, 'high': 7.846, 'low': 7.617, 'close': 7.753, 'volume': 620822.74} on topic 'crypto_prices'
[2024-10-26T09:42:11.108+0000] {kafka_stream.py:75} INFO - Data sent to Kafka: {'symbol': 'FILUSDT', 'date': '2024-10-26', 'open': 3.441, 'high': 3.49, 'low': 3.388, 'close': 3.461, 'volume': 2333954.68} on topic 'crypto_prices'
[2024-10-26T09:42:11.111+0000] {kafka_stream.py:75} INFO - Data sent to Kafka: {'symbol': 'ALGOUSDT', 'date': '2024-10-26', 'open': 0.1144, 'high': 0.1155, 'low': 0.1123, 'close': 0.1148, 'volume': 20668699.0} on topic 'crypto_prices'
[2024-10-26T09:42:11.114+0000] {kafka_stream.py:75} INFO - Data sent to Kafka: {'symbol': 'HBARUSDT', 'date': '2024-10-26', 'open': 0.0477, 'high': 0.0485, 'low': 0.047, 'close': 0.0482, 'volume': 66058675.0} on topic 'crypto_prices'
[2024-10-26T09:42:11.119+0000] {kafka_stream.py:75} INFO - Data sent to Kafka: {'symbol': 'SANDUSDT', 'date': '2024-10-26', 'open': 0.2433, 'high': 0.2485, 'low': 0.2385, 'close': 0.2473, 'volume': 10787932.0} on topic 'crypto_prices'
[2024-10-26T09:42:11.137+0000] {kafka_stream.py:75} INFO - Data sent to Kafka: {'symbol': 'MANAUSDT', 'date': '2024-10-26', 'open': 0.2846, 'high': 0.2904, 'low': 0.279, 'close': 0.2885, 'volume': 3993025.0} on topic 'crypto_prices'
[2024-10-26T09:42:11.144+0000] {kafka_stream.py:75} INFO - Data sent to Kafka: {'symbol': 'VETUSDT', 'date': '2024-10-26', 'open': 0.02157, 'high': 0.02176, 'low': 0.02117, 'close': 0.02165, 'volume': 76018621.2} on topic 'crypto_prices'
[2024-10-26T09:42:11.150+0000] {kafka_stream.py:75} INFO - Data sent to Kafka: {'symbol': 'XTZUSDT', 'date': '2024-10-26', 'open': 0.626, 'high': 0.639, 'low': 0.62, 'close': 0.634, 'volume': 999008.7} on topic 'crypto_prices'
[2024-10-26T09:42:11.154+0000] {kafka_stream.py:75} INFO - Data sent to Kafka: {'symbol': 'THETAUSDT', 'date': '2024-10-26', 'open': 1.139, 'high': 1.158, 'low': 1.11, 'close': 1.146, 'volume': 1749575.5} on topic 'crypto_prices'
[2024-10-26T09:42:11.158+0000] {kafka_stream.py:75} INFO - Data sent to Kafka: {'symbol': 'AXSUSDT', 'date': '2024-10-26', 'open': 4.639, 'high': 4.7, 'low': 4.534, 'close': 4.662, 'volume': 347890.14} on topic 'crypto_prices'
[2024-10-26T09:42:11.181+0000] {kafka_stream.py:75} INFO - Data sent to Kafka: {'symbol': 'FTTUSDT', 'date': '2024-10-26', 'open': 1.6898, 'high': 1.7766, 'low': 1.6632, 'close': 1.7301, 'volume': 1464782.25} on topic 'crypto_prices'
[2024-10-26T09:42:33.878+0000] {kafka_stream.py:75} INFO - Data sent to Kafka: {'symbol': 'BTCUSDT', 'date': '2024-10-26', 'open': 66698.32, 'high': 67264.34, 'low': 66439.9, 'close': 67150.77, 'volume': 5801.20021} on topic 'crypto_prices'
[2024-10-26T09:42:33.880+0000] {kafka_stream.py:75} INFO - Data sent to Kafka: {'symbol': 'ETHUSDT', 'date': '2024-10-26', 'open': 2440.63, 'high': 2479.7, 'low': 2430.12, 'close': 2473.01, 'volume': 112893.6587} on topic 'crypto_prices'
[2024-10-26T09:42:33.883+0000] {kafka_stream.py:75} INFO - Data sent to Kafka: {'symbol': 'LTCUSDT', 'date': '2024-10-26', 'open': 68.83, 'high': 69.72, 'low': 68.3, 'close': 69.02, 'volume': 127239.608} on topic 'crypto_prices'
[2024-10-26T09:42:33.884+0000] {kafka_stream.py:75} INFO - Data sent to Kafka: {'symbol': 'DOGEUSDT', 'date': '2024-10-26', 'open': 0.13161, 'high': 0.13525, 'low': 0.13071, 'close': 0.1349, 'volume': 350953494.0} on topic 'crypto_prices'
[2024-10-26T09:42:33.887+0000] {kafka_stream.py:75} INFO - Data sent to Kafka: {'symbol': 'ADAUSDT', 'date': '2024-10-26', 'open': 0.326, 'high': 0.3338, 'low': 0.3206, 'close': 0.3309, 'volume': 44412968.2} on topic 'crypto_prices'
[2024-10-26T09:42:33.890+0000] {kafka_stream.py:75} INFO - Data sent to Kafka: {'symbol': 'SOLUSDT', 'date': '2024-10-26', 'open': 164.91, 'high': 169.56, 'low': 162.43, 'close': 169.06, 'volume': 1553962.49} on topic 'crypto_prices'
[2024-10-26T09:42:33.893+0000] {kafka_stream.py:75} INFO - Data sent to Kafka: {'symbol': 'DOTUSDT', 'date': '2024-10-26', 'open': 3.996, 'high': 4.061, 'low': 3.943, 'close': 4.042, 'volume': 1435897.87} on topic 'crypto_prices'
[2024-10-26T09:42:33.895+0000] {kafka_stream.py:75} INFO - Data sent to Kafka: {'symbol': 'AVAXUSDT', 'date': '2024-10-26', 'open': 24.94, 'high': 25.67, 'low': 24.56, 'close': 25.59, 'volume': 617368.37} on topic 'crypto_prices'
[2024-10-26T09:42:33.897+0000] {kafka_stream.py:75} INFO - Data sent to Kafka: {'symbol': 'SHIBUSDT', 'date': '2024-10-26', 'open': 1.656e-05, 'high': 1.701e-05, 'low': 1.637e-05, 'close': 1.694e-05, 'volume': 968598899564.0} on topic 'crypto_prices'
[2024-10-26T09:42:33.898+0000] {kafka_stream.py:75} INFO - Data sent to Kafka: {'symbol': 'ATOMUSDT', 'date': '2024-10-26', 'open': 4.414, 'high': 4.512, 'low': 4.341, 'close': 4.447, 'volume': 738797.62} on topic 'crypto_prices'
[2024-10-26T09:42:33.899+0000] {kafka_stream.py:75} INFO - Data sent to Kafka: {'symbol': 'UNIUSDT', 'date': '2024-10-26', 'open': 7.432, 'high': 7.782, 'low': 7.316, 'close': 7.615, 'volume': 2530783.26} on topic 'crypto_prices'
[2024-10-26T09:42:33.902+0000] {kafka_stream.py:75} INFO - Data sent to Kafka: {'symbol': 'FTMUSDT', 'date': '2024-10-26', 'open': 0.6202, 'high': 0.6444, 'low': 0.6086, 'close': 0.6404, 'volume': 27364823.0} on topic 'crypto_prices'
[2024-10-26T09:42:33.904+0000] {kafka_stream.py:75} INFO - Data sent to Kafka: {'symbol': 'NEARUSDT', 'date': '2024-10-26', 'open': 4.172, 'high': 4.252, 'low': 4.099, 'close': 4.239, 'volume': 5101620.9} on topic 'crypto_prices'
[2024-10-26T09:42:33.906+0000] {kafka_stream.py:75} INFO - Data sent to Kafka: {'symbol': 'ICPUSDT', 'date': '2024-10-26', 'open': 7.705, 'high': 7.846, 'low': 7.617, 'close': 7.757, 'volume': 621187.78} on topic 'crypto_prices'
[2024-10-26T09:42:33.907+0000] {kafka_stream.py:75} INFO - Data sent to Kafka: {'symbol': 'FILUSDT', 'date': '2024-10-26', 'open': 3.441, 'high': 3.49, 'low': 3.388, 'close': 3.463, 'volume': 2334387.89} on topic 'crypto_prices'
[2024-10-26T09:42:33.909+0000] {kafka_stream.py:75} INFO - Data sent to Kafka: {'symbol': 'HBARUSDT', 'date': '2024-10-26', 'open': 0.0477, 'high': 0.0485, 'low': 0.047, 'close': 0.0483, 'volume': 66058994.0} on topic 'crypto_prices'
[2024-10-26T09:42:33.911+0000] {kafka_stream.py:75} INFO - Data sent to Kafka: {'symbol': 'SANDUSDT', 'date': '2024-10-26', 'open': 0.2433, 'high': 0.2485, 'low': 0.2385, 'close': 0.2474, 'volume': 10788069.0} on topic 'crypto_prices'
[2024-10-26T09:42:33.912+0000] {kafka_stream.py:75} INFO - Data sent to Kafka: {'symbol': 'AXSUSDT', 'date': '2024-10-26', 'open': 4.639, 'high': 4.7, 'low': 4.534, 'close': 4.664, 'volume': 347893.64} on topic 'crypto_prices'
[2024-10-26T09:42:33.914+0000] {kafka_stream.py:75} INFO - Data sent to Kafka: {'symbol': 'FTTUSDT', 'date': '2024-10-26', 'open': 1.6898, 'high': 1.7766, 'low': 1.6632, 'close': 1.7312, 'volume': 1464831.52} on topic 'crypto_prices'
[2024-10-26T09:42:41.016+0000] {record_accumulator.py:71} WARNING - Produced messages to topic-partition ('crypto_prices', 0) with base offset -1 log start offset None and error None.
[2024-10-26T09:42:41.017+0000] {record_accumulator.py:330} WARNING - Expired 1 batches in accumulator
[2024-10-26T09:43:00.508+0000] {kafka_stream.py:75} INFO - Data sent to Kafka: {'symbol': 'BTCUSDT', 'date': '2024-10-26', 'open': 66698.32, 'high': 67264.34, 'low': 66439.9, 'close': 67157.33, 'volume': 5802.35544} on topic 'crypto_prices'
[2024-10-26T09:43:00.544+0000] {kafka_stream.py:75} INFO - Data sent to Kafka: {'symbol': 'ETHUSDT', 'date': '2024-10-26', 'open': 2440.63, 'high': 2479.7, 'low': 2430.12, 'close': 2473.42, 'volume': 112974.5221} on topic 'crypto_prices'
[2024-10-26T09:43:00.594+0000] {kafka_stream.py:75} INFO - Data sent to Kafka: {'symbol': 'BNBUSDT', 'date': '2024-10-26', 'open': 575.3, 'high': 584.4, 'low': 571.6, 'close': 583.2, 'volume': 68775.511} on topic 'crypto_prices'
[2024-10-26T09:43:00.623+0000] {kafka_stream.py:75} INFO - Data sent to Kafka: {'symbol': 'SOLUSDT', 'date': '2024-10-26', 'open': 164.91, 'high': 169.56, 'low': 162.43, 'close': 169.05, 'volume': 1554224.333} on topic 'crypto_prices'
[2024-10-26T09:43:00.653+0000] {kafka_stream.py:75} INFO - Data sent to Kafka: {'symbol': 'SHIBUSDT', 'date': '2024-10-26', 'open': 1.656e-05, 'high': 1.701e-05, 'low': 1.637e-05, 'close': 1.693e-05, 'volume': 968617192655.0} on topic 'crypto_prices'
[2024-10-26T09:43:00.669+0000] {kafka_stream.py:75} INFO - Data sent to Kafka: {'symbol': 'ATOMUSDT', 'date': '2024-10-26', 'open': 4.414, 'high': 4.512, 'low': 4.341, 'close': 4.449, 'volume': 738841.65} on topic 'crypto_prices'
[2024-10-26T09:43:00.707+0000] {kafka_stream.py:75} INFO - Data sent to Kafka: {'symbol': 'LINKUSDT', 'date': '2024-10-26', 'open': 11.14, 'high': 11.4, 'low': 10.96, 'close': 11.17, 'volume': 1262461.41} on topic 'crypto_prices'
[2024-10-26T09:43:00.719+0000] {kafka_stream.py:75} INFO - Data sent to Kafka: {'symbol': 'UNIUSDT', 'date': '2024-10-26', 'open': 7.432, 'high': 7.782, 'low': 7.316, 'close': 7.618, 'volume': 2530816.06} on topic 'crypto_prices'
[2024-10-26T09:43:00.734+0000] {kafka_stream.py:75} INFO - Data sent to Kafka: {'symbol': 'FTMUSDT', 'date': '2024-10-26', 'open': 0.6202, 'high': 0.6444, 'low': 0.6086, 'close': 0.6412, 'volume': 27366984.0} on topic 'crypto_prices'
[2024-10-26T09:43:00.815+0000] {kafka_stream.py:75} INFO - Data sent to Kafka: {'symbol': 'NEARUSDT', 'date': '2024-10-26', 'open': 4.172, 'high': 4.252, 'low': 4.099, 'close': 4.237, 'volume': 5102253.4} on topic 'crypto_prices'
[2024-10-26T09:43:00.849+0000] {kafka_stream.py:75} INFO - Data sent to Kafka: {'symbol': 'ICPUSDT', 'date': '2024-10-26', 'open': 7.705, 'high': 7.846, 'low': 7.617, 'close': 7.755, 'volume': 621577.29} on topic 'crypto_prices'
[2024-10-26T09:43:00.864+0000] {kafka_stream.py:75} INFO - Data sent to Kafka: {'symbol': 'FILUSDT', 'date': '2024-10-26', 'open': 3.441, 'high': 3.49, 'low': 3.388, 'close': 3.462, 'volume': 2334393.62} on topic 'crypto_prices'
[2024-10-26T09:43:00.874+0000] {kafka_stream.py:75} INFO - Data sent to Kafka: {'symbol': 'ALGOUSDT', 'date': '2024-10-26', 'open': 0.1144, 'high': 0.1155, 'low': 0.1123, 'close': 0.1149, 'volume': 20712209.0} on topic 'crypto_prices'
[2024-10-26T09:43:00.887+0000] {kafka_stream.py:75} INFO - Data sent to Kafka: {'symbol': 'HBARUSDT', 'date': '2024-10-26', 'open': 0.0477, 'high': 0.0485, 'low': 0.047, 'close': 0.0482, 'volume': 66060483.0} on topic 'crypto_prices'
[2024-10-26T09:43:00.890+0000] {kafka_stream.py:75} INFO - Data sent to Kafka: {'symbol': 'AXSUSDT', 'date': '2024-10-26', 'open': 4.639, 'high': 4.7, 'low': 4.534, 'close': 4.668, 'volume': 348028.81} on topic 'crypto_prices'
[2024-10-26T09:43:00.892+0000] {kafka_stream.py:75} INFO - Data sent to Kafka: {'symbol': 'FTTUSDT', 'date': '2024-10-26', 'open': 1.6898, 'high': 1.7766, 'low': 1.6632, 'close': 1.7321, 'volume': 1465883.01} on topic 'crypto_prices'
[2024-10-26T09:43:30.539+0000] {record_accumulator.py:71} WARNING - Produced messages to topic-partition ('crypto_prices', 0) with base offset -1 log start offset None and error None.
[2024-10-26T09:43:30.543+0000] {record_accumulator.py:330} WARNING - Expired 1 batches in accumulator
[2024-10-26T09:43:35.630+0000] {kafka_stream.py:75} INFO - Data sent to Kafka: {'symbol': 'BTCUSDT', 'date': '2024-10-26', 'open': 66698.32, 'high': 67264.34, 'low': 66439.9, 'close': 67158.0, 'volume': 5803.02772} on topic 'crypto_prices'
[2024-10-26T09:43:35.638+0000] {kafka_stream.py:75} INFO - Data sent to Kafka: {'symbol': 'ETHUSDT', 'date': '2024-10-26', 'open': 2440.63, 'high': 2479.7, 'low': 2430.12, 'close': 2473.18, 'volume': 113027.4639} on topic 'crypto_prices'
[2024-10-26T09:43:35.640+0000] {kafka_stream.py:75} INFO - Data sent to Kafka: {'symbol': 'BNBUSDT', 'date': '2024-10-26', 'open': 575.3, 'high': 584.4, 'low': 571.6, 'close': 583.1, 'volume': 68787.337} on topic 'crypto_prices'
[2024-10-26T09:43:35.641+0000] {kafka_stream.py:75} INFO - Data sent to Kafka: {'symbol': 'LTCUSDT', 'date': '2024-10-26', 'open': 68.83, 'high': 69.72, 'low': 68.3, 'close': 69.01, 'volume': 127260.569} on topic 'crypto_prices'
[2024-10-26T09:43:35.648+0000] {kafka_stream.py:75} INFO - Data sent to Kafka: {'symbol': 'DOGEUSDT', 'date': '2024-10-26', 'open': 0.13161, 'high': 0.13525, 'low': 0.13071, 'close': 0.13484, 'volume': 350993152.0} on topic 'crypto_prices'
[2024-10-26T09:43:35.651+0000] {kafka_stream.py:75} INFO - Data sent to Kafka: {'symbol': 'ADAUSDT', 'date': '2024-10-26', 'open': 0.326, 'high': 0.3338, 'low': 0.3206, 'close': 0.3308, 'volume': 44442133.4} on topic 'crypto_prices'
[2024-10-26T09:43:35.658+0000] {kafka_stream.py:75} INFO - Data sent to Kafka: {'symbol': 'SOLUSDT', 'date': '2024-10-26', 'open': 164.91, 'high': 169.56, 'low': 162.43, 'close': 168.95, 'volume': 1554570.692} on topic 'crypto_prices'
[2024-10-26T09:43:35.662+0000] {kafka_stream.py:75} INFO - Data sent to Kafka: {'symbol': 'DOTUSDT', 'date': '2024-10-26', 'open': 3.996, 'high': 4.061, 'low': 3.943, 'close': 4.041, 'volume': 1435961.55} on topic 'crypto_prices'
[2024-10-26T09:43:35.663+0000] {kafka_stream.py:75} INFO - Data sent to Kafka: {'symbol': 'ATOMUSDT', 'date': '2024-10-26', 'open': 4.414, 'high': 4.512, 'low': 4.341, 'close': 4.447, 'volume': 738871.83} on topic 'crypto_prices'
[2024-10-26T09:43:35.667+0000] {kafka_stream.py:75} INFO - Data sent to Kafka: {'symbol': 'LINKUSDT', 'date': '2024-10-26', 'open': 11.14, 'high': 11.4, 'low': 10.96, 'close': 11.18, 'volume': 1262692.07} on topic 'crypto_prices'
[2024-10-26T09:43:35.708+0000] {kafka_stream.py:75} INFO - Data sent to Kafka: {'symbol': 'UNIUSDT', 'date': '2024-10-26', 'open': 7.432, 'high': 7.782, 'low': 7.316, 'close': 7.616, 'volume': 2531138.87} on topic 'crypto_prices'
[2024-10-26T09:43:35.710+0000] {kafka_stream.py:75} INFO - Data sent to Kafka: {'symbol': 'XLMUSDT', 'date': '2024-10-26', 'open': 0.0934, 'high': 0.095, 'low': 0.0928, 'close': 0.0942, 'volume': 27893528.0} on topic 'crypto_prices'
[2024-10-26T09:43:35.716+0000] {kafka_stream.py:75} INFO - Data sent to Kafka: {'symbol': 'FTMUSDT', 'date': '2024-10-26', 'open': 0.6202, 'high': 0.6444, 'low': 0.6086, 'close': 0.6421, 'volume': 27776590.0} on topic 'crypto_prices'
[2024-10-26T09:43:35.721+0000] {kafka_stream.py:75} INFO - Data sent to Kafka: {'symbol': 'NEARUSDT', 'date': '2024-10-26', 'open': 4.172, 'high': 4.252, 'low': 4.099, 'close': 4.238, 'volume': 5103491.3} on topic 'crypto_prices'
[2024-10-26T09:43:35.740+0000] {kafka_stream.py:75} INFO - Data sent to Kafka: {'symbol': 'ICPUSDT', 'date': '2024-10-26', 'open': 7.705, 'high': 7.846, 'low': 7.617, 'close': 7.756, 'volume': 622235.27} on topic 'crypto_prices'
[2024-10-26T09:43:35.743+0000] {kafka_stream.py:75} INFO - Data sent to Kafka: {'symbol': 'FILUSDT', 'date': '2024-10-26', 'open': 3.441, 'high': 3.49, 'low': 3.388, 'close': 3.463, 'volume': 2336036.99} on topic 'crypto_prices'
[2024-10-26T09:43:35.745+0000] {kafka_stream.py:75} INFO - Data sent to Kafka: {'symbol': 'HBARUSDT', 'date': '2024-10-26', 'open': 0.0477, 'high': 0.0485, 'low': 0.047, 'close': 0.0483, 'volume': 66063067.0} on topic 'crypto_prices'
[2024-10-26T09:43:35.746+0000] {kafka_stream.py:75} INFO - Data sent to Kafka: {'symbol': 'SANDUSDT', 'date': '2024-10-26', 'open': 0.2433, 'high': 0.2485, 'low': 0.2385, 'close': 0.2473, 'volume': 10788694.0} on topic 'crypto_prices'
[2024-10-26T09:43:35.748+0000] {kafka_stream.py:75} INFO - Data sent to Kafka: {'symbol': 'MANAUSDT', 'date': '2024-10-26', 'open': 0.2846, 'high': 0.2904, 'low': 0.279, 'close': 0.2886, 'volume': 3993046.0} on topic 'crypto_prices'
[2024-10-26T09:43:35.752+0000] {kafka_stream.py:75} INFO - Data sent to Kafka: {'symbol': 'AXSUSDT', 'date': '2024-10-26', 'open': 4.639, 'high': 4.7, 'low': 4.534, 'close': 4.669, 'volume': 348882.35} on topic 'crypto_prices'
[2024-10-26T09:43:35.754+0000] {kafka_stream.py:75} INFO - Data sent to Kafka: {'symbol': 'FTTUSDT', 'date': '2024-10-26', 'open': 1.6898, 'high': 1.7766, 'low': 1.6632, 'close': 1.7287, 'volume': 1467813.91} on topic 'crypto_prices'
[2024-10-26T09:44:05.745+0000] {record_accumulator.py:71} WARNING - Produced messages to topic-partition ('crypto_prices', 0) with base offset -1 log start offset None and error None.
[2024-10-26T09:44:05.747+0000] {record_accumulator.py:330} WARNING - Expired 1 batches in accumulator
[2024-10-26T09:44:06.028+0000] {kafka_stream.py:75} INFO - Data sent to Kafka: {'symbol': 'BTCUSDT', 'date': '2024-10-26', 'open': 66698.32, 'high': 67264.34, 'low': 66439.9, 'close': 67157.63, 'volume': 5809.55138} on topic 'crypto_prices'
[2024-10-26T09:44:06.031+0000] {kafka_stream.py:75} INFO - Data sent to Kafka: {'symbol': 'ETHUSDT', 'date': '2024-10-26', 'open': 2440.63, 'high': 2479.7, 'low': 2430.12, 'close': 2470.91, 'volume': 113670.6732} on topic 'crypto_prices'
[2024-10-26T09:44:06.036+0000] {kafka_stream.py:75} INFO - Data sent to Kafka: {'symbol': 'LTCUSDT', 'date': '2024-10-26', 'open': 68.83, 'high': 69.72, 'low': 68.3, 'close': 69.0, 'volume': 127460.932} on topic 'crypto_prices'
[2024-10-26T09:44:06.041+0000] {kafka_stream.py:75} INFO - Data sent to Kafka: {'symbol': 'XRPUSDT', 'date': '2024-10-26', 'open': 0.5022, 'high': 0.5154, 'low': 0.4989, 'close': 0.514, 'volume': 72695818.0} on topic 'crypto_prices'
[2024-10-26T09:44:06.043+0000] {kafka_stream.py:75} INFO - Data sent to Kafka: {'symbol': 'ADAUSDT', 'date': '2024-10-26', 'open': 0.326, 'high': 0.3338, 'low': 0.3206, 'close': 0.3309, 'volume': 44464162.5} on topic 'crypto_prices'
[2024-10-26T09:44:06.047+0000] {kafka_stream.py:75} INFO - Data sent to Kafka: {'symbol': 'SOLUSDT', 'date': '2024-10-26', 'open': 164.91, 'high': 169.56, 'low': 162.43, 'close': 168.9, 'volume': 1555934.24} on topic 'crypto_prices'
[2024-10-26T09:44:06.051+0000] {kafka_stream.py:75} INFO - Data sent to Kafka: {'symbol': 'DOTUSDT', 'date': '2024-10-26', 'open': 3.996, 'high': 4.061, 'low': 3.943, 'close': 4.042, 'volume': 1436089.02} on topic 'crypto_prices'
[2024-10-26T09:44:06.054+0000] {kafka_stream.py:75} INFO - Data sent to Kafka: {'symbol': 'SHIBUSDT', 'date': '2024-10-26', 'open': 1.656e-05, 'high': 1.701e-05, 'low': 1.637e-05, 'close': 1.694e-05, 'volume': 969444398102.0} on topic 'crypto_prices'
[2024-10-26T09:44:06.056+0000] {kafka_stream.py:75} INFO - Data sent to Kafka: {'symbol': 'ATOMUSDT', 'date': '2024-10-26', 'open': 4.414, 'high': 4.512, 'low': 4.341, 'close': 4.444, 'volume': 739414.48} on topic 'crypto_prices'
[2024-10-26T09:44:06.058+0000] {kafka_stream.py:75} INFO - Data sent to Kafka: {'symbol': 'UNIUSDT', 'date': '2024-10-26', 'open': 7.432, 'high': 7.782, 'low': 7.316, 'close': 7.618, 'volume': 2533285.57} on topic 'crypto_prices'
[2024-10-26T09:44:06.059+0000] {kafka_stream.py:75} INFO - Data sent to Kafka: {'symbol': 'FTMUSDT', 'date': '2024-10-26', 'open': 0.6202, 'high': 0.6444, 'low': 0.6086, 'close': 0.6416, 'volume': 28764690.0} on topic 'crypto_prices'
[2024-10-26T09:44:06.061+0000] {kafka_stream.py:75} INFO - Data sent to Kafka: {'symbol': 'ICPUSDT', 'date': '2024-10-26', 'open': 7.705, 'high': 7.846, 'low': 7.617, 'close': 7.755, 'volume': 622506.89} on topic 'crypto_prices'
[2024-10-26T09:44:06.062+0000] {kafka_stream.py:75} INFO - Data sent to Kafka: {'symbol': 'FILUSDT', 'date': '2024-10-26', 'open': 3.441, 'high': 3.49, 'low': 3.388, 'close': 3.461, 'volume': 2337744.74} on topic 'crypto_prices'
[2024-10-26T09:44:06.064+0000] {kafka_stream.py:75} INFO - Data sent to Kafka: {'symbol': 'ALGOUSDT', 'date': '2024-10-26', 'open': 0.1144, 'high': 0.1155, 'low': 0.1123, 'close': 0.1147, 'volume': 20804641.0} on topic 'crypto_prices'
[2024-10-26T09:44:06.067+0000] {kafka_stream.py:75} INFO - Data sent to Kafka: {'symbol': 'HBARUSDT', 'date': '2024-10-26', 'open': 0.0477, 'high': 0.0485, 'low': 0.047, 'close': 0.0482, 'volume': 66111255.0} on topic 'crypto_prices'
[2024-10-26T09:44:06.079+0000] {kafka_stream.py:75} INFO - Data sent to Kafka: {'symbol': 'SANDUSDT', 'date': '2024-10-26', 'open': 0.2433, 'high': 0.2485, 'low': 0.2385, 'close': 0.2471, 'volume': 10791001.0} on topic 'crypto_prices'
[2024-10-26T09:44:06.082+0000] {kafka_stream.py:75} INFO - Data sent to Kafka: {'symbol': 'MANAUSDT', 'date': '2024-10-26', 'open': 0.2846, 'high': 0.2904, 'low': 0.279, 'close': 0.2883, 'volume': 3998796.0} on topic 'crypto_prices'
[2024-10-26T09:44:06.085+0000] {kafka_stream.py:75} INFO - Data sent to Kafka: {'symbol': 'VETUSDT', 'date': '2024-10-26', 'open': 0.02157, 'high': 0.02176, 'low': 0.02117, 'close': 0.02163, 'volume': 76317360.7} on topic 'crypto_prices'
[2024-10-26T09:44:06.087+0000] {kafka_stream.py:75} INFO - Data sent to Kafka: {'symbol': 'AXSUSDT', 'date': '2024-10-26', 'open': 4.639, 'high': 4.7, 'low': 4.534, 'close': 4.671, 'volume': 350225.73} on topic 'crypto_prices'
[2024-10-26T09:44:06.088+0000] {kafka_stream.py:75} INFO - Data sent to Kafka: {'symbol': 'FTTUSDT', 'date': '2024-10-26', 'open': 1.6898, 'high': 1.7766, 'low': 1.6632, 'close': 1.729, 'volume': 1469084.83} on topic 'crypto_prices'
[2024-10-26T09:44:31.646+0000] {kafka_stream.py:75} INFO - Data sent to Kafka: {'symbol': 'BTCUSDT', 'date': '2024-10-26', 'open': 66698.32, 'high': 67264.34, 'low': 66439.9, 'close': 67157.64, 'volume': 5810.15722} on topic 'crypto_prices'
[2024-10-26T09:44:31.662+0000] {kafka_stream.py:75} INFO - Data sent to Kafka: {'symbol': 'DOGEUSDT', 'date': '2024-10-26', 'open': 0.13161, 'high': 0.13525, 'low': 0.13071, 'close': 0.1348, 'volume': 351191228.0} on topic 'crypto_prices'
[2024-10-26T09:44:31.672+0000] {kafka_stream.py:75} INFO - Data sent to Kafka: {'symbol': 'ADAUSDT', 'date': '2024-10-26', 'open': 0.326, 'high': 0.3338, 'low': 0.3206, 'close': 0.3308, 'volume': 44468956.0} on topic 'crypto_prices'
[2024-10-26T09:44:31.680+0000] {kafka_stream.py:75} INFO - Data sent to Kafka: {'symbol': 'SOLUSDT', 'date': '2024-10-26', 'open': 164.91, 'high': 169.56, 'low': 162.43, 'close': 168.85, 'volume': 1556152.107} on topic 'crypto_prices'
[2024-10-26T09:44:31.722+0000] {kafka_stream.py:75} INFO - Data sent to Kafka: {'symbol': 'AVAXUSDT', 'date': '2024-10-26', 'open': 24.94, 'high': 25.67, 'low': 24.56, 'close': 25.57, 'volume': 618716.62} on topic 'crypto_prices'
[2024-10-26T09:44:31.727+0000] {kafka_stream.py:75} INFO - Data sent to Kafka: {'symbol': 'SHIBUSDT', 'date': '2024-10-26', 'open': 1.656e-05, 'high': 1.701e-05, 'low': 1.637e-05, 'close': 1.693e-05, 'volume': 969470429567.0} on topic 'crypto_prices'
[2024-10-26T09:44:31.731+0000] {kafka_stream.py:75} INFO - Data sent to Kafka: {'symbol': 'ATOMUSDT', 'date': '2024-10-26', 'open': 4.414, 'high': 4.512, 'low': 4.341, 'close': 4.445, 'volume': 739551.82} on topic 'crypto_prices'
[2024-10-26T09:44:31.738+0000] {kafka_stream.py:75} INFO - Data sent to Kafka: {'symbol': 'LINKUSDT', 'date': '2024-10-26', 'open': 11.14, 'high': 11.4, 'low': 10.96, 'close': 11.16, 'volume': 1262776.98} on topic 'crypto_prices'
[2024-10-26T09:44:31.754+0000] {kafka_stream.py:75} INFO - Data sent to Kafka: {'symbol': 'TRXUSDT', 'date': '2024-10-26', 'open': 0.1625, 'high': 0.1649, 'low': 0.1624, 'close': 0.1648, 'volume': 97336341.4} on topic 'crypto_prices'
[2024-10-26T09:44:31.757+0000] {kafka_stream.py:75} INFO - Data sent to Kafka: {'symbol': 'FTMUSDT', 'date': '2024-10-26', 'open': 0.6202, 'high': 0.6444, 'low': 0.6086, 'close': 0.6407, 'volume': 28868283.0} on topic 'crypto_prices'
[2024-10-26T09:44:31.759+0000] {kafka_stream.py:75} INFO - Data sent to Kafka: {'symbol': 'NEARUSDT', 'date': '2024-10-26', 'open': 4.172, 'high': 4.252, 'low': 4.099, 'close': 4.236, 'volume': 5114929.5} on topic 'crypto_prices'
[2024-10-26T09:44:31.760+0000] {kafka_stream.py:75} INFO - Data sent to Kafka: {'symbol': 'FILUSDT', 'date': '2024-10-26', 'open': 3.441, 'high': 3.49, 'low': 3.388, 'close': 3.459, 'volume': 2337954.15} on topic 'crypto_prices'
[2024-10-26T09:44:31.761+0000] {kafka_stream.py:75} INFO - Data sent to Kafka: {'symbol': 'ALGOUSDT', 'date': '2024-10-26', 'open': 0.1144, 'high': 0.1155, 'low': 0.1123, 'close': 0.1148, 'volume': 20804684.0} on topic 'crypto_prices'
[2024-10-26T09:44:31.764+0000] {kafka_stream.py:75} INFO - Data sent to Kafka: {'symbol': 'HBARUSDT', 'date': '2024-10-26', 'open': 0.0477, 'high': 0.0485, 'low': 0.047, 'close': 0.0483, 'volume': 66112052.0} on topic 'crypto_prices'
[2024-10-26T09:44:31.767+0000] {kafka_stream.py:75} INFO - Data sent to Kafka: {'symbol': 'MANAUSDT', 'date': '2024-10-26', 'open': 0.2846, 'high': 0.2904, 'low': 0.279, 'close': 0.2884, 'volume': 3999302.0} on topic 'crypto_prices'
[2024-10-26T09:44:31.768+0000] {kafka_stream.py:75} INFO - Data sent to Kafka: {'symbol': 'FTTUSDT', 'date': '2024-10-26', 'open': 1.6898, 'high': 1.7766, 'low': 1.6632, 'close': 1.7282, 'volume': 1469141.29} on topic 'crypto_prices'
[2024-10-26T09:44:36.159+0000] {record_accumulator.py:71} WARNING - Produced messages to topic-partition ('crypto_prices', 0) with base offset -1 log start offset None and error None.
[2024-10-26T09:44:36.161+0000] {record_accumulator.py:330} WARNING - Expired 1 batches in accumulator
[2024-10-26T09:44:57.030+0000] {kafka_stream.py:75} INFO - Data sent to Kafka: {'symbol': 'BTCUSDT', 'date': '2024-10-26', 'open': 66698.32, 'high': 67264.34, 'low': 66439.9, 'close': 67134.49, 'volume': 5811.16342} on topic 'crypto_prices'
[2024-10-26T09:44:57.033+0000] {kafka_stream.py:75} INFO - Data sent to Kafka: {'symbol': 'ETHUSDT', 'date': '2024-10-26', 'open': 2440.63, 'high': 2479.7, 'low': 2430.12, 'close': 2470.39, 'volume': 113944.0921} on topic 'crypto_prices'
[2024-10-26T09:44:57.036+0000] {kafka_stream.py:75} INFO - Data sent to Kafka: {'symbol': 'LTCUSDT', 'date': '2024-10-26', 'open': 68.83, 'high': 69.72, 'low': 68.3, 'close': 68.98, 'volume': 127662.19} on topic 'crypto_prices'
[2024-10-26T09:44:57.038+0000] {kafka_stream.py:75} INFO - Data sent to Kafka: {'symbol': 'XRPUSDT', 'date': '2024-10-26', 'open': 0.5022, 'high': 0.5154, 'low': 0.4989, 'close': 0.5139, 'volume': 72825104.0} on topic 'crypto_prices'
[2024-10-26T09:44:57.041+0000] {kafka_stream.py:75} INFO - Data sent to Kafka: {'symbol': 'DOGEUSDT', 'date': '2024-10-26', 'open': 0.13161, 'high': 0.13525, 'low': 0.13071, 'close': 0.13475, 'volume': 351271173.0} on topic 'crypto_prices'
[2024-10-26T09:44:57.043+0000] {kafka_stream.py:75} INFO - Data sent to Kafka: {'symbol': 'SOLUSDT', 'date': '2024-10-26', 'open': 164.91, 'high': 169.56, 'low': 162.43, 'close': 168.84, 'volume': 1556469.654} on topic 'crypto_prices'
[2024-10-26T09:44:57.046+0000] {kafka_stream.py:75} INFO - Data sent to Kafka: {'symbol': 'DOTUSDT', 'date': '2024-10-26', 'open': 3.996, 'high': 4.061, 'low': 3.943, 'close': 4.04, 'volume': 1436467.39} on topic 'crypto_prices'
[2024-10-26T09:44:57.049+0000] {kafka_stream.py:75} INFO - Data sent to Kafka: {'symbol': 'SHIBUSDT', 'date': '2024-10-26', 'open': 1.656e-05, 'high': 1.701e-05, 'low': 1.637e-05, 'close': 1.692e-05, 'volume': 969483261303.0} on topic 'crypto_prices'
[2024-10-26T09:44:57.052+0000] {kafka_stream.py:75} INFO - Data sent to Kafka: {'symbol': 'ATOMUSDT', 'date': '2024-10-26', 'open': 4.414, 'high': 4.512, 'low': 4.341, 'close': 4.446, 'volume': 739580.38} on topic 'crypto_prices'
[2024-10-26T09:44:57.057+0000] {kafka_stream.py:75} INFO - Data sent to Kafka: {'symbol': 'TRXUSDT', 'date': '2024-10-26', 'open': 0.1625, 'high': 0.1649, 'low': 0.1624, 'close': 0.1649, 'volume': 97349222.7} on topic 'crypto_prices'
[2024-10-26T09:44:57.059+0000] {kafka_stream.py:75} INFO - Data sent to Kafka: {'symbol': 'UNIUSDT', 'date': '2024-10-26', 'open': 7.432, 'high': 7.782, 'low': 7.316, 'close': 7.615, 'volume': 2533306.42} on topic 'crypto_prices'
[2024-10-26T09:44:57.062+0000] {kafka_stream.py:75} INFO - Data sent to Kafka: {'symbol': 'FTMUSDT', 'date': '2024-10-26', 'open': 0.6202, 'high': 0.6444, 'low': 0.6086, 'close': 0.6402, 'volume': 28956235.0} on topic 'crypto_prices'
[2024-10-26T09:44:57.064+0000] {kafka_stream.py:75} INFO - Data sent to Kafka: {'symbol': 'NEARUSDT', 'date': '2024-10-26', 'open': 4.172, 'high': 4.252, 'low': 4.099, 'close': 4.237, 'volume': 5114995.4} on topic 'crypto_prices'
[2024-10-26T09:44:57.066+0000] {kafka_stream.py:75} INFO - Data sent to Kafka: {'symbol': 'ICPUSDT', 'date': '2024-10-26', 'open': 7.705, 'high': 7.846, 'low': 7.617, 'close': 7.75, 'volume': 622536.0} on topic 'crypto_prices'
[2024-10-26T09:44:57.068+0000] {kafka_stream.py:75} INFO - Data sent to Kafka: {'symbol': 'AXSUSDT', 'date': '2024-10-26', 'open': 4.639, 'high': 4.7, 'low': 4.534, 'close': 4.669, 'volume': 350234.53} on topic 'crypto_prices'
[2024-10-26T09:44:57.078+0000] {kafka_stream.py:75} INFO - Data sent to Kafka: {'symbol': 'FTTUSDT', 'date': '2024-10-26', 'open': 1.6898, 'high': 1.7766, 'low': 1.6632, 'close': 1.728, 'volume': 1469144.18} on topic 'crypto_prices'
[2024-10-26T09:45:25.691+0000] {kafka_stream.py:75} INFO - Data sent to Kafka: {'symbol': 'BTCUSDT', 'date': '2024-10-26', 'open': 66698.32, 'high': 67264.34, 'low': 66439.9, 'close': 67134.01, 'volume': 5812.06445} on topic 'crypto_prices'
[2024-10-26T09:45:25.710+0000] {kafka_stream.py:75} INFO - Data sent to Kafka: {'symbol': 'ETHUSDT', 'date': '2024-10-26', 'open': 2440.63, 'high': 2479.7, 'low': 2430.12, 'close': 2470.29, 'volume': 114124.9559} on topic 'crypto_prices'
[2024-10-26T09:45:25.715+0000] {kafka_stream.py:75} INFO - Data sent to Kafka: {'symbol': 'LTCUSDT', 'date': '2024-10-26', 'open': 68.83, 'high': 69.72, 'low': 68.3, 'close': 68.97, 'volume': 127707.713} on topic 'crypto_prices'
[2024-10-26T09:45:25.719+0000] {kafka_stream.py:75} INFO - Data sent to Kafka: {'symbol': 'XRPUSDT', 'date': '2024-10-26', 'open': 0.5022, 'high': 0.5154, 'low': 0.4989, 'close': 0.5137, 'volume': 72840897.0} on topic 'crypto_prices'
[2024-10-26T09:45:25.721+0000] {kafka_stream.py:75} INFO - Data sent to Kafka: {'symbol': 'ADAUSDT', 'date': '2024-10-26', 'open': 0.326, 'high': 0.3338, 'low': 0.3206, 'close': 0.3307, 'volume': 44483790.3} on topic 'crypto_prices'
[2024-10-26T09:45:25.722+0000] {kafka_stream.py:75} INFO - Data sent to Kafka: {'symbol': 'DOTUSDT', 'date': '2024-10-26', 'open': 3.996, 'high': 4.061, 'low': 3.943, 'close': 4.041, 'volume': 1436520.83} on topic 'crypto_prices'
[2024-10-26T09:45:25.724+0000] {kafka_stream.py:75} INFO - Data sent to Kafka: {'symbol': 'TRXUSDT', 'date': '2024-10-26', 'open': 0.1625, 'high': 0.1649, 'low': 0.1624, 'close': 0.1648, 'volume': 97377526.4} on topic 'crypto_prices'
[2024-10-26T09:45:25.725+0000] {kafka_stream.py:75} INFO - Data sent to Kafka: {'symbol': 'UNIUSDT', 'date': '2024-10-26', 'open': 7.432, 'high': 7.782, 'low': 7.316, 'close': 7.616, 'volume': 2533315.55} on topic 'crypto_prices'
[2024-10-26T09:45:25.727+0000] {kafka_stream.py:75} INFO - Data sent to Kafka: {'symbol': 'XLMUSDT', 'date': '2024-10-26', 'open': 0.0934, 'high': 0.095, 'low': 0.0928, 'close': 0.0941, 'volume': 27955763.0} on topic 'crypto_prices'
[2024-10-26T09:45:25.731+0000] {kafka_stream.py:75} INFO - Data sent to Kafka: {'symbol': 'FTMUSDT', 'date': '2024-10-26', 'open': 0.6202, 'high': 0.6444, 'low': 0.6086, 'close': 0.6399, 'volume': 30000247.0} on topic 'crypto_prices'
[2024-10-26T09:45:25.733+0000] {kafka_stream.py:75} INFO - Data sent to Kafka: {'symbol': 'NEARUSDT', 'date': '2024-10-26', 'open': 4.172, 'high': 4.252, 'low': 4.099, 'close': 4.236, 'volume': 5116987.2} on topic 'crypto_prices'
[2024-10-26T09:45:25.734+0000] {kafka_stream.py:75} INFO - Data sent to Kafka: {'symbol': 'ICPUSDT', 'date': '2024-10-26', 'open': 7.705, 'high': 7.846, 'low': 7.617, 'close': 7.756, 'volume': 622637.12} on topic 'crypto_prices'
[2024-10-26T09:45:25.736+0000] {kafka_stream.py:75} INFO - Data sent to Kafka: {'symbol': 'FILUSDT', 'date': '2024-10-26', 'open': 3.441, 'high': 3.49, 'low': 3.388, 'close': 3.458, 'volume': 2338084.96} on topic 'crypto_prices'
[2024-10-26T09:45:25.738+0000] {kafka_stream.py:75} INFO - Data sent to Kafka: {'symbol': 'ALGOUSDT', 'date': '2024-10-26', 'open': 0.1144, 'high': 0.1155, 'low': 0.1123, 'close': 0.1147, 'volume': 20806049.0} on topic 'crypto_prices'
[2024-10-26T09:45:25.741+0000] {kafka_stream.py:75} INFO - Data sent to Kafka: {'symbol': 'SANDUSDT', 'date': '2024-10-26', 'open': 0.2433, 'high': 0.2485, 'low': 0.2385, 'close': 0.2473, 'volume': 10791159.0} on topic 'crypto_prices'
[2024-10-26T09:45:25.743+0000] {kafka_stream.py:75} INFO - Data sent to Kafka: {'symbol': 'AXSUSDT', 'date': '2024-10-26', 'open': 4.639, 'high': 4.7, 'low': 4.534, 'close': 4.672, 'volume': 350449.96} on topic 'crypto_prices'
[2024-10-26T09:45:25.744+0000] {kafka_stream.py:75} INFO - Data sent to Kafka: {'symbol': 'FTTUSDT', 'date': '2024-10-26', 'open': 1.6898, 'high': 1.7766, 'low': 1.6632, 'close': 1.7283, 'volume': 1469640.67} on topic 'crypto_prices'
[2024-10-26T09:45:27.115+0000] {record_accumulator.py:71} WARNING - Produced messages to topic-partition ('crypto_prices', 0) with base offset -1 log start offset None and error None.
[2024-10-26T09:45:27.117+0000] {record_accumulator.py:330} WARNING - Expired 1 batches in accumulator
[2024-10-26T09:45:54.695+0000] {kafka_stream.py:75} INFO - Data sent to Kafka: {'symbol': 'BTCUSDT', 'date': '2024-10-26', 'open': 66698.32, 'high': 67264.34, 'low': 66439.9, 'close': 67143.99, 'volume': 5813.73344} on topic 'crypto_prices'
[2024-10-26T09:45:54.704+0000] {kafka_stream.py:75} INFO - Data sent to Kafka: {'symbol': 'ETHUSDT', 'date': '2024-10-26', 'open': 2440.63, 'high': 2479.7, 'low': 2430.12, 'close': 2471.06, 'volume': 114215.8118} on topic 'crypto_prices'
[2024-10-26T09:45:54.707+0000] {kafka_stream.py:75} INFO - Data sent to Kafka: {'symbol': 'BNBUSDT', 'date': '2024-10-26', 'open': 575.3, 'high': 584.4, 'low': 571.6, 'close': 583.3, 'volume': 68890.292} on topic 'crypto_prices'
[2024-10-26T09:45:54.710+0000] {kafka_stream.py:75} INFO - Data sent to Kafka: {'symbol': 'LTCUSDT', 'date': '2024-10-26', 'open': 68.83, 'high': 69.72, 'low': 68.3, 'close': 69.0, 'volume': 127747.952} on topic 'crypto_prices'
[2024-10-26T09:45:54.713+0000] {kafka_stream.py:75} INFO - Data sent to Kafka: {'symbol': 'XRPUSDT', 'date': '2024-10-26', 'open': 0.5022, 'high': 0.5154, 'low': 0.4989, 'close': 0.514, 'volume': 72864659.0} on topic 'crypto_prices'
[2024-10-26T09:45:54.714+0000] {kafka_stream.py:75} INFO - Data sent to Kafka: {'symbol': 'DOGEUSDT', 'date': '2024-10-26', 'open': 0.13161, 'high': 0.13525, 'low': 0.13071, 'close': 0.13484, 'volume': 351771407.0} on topic 'crypto_prices'
[2024-10-26T09:45:54.717+0000] {kafka_stream.py:75} INFO - Data sent to Kafka: {'symbol': 'ADAUSDT', 'date': '2024-10-26', 'open': 0.326, 'high': 0.3338, 'low': 0.3206, 'close': 0.3309, 'volume': 44493630.0} on topic 'crypto_prices'
[2024-10-26T09:45:54.719+0000] {kafka_stream.py:75} INFO - Data sent to Kafka: {'symbol': 'SOLUSDT', 'date': '2024-10-26', 'open': 164.91, 'high': 169.56, 'low': 162.43, 'close': 169.03, 'volume': 1557493.615} on topic 'crypto_prices'
[2024-10-26T09:45:54.721+0000] {kafka_stream.py:75} INFO - Data sent to Kafka: {'symbol': 'DOTUSDT', 'date': '2024-10-26', 'open': 3.996, 'high': 4.061, 'low': 3.943, 'close': 4.042, 'volume': 1437282.56} on topic 'crypto_prices'
[2024-10-26T09:45:54.723+0000] {kafka_stream.py:75} INFO - Data sent to Kafka: {'symbol': 'AVAXUSDT', 'date': '2024-10-26', 'open': 24.94, 'high': 25.67, 'low': 24.56, 'close': 25.6, 'volume': 618946.5} on topic 'crypto_prices'
[2024-10-26T09:45:54.726+0000] {kafka_stream.py:75} INFO - Data sent to Kafka: {'symbol': 'SHIBUSDT', 'date': '2024-10-26', 'open': 1.656e-05, 'high': 1.701e-05, 'low': 1.637e-05, 'close': 1.695e-05, 'volume': 978408270748.0} on topic 'crypto_prices'
[2024-10-26T09:45:54.728+0000] {kafka_stream.py:75} INFO - Data sent to Kafka: {'symbol': 'ATOMUSDT', 'date': '2024-10-26', 'open': 4.414, 'high': 4.512, 'low': 4.341, 'close': 4.445, 'volume': 739806.48} on topic 'crypto_prices'
[2024-10-26T09:45:54.730+0000] {kafka_stream.py:75} INFO - Data sent to Kafka: {'symbol': 'TRXUSDT', 'date': '2024-10-26', 'open': 0.1625, 'high': 0.1649, 'low': 0.1624, 'close': 0.1649, 'volume': 97623115.6} on topic 'crypto_prices'
[2024-10-26T09:45:54.731+0000] {kafka_stream.py:75} INFO - Data sent to Kafka: {'symbol': 'UNIUSDT', 'date': '2024-10-26', 'open': 7.432, 'high': 7.782, 'low': 7.316, 'close': 7.614, 'volume': 2533329.71} on topic 'crypto_prices'
[2024-10-26T09:45:54.736+0000] {kafka_stream.py:75} INFO - Data sent to Kafka: {'symbol': 'XLMUSDT', 'date': '2024-10-26', 'open': 0.0934, 'high': 0.095, 'low': 0.0928, 'close': 0.0942, 'volume': 28023304.0} on topic 'crypto_prices'
[2024-10-26T09:45:54.738+0000] {kafka_stream.py:75} INFO - Data sent to Kafka: {'symbol': 'NEARUSDT', 'date': '2024-10-26', 'open': 4.172, 'high': 4.252, 'low': 4.099, 'close': 4.238, 'volume': 5118080.0} on topic 'crypto_prices'
[2024-10-26T09:45:54.739+0000] {kafka_stream.py:75} INFO - Data sent to Kafka: {'symbol': 'ICPUSDT', 'date': '2024-10-26', 'open': 7.705, 'high': 7.846, 'low': 7.617, 'close': 7.76, 'volume': 622696.62} on topic 'crypto_prices'
[2024-10-26T09:45:54.741+0000] {kafka_stream.py:75} INFO - Data sent to Kafka: {'symbol': 'FILUSDT', 'date': '2024-10-26', 'open': 3.441, 'high': 3.49, 'low': 3.388, 'close': 3.461, 'volume': 2338670.51} on topic 'crypto_prices'
[2024-10-26T09:45:54.746+0000] {kafka_stream.py:75} INFO - Data sent to Kafka: {'symbol': 'SANDUSDT', 'date': '2024-10-26', 'open': 0.2433, 'high': 0.2485, 'low': 0.2385, 'close': 0.2474, 'volume': 10795159.0} on topic 'crypto_prices'
[2024-10-26T09:45:54.749+0000] {kafka_stream.py:75} INFO - Data sent to Kafka: {'symbol': 'MANAUSDT', 'date': '2024-10-26', 'open': 0.2846, 'high': 0.2904, 'low': 0.279, 'close': 0.2886, 'volume': 4004213.0} on topic 'crypto_prices'
[2024-10-26T09:45:54.755+0000] {kafka_stream.py:75} INFO - Data sent to Kafka: {'symbol': 'VETUSDT', 'date': '2024-10-26', 'open': 0.02157, 'high': 0.02176, 'low': 0.02117, 'close': 0.02164, 'volume': 76347240.5} on topic 'crypto_prices'
[2024-10-26T09:45:54.757+0000] {kafka_stream.py:75} INFO - Data sent to Kafka: {'symbol': 'THETAUSDT', 'date': '2024-10-26', 'open': 1.139, 'high': 1.158, 'low': 1.11, 'close': 1.147, 'volume': 1756977.3} on topic 'crypto_prices'
[2024-10-26T09:45:54.758+0000] {kafka_stream.py:75} INFO - Data sent to Kafka: {'symbol': 'FTTUSDT', 'date': '2024-10-26', 'open': 1.6898, 'high': 1.7766, 'low': 1.6632, 'close': 1.7281, 'volume': 1470000.34} on topic 'crypto_prices'
[2024-10-26T09:46:24.755+0000] {record_accumulator.py:71} WARNING - Produced messages to topic-partition ('crypto_prices', 0) with base offset -1 log start offset None and error None.
[2024-10-26T09:46:24.757+0000] {record_accumulator.py:330} WARNING - Expired 1 batches in accumulator
[2024-10-26T09:46:28.511+0000] {kafka_stream.py:75} INFO - Data sent to Kafka: {'symbol': 'BTCUSDT', 'date': '2024-10-26', 'open': 66698.32, 'high': 67264.34, 'low': 66439.9, 'close': 67144.89, 'volume': 5816.17297} on topic 'crypto_prices'
[2024-10-26T09:46:28.520+0000] {kafka_stream.py:75} INFO - Data sent to Kafka: {'symbol': 'ETHUSDT', 'date': '2024-10-26', 'open': 2440.63, 'high': 2479.7, 'low': 2430.12, 'close': 2470.02, 'volume': 114273.4392} on topic 'crypto_prices'
[2024-10-26T09:46:28.524+0000] {kafka_stream.py:75} INFO - Data sent to Kafka: {'symbol': 'BNBUSDT', 'date': '2024-10-26', 'open': 575.3, 'high': 584.4, 'low': 571.6, 'close': 583.2, 'volume': 68896.571} on topic 'crypto_prices'
[2024-10-26T09:46:28.527+0000] {kafka_stream.py:75} INFO - Data sent to Kafka: {'symbol': 'LTCUSDT', 'date': '2024-10-26', 'open': 68.83, 'high': 69.72, 'low': 68.3, 'close': 68.98, 'volume': 127759.548} on topic 'crypto_prices'
[2024-10-26T09:46:28.529+0000] {kafka_stream.py:75} INFO - Data sent to Kafka: {'symbol': 'XRPUSDT', 'date': '2024-10-26', 'open': 0.5022, 'high': 0.5154, 'low': 0.4989, 'close': 0.5141, 'volume': 72870872.0} on topic 'crypto_prices'
[2024-10-26T09:46:28.534+0000] {kafka_stream.py:75} INFO - Data sent to Kafka: {'symbol': 'DOGEUSDT', 'date': '2024-10-26', 'open': 0.13161, 'high': 0.13525, 'low': 0.13071, 'close': 0.13485, 'volume': 351792260.0} on topic 'crypto_prices'
[2024-10-26T09:46:28.537+0000] {kafka_stream.py:75} INFO - Data sent to Kafka: {'symbol': 'SOLUSDT', 'date': '2024-10-26', 'open': 164.91, 'high': 169.56, 'low': 162.43, 'close': 168.98, 'volume': 1558124.039} on topic 'crypto_prices'
[2024-10-26T09:46:28.540+0000] {kafka_stream.py:75} INFO - Data sent to Kafka: {'symbol': 'DOTUSDT', 'date': '2024-10-26', 'open': 3.996, 'high': 4.061, 'low': 3.943, 'close': 4.04, 'volume': 1437444.46} on topic 'crypto_prices'
[2024-10-26T09:46:28.543+0000] {kafka_stream.py:75} INFO - Data sent to Kafka: {'symbol': 'TRXUSDT', 'date': '2024-10-26', 'open': 0.1625, 'high': 0.1649, 'low': 0.1624, 'close': 0.1648, 'volume': 97643554.6} on topic 'crypto_prices'
[2024-10-26T09:46:28.545+0000] {kafka_stream.py:75} INFO - Data sent to Kafka: {'symbol': 'UNIUSDT', 'date': '2024-10-26', 'open': 7.432, 'high': 7.782, 'low': 7.316, 'close': 7.61, 'volume': 2533346.54} on topic 'crypto_prices'
[2024-10-26T09:46:28.548+0000] {kafka_stream.py:75} INFO - Data sent to Kafka: {'symbol': 'FTMUSDT', 'date': '2024-10-26', 'open': 0.6202, 'high': 0.6444, 'low': 0.6086, 'close': 0.6387, 'volume': 30813852.0} on topic 'crypto_prices'
[2024-10-26T09:46:28.550+0000] {kafka_stream.py:75} INFO - Data sent to Kafka: {'symbol': 'NEARUSDT', 'date': '2024-10-26', 'open': 4.172, 'high': 4.252, 'low': 4.099, 'close': 4.236, 'volume': 5121699.5} on topic 'crypto_prices'
[2024-10-26T09:46:28.557+0000] {kafka_stream.py:75} INFO - Data sent to Kafka: {'symbol': 'ICPUSDT', 'date': '2024-10-26', 'open': 7.705, 'high': 7.846, 'low': 7.617, 'close': 7.753, 'volume': 623012.42} on topic 'crypto_prices'
[2024-10-26T09:46:28.580+0000] {kafka_stream.py:75} INFO - Data sent to Kafka: {'symbol': 'FILUSDT', 'date': '2024-10-26', 'open': 3.441, 'high': 3.49, 'low': 3.388, 'close': 3.459, 'volume': 2338844.28} on topic 'crypto_prices'
[2024-10-26T09:46:28.582+0000] {kafka_stream.py:75} INFO - Data sent to Kafka: {'symbol': 'HBARUSDT', 'date': '2024-10-26', 'open': 0.0477, 'high': 0.0485, 'low': 0.047, 'close': 0.0482, 'volume': 66120988.0} on topic 'crypto_prices'
[2024-10-26T09:46:28.584+0000] {kafka_stream.py:75} INFO - Data sent to Kafka: {'symbol': 'MANAUSDT', 'date': '2024-10-26', 'open': 0.2846, 'high': 0.2904, 'low': 0.279, 'close': 0.2885, 'volume': 4004652.0} on topic 'crypto_prices'
[2024-10-26T09:46:28.587+0000] {kafka_stream.py:75} INFO - Data sent to Kafka: {'symbol': 'VETUSDT', 'date': '2024-10-26', 'open': 0.02157, 'high': 0.02176, 'low': 0.02117, 'close': 0.02163, 'volume': 76409164.9} on topic 'crypto_prices'
[2024-10-26T09:46:28.589+0000] {kafka_stream.py:75} INFO - Data sent to Kafka: {'symbol': 'THETAUSDT', 'date': '2024-10-26', 'open': 1.139, 'high': 1.158, 'low': 1.11, 'close': 1.146, 'volume': 1757070.9} on topic 'crypto_prices'
[2024-10-26T09:46:28.597+0000] {kafka_stream.py:75} INFO - Data sent to Kafka: {'symbol': 'FTTUSDT', 'date': '2024-10-26', 'open': 1.6898, 'high': 1.7766, 'low': 1.6632, 'close': 1.728, 'volume': 1470257.29} on topic 'crypto_prices'
[2024-10-26T09:46:54.969+0000] {kafka_stream.py:75} INFO - Data sent to Kafka: {'symbol': 'BTCUSDT', 'date': '2024-10-26', 'open': 66698.32, 'high': 67264.34, 'low': 66439.9, 'close': 67137.96, 'volume': 5819.15087} on topic 'crypto_prices'
[2024-10-26T09:46:55.062+0000] {kafka_stream.py:75} INFO - Data sent to Kafka: {'symbol': 'ETHUSDT', 'date': '2024-10-26', 'open': 2440.63, 'high': 2479.7, 'low': 2430.12, 'close': 2469.8, 'volume': 114408.4103} on topic 'crypto_prices'
[2024-10-26T09:46:55.142+0000] {kafka_stream.py:75} INFO - Data sent to Kafka: {'symbol': 'BNBUSDT', 'date': '2024-10-26', 'open': 575.3, 'high': 584.4, 'low': 571.6, 'close': 583.1, 'volume': 68905.381} on topic 'crypto_prices'
[2024-10-26T09:46:55.172+0000] {kafka_stream.py:75} INFO - Data sent to Kafka: {'symbol': 'LTCUSDT', 'date': '2024-10-26', 'open': 68.83, 'high': 69.72, 'low': 68.3, 'close': 68.96, 'volume': 127832.655} on topic 'crypto_prices'
[2024-10-26T09:46:55.197+0000] {kafka_stream.py:75} INFO - Data sent to Kafka: {'symbol': 'XRPUSDT', 'date': '2024-10-26', 'open': 0.5022, 'high': 0.5154, 'low': 0.4989, 'close': 0.514, 'volume': 72876065.0} on topic 'crypto_prices'
[2024-10-26T09:46:55.237+0000] {kafka_stream.py:75} INFO - Data sent to Kafka: {'symbol': 'DOGEUSDT', 'date': '2024-10-26', 'open': 0.13161, 'high': 0.13525, 'low': 0.13071, 'close': 0.13477, 'volume': 351815405.0} on topic 'crypto_prices'
[2024-10-26T09:46:55.245+0000] {kafka_stream.py:75} INFO - Data sent to Kafka: {'symbol': 'ADAUSDT', 'date': '2024-10-26', 'open': 0.326, 'high': 0.3338, 'low': 0.3206, 'close': 0.3308, 'volume': 44521456.4} on topic 'crypto_prices'
[2024-10-26T09:46:55.248+0000] {kafka_stream.py:75} INFO - Data sent to Kafka: {'symbol': 'SOLUSDT', 'date': '2024-10-26', 'open': 164.91, 'high': 169.56, 'low': 162.43, 'close': 169.03, 'volume': 1558579.779} on topic 'crypto_prices'
[2024-10-26T09:46:55.259+0000] {kafka_stream.py:75} INFO - Data sent to Kafka: {'symbol': 'SHIBUSDT', 'date': '2024-10-26', 'open': 1.656e-05, 'high': 1.701e-05, 'low': 1.637e-05, 'close': 1.693e-05, 'volume': 979485615110.0} on topic 'crypto_prices'
[2024-10-26T09:46:55.265+0000] {kafka_stream.py:75} INFO - Data sent to Kafka: {'symbol': 'ATOMUSDT', 'date': '2024-10-26', 'open': 4.414, 'high': 4.512, 'low': 4.341, 'close': 4.444, 'volume': 740007.27} on topic 'crypto_prices'
[2024-10-26T09:46:55.270+0000] {kafka_stream.py:75} INFO - Data sent to Kafka: {'symbol': 'TRXUSDT', 'date': '2024-10-26', 'open': 0.1625, 'high': 0.1649, 'low': 0.1624, 'close': 0.1649, 'volume': 97655346.9} on topic 'crypto_prices'
[2024-10-26T09:46:55.274+0000] {kafka_stream.py:75} INFO - Data sent to Kafka: {'symbol': 'UNIUSDT', 'date': '2024-10-26', 'open': 7.432, 'high': 7.782, 'low': 7.316, 'close': 7.611, 'volume': 2533644.36} on topic 'crypto_prices'
[2024-10-26T09:46:55.279+0000] {kafka_stream.py:75} INFO - Data sent to Kafka: {'symbol': 'FTMUSDT', 'date': '2024-10-26', 'open': 0.6202, 'high': 0.6444, 'low': 0.6086, 'close': 0.6391, 'volume': 30822204.0} on topic 'crypto_prices'
[2024-10-26T09:46:55.281+0000] {kafka_stream.py:75} INFO - Data sent to Kafka: {'symbol': 'ICPUSDT', 'date': '2024-10-26', 'open': 7.705, 'high': 7.846, 'low': 7.617, 'close': 7.756, 'volume': 623314.6} on topic 'crypto_prices'
[2024-10-26T09:46:55.285+0000] {kafka_stream.py:75} INFO - Data sent to Kafka: {'symbol': 'VETUSDT', 'date': '2024-10-26', 'open': 0.02157, 'high': 0.02176, 'low': 0.02117, 'close': 0.02162, 'volume': 76512860.1} on topic 'crypto_prices'
[2024-10-26T09:46:55.289+0000] {kafka_stream.py:75} INFO - Data sent to Kafka: {'symbol': 'XTZUSDT', 'date': '2024-10-26', 'open': 0.626, 'high': 0.639, 'low': 0.62, 'close': 0.633, 'volume': 1001920.4} on topic 'crypto_prices'
[2024-10-26T09:46:55.291+0000] {kafka_stream.py:75} INFO - Data sent to Kafka: {'symbol': 'AXSUSDT', 'date': '2024-10-26', 'open': 4.639, 'high': 4.7, 'low': 4.534, 'close': 4.668, 'volume': 350455.19} on topic 'crypto_prices'
[2024-10-26T09:46:55.293+0000] {kafka_stream.py:75} INFO - Data sent to Kafka: {'symbol': 'FTTUSDT', 'date': '2024-10-26', 'open': 1.6898, 'high': 1.7766, 'low': 1.6632, 'close': 1.7279, 'volume': 1470375.82} on topic 'crypto_prices'
[2024-10-26T09:46:58.539+0000] {record_accumulator.py:71} WARNING - Produced messages to topic-partition ('crypto_prices', 0) with base offset -1 log start offset None and error None.
[2024-10-26T09:46:58.542+0000] {record_accumulator.py:330} WARNING - Expired 1 batches in accumulator
[2024-10-26T09:47:22.732+0000] {kafka_stream.py:75} INFO - Data sent to Kafka: {'symbol': 'BTCUSDT', 'date': '2024-10-26', 'open': 66698.32, 'high': 67264.34, 'low': 66439.9, 'close': 67123.01, 'volume': 5822.13759} on topic 'crypto_prices'
[2024-10-26T09:47:22.736+0000] {kafka_stream.py:75} INFO - Data sent to Kafka: {'symbol': 'ETHUSDT', 'date': '2024-10-26', 'open': 2440.63, 'high': 2479.7, 'low': 2430.12, 'close': 2469.06, 'volume': 114605.7984} on topic 'crypto_prices'
[2024-10-26T09:47:22.746+0000] {kafka_stream.py:75} INFO - Data sent to Kafka: {'symbol': 'XRPUSDT', 'date': '2024-10-26', 'open': 0.5022, 'high': 0.5154, 'low': 0.4989, 'close': 0.5139, 'volume': 72911414.0} on topic 'crypto_prices'
[2024-10-26T09:47:22.748+0000] {kafka_stream.py:75} INFO - Data sent to Kafka: {'symbol': 'DOGEUSDT', 'date': '2024-10-26', 'open': 0.13161, 'high': 0.13525, 'low': 0.13071, 'close': 0.1347, 'volume': 351858230.0} on topic 'crypto_prices'
[2024-10-26T09:47:22.750+0000] {kafka_stream.py:75} INFO - Data sent to Kafka: {'symbol': 'SOLUSDT', 'date': '2024-10-26', 'open': 164.91, 'high': 169.56, 'low': 162.43, 'close': 169.02, 'volume': 1558658.475} on topic 'crypto_prices'
[2024-10-26T09:47:22.751+0000] {kafka_stream.py:75} INFO - Data sent to Kafka: {'symbol': 'SHIBUSDT', 'date': '2024-10-26', 'open': 1.656e-05, 'high': 1.701e-05, 'low': 1.637e-05, 'close': 1.694e-05, 'volume': 979504707112.0} on topic 'crypto_prices'
[2024-10-26T09:47:22.753+0000] {kafka_stream.py:75} INFO - Data sent to Kafka: {'symbol': 'ATOMUSDT', 'date': '2024-10-26', 'open': 4.414, 'high': 4.512, 'low': 4.341, 'close': 4.446, 'volume': 740144.97} on topic 'crypto_prices'
[2024-10-26T09:47:22.755+0000] {kafka_stream.py:75} INFO - Data sent to Kafka: {'symbol': 'LINKUSDT', 'date': '2024-10-26', 'open': 11.14, 'high': 11.4, 'low': 10.96, 'close': 11.15, 'volume': 1264760.02} on topic 'crypto_prices'
[2024-10-26T09:47:22.759+0000] {kafka_stream.py:75} INFO - Data sent to Kafka: {'symbol': 'UNIUSDT', 'date': '2024-10-26', 'open': 7.432, 'high': 7.782, 'low': 7.316, 'close': 7.613, 'volume': 2533670.98} on topic 'crypto_prices'
[2024-10-26T09:47:22.761+0000] {kafka_stream.py:75} INFO - Data sent to Kafka: {'symbol': 'XLMUSDT', 'date': '2024-10-26', 'open': 0.0934, 'high': 0.095, 'low': 0.0928, 'close': 0.0941, 'volume': 28023903.0} on topic 'crypto_prices'
[2024-10-26T09:47:22.763+0000] {kafka_stream.py:75} INFO - Data sent to Kafka: {'symbol': 'FTMUSDT', 'date': '2024-10-26', 'open': 0.6202, 'high': 0.6444, 'low': 0.6086, 'close': 0.6392, 'volume': 30826762.0} on topic 'crypto_prices'
[2024-10-26T09:47:22.764+0000] {kafka_stream.py:75} INFO - Data sent to Kafka: {'symbol': 'ICPUSDT', 'date': '2024-10-26', 'open': 7.705, 'high': 7.846, 'low': 7.617, 'close': 7.753, 'volume': 623506.26} on topic 'crypto_prices'
[2024-10-26T09:47:22.766+0000] {kafka_stream.py:75} INFO - Data sent to Kafka: {'symbol': 'FILUSDT', 'date': '2024-10-26', 'open': 3.441, 'high': 3.49, 'low': 3.388, 'close': 3.458, 'volume': 2339072.86} on topic 'crypto_prices'
[2024-10-26T09:47:22.767+0000] {kafka_stream.py:75} INFO - Data sent to Kafka: {'symbol': 'SANDUSDT', 'date': '2024-10-26', 'open': 0.2433, 'high': 0.2485, 'low': 0.2385, 'close': 0.2473, 'volume': 10795834.0} on topic 'crypto_prices'
[2024-10-26T09:47:22.769+0000] {kafka_stream.py:75} INFO - Data sent to Kafka: {'symbol': 'VETUSDT', 'date': '2024-10-26', 'open': 0.02157, 'high': 0.02176, 'low': 0.02117, 'close': 0.02163, 'volume': 76520488.3} on topic 'crypto_prices'
[2024-10-26T09:47:22.770+0000] {kafka_stream.py:75} INFO - Data sent to Kafka: {'symbol': 'AXSUSDT', 'date': '2024-10-26', 'open': 4.639, 'high': 4.7, 'low': 4.534, 'close': 4.665, 'volume': 351452.76} on topic 'crypto_prices'
[2024-10-26T09:47:22.777+0000] {kafka_stream.py:75} INFO - Data sent to Kafka: {'symbol': 'FTTUSDT', 'date': '2024-10-26', 'open': 1.6898, 'high': 1.7766, 'low': 1.6632, 'close': 1.7292, 'volume': 1472255.42} on topic 'crypto_prices'
[2024-10-26T09:47:50.015+0000] {kafka_stream.py:75} INFO - Data sent to Kafka: {'symbol': 'BTCUSDT', 'date': '2024-10-26', 'open': 66698.32, 'high': 67264.34, 'low': 66439.9, 'close': 67121.21, 'volume': 5822.90285} on topic 'crypto_prices'
[2024-10-26T09:47:50.116+0000] {kafka_stream.py:75} INFO - Data sent to Kafka: {'symbol': 'ETHUSDT', 'date': '2024-10-26', 'open': 2440.63, 'high': 2479.7, 'low': 2430.12, 'close': 2468.26, 'volume': 114768.982} on topic 'crypto_prices'
[2024-10-26T09:47:50.182+0000] {kafka_stream.py:75} INFO - Data sent to Kafka: {'symbol': 'BNBUSDT', 'date': '2024-10-26', 'open': 575.3, 'high': 584.4, 'low': 571.6, 'close': 583.0, 'volume': 68925.058} on topic 'crypto_prices'
[2024-10-26T09:47:50.189+0000] {kafka_stream.py:75} INFO - Data sent to Kafka: {'symbol': 'SOLUSDT', 'date': '2024-10-26', 'open': 164.91, 'high': 169.56, 'low': 162.43, 'close': 169.03, 'volume': 1558948.007} on topic 'crypto_prices'
[2024-10-26T09:47:50.193+0000] {kafka_stream.py:75} INFO - Data sent to Kafka: {'symbol': 'DOTUSDT', 'date': '2024-10-26', 'open': 3.996, 'high': 4.061, 'low': 3.943, 'close': 4.041, 'volume': 1438095.05} on topic 'crypto_prices'
[2024-10-26T09:47:50.198+0000] {kafka_stream.py:75} INFO - Data sent to Kafka: {'symbol': 'AVAXUSDT', 'date': '2024-10-26', 'open': 24.94, 'high': 25.67, 'low': 24.56, 'close': 25.59, 'volume': 619713.58} on topic 'crypto_prices'
[2024-10-26T09:47:50.200+0000] {kafka_stream.py:75} INFO - Data sent to Kafka: {'symbol': 'ATOMUSDT', 'date': '2024-10-26', 'open': 4.414, 'high': 4.512, 'low': 4.341, 'close': 4.444, 'volume': 740351.31} on topic 'crypto_prices'
[2024-10-26T09:47:50.235+0000] {kafka_stream.py:75} INFO - Data sent to Kafka: {'symbol': 'LINKUSDT', 'date': '2024-10-26', 'open': 11.14, 'high': 11.4, 'low': 10.96, 'close': 11.16, 'volume': 1264772.28} on topic 'crypto_prices'
[2024-10-26T09:47:50.238+0000] {kafka_stream.py:75} INFO - Data sent to Kafka: {'symbol': 'UNIUSDT', 'date': '2024-10-26', 'open': 7.432, 'high': 7.782, 'low': 7.316, 'close': 7.612, 'volume': 2535868.47} on topic 'crypto_prices'
[2024-10-26T09:47:50.243+0000] {kafka_stream.py:75} INFO - Data sent to Kafka: {'symbol': 'FTMUSDT', 'date': '2024-10-26', 'open': 0.6202, 'high': 0.6444, 'low': 0.6086, 'close': 0.6395, 'volume': 30835068.0} on topic 'crypto_prices'
[2024-10-26T09:47:50.245+0000] {kafka_stream.py:75} INFO - Data sent to Kafka: {'symbol': 'ALGOUSDT', 'date': '2024-10-26', 'open': 0.1144, 'high': 0.1155, 'low': 0.1123, 'close': 0.1148, 'volume': 20808432.0} on topic 'crypto_prices'
[2024-10-26T09:47:50.247+0000] {kafka_stream.py:75} INFO - Data sent to Kafka: {'symbol': 'HBARUSDT', 'date': '2024-10-26', 'open': 0.0477, 'high': 0.0485, 'low': 0.047, 'close': 0.0483, 'volume': 67178479.0} on topic 'crypto_prices'
[2024-10-26T09:47:50.250+0000] {kafka_stream.py:75} INFO - Data sent to Kafka: {'symbol': 'VETUSDT', 'date': '2024-10-26', 'open': 0.02157, 'high': 0.02176, 'low': 0.02117, 'close': 0.02164, 'volume': 76526198.1} on topic 'crypto_prices'
[2024-10-26T09:47:50.263+0000] {kafka_stream.py:75} INFO - Data sent to Kafka: {'symbol': 'AXSUSDT', 'date': '2024-10-26', 'open': 4.639, 'high': 4.7, 'low': 4.534, 'close': 4.664, 'volume': 351466.11} on topic 'crypto_prices'
[2024-10-26T09:47:50.264+0000] {kafka_stream.py:75} INFO - Data sent to Kafka: {'symbol': 'FTTUSDT', 'date': '2024-10-26', 'open': 1.6898, 'high': 1.7766, 'low': 1.6632, 'close': 1.7297, 'volume': 1472314.84} on topic 'crypto_prices'
[2024-10-26T09:47:52.788+0000] {record_accumulator.py:71} WARNING - Produced messages to topic-partition ('crypto_prices', 0) with base offset -1 log start offset None and error None.
[2024-10-26T09:47:52.792+0000] {record_accumulator.py:330} WARNING - Expired 1 batches in accumulator
[2024-10-26T09:48:13.115+0000] {kafka_stream.py:75} INFO - Data sent to Kafka: {'symbol': 'BTCUSDT', 'date': '2024-10-26', 'open': 66698.32, 'high': 67264.34, 'low': 66439.9, 'close': 67121.22, 'volume': 5823.35943} on topic 'crypto_prices'
[2024-10-26T09:48:13.120+0000] {kafka_stream.py:75} INFO - Data sent to Kafka: {'symbol': 'ETHUSDT', 'date': '2024-10-26', 'open': 2440.63, 'high': 2479.7, 'low': 2430.12, 'close': 2468.7, 'volume': 114875.9197} on topic 'crypto_prices'
[2024-10-26T09:48:13.122+0000] {kafka_stream.py:75} INFO - Data sent to Kafka: {'symbol': 'BNBUSDT', 'date': '2024-10-26', 'open': 575.3, 'high': 584.4, 'low': 571.6, 'close': 583.1, 'volume': 68928.341} on topic 'crypto_prices'
[2024-10-26T09:48:13.124+0000] {kafka_stream.py:75} INFO - Data sent to Kafka: {'symbol': 'LTCUSDT', 'date': '2024-10-26', 'open': 68.83, 'high': 69.72, 'low': 68.3, 'close': 68.95, 'volume': 127910.056} on topic 'crypto_prices'
[2024-10-26T09:48:13.126+0000] {kafka_stream.py:75} INFO - Data sent to Kafka: {'symbol': 'DOGEUSDT', 'date': '2024-10-26', 'open': 0.13161, 'high': 0.13525, 'low': 0.13071, 'close': 0.13472, 'volume': 352537084.0} on topic 'crypto_prices'
[2024-10-26T09:48:13.135+0000] {kafka_stream.py:75} INFO - Data sent to Kafka: {'symbol': 'ADAUSDT', 'date': '2024-10-26', 'open': 0.326, 'high': 0.3338, 'low': 0.3206, 'close': 0.3307, 'volume': 44546041.4} on topic 'crypto_prices'
[2024-10-26T09:48:13.138+0000] {kafka_stream.py:75} INFO - Data sent to Kafka: {'symbol': 'SOLUSDT', 'date': '2024-10-26', 'open': 164.91, 'high': 169.56, 'low': 162.43, 'close': 169.04, 'volume': 1559187.589} on topic 'crypto_prices'
[2024-10-26T09:48:13.140+0000] {kafka_stream.py:75} INFO - Data sent to Kafka: {'symbol': 'AVAXUSDT', 'date': '2024-10-26', 'open': 24.94, 'high': 25.67, 'low': 24.56, 'close': 25.6, 'volume': 619714.14} on topic 'crypto_prices'
[2024-10-26T09:48:13.142+0000] {kafka_stream.py:75} INFO - Data sent to Kafka: {'symbol': 'ATOMUSDT', 'date': '2024-10-26', 'open': 4.414, 'high': 4.512, 'low': 4.341, 'close': 4.446, 'volume': 740392.77} on topic 'crypto_prices'
[2024-10-26T09:48:13.143+0000] {kafka_stream.py:75} INFO - Data sent to Kafka: {'symbol': 'LINKUSDT', 'date': '2024-10-26', 'open': 11.14, 'high': 11.4, 'low': 10.96, 'close': 11.15, 'volume': 1264774.95} on topic 'crypto_prices'
[2024-10-26T09:48:13.145+0000] {kafka_stream.py:75} INFO - Data sent to Kafka: {'symbol': 'TRXUSDT', 'date': '2024-10-26', 'open': 0.1625, 'high': 0.1649, 'low': 0.1624, 'close': 0.1648, 'volume': 97677862.7} on topic 'crypto_prices'
[2024-10-26T09:48:13.149+0000] {kafka_stream.py:75} INFO - Data sent to Kafka: {'symbol': 'UNIUSDT', 'date': '2024-10-26', 'open': 7.432, 'high': 7.782, 'low': 7.316, 'close': 7.613, 'volume': 2535929.97} on topic 'crypto_prices'
[2024-10-26T09:48:13.166+0000] {kafka_stream.py:75} INFO - Data sent to Kafka: {'symbol': 'FTMUSDT', 'date': '2024-10-26', 'open': 0.6202, 'high': 0.6444, 'low': 0.6086, 'close': 0.6397, 'volume': 30840759.0} on topic 'crypto_prices'
[2024-10-26T09:48:13.186+0000] {kafka_stream.py:75} INFO - Data sent to Kafka: {'symbol': 'NEARUSDT', 'date': '2024-10-26', 'open': 4.172, 'high': 4.252, 'low': 4.099, 'close': 4.235, 'volume': 5128454.6} on topic 'crypto_prices'
[2024-10-26T09:48:13.192+0000] {kafka_stream.py:75} INFO - Data sent to Kafka: {'symbol': 'ICPUSDT', 'date': '2024-10-26', 'open': 7.705, 'high': 7.846, 'low': 7.617, 'close': 7.752, 'volume': 623833.44} on topic 'crypto_prices'
[2024-10-26T09:48:13.194+0000] {kafka_stream.py:75} INFO - Data sent to Kafka: {'symbol': 'FILUSDT', 'date': '2024-10-26', 'open': 3.441, 'high': 3.49, 'low': 3.388, 'close': 3.459, 'volume': 2340147.47} on topic 'crypto_prices'
[2024-10-26T09:48:13.198+0000] {kafka_stream.py:75} INFO - Data sent to Kafka: {'symbol': 'VETUSDT', 'date': '2024-10-26', 'open': 0.02157, 'high': 0.02176, 'low': 0.02117, 'close': 0.02163, 'volume': 76526777.2} on topic 'crypto_prices'
[2024-10-26T09:48:13.203+0000] {kafka_stream.py:75} INFO - Data sent to Kafka: {'symbol': 'AXSUSDT', 'date': '2024-10-26', 'open': 4.639, 'high': 4.7, 'low': 4.534, 'close': 4.665, 'volume': 351472.02} on topic 'crypto_prices'
[2024-10-26T09:48:13.204+0000] {kafka_stream.py:75} INFO - Data sent to Kafka: {'symbol': 'FTTUSDT', 'date': '2024-10-26', 'open': 1.6898, 'high': 1.7766, 'low': 1.6632, 'close': 1.7312, 'volume': 1473120.05} on topic 'crypto_prices'
[2024-10-26T09:48:35.538+0000] {kafka_stream.py:75} INFO - Data sent to Kafka: {'symbol': 'ETHUSDT', 'date': '2024-10-26', 'open': 2440.63, 'high': 2479.7, 'low': 2430.12, 'close': 2468.2, 'volume': 114965.9876} on topic 'crypto_prices'
[2024-10-26T09:48:35.542+0000] {kafka_stream.py:75} INFO - Data sent to Kafka: {'symbol': 'LTCUSDT', 'date': '2024-10-26', 'open': 68.83, 'high': 69.72, 'low': 68.3, 'close': 68.96, 'volume': 127920.854} on topic 'crypto_prices'
[2024-10-26T09:48:35.550+0000] {kafka_stream.py:75} INFO - Data sent to Kafka: {'symbol': 'XRPUSDT', 'date': '2024-10-26', 'open': 0.5022, 'high': 0.5154, 'low': 0.4989, 'close': 0.514, 'volume': 72937450.0} on topic 'crypto_prices'
[2024-10-26T09:48:35.564+0000] {kafka_stream.py:75} INFO - Data sent to Kafka: {'symbol': 'DOGEUSDT', 'date': '2024-10-26', 'open': 0.13161, 'high': 0.13525, 'low': 0.13071, 'close': 0.1347, 'volume': 352602157.0} on topic 'crypto_prices'
[2024-10-26T09:48:35.566+0000] {kafka_stream.py:75} INFO - Data sent to Kafka: {'symbol': 'SOLUSDT', 'date': '2024-10-26', 'open': 164.91, 'high': 169.56, 'low': 162.43, 'close': 169.05, 'volume': 1559233.236} on topic 'crypto_prices'
[2024-10-26T09:48:35.567+0000] {kafka_stream.py:75} INFO - Data sent to Kafka: {'symbol': 'AVAXUSDT', 'date': '2024-10-26', 'open': 24.94, 'high': 25.67, 'low': 24.56, 'close': 25.59, 'volume': 619715.08} on topic 'crypto_prices'
[2024-10-26T09:48:35.572+0000] {kafka_stream.py:75} INFO - Data sent to Kafka: {'symbol': 'ATOMUSDT', 'date': '2024-10-26', 'open': 4.414, 'high': 4.512, 'low': 4.341, 'close': 4.445, 'volume': 740403.54} on topic 'crypto_prices'
[2024-10-26T09:48:35.574+0000] {kafka_stream.py:75} INFO - Data sent to Kafka: {'symbol': 'LINKUSDT', 'date': '2024-10-26', 'open': 11.14, 'high': 11.4, 'low': 10.96, 'close': 11.16, 'volume': 1264801.87} on topic 'crypto_prices'
[2024-10-26T09:48:35.575+0000] {kafka_stream.py:75} INFO - Data sent to Kafka: {'symbol': 'TRXUSDT', 'date': '2024-10-26', 'open': 0.1625, 'high': 0.1649, 'low': 0.1624, 'close': 0.1649, 'volume': 97690062.8} on topic 'crypto_prices'
[2024-10-26T09:48:35.577+0000] {kafka_stream.py:75} INFO - Data sent to Kafka: {'symbol': 'UNIUSDT', 'date': '2024-10-26', 'open': 7.432, 'high': 7.782, 'low': 7.316, 'close': 7.611, 'volume': 2536110.63} on topic 'crypto_prices'
[2024-10-26T09:48:35.582+0000] {kafka_stream.py:75} INFO - Data sent to Kafka: {'symbol': 'FTMUSDT', 'date': '2024-10-26', 'open': 0.6202, 'high': 0.6444, 'low': 0.6086, 'close': 0.6391, 'volume': 30851711.0} on topic 'crypto_prices'
[2024-10-26T09:48:35.583+0000] {kafka_stream.py:75} INFO - Data sent to Kafka: {'symbol': 'FILUSDT', 'date': '2024-10-26', 'open': 3.441, 'high': 3.49, 'low': 3.388, 'close': 3.458, 'volume': 2340282.48} on topic 'crypto_prices'
[2024-10-26T09:48:35.585+0000] {kafka_stream.py:75} INFO - Data sent to Kafka: {'symbol': 'ALGOUSDT', 'date': '2024-10-26', 'open': 0.1144, 'high': 0.1155, 'low': 0.1123, 'close': 0.1147, 'volume': 20808569.0} on topic 'crypto_prices'
[2024-10-26T09:48:35.587+0000] {kafka_stream.py:75} INFO - Data sent to Kafka: {'symbol': 'SANDUSDT', 'date': '2024-10-26', 'open': 0.2433, 'high': 0.2485, 'low': 0.2385, 'close': 0.2472, 'volume': 10795958.0} on topic 'crypto_prices'
[2024-10-26T09:48:35.588+0000] {kafka_stream.py:75} INFO - Data sent to Kafka: {'symbol': 'AXSUSDT', 'date': '2024-10-26', 'open': 4.639, 'high': 4.7, 'low': 4.534, 'close': 4.664, 'volume': 351474.77} on topic 'crypto_prices'
[2024-10-26T09:48:35.590+0000] {kafka_stream.py:75} INFO - Data sent to Kafka: {'symbol': 'FTTUSDT', 'date': '2024-10-26', 'open': 1.6898, 'high': 1.7766, 'low': 1.6632, 'close': 1.7321, 'volume': 1473425.49} on topic 'crypto_prices'
[2024-10-26T09:48:43.197+0000] {record_accumulator.py:71} WARNING - Produced messages to topic-partition ('crypto_prices', 0) with base offset -1 log start offset None and error None.
[2024-10-26T09:48:43.212+0000] {record_accumulator.py:330} WARNING - Expired 1 batches in accumulator
[2024-10-26T09:49:02.407+0000] {kafka_stream.py:75} INFO - Data sent to Kafka: {'symbol': 'BTCUSDT', 'date': '2024-10-26', 'open': 66698.32, 'high': 67264.34, 'low': 66439.9, 'close': 67120.95, 'volume': 5828.40887} on topic 'crypto_prices'
[2024-10-26T09:49:02.448+0000] {kafka_stream.py:75} INFO - Data sent to Kafka: {'symbol': 'ETHUSDT', 'date': '2024-10-26', 'open': 2440.63, 'high': 2479.7, 'low': 2430.12, 'close': 2468.33, 'volume': 115070.7766} on topic 'crypto_prices'
[2024-10-26T09:49:02.465+0000] {kafka_stream.py:75} INFO - Data sent to Kafka: {'symbol': 'LTCUSDT', 'date': '2024-10-26', 'open': 68.83, 'high': 69.72, 'low': 68.3, 'close': 68.97, 'volume': 127942.689} on topic 'crypto_prices'
[2024-10-26T09:49:02.468+0000] {kafka_stream.py:75} INFO - Data sent to Kafka: {'symbol': 'XRPUSDT', 'date': '2024-10-26', 'open': 0.5022, 'high': 0.5154, 'low': 0.4989, 'close': 0.5139, 'volume': 72942090.0} on topic 'crypto_prices'
[2024-10-26T09:49:02.470+0000] {kafka_stream.py:75} INFO - Data sent to Kafka: {'symbol': 'DOGEUSDT', 'date': '2024-10-26', 'open': 0.13161, 'high': 0.13525, 'low': 0.13071, 'close': 0.13472, 'volume': 352716423.0} on topic 'crypto_prices'
[2024-10-26T09:49:02.472+0000] {kafka_stream.py:75} INFO - Data sent to Kafka: {'symbol': 'ADAUSDT', 'date': '2024-10-26', 'open': 0.326, 'high': 0.3338, 'low': 0.3206, 'close': 0.3306, 'volume': 44556159.6} on topic 'crypto_prices'
[2024-10-26T09:49:02.486+0000] {kafka_stream.py:75} INFO - Data sent to Kafka: {'symbol': 'DOTUSDT', 'date': '2024-10-26', 'open': 3.996, 'high': 4.061, 'low': 3.943, 'close': 4.042, 'volume': 1438312.81} on topic 'crypto_prices'
[2024-10-26T09:49:02.504+0000] {kafka_stream.py:75} INFO - Data sent to Kafka: {'symbol': 'AVAXUSDT', 'date': '2024-10-26', 'open': 24.94, 'high': 25.67, 'low': 24.56, 'close': 25.6, 'volume': 619743.33} on topic 'crypto_prices'
[2024-10-26T09:49:02.523+0000] {kafka_stream.py:75} INFO - Data sent to Kafka: {'symbol': 'UNIUSDT', 'date': '2024-10-26', 'open': 7.432, 'high': 7.782, 'low': 7.316, 'close': 7.61, 'volume': 2536132.49} on topic 'crypto_prices'
[2024-10-26T09:49:02.530+0000] {kafka_stream.py:75} INFO - Data sent to Kafka: {'symbol': 'FTMUSDT', 'date': '2024-10-26', 'open': 0.6202, 'high': 0.6444, 'low': 0.6086, 'close': 0.6396, 'volume': 30860758.0} on topic 'crypto_prices'
[2024-10-26T09:49:02.556+0000] {kafka_stream.py:75} INFO - Data sent to Kafka: {'symbol': 'ICPUSDT', 'date': '2024-10-26', 'open': 7.705, 'high': 7.846, 'low': 7.617, 'close': 7.753, 'volume': 623841.69} on topic 'crypto_prices'
[2024-10-26T09:49:02.562+0000] {kafka_stream.py:75} INFO - Data sent to Kafka: {'symbol': 'ALGOUSDT', 'date': '2024-10-26', 'open': 0.1144, 'high': 0.1155, 'low': 0.1123, 'close': 0.1148, 'volume': 20813749.0} on topic 'crypto_prices'
[2024-10-26T09:49:02.565+0000] {kafka_stream.py:75} INFO - Data sent to Kafka: {'symbol': 'HBARUSDT', 'date': '2024-10-26', 'open': 0.0477, 'high': 0.0485, 'low': 0.047, 'close': 0.0482, 'volume': 67331750.0} on topic 'crypto_prices'
[2024-10-26T09:49:02.581+0000] {kafka_stream.py:75} INFO - Data sent to Kafka: {'symbol': 'SANDUSDT', 'date': '2024-10-26', 'open': 0.2433, 'high': 0.2485, 'low': 0.2385, 'close': 0.2473, 'volume': 10796058.0} on topic 'crypto_prices'
[2024-10-26T09:49:02.597+0000] {kafka_stream.py:75} INFO - Data sent to Kafka: {'symbol': 'MANAUSDT', 'date': '2024-10-26', 'open': 0.2846, 'high': 0.2904, 'low': 0.279, 'close': 0.2886, 'volume': 4020733.0} on topic 'crypto_prices'
[2024-10-26T09:49:02.598+0000] {kafka_stream.py:75} INFO - Data sent to Kafka: {'symbol': 'XTZUSDT', 'date': '2024-10-26', 'open': 0.626, 'high': 0.639, 'low': 0.62, 'close': 0.634, 'volume': 1001930.2} on topic 'crypto_prices'
[2024-10-26T09:49:02.600+0000] {kafka_stream.py:75} INFO - Data sent to Kafka: {'symbol': 'THETAUSDT', 'date': '2024-10-26', 'open': 1.139, 'high': 1.158, 'low': 1.11, 'close': 1.144, 'volume': 1758422.4} on topic 'crypto_prices'
[2024-10-26T09:49:02.603+0000] {kafka_stream.py:75} INFO - Data sent to Kafka: {'symbol': 'FTTUSDT', 'date': '2024-10-26', 'open': 1.6898, 'high': 1.7766, 'low': 1.6632, 'close': 1.7329, 'volume': 1473698.5} on topic 'crypto_prices'
[2024-10-26T09:49:26.336+0000] {kafka_stream.py:75} INFO - Data sent to Kafka: {'symbol': 'BTCUSDT', 'date': '2024-10-26', 'open': 66698.32, 'high': 67264.34, 'low': 66439.9, 'close': 67120.96, 'volume': 5828.92567} on topic 'crypto_prices'
[2024-10-26T09:49:26.338+0000] {kafka_stream.py:75} INFO - Data sent to Kafka: {'symbol': 'ETHUSDT', 'date': '2024-10-26', 'open': 2440.63, 'high': 2479.7, 'low': 2430.12, 'close': 2468.7, 'volume': 115172.5243} on topic 'crypto_prices'
[2024-10-26T09:49:26.340+0000] {kafka_stream.py:75} INFO - Data sent to Kafka: {'symbol': 'LTCUSDT', 'date': '2024-10-26', 'open': 68.83, 'high': 69.72, 'low': 68.3, 'close': 68.94, 'volume': 127980.146} on topic 'crypto_prices'
[2024-10-26T09:49:26.341+0000] {kafka_stream.py:75} INFO - Data sent to Kafka: {'symbol': 'XRPUSDT', 'date': '2024-10-26', 'open': 0.5022, 'high': 0.5154, 'low': 0.4989, 'close': 0.514, 'volume': 72958989.0} on topic 'crypto_prices'
[2024-10-26T09:49:26.343+0000] {kafka_stream.py:75} INFO - Data sent to Kafka: {'symbol': 'DOGEUSDT', 'date': '2024-10-26', 'open': 0.13161, 'high': 0.13525, 'low': 0.13071, 'close': 0.13471, 'volume': 352759289.0} on topic 'crypto_prices'
[2024-10-26T09:49:26.344+0000] {kafka_stream.py:75} INFO - Data sent to Kafka: {'symbol': 'SOLUSDT', 'date': '2024-10-26', 'open': 164.91, 'high': 169.56, 'low': 162.43, 'close': 169.02, 'volume': 1567338.468} on topic 'crypto_prices'
[2024-10-26T09:49:26.345+0000] {kafka_stream.py:75} INFO - Data sent to Kafka: {'symbol': 'ATOMUSDT', 'date': '2024-10-26', 'open': 4.414, 'high': 4.512, 'low': 4.341, 'close': 4.443, 'volume': 740696.32} on topic 'crypto_prices'
[2024-10-26T09:49:26.346+0000] {kafka_stream.py:75} INFO - Data sent to Kafka: {'symbol': 'LINKUSDT', 'date': '2024-10-26', 'open': 11.14, 'high': 11.4, 'low': 10.96, 'close': 11.17, 'volume': 1265271.2} on topic 'crypto_prices'
[2024-10-26T09:49:26.347+0000] {kafka_stream.py:75} INFO - Data sent to Kafka: {'symbol': 'TRXUSDT', 'date': '2024-10-26', 'open': 0.1625, 'high': 0.1649, 'low': 0.1624, 'close': 0.1648, 'volume': 97718776.4} on topic 'crypto_prices'
[2024-10-26T09:49:26.348+0000] {kafka_stream.py:75} INFO - Data sent to Kafka: {'symbol': 'UNIUSDT', 'date': '2024-10-26', 'open': 7.432, 'high': 7.782, 'low': 7.316, 'close': 7.613, 'volume': 2539212.99} on topic 'crypto_prices'
[2024-10-26T09:49:26.349+0000] {kafka_stream.py:75} INFO - Data sent to Kafka: {'symbol': 'FTMUSDT', 'date': '2024-10-26', 'open': 0.6202, 'high': 0.6444, 'low': 0.6086, 'close': 0.64, 'volume': 30872121.0} on topic 'crypto_prices'
[2024-10-26T09:49:26.350+0000] {kafka_stream.py:75} INFO - Data sent to Kafka: {'symbol': 'ICPUSDT', 'date': '2024-10-26', 'open': 7.705, 'high': 7.846, 'low': 7.617, 'close': 7.752, 'volume': 623878.33} on topic 'crypto_prices'
[2024-10-26T09:49:26.350+0000] {kafka_stream.py:75} INFO - Data sent to Kafka: {'symbol': 'ALGOUSDT', 'date': '2024-10-26', 'open': 0.1144, 'high': 0.1155, 'low': 0.1123, 'close': 0.1147, 'volume': 20820456.0} on topic 'crypto_prices'
[2024-10-26T09:49:26.353+0000] {kafka_stream.py:75} INFO - Data sent to Kafka: {'symbol': 'HBARUSDT', 'date': '2024-10-26', 'open': 0.0477, 'high': 0.0485, 'low': 0.047, 'close': 0.0483, 'volume': 67333474.0} on topic 'crypto_prices'
[2024-10-26T09:49:26.355+0000] {kafka_stream.py:75} INFO - Data sent to Kafka: {'symbol': 'VETUSDT', 'date': '2024-10-26', 'open': 0.02157, 'high': 0.02176, 'low': 0.02117, 'close': 0.02162, 'volume': 76539058.9} on topic 'crypto_prices'
[2024-10-26T09:49:26.356+0000] {kafka_stream.py:75} INFO - Data sent to Kafka: {'symbol': 'AXSUSDT', 'date': '2024-10-26', 'open': 4.639, 'high': 4.7, 'low': 4.534, 'close': 4.667, 'volume': 351476.12} on topic 'crypto_prices'
[2024-10-26T09:49:27.494+0000] {local_task_job_runner.py:124} ERROR - Received SIGTERM. Terminating subprocesses
[2024-10-26T09:49:27.627+0000] {process_utils.py:132} INFO - Sending 15 to group 254. PIDs of all processes in the group: [254]
[2024-10-26T09:49:27.680+0000] {process_utils.py:87} INFO - Sending the signal 15 to group 254
[2024-10-26T09:49:27.691+0000] {taskinstance.py:2611} ERROR - Received SIGTERM. Terminating subprocesses.
[2024-10-26T09:49:27.700+0000] {taskinstance.py:441} INFO - ::group::Post task execution logs
[2024-10-26T09:49:27.794+0000] {taskinstance.py:2905} ERROR - Task failed with exception
Traceback (most recent call last):
  File "/home/airflow/.local/lib/python3.12/site-packages/airflow/models/taskinstance.py", line 465, in _execute_task
    result = _execute_callable(context=context, **execute_callable_kwargs)
             ^^^^^^^^^^^^^^^^^^^^^^^^^^^^^^^^^^^^^^^^^^^^^^^^^^^^^^^^^^^^^
  File "/home/airflow/.local/lib/python3.12/site-packages/airflow/models/taskinstance.py", line 432, in _execute_callable
    return execute_callable(context=context, **execute_callable_kwargs)
           ^^^^^^^^^^^^^^^^^^^^^^^^^^^^^^^^^^^^^^^^^^^^^^^^^^^^^^^^^^^^
  File "/home/airflow/.local/lib/python3.12/site-packages/airflow/models/baseoperator.py", line 401, in wrapper
    return func(self, *args, **kwargs)
           ^^^^^^^^^^^^^^^^^^^^^^^^^^^
  File "/home/airflow/.local/lib/python3.12/site-packages/airflow/operators/python.py", line 235, in execute
    return_value = self.execute_callable()
                   ^^^^^^^^^^^^^^^^^^^^^^^
  File "/home/airflow/.local/lib/python3.12/site-packages/airflow/operators/python.py", line 252, in execute_callable
    return self.python_callable(*self.op_args, **self.op_kwargs)
           ^^^^^^^^^^^^^^^^^^^^^^^^^^^^^^^^^^^^^^^^^^^^^^^^^^^^^
  File "/opt/airflow/dags/kafka_stream.py", line 80, in stream_data_on_price_change
    time.sleep(random.uniform(5, 15))  # Adjust time as needed for your use case
    ^^^^^^^^^^^^^^^^^^^^^^^^^^^^^^^^^
  File "/home/airflow/.local/lib/python3.12/site-packages/airflow/models/taskinstance.py", line 2613, in signal_handler
    raise AirflowTaskTerminated("Task received SIGTERM signal")
airflow.exceptions.AirflowTaskTerminated: Task received SIGTERM signal
[2024-10-26T09:49:27.977+0000] {taskinstance.py:1206} INFO - Marking task as FAILED. dag_id=crypto_price_automation, task_id=stream_crypto_prices_on_change, run_id=manual__2024-10-25T15:37:40.267824+00:00, execution_date=20241025T153740, start_date=20241026T094144, end_date=20241026T094927
[2024-10-26T09:49:28.179+0000] {conn.py:850} ERROR - <BrokerConnection node_id=1002 host=kafka:9093 <connected> [IPv4 ('172.21.0.10', 9093)]>: socket disconnected
[2024-10-26T09:49:28.199+0000] {conn.py:673} ERROR - <BrokerConnection node_id=1002 host=kafka:9093 <connected> [IPv4 ('172.21.0.10', 9093)]>: Closing connection. KafkaConnectionError: socket disconnected
[2024-10-26T09:49:28.231+0000] {client_async.py:330} WARNING - Node 1002 connection failed -- refreshing metadata
[2024-10-26T09:49:28.401+0000] {conn.py:362} INFO - <BrokerConnection node_id=1002 host=kafka:9093 <connecting> [IPv4 ('172.21.0.10', 9093)]>: connecting to kafka:9093 [('172.21.0.10', 9093) IPv4]
[2024-10-26T09:49:28.405+0000] {conn.py:402} ERROR - Connect attempt to <BrokerConnection node_id=1002 host=kafka:9093 <connecting> [IPv4 ('172.21.0.10', 9093)]> returned error 111. Disconnecting.
[2024-10-26T09:49:28.458+0000] {logging_mixin.py:188} WARNING - --- Logging error ---
[2024-10-26T09:49:28.534+0000] {logging_mixin.py:188} WARNING - Traceback (most recent call last):
[2024-10-26T09:49:28.541+0000] {logging_mixin.py:188} WARNING -   File "/usr/local/lib/python3.12/logging/__init__.py", line 1163, in emit
    stream.write(msg + self.terminator)
    ^^^^^^^^^^^^
[2024-10-26T09:49:28.543+0000] {logging_mixin.py:188} WARNING - AttributeError: 'NoneType' object has no attribute 'write'
[2024-10-26T09:49:28.548+0000] {logging_mixin.py:188} WARNING - Call stack:
[2024-10-26T09:49:28.578+0000] {logging_mixin.py:188} WARNING -   File "/usr/local/lib/python3.12/threading.py", line 1030, in _bootstrap
    self._bootstrap_inner()
[2024-10-26T09:49:28.579+0000] {logging_mixin.py:188} WARNING -   File "/usr/local/lib/python3.12/threading.py", line 1073, in _bootstrap_inner
    self.run()
[2024-10-26T09:49:28.584+0000] {logging_mixin.py:188} WARNING -   File "/home/***/.local/lib/python3.12/site-packages/kafka/producer/sender.py", line 56, in run
    self.run_once()
[2024-10-26T09:49:28.587+0000] {logging_mixin.py:188} WARNING -   File "/home/***/.local/lib/python3.12/site-packages/kafka/producer/sender.py", line 156, in run_once
    self._client.poll(timeout_ms=poll_timeout_ms)
[2024-10-26T09:49:28.588+0000] {logging_mixin.py:188} WARNING -   File "/home/***/.local/lib/python3.12/site-packages/kafka/client_async.py", line 601, in poll
    self._poll(timeout / 1000)
[2024-10-26T09:49:28.590+0000] {logging_mixin.py:188} WARNING -   File "/home/***/.local/lib/python3.12/site-packages/kafka/client_async.py", line 650, in _poll
    conn.connect()
[2024-10-26T09:49:28.592+0000] {logging_mixin.py:188} WARNING -   File "/home/***/.local/lib/python3.12/site-packages/kafka/conn.py", line 405, in connect
    self.close(Errors.KafkaConnectionError(f'{ret} {errstr}'))
[2024-10-26T09:49:28.593+0000] {logging_mixin.py:188} WARNING -   File "/home/***/.local/lib/python3.12/site-packages/kafka/conn.py", line 673, in close
    log.log(logging.ERROR if error else logging.INFO, '%s: Closing connection. %s', self, error or '')
[2024-10-26T09:49:28.595+0000] {logging_mixin.py:188} WARNING -   File "/usr/local/lib/python3.12/logging/__init__.py", line 1609, in log
    self._log(level, msg, args, **kwargs)
[2024-10-26T09:49:28.597+0000] {logging_mixin.py:188} WARNING -   File "/usr/local/lib/python3.12/logging/__init__.py", line 1684, in _log
    self.handle(record)
[2024-10-26T09:49:28.600+0000] {logging_mixin.py:188} WARNING -   File "/usr/local/lib/python3.12/logging/__init__.py", line 1700, in handle
    self.callHandlers(record)
[2024-10-26T09:49:28.602+0000] {logging_mixin.py:188} WARNING -   File "/usr/local/lib/python3.12/logging/__init__.py", line 1762, in callHandlers
    hdlr.handle(record)
[2024-10-26T09:49:28.604+0000] {logging_mixin.py:188} WARNING -   File "/usr/local/lib/python3.12/logging/__init__.py", line 1028, in handle
    self.emit(record)
[2024-10-26T09:49:28.605+0000] {logging_mixin.py:188} WARNING -   File "/home/***/.local/lib/python3.12/site-packages/***/utils/log/file_task_handler.py", line 248, in emit
    self.handler.emit(record)
[2024-10-26T09:49:28.607+0000] {logging_mixin.py:188} WARNING - Message: '%s: Closing connection. %s'
Arguments: (<kafka.conn.BrokerConnection object at 0x7f9933e02660>, KafkaConnectionError('111 ECONNREFUSED'))
[2024-10-26T09:49:28.608+0000] {client_async.py:330} WARNING - Node 1002 connection failed -- refreshing metadata
[2024-10-26T09:49:28.671+0000] {process_utils.py:80} INFO - Process psutil.Process(pid=254, status='terminated', exitcode=2, started='09:41:44') (254) terminated with exit code 2
[2024-10-26T09:49:28.674+0000] {local_task_job_runner.py:243} INFO - Task exited with return code 143
[2024-10-26T09:49:28.763+0000] {taskinstance.py:3503} INFO - 0 downstream tasks scheduled from follow-on schedule check
[2024-10-26T09:49:32.392+0000] {local_task_job_runner.py:222} INFO - ::endgroup::
