[2024-10-26T09:41:43.677+0000] {local_task_job_runner.py:120} INFO - ::group::Pre task execution logs
[2024-10-26T09:41:44.619+0000] {taskinstance.py:2076} INFO - Dependencies all met for dep_context=non-requeueable deps ti=<TaskInstance: crypto_price_automation.stream_crypto_prices_on_change scheduled__2024-10-25T00:00:00+00:00 [queued]>
[2024-10-26T09:41:44.874+0000] {taskinstance.py:2076} INFO - Dependencies all met for dep_context=requeueable deps ti=<TaskInstance: crypto_price_automation.stream_crypto_prices_on_change scheduled__2024-10-25T00:00:00+00:00 [queued]>
[2024-10-26T09:41:44.880+0000] {taskinstance.py:2306} INFO - Starting attempt 2 of 1
[2024-10-26T09:41:45.507+0000] {taskinstance.py:2330} INFO - Executing <Task(PythonOperator): stream_crypto_prices_on_change> on 2024-10-25 00:00:00+00:00
[2024-10-26T09:41:45.648+0000] {standard_task_runner.py:90} INFO - Running: ['***', 'tasks', 'run', 'crypto_price_automation', 'stream_crypto_prices_on_change', 'scheduled__2024-10-25T00:00:00+00:00', '--job-id', '182', '--raw', '--subdir', 'DAGS_FOLDER/kafka_stream.py', '--cfg-path', '/tmp/tmppiw7n5hr']
[2024-10-26T09:41:45.740+0000] {standard_task_runner.py:91} INFO - Job 182: Subtask stream_crypto_prices_on_change
[2024-10-26T09:41:45.836+0000] {logging_mixin.py:188} WARNING - /home/***/.local/lib/python3.12/site-packages/***/task/task_runner/standard_task_runner.py:62 DeprecationWarning: This process (pid=251) is multi-threaded, use of fork() may lead to deadlocks in the child.
[2024-10-26T09:41:45.852+0000] {standard_task_runner.py:64} INFO - Started process 253 to run task
[2024-10-26T09:41:46.598+0000] {task_command.py:426} INFO - Running <TaskInstance: crypto_price_automation.stream_crypto_prices_on_change scheduled__2024-10-25T00:00:00+00:00 [running]> on host 99d2c9a4153a
[2024-10-26T09:41:48.162+0000] {taskinstance.py:2648} INFO - Exporting env vars: AIRFLOW_CTX_DAG_OWNER='admin' AIRFLOW_CTX_DAG_ID='crypto_price_automation' AIRFLOW_CTX_TASK_ID='stream_crypto_prices_on_change' AIRFLOW_CTX_EXECUTION_DATE='2024-10-25T00:00:00+00:00' AIRFLOW_CTX_TRY_NUMBER='2' AIRFLOW_CTX_DAG_RUN_ID='scheduled__2024-10-25T00:00:00+00:00'
[2024-10-26T09:41:48.179+0000] {taskinstance.py:430} INFO - ::endgroup::
[2024-10-26T09:41:48.576+0000] {conn.py:362} INFO - <BrokerConnection node_id=bootstrap-0 host=kafka:9093 <connecting> [IPv4 ('172.21.0.10', 9093)]>: connecting to kafka:9093 [('172.21.0.10', 9093) IPv4]
[2024-10-26T09:41:48.594+0000] {conn.py:957} INFO - Probing node bootstrap-0 broker version
[2024-10-26T09:41:48.602+0000] {conn.py:393} INFO - <BrokerConnection node_id=bootstrap-0 host=kafka:9093 <connecting> [IPv4 ('172.21.0.10', 9093)]>: Connection complete.
[2024-10-26T09:41:49.610+0000] {conn.py:1019} INFO - Broker version identified as 2.6.0
[2024-10-26T09:41:49.613+0000] {conn.py:1020} INFO - Set configuration api_version=(2, 6, 0) to skip auto check_version requests on startup
[2024-10-26T09:42:10.851+0000] {kafka_stream.py:75} INFO - Data sent to Kafka: {'symbol': 'BTCUSDT', 'date': '2024-10-26', 'open': 66698.32, 'high': 67264.34, 'low': 66439.9, 'close': 67142.04, 'volume': 5799.80379} on topic 'crypto_prices'
[2024-10-26T09:42:10.872+0000] {kafka_stream.py:75} INFO - Data sent to Kafka: {'symbol': 'ETHUSDT', 'date': '2024-10-26', 'open': 2440.63, 'high': 2479.7, 'low': 2430.12, 'close': 2472.65, 'volume': 112724.9252} on topic 'crypto_prices'
[2024-10-26T09:42:10.889+0000] {kafka_stream.py:75} INFO - Data sent to Kafka: {'symbol': 'BNBUSDT', 'date': '2024-10-26', 'open': 575.3, 'high': 584.4, 'low': 571.6, 'close': 583.1, 'volume': 68771.853} on topic 'crypto_prices'
[2024-10-26T09:42:10.903+0000] {kafka_stream.py:75} INFO - Data sent to Kafka: {'symbol': 'LTCUSDT', 'date': '2024-10-26', 'open': 68.83, 'high': 69.72, 'low': 68.3, 'close': 69.01, 'volume': 127217.423} on topic 'crypto_prices'
[2024-10-26T09:42:10.918+0000] {kafka_stream.py:75} INFO - Data sent to Kafka: {'symbol': 'XRPUSDT', 'date': '2024-10-26', 'open': 0.5022, 'high': 0.5154, 'low': 0.4989, 'close': 0.5141, 'volume': 72522326.0} on topic 'crypto_prices'
[2024-10-26T09:42:10.934+0000] {kafka_stream.py:75} INFO - Data sent to Kafka: {'symbol': 'DOGEUSDT', 'date': '2024-10-26', 'open': 0.13161, 'high': 0.13525, 'low': 0.13071, 'close': 0.13484, 'volume': 350833273.0} on topic 'crypto_prices'
[2024-10-26T09:42:10.949+0000] {kafka_stream.py:75} INFO - Data sent to Kafka: {'symbol': 'ADAUSDT', 'date': '2024-10-26', 'open': 0.326, 'high': 0.3338, 'low': 0.3206, 'close': 0.3307, 'volume': 44400744.5} on topic 'crypto_prices'
[2024-10-26T09:42:10.951+0000] {kafka_stream.py:75} INFO - Data sent to Kafka: {'symbol': 'SOLUSDT', 'date': '2024-10-26', 'open': 164.91, 'high': 169.56, 'low': 162.43, 'close': 168.96, 'volume': 1553438.628} on topic 'crypto_prices'
[2024-10-26T09:42:10.937+0000] {conn.py:362} INFO - <BrokerConnection node_id=1002 host=kafka:9093 <connecting> [IPv4 ('172.21.0.10', 9093)]>: connecting to kafka:9093 [('172.21.0.10', 9093) IPv4]
[2024-10-26T09:42:10.952+0000] {kafka_stream.py:75} INFO - Data sent to Kafka: {'symbol': 'DOTUSDT', 'date': '2024-10-26', 'open': 3.996, 'high': 4.061, 'low': 3.943, 'close': 4.041, 'volume': 1434521.13} on topic 'crypto_prices'
[2024-10-26T09:42:10.961+0000] {conn.py:393} INFO - <BrokerConnection node_id=1002 host=kafka:9093 <connecting> [IPv4 ('172.21.0.10', 9093)]>: Connection complete.
[2024-10-26T09:42:10.962+0000] {kafka_stream.py:75} INFO - Data sent to Kafka: {'symbol': 'MATICUSDT', 'date': '2024-10-26', 'open': 0.3821, 'high': 0.3826, 'low': 0.3774, 'close': 0.3794, 'volume': 4452579.6} on topic 'crypto_prices'
[2024-10-26T09:42:10.971+0000] {conn.py:673} INFO - <BrokerConnection node_id=bootstrap-0 host=kafka:9093 <connected> [IPv4 ('172.21.0.10', 9093)]>: Closing connection. 
[2024-10-26T09:42:10.981+0000] {kafka_stream.py:75} INFO - Data sent to Kafka: {'symbol': 'AVAXUSDT', 'date': '2024-10-26', 'open': 24.94, 'high': 25.67, 'low': 24.56, 'close': 25.58, 'volume': 617257.63} on topic 'crypto_prices'
[2024-10-26T09:42:11.002+0000] {kafka_stream.py:75} INFO - Data sent to Kafka: {'symbol': 'SHIBUSDT', 'date': '2024-10-26', 'open': 1.656e-05, 'high': 1.701e-05, 'low': 1.637e-05, 'close': 1.693e-05, 'volume': 968502762656.0} on topic 'crypto_prices'
[2024-10-26T09:42:11.014+0000] {kafka_stream.py:75} INFO - Data sent to Kafka: {'symbol': 'ATOMUSDT', 'date': '2024-10-26', 'open': 4.414, 'high': 4.512, 'low': 4.341, 'close': 4.446, 'volume': 738788.71} on topic 'crypto_prices'
[2024-10-26T09:42:11.017+0000] {kafka_stream.py:75} INFO - Data sent to Kafka: {'symbol': 'LINKUSDT', 'date': '2024-10-26', 'open': 11.14, 'high': 11.4, 'low': 10.96, 'close': 11.18, 'volume': 1260753.02} on topic 'crypto_prices'
[2024-10-26T09:42:11.019+0000] {kafka_stream.py:75} INFO - Data sent to Kafka: {'symbol': 'TRXUSDT', 'date': '2024-10-26', 'open': 0.1625, 'high': 0.1649, 'low': 0.1624, 'close': 0.1649, 'volume': 97176062.1} on topic 'crypto_prices'
[2024-10-26T09:42:11.021+0000] {kafka_stream.py:75} INFO - Data sent to Kafka: {'symbol': 'UNIUSDT', 'date': '2024-10-26', 'open': 7.432, 'high': 7.782, 'low': 7.316, 'close': 7.61, 'volume': 2530764.47} on topic 'crypto_prices'
[2024-10-26T09:42:11.025+0000] {kafka_stream.py:75} INFO - Data sent to Kafka: {'symbol': 'XLMUSDT', 'date': '2024-10-26', 'open': 0.0934, 'high': 0.095, 'low': 0.0928, 'close': 0.0941, 'volume': 27891403.0} on topic 'crypto_prices'
[2024-10-26T09:42:11.028+0000] {kafka_stream.py:75} INFO - Data sent to Kafka: {'symbol': 'FTMUSDT', 'date': '2024-10-26', 'open': 0.6202, 'high': 0.6444, 'low': 0.6086, 'close': 0.6397, 'volume': 27362009.0} on topic 'crypto_prices'
[2024-10-26T09:42:11.039+0000] {kafka_stream.py:75} INFO - Data sent to Kafka: {'symbol': 'NEARUSDT', 'date': '2024-10-26', 'open': 4.172, 'high': 4.252, 'low': 4.099, 'close': 4.237, 'volume': 5100826.7} on topic 'crypto_prices'
[2024-10-26T09:42:11.043+0000] {kafka_stream.py:75} INFO - Data sent to Kafka: {'symbol': 'ICPUSDT', 'date': '2024-10-26', 'open': 7.705, 'high': 7.846, 'low': 7.617, 'close': 7.753, 'volume': 620822.74} on topic 'crypto_prices'
[2024-10-26T09:42:11.052+0000] {kafka_stream.py:75} INFO - Data sent to Kafka: {'symbol': 'FILUSDT', 'date': '2024-10-26', 'open': 3.441, 'high': 3.49, 'low': 3.388, 'close': 3.461, 'volume': 2333954.68} on topic 'crypto_prices'
[2024-10-26T09:42:11.057+0000] {kafka_stream.py:75} INFO - Data sent to Kafka: {'symbol': 'ALGOUSDT', 'date': '2024-10-26', 'open': 0.1144, 'high': 0.1155, 'low': 0.1123, 'close': 0.1148, 'volume': 20668699.0} on topic 'crypto_prices'
[2024-10-26T09:42:11.061+0000] {kafka_stream.py:75} INFO - Data sent to Kafka: {'symbol': 'HBARUSDT', 'date': '2024-10-26', 'open': 0.0477, 'high': 0.0485, 'low': 0.047, 'close': 0.0482, 'volume': 66058675.0} on topic 'crypto_prices'
[2024-10-26T09:42:11.091+0000] {kafka_stream.py:75} INFO - Data sent to Kafka: {'symbol': 'SANDUSDT', 'date': '2024-10-26', 'open': 0.2433, 'high': 0.2485, 'low': 0.2385, 'close': 0.2473, 'volume': 10787932.0} on topic 'crypto_prices'
[2024-10-26T09:42:11.100+0000] {kafka_stream.py:75} INFO - Data sent to Kafka: {'symbol': 'MANAUSDT', 'date': '2024-10-26', 'open': 0.2846, 'high': 0.2904, 'low': 0.279, 'close': 0.2885, 'volume': 3993025.0} on topic 'crypto_prices'
[2024-10-26T09:42:11.120+0000] {kafka_stream.py:75} INFO - Data sent to Kafka: {'symbol': 'VETUSDT', 'date': '2024-10-26', 'open': 0.02157, 'high': 0.02176, 'low': 0.02117, 'close': 0.02165, 'volume': 76018621.2} on topic 'crypto_prices'
[2024-10-26T09:42:11.122+0000] {kafka_stream.py:75} INFO - Data sent to Kafka: {'symbol': 'XTZUSDT', 'date': '2024-10-26', 'open': 0.626, 'high': 0.639, 'low': 0.62, 'close': 0.634, 'volume': 999008.7} on topic 'crypto_prices'
[2024-10-26T09:42:11.196+0000] {kafka_stream.py:75} INFO - Data sent to Kafka: {'symbol': 'THETAUSDT', 'date': '2024-10-26', 'open': 1.139, 'high': 1.158, 'low': 1.11, 'close': 1.146, 'volume': 1749575.5} on topic 'crypto_prices'
[2024-10-26T09:42:11.198+0000] {kafka_stream.py:75} INFO - Data sent to Kafka: {'symbol': 'AXSUSDT', 'date': '2024-10-26', 'open': 4.639, 'high': 4.7, 'low': 4.534, 'close': 4.662, 'volume': 347890.14} on topic 'crypto_prices'
[2024-10-26T09:42:11.219+0000] {kafka_stream.py:75} INFO - Data sent to Kafka: {'symbol': 'FTTUSDT', 'date': '2024-10-26', 'open': 1.6898, 'high': 1.7766, 'low': 1.6632, 'close': 1.7301, 'volume': 1464782.25} on topic 'crypto_prices'
[2024-10-26T09:42:32.765+0000] {kafka_stream.py:75} INFO - Data sent to Kafka: {'symbol': 'BTCUSDT', 'date': '2024-10-26', 'open': 66698.32, 'high': 67264.34, 'low': 66439.9, 'close': 67150.64, 'volume': 5801.10921} on topic 'crypto_prices'
[2024-10-26T09:42:32.781+0000] {kafka_stream.py:75} INFO - Data sent to Kafka: {'symbol': 'ETHUSDT', 'date': '2024-10-26', 'open': 2440.63, 'high': 2479.7, 'low': 2430.12, 'close': 2473.01, 'volume': 112893.624} on topic 'crypto_prices'
[2024-10-26T09:42:32.796+0000] {kafka_stream.py:75} INFO - Data sent to Kafka: {'symbol': 'DOGEUSDT', 'date': '2024-10-26', 'open': 0.13161, 'high': 0.13525, 'low': 0.13071, 'close': 0.1349, 'volume': 350953374.0} on topic 'crypto_prices'
[2024-10-26T09:42:32.815+0000] {kafka_stream.py:75} INFO - Data sent to Kafka: {'symbol': 'ADAUSDT', 'date': '2024-10-26', 'open': 0.326, 'high': 0.3338, 'low': 0.3206, 'close': 0.3309, 'volume': 44412968.2} on topic 'crypto_prices'
[2024-10-26T09:42:32.826+0000] {kafka_stream.py:75} INFO - Data sent to Kafka: {'symbol': 'SOLUSDT', 'date': '2024-10-26', 'open': 164.91, 'high': 169.56, 'low': 162.43, 'close': 169.06, 'volume': 1553962.49} on topic 'crypto_prices'
[2024-10-26T09:42:32.830+0000] {kafka_stream.py:75} INFO - Data sent to Kafka: {'symbol': 'DOTUSDT', 'date': '2024-10-26', 'open': 3.996, 'high': 4.061, 'low': 3.943, 'close': 4.042, 'volume': 1435897.87} on topic 'crypto_prices'
[2024-10-26T09:42:32.838+0000] {kafka_stream.py:75} INFO - Data sent to Kafka: {'symbol': 'AVAXUSDT', 'date': '2024-10-26', 'open': 24.94, 'high': 25.67, 'low': 24.56, 'close': 25.59, 'volume': 617368.37} on topic 'crypto_prices'
[2024-10-26T09:42:32.845+0000] {kafka_stream.py:75} INFO - Data sent to Kafka: {'symbol': 'SHIBUSDT', 'date': '2024-10-26', 'open': 1.656e-05, 'high': 1.701e-05, 'low': 1.637e-05, 'close': 1.694e-05, 'volume': 968598899564.0} on topic 'crypto_prices'
[2024-10-26T09:42:32.852+0000] {kafka_stream.py:75} INFO - Data sent to Kafka: {'symbol': 'ATOMUSDT', 'date': '2024-10-26', 'open': 4.414, 'high': 4.512, 'low': 4.341, 'close': 4.447, 'volume': 738797.62} on topic 'crypto_prices'
[2024-10-26T09:42:32.861+0000] {kafka_stream.py:75} INFO - Data sent to Kafka: {'symbol': 'UNIUSDT', 'date': '2024-10-26', 'open': 7.432, 'high': 7.782, 'low': 7.316, 'close': 7.615, 'volume': 2530783.26} on topic 'crypto_prices'
[2024-10-26T09:42:32.865+0000] {kafka_stream.py:75} INFO - Data sent to Kafka: {'symbol': 'FTMUSDT', 'date': '2024-10-26', 'open': 0.6202, 'high': 0.6444, 'low': 0.6086, 'close': 0.6404, 'volume': 27364823.0} on topic 'crypto_prices'
[2024-10-26T09:42:32.866+0000] {kafka_stream.py:75} INFO - Data sent to Kafka: {'symbol': 'NEARUSDT', 'date': '2024-10-26', 'open': 4.172, 'high': 4.252, 'low': 4.099, 'close': 4.239, 'volume': 5101620.9} on topic 'crypto_prices'
[2024-10-26T09:42:32.873+0000] {kafka_stream.py:75} INFO - Data sent to Kafka: {'symbol': 'ICPUSDT', 'date': '2024-10-26', 'open': 7.705, 'high': 7.846, 'low': 7.617, 'close': 7.757, 'volume': 621187.78} on topic 'crypto_prices'
[2024-10-26T09:42:32.875+0000] {kafka_stream.py:75} INFO - Data sent to Kafka: {'symbol': 'FILUSDT', 'date': '2024-10-26', 'open': 3.441, 'high': 3.49, 'low': 3.388, 'close': 3.463, 'volume': 2334387.89} on topic 'crypto_prices'
[2024-10-26T09:42:32.878+0000] {kafka_stream.py:75} INFO - Data sent to Kafka: {'symbol': 'HBARUSDT', 'date': '2024-10-26', 'open': 0.0477, 'high': 0.0485, 'low': 0.047, 'close': 0.0483, 'volume': 66058994.0} on topic 'crypto_prices'
[2024-10-26T09:42:32.880+0000] {kafka_stream.py:75} INFO - Data sent to Kafka: {'symbol': 'SANDUSDT', 'date': '2024-10-26', 'open': 0.2433, 'high': 0.2485, 'low': 0.2385, 'close': 0.2474, 'volume': 10788069.0} on topic 'crypto_prices'
[2024-10-26T09:42:32.883+0000] {kafka_stream.py:75} INFO - Data sent to Kafka: {'symbol': 'AXSUSDT', 'date': '2024-10-26', 'open': 4.639, 'high': 4.7, 'low': 4.534, 'close': 4.664, 'volume': 347893.64} on topic 'crypto_prices'
[2024-10-26T09:42:32.888+0000] {kafka_stream.py:75} INFO - Data sent to Kafka: {'symbol': 'FTTUSDT', 'date': '2024-10-26', 'open': 1.6898, 'high': 1.7766, 'low': 1.6632, 'close': 1.7312, 'volume': 1464831.52} on topic 'crypto_prices'
[2024-10-26T09:42:40.877+0000] {record_accumulator.py:71} WARNING - Produced messages to topic-partition ('crypto_prices', 0) with base offset -1 log start offset None and error None.
[2024-10-26T09:42:40.879+0000] {record_accumulator.py:330} WARNING - Expired 1 batches in accumulator
[2024-10-26T09:42:57.068+0000] {kafka_stream.py:75} INFO - Data sent to Kafka: {'symbol': 'BTCUSDT', 'date': '2024-10-26', 'open': 66698.32, 'high': 67264.34, 'low': 66439.9, 'close': 67157.33, 'volume': 5802.3472} on topic 'crypto_prices'
[2024-10-26T09:42:57.070+0000] {kafka_stream.py:75} INFO - Data sent to Kafka: {'symbol': 'ETHUSDT', 'date': '2024-10-26', 'open': 2440.63, 'high': 2479.7, 'low': 2430.12, 'close': 2473.41, 'volume': 112974.2906} on topic 'crypto_prices'
[2024-10-26T09:42:57.072+0000] {kafka_stream.py:75} INFO - Data sent to Kafka: {'symbol': 'BNBUSDT', 'date': '2024-10-26', 'open': 575.3, 'high': 584.4, 'low': 571.6, 'close': 583.2, 'volume': 68775.502} on topic 'crypto_prices'
[2024-10-26T09:42:57.073+0000] {kafka_stream.py:75} INFO - Data sent to Kafka: {'symbol': 'LTCUSDT', 'date': '2024-10-26', 'open': 68.83, 'high': 69.72, 'low': 68.3, 'close': 69.02, 'volume': 127251.997} on topic 'crypto_prices'
[2024-10-26T09:42:57.075+0000] {kafka_stream.py:75} INFO - Data sent to Kafka: {'symbol': 'ADAUSDT', 'date': '2024-10-26', 'open': 0.326, 'high': 0.3338, 'low': 0.3206, 'close': 0.3308, 'volume': 44414494.3} on topic 'crypto_prices'
[2024-10-26T09:42:57.076+0000] {kafka_stream.py:75} INFO - Data sent to Kafka: {'symbol': 'SOLUSDT', 'date': '2024-10-26', 'open': 164.91, 'high': 169.56, 'low': 162.43, 'close': 169.05, 'volume': 1554204.91} on topic 'crypto_prices'
[2024-10-26T09:42:57.078+0000] {kafka_stream.py:75} INFO - Data sent to Kafka: {'symbol': 'SHIBUSDT', 'date': '2024-10-26', 'open': 1.656e-05, 'high': 1.701e-05, 'low': 1.637e-05, 'close': 1.693e-05, 'volume': 968615419341.0} on topic 'crypto_prices'
[2024-10-26T09:42:57.079+0000] {kafka_stream.py:75} INFO - Data sent to Kafka: {'symbol': 'ATOMUSDT', 'date': '2024-10-26', 'open': 4.414, 'high': 4.512, 'low': 4.341, 'close': 4.448, 'volume': 738840.25} on topic 'crypto_prices'
[2024-10-26T09:42:57.081+0000] {kafka_stream.py:75} INFO - Data sent to Kafka: {'symbol': 'LINKUSDT', 'date': '2024-10-26', 'open': 11.14, 'high': 11.4, 'low': 10.96, 'close': 11.17, 'volume': 1262461.41} on topic 'crypto_prices'
[2024-10-26T09:42:57.082+0000] {kafka_stream.py:75} INFO - Data sent to Kafka: {'symbol': 'UNIUSDT', 'date': '2024-10-26', 'open': 7.432, 'high': 7.782, 'low': 7.316, 'close': 7.618, 'volume': 2530816.06} on topic 'crypto_prices'
[2024-10-26T09:42:57.083+0000] {kafka_stream.py:75} INFO - Data sent to Kafka: {'symbol': 'FTMUSDT', 'date': '2024-10-26', 'open': 0.6202, 'high': 0.6444, 'low': 0.6086, 'close': 0.6412, 'volume': 27366984.0} on topic 'crypto_prices'
[2024-10-26T09:42:57.085+0000] {kafka_stream.py:75} INFO - Data sent to Kafka: {'symbol': 'NEARUSDT', 'date': '2024-10-26', 'open': 4.172, 'high': 4.252, 'low': 4.099, 'close': 4.238, 'volume': 5102248.4} on topic 'crypto_prices'
[2024-10-26T09:42:57.086+0000] {kafka_stream.py:75} INFO - Data sent to Kafka: {'symbol': 'ICPUSDT', 'date': '2024-10-26', 'open': 7.705, 'high': 7.846, 'low': 7.617, 'close': 7.756, 'volume': 621203.86} on topic 'crypto_prices'
[2024-10-26T09:42:57.087+0000] {kafka_stream.py:75} INFO - Data sent to Kafka: {'symbol': 'FILUSDT', 'date': '2024-10-26', 'open': 3.441, 'high': 3.49, 'low': 3.388, 'close': 3.462, 'volume': 2334393.62} on topic 'crypto_prices'
[2024-10-26T09:42:57.088+0000] {kafka_stream.py:75} INFO - Data sent to Kafka: {'symbol': 'ALGOUSDT', 'date': '2024-10-26', 'open': 0.1144, 'high': 0.1155, 'low': 0.1123, 'close': 0.1149, 'volume': 20712209.0} on topic 'crypto_prices'
[2024-10-26T09:42:57.090+0000] {kafka_stream.py:75} INFO - Data sent to Kafka: {'symbol': 'HBARUSDT', 'date': '2024-10-26', 'open': 0.0477, 'high': 0.0485, 'low': 0.047, 'close': 0.0482, 'volume': 66060483.0} on topic 'crypto_prices'
[2024-10-26T09:42:57.091+0000] {kafka_stream.py:75} INFO - Data sent to Kafka: {'symbol': 'SANDUSDT', 'date': '2024-10-26', 'open': 0.2433, 'high': 0.2485, 'low': 0.2385, 'close': 0.2473, 'volume': 10788449.0} on topic 'crypto_prices'
[2024-10-26T09:42:57.092+0000] {kafka_stream.py:75} INFO - Data sent to Kafka: {'symbol': 'FTTUSDT', 'date': '2024-10-26', 'open': 1.6898, 'high': 1.7766, 'low': 1.6632, 'close': 1.7315, 'volume': 1465708.27} on topic 'crypto_prices'
[2024-10-26T09:43:22.924+0000] {kafka_stream.py:75} INFO - Data sent to Kafka: {'symbol': 'BTCUSDT', 'date': '2024-10-26', 'open': 66698.32, 'high': 67264.34, 'low': 66439.9, 'close': 67158.0, 'volume': 5802.66531} on topic 'crypto_prices'
[2024-10-26T09:43:23.240+0000] {kafka_stream.py:75} INFO - Data sent to Kafka: {'symbol': 'ETHUSDT', 'date': '2024-10-26', 'open': 2440.63, 'high': 2479.7, 'low': 2430.12, 'close': 2473.19, 'volume': 113019.0425} on topic 'crypto_prices'
[2024-10-26T09:43:23.331+0000] {kafka_stream.py:75} INFO - Data sent to Kafka: {'symbol': 'BNBUSDT', 'date': '2024-10-26', 'open': 575.3, 'high': 584.4, 'low': 571.6, 'close': 583.1, 'volume': 68785.212} on topic 'crypto_prices'
[2024-10-26T09:43:23.448+0000] {kafka_stream.py:75} INFO - Data sent to Kafka: {'symbol': 'DOGEUSDT', 'date': '2024-10-26', 'open': 0.13161, 'high': 0.13525, 'low': 0.13071, 'close': 0.13485, 'volume': 350956707.0} on topic 'crypto_prices'
[2024-10-26T09:43:23.547+0000] {kafka_stream.py:75} INFO - Data sent to Kafka: {'symbol': 'SOLUSDT', 'date': '2024-10-26', 'open': 164.91, 'high': 169.56, 'low': 162.43, 'close': 168.94, 'volume': 1554464.911} on topic 'crypto_prices'
[2024-10-26T09:43:23.676+0000] {kafka_stream.py:75} INFO - Data sent to Kafka: {'symbol': 'DOTUSDT', 'date': '2024-10-26', 'open': 3.996, 'high': 4.061, 'low': 3.943, 'close': 4.041, 'volume': 1435959.87} on topic 'crypto_prices'
[2024-10-26T09:43:23.833+0000] {kafka_stream.py:75} INFO - Data sent to Kafka: {'symbol': 'AVAXUSDT', 'date': '2024-10-26', 'open': 24.94, 'high': 25.67, 'low': 24.56, 'close': 25.58, 'volume': 617578.26} on topic 'crypto_prices'
[2024-10-26T09:43:24.376+0000] {kafka_stream.py:75} INFO - Data sent to Kafka: {'symbol': 'UNIUSDT', 'date': '2024-10-26', 'open': 7.432, 'high': 7.782, 'low': 7.316, 'close': 7.616, 'volume': 2531138.87} on topic 'crypto_prices'
[2024-10-26T09:43:24.650+0000] {kafka_stream.py:75} INFO - Data sent to Kafka: {'symbol': 'XLMUSDT', 'date': '2024-10-26', 'open': 0.0934, 'high': 0.095, 'low': 0.0928, 'close': 0.0942, 'volume': 27892475.0} on topic 'crypto_prices'
[2024-10-26T09:43:24.837+0000] {kafka_stream.py:75} INFO - Data sent to Kafka: {'symbol': 'FTMUSDT', 'date': '2024-10-26', 'open': 0.6202, 'high': 0.6444, 'low': 0.6086, 'close': 0.6415, 'volume': 27463469.0} on topic 'crypto_prices'
[2024-10-26T09:43:24.896+0000] {kafka_stream.py:75} INFO - Data sent to Kafka: {'symbol': 'NEARUSDT', 'date': '2024-10-26', 'open': 4.172, 'high': 4.252, 'low': 4.099, 'close': 4.237, 'volume': 5103322.7} on topic 'crypto_prices'
[2024-10-26T09:43:24.978+0000] {kafka_stream.py:75} INFO - Data sent to Kafka: {'symbol': 'ICPUSDT', 'date': '2024-10-26', 'open': 7.705, 'high': 7.846, 'low': 7.617, 'close': 7.755, 'volume': 622234.22} on topic 'crypto_prices'
[2024-10-26T09:43:24.995+0000] {kafka_stream.py:75} INFO - Data sent to Kafka: {'symbol': 'FILUSDT', 'date': '2024-10-26', 'open': 3.441, 'high': 3.49, 'low': 3.388, 'close': 3.463, 'volume': 2336036.99} on topic 'crypto_prices'
[2024-10-26T09:43:25.010+0000] {kafka_stream.py:75} INFO - Data sent to Kafka: {'symbol': 'HBARUSDT', 'date': '2024-10-26', 'open': 0.0477, 'high': 0.0485, 'low': 0.047, 'close': 0.0483, 'volume': 66062724.0} on topic 'crypto_prices'
[2024-10-26T09:43:25.125+0000] {kafka_stream.py:75} INFO - Data sent to Kafka: {'symbol': 'SANDUSDT', 'date': '2024-10-26', 'open': 0.2433, 'high': 0.2485, 'low': 0.2385, 'close': 0.2474, 'volume': 10788626.0} on topic 'crypto_prices'
[2024-10-26T09:43:25.264+0000] {kafka_stream.py:75} INFO - Data sent to Kafka: {'symbol': 'MANAUSDT', 'date': '2024-10-26', 'open': 0.2846, 'high': 0.2904, 'low': 0.279, 'close': 0.2886, 'volume': 3993046.0} on topic 'crypto_prices'
[2024-10-26T09:43:25.311+0000] {kafka_stream.py:75} INFO - Data sent to Kafka: {'symbol': 'AXSUSDT', 'date': '2024-10-26', 'open': 4.639, 'high': 4.7, 'low': 4.534, 'close': 4.67, 'volume': 348872.67} on topic 'crypto_prices'
[2024-10-26T09:43:25.393+0000] {kafka_stream.py:75} INFO - Data sent to Kafka: {'symbol': 'FTTUSDT', 'date': '2024-10-26', 'open': 1.6898, 'high': 1.7766, 'low': 1.6632, 'close': 1.7287, 'volume': 1467813.91} on topic 'crypto_prices'
[2024-10-26T09:43:27.229+0000] {record_accumulator.py:71} WARNING - Produced messages to topic-partition ('crypto_prices', 0) with base offset -1 log start offset None and error None.
[2024-10-26T09:43:27.289+0000] {record_accumulator.py:330} WARNING - Expired 1 batches in accumulator
[2024-10-26T09:43:54.993+0000] {kafka_stream.py:75} INFO - Data sent to Kafka: {'symbol': 'BTCUSDT', 'date': '2024-10-26', 'open': 66698.32, 'high': 67264.34, 'low': 66439.9, 'close': 67157.64, 'volume': 5809.52406} on topic 'crypto_prices'
[2024-10-26T09:43:55.023+0000] {kafka_stream.py:75} INFO - Data sent to Kafka: {'symbol': 'ETHUSDT', 'date': '2024-10-26', 'open': 2440.63, 'high': 2479.7, 'low': 2430.12, 'close': 2471.1, 'volume': 113561.2629} on topic 'crypto_prices'
[2024-10-26T09:43:55.027+0000] {kafka_stream.py:75} INFO - Data sent to Kafka: {'symbol': 'LTCUSDT', 'date': '2024-10-26', 'open': 68.83, 'high': 69.72, 'low': 68.3, 'close': 69.01, 'volume': 127414.479} on topic 'crypto_prices'
[2024-10-26T09:43:55.029+0000] {kafka_stream.py:75} INFO - Data sent to Kafka: {'symbol': 'DOGEUSDT', 'date': '2024-10-26', 'open': 0.13161, 'high': 0.13525, 'low': 0.13071, 'close': 0.13483, 'volume': 351167862.0} on topic 'crypto_prices'
[2024-10-26T09:43:55.033+0000] {kafka_stream.py:75} INFO - Data sent to Kafka: {'symbol': 'SOLUSDT', 'date': '2024-10-26', 'open': 164.91, 'high': 169.56, 'low': 162.43, 'close': 168.91, 'volume': 1555904.237} on topic 'crypto_prices'
[2024-10-26T09:43:55.042+0000] {kafka_stream.py:75} INFO - Data sent to Kafka: {'symbol': 'AVAXUSDT', 'date': '2024-10-26', 'open': 24.94, 'high': 25.67, 'low': 24.56, 'close': 25.57, 'volume': 618417.6} on topic 'crypto_prices'
[2024-10-26T09:43:55.066+0000] {kafka_stream.py:75} INFO - Data sent to Kafka: {'symbol': 'ATOMUSDT', 'date': '2024-10-26', 'open': 4.414, 'high': 4.512, 'low': 4.341, 'close': 4.444, 'volume': 739414.48} on topic 'crypto_prices'
[2024-10-26T09:43:55.076+0000] {kafka_stream.py:75} INFO - Data sent to Kafka: {'symbol': 'LINKUSDT', 'date': '2024-10-26', 'open': 11.14, 'high': 11.4, 'low': 10.96, 'close': 11.18, 'volume': 1262692.07} on topic 'crypto_prices'
[2024-10-26T09:43:55.078+0000] {kafka_stream.py:75} INFO - Data sent to Kafka: {'symbol': 'UNIUSDT', 'date': '2024-10-26', 'open': 7.432, 'high': 7.782, 'low': 7.316, 'close': 7.614, 'volume': 2533233.1} on topic 'crypto_prices'
[2024-10-26T09:43:55.091+0000] {kafka_stream.py:75} INFO - Data sent to Kafka: {'symbol': 'FTMUSDT', 'date': '2024-10-26', 'open': 0.6202, 'high': 0.6444, 'low': 0.6086, 'close': 0.6413, 'volume': 28552201.0} on topic 'crypto_prices'
[2024-10-26T09:43:55.105+0000] {kafka_stream.py:75} INFO - Data sent to Kafka: {'symbol': 'NEARUSDT', 'date': '2024-10-26', 'open': 4.172, 'high': 4.252, 'low': 4.099, 'close': 4.238, 'volume': 5111689.0} on topic 'crypto_prices'
[2024-10-26T09:43:55.107+0000] {kafka_stream.py:75} INFO - Data sent to Kafka: {'symbol': 'ICPUSDT', 'date': '2024-10-26', 'open': 7.705, 'high': 7.846, 'low': 7.617, 'close': 7.752, 'volume': 622490.99} on topic 'crypto_prices'
[2024-10-26T09:43:55.109+0000] {kafka_stream.py:75} INFO - Data sent to Kafka: {'symbol': 'FILUSDT', 'date': '2024-10-26', 'open': 3.441, 'high': 3.49, 'low': 3.388, 'close': 3.461, 'volume': 2336690.4} on topic 'crypto_prices'
[2024-10-26T09:43:55.110+0000] {kafka_stream.py:75} INFO - Data sent to Kafka: {'symbol': 'ALGOUSDT', 'date': '2024-10-26', 'open': 0.1144, 'high': 0.1155, 'low': 0.1123, 'close': 0.1147, 'volume': 20804641.0} on topic 'crypto_prices'
[2024-10-26T09:43:55.114+0000] {kafka_stream.py:75} INFO - Data sent to Kafka: {'symbol': 'HBARUSDT', 'date': '2024-10-26', 'open': 0.0477, 'high': 0.0485, 'low': 0.047, 'close': 0.0482, 'volume': 66109750.0} on topic 'crypto_prices'
[2024-10-26T09:43:55.121+0000] {kafka_stream.py:75} INFO - Data sent to Kafka: {'symbol': 'SANDUSDT', 'date': '2024-10-26', 'open': 0.2433, 'high': 0.2485, 'low': 0.2385, 'close': 0.2471, 'volume': 10791001.0} on topic 'crypto_prices'
[2024-10-26T09:43:55.124+0000] {kafka_stream.py:75} INFO - Data sent to Kafka: {'symbol': 'MANAUSDT', 'date': '2024-10-26', 'open': 0.2846, 'high': 0.2904, 'low': 0.279, 'close': 0.2883, 'volume': 3998796.0} on topic 'crypto_prices'
[2024-10-26T09:43:55.128+0000] {kafka_stream.py:75} INFO - Data sent to Kafka: {'symbol': 'VETUSDT', 'date': '2024-10-26', 'open': 0.02157, 'high': 0.02176, 'low': 0.02117, 'close': 0.02163, 'volume': 76317360.7} on topic 'crypto_prices'
[2024-10-26T09:43:55.130+0000] {kafka_stream.py:75} INFO - Data sent to Kafka: {'symbol': 'AXSUSDT', 'date': '2024-10-26', 'open': 4.639, 'high': 4.7, 'low': 4.534, 'close': 4.671, 'volume': 350225.73} on topic 'crypto_prices'
[2024-10-26T09:43:55.133+0000] {kafka_stream.py:75} INFO - Data sent to Kafka: {'symbol': 'FTTUSDT', 'date': '2024-10-26', 'open': 1.6898, 'high': 1.7766, 'low': 1.6632, 'close': 1.7292, 'volume': 1468169.23} on topic 'crypto_prices'
[2024-10-26T09:44:18.830+0000] {kafka_stream.py:75} INFO - Data sent to Kafka: {'symbol': 'ETHUSDT', 'date': '2024-10-26', 'open': 2440.63, 'high': 2479.7, 'low': 2430.12, 'close': 2470.99, 'volume': 113743.2502} on topic 'crypto_prices'
[2024-10-26T09:44:18.836+0000] {kafka_stream.py:75} INFO - Data sent to Kafka: {'symbol': 'LTCUSDT', 'date': '2024-10-26', 'open': 68.83, 'high': 69.72, 'low': 68.3, 'close': 69.0, 'volume': 127497.615} on topic 'crypto_prices'
[2024-10-26T09:44:18.838+0000] {kafka_stream.py:75} INFO - Data sent to Kafka: {'symbol': 'XRPUSDT', 'date': '2024-10-26', 'open': 0.5022, 'high': 0.5154, 'low': 0.4989, 'close': 0.514, 'volume': 72698895.0} on topic 'crypto_prices'
[2024-10-26T09:44:18.840+0000] {kafka_stream.py:75} INFO - Data sent to Kafka: {'symbol': 'DOGEUSDT', 'date': '2024-10-26', 'open': 0.13161, 'high': 0.13525, 'low': 0.13071, 'close': 0.13481, 'volume': 351190476.0} on topic 'crypto_prices'
[2024-10-26T09:44:18.842+0000] {kafka_stream.py:75} INFO - Data sent to Kafka: {'symbol': 'ADAUSDT', 'date': '2024-10-26', 'open': 0.326, 'high': 0.3338, 'low': 0.3206, 'close': 0.3309, 'volume': 44465262.0} on topic 'crypto_prices'
[2024-10-26T09:44:18.846+0000] {kafka_stream.py:75} INFO - Data sent to Kafka: {'symbol': 'SOLUSDT', 'date': '2024-10-26', 'open': 164.91, 'high': 169.56, 'low': 162.43, 'close': 168.93, 'volume': 1556032.224} on topic 'crypto_prices'
[2024-10-26T09:44:18.848+0000] {kafka_stream.py:75} INFO - Data sent to Kafka: {'symbol': 'DOTUSDT', 'date': '2024-10-26', 'open': 3.996, 'high': 4.061, 'low': 3.943, 'close': 4.042, 'volume': 1436356.02} on topic 'crypto_prices'
[2024-10-26T09:44:18.850+0000] {kafka_stream.py:75} INFO - Data sent to Kafka: {'symbol': 'AVAXUSDT', 'date': '2024-10-26', 'open': 24.94, 'high': 25.67, 'low': 24.56, 'close': 25.58, 'volume': 618424.0} on topic 'crypto_prices'
[2024-10-26T09:44:18.853+0000] {kafka_stream.py:75} INFO - Data sent to Kafka: {'symbol': 'LINKUSDT', 'date': '2024-10-26', 'open': 11.14, 'high': 11.4, 'low': 10.96, 'close': 11.17, 'volume': 1262734.83} on topic 'crypto_prices'
[2024-10-26T09:44:18.868+0000] {kafka_stream.py:75} INFO - Data sent to Kafka: {'symbol': 'UNIUSDT', 'date': '2024-10-26', 'open': 7.432, 'high': 7.782, 'low': 7.316, 'close': 7.618, 'volume': 2533285.57} on topic 'crypto_prices'
[2024-10-26T09:44:18.873+0000] {kafka_stream.py:75} INFO - Data sent to Kafka: {'symbol': 'FTMUSDT', 'date': '2024-10-26', 'open': 0.6202, 'high': 0.6444, 'low': 0.6086, 'close': 0.6408, 'volume': 28863938.0} on topic 'crypto_prices'
[2024-10-26T09:44:18.875+0000] {kafka_stream.py:75} INFO - Data sent to Kafka: {'symbol': 'NEARUSDT', 'date': '2024-10-26', 'open': 4.172, 'high': 4.252, 'low': 4.099, 'close': 4.237, 'volume': 5111896.2} on topic 'crypto_prices'
[2024-10-26T09:44:18.879+0000] {kafka_stream.py:75} INFO - Data sent to Kafka: {'symbol': 'ICPUSDT', 'date': '2024-10-26', 'open': 7.705, 'high': 7.846, 'low': 7.617, 'close': 7.755, 'volume': 622507.68} on topic 'crypto_prices'
[2024-10-26T09:44:18.881+0000] {kafka_stream.py:75} INFO - Data sent to Kafka: {'symbol': 'FTTUSDT', 'date': '2024-10-26', 'open': 1.6898, 'high': 1.7766, 'low': 1.6632, 'close': 1.7282, 'volume': 1469141.29} on topic 'crypto_prices'
[2024-10-26T09:44:25.020+0000] {record_accumulator.py:71} WARNING - Produced messages to topic-partition ('crypto_prices', 0) with base offset -1 log start offset None and error None.
[2024-10-26T09:44:25.026+0000] {record_accumulator.py:330} WARNING - Expired 1 batches in accumulator
[2024-10-26T09:44:48.827+0000] {kafka_stream.py:75} INFO - Data sent to Kafka: {'symbol': 'BTCUSDT', 'date': '2024-10-26', 'open': 66698.32, 'high': 67264.34, 'low': 66439.9, 'close': 67140.0, 'volume': 5810.89591} on topic 'crypto_prices'
[2024-10-26T09:44:48.829+0000] {kafka_stream.py:75} INFO - Data sent to Kafka: {'symbol': 'ETHUSDT', 'date': '2024-10-26', 'open': 2440.63, 'high': 2479.7, 'low': 2430.12, 'close': 2470.63, 'volume': 113872.8724} on topic 'crypto_prices'
[2024-10-26T09:44:48.831+0000] {kafka_stream.py:75} INFO - Data sent to Kafka: {'symbol': 'LTCUSDT', 'date': '2024-10-26', 'open': 68.83, 'high': 69.72, 'low': 68.3, 'close': 68.97, 'volume': 127661.082} on topic 'crypto_prices'
[2024-10-26T09:44:48.832+0000] {kafka_stream.py:75} INFO - Data sent to Kafka: {'symbol': 'XRPUSDT', 'date': '2024-10-26', 'open': 0.5022, 'high': 0.5154, 'low': 0.4989, 'close': 0.5139, 'volume': 72803858.0} on topic 'crypto_prices'
[2024-10-26T09:44:48.837+0000] {kafka_stream.py:75} INFO - Data sent to Kafka: {'symbol': 'DOGEUSDT', 'date': '2024-10-26', 'open': 0.13161, 'high': 0.13525, 'low': 0.13071, 'close': 0.13477, 'volume': 351256505.0} on topic 'crypto_prices'
[2024-10-26T09:44:48.839+0000] {kafka_stream.py:75} INFO - Data sent to Kafka: {'symbol': 'ADAUSDT', 'date': '2024-10-26', 'open': 0.326, 'high': 0.3338, 'low': 0.3206, 'close': 0.3308, 'volume': 44473282.0} on topic 'crypto_prices'
[2024-10-26T09:44:48.840+0000] {kafka_stream.py:75} INFO - Data sent to Kafka: {'symbol': 'SOLUSDT', 'date': '2024-10-26', 'open': 164.91, 'high': 169.56, 'low': 162.43, 'close': 168.83, 'volume': 1556344.631} on topic 'crypto_prices'
[2024-10-26T09:44:48.841+0000] {kafka_stream.py:75} INFO - Data sent to Kafka: {'symbol': 'DOTUSDT', 'date': '2024-10-26', 'open': 3.996, 'high': 4.061, 'low': 3.943, 'close': 4.041, 'volume': 1436368.39} on topic 'crypto_prices'
[2024-10-26T09:44:48.843+0000] {kafka_stream.py:75} INFO - Data sent to Kafka: {'symbol': 'AVAXUSDT', 'date': '2024-10-26', 'open': 24.94, 'high': 25.67, 'low': 24.56, 'close': 25.57, 'volume': 618772.63} on topic 'crypto_prices'
[2024-10-26T09:44:48.844+0000] {kafka_stream.py:75} INFO - Data sent to Kafka: {'symbol': 'SHIBUSDT', 'date': '2024-10-26', 'open': 1.656e-05, 'high': 1.701e-05, 'low': 1.637e-05, 'close': 1.692e-05, 'volume': 969483261303.0} on topic 'crypto_prices'
[2024-10-26T09:44:48.845+0000] {kafka_stream.py:75} INFO - Data sent to Kafka: {'symbol': 'LINKUSDT', 'date': '2024-10-26', 'open': 11.14, 'high': 11.4, 'low': 10.96, 'close': 11.15, 'volume': 1262899.52} on topic 'crypto_prices'
[2024-10-26T09:44:48.847+0000] {kafka_stream.py:75} INFO - Data sent to Kafka: {'symbol': 'UNIUSDT', 'date': '2024-10-26', 'open': 7.432, 'high': 7.782, 'low': 7.316, 'close': 7.615, 'volume': 2533306.42} on topic 'crypto_prices'
[2024-10-26T09:44:48.848+0000] {kafka_stream.py:75} INFO - Data sent to Kafka: {'symbol': 'FTMUSDT', 'date': '2024-10-26', 'open': 0.6202, 'high': 0.6444, 'low': 0.6086, 'close': 0.6405, 'volume': 28880908.0} on topic 'crypto_prices'
[2024-10-26T09:44:48.849+0000] {kafka_stream.py:75} INFO - Data sent to Kafka: {'symbol': 'ICPUSDT', 'date': '2024-10-26', 'open': 7.705, 'high': 7.846, 'low': 7.617, 'close': 7.751, 'volume': 622521.69} on topic 'crypto_prices'
[2024-10-26T09:44:48.850+0000] {kafka_stream.py:75} INFO - Data sent to Kafka: {'symbol': 'FILUSDT', 'date': '2024-10-26', 'open': 3.441, 'high': 3.49, 'low': 3.388, 'close': 3.459, 'volume': 2338029.06} on topic 'crypto_prices'
[2024-10-26T09:44:48.851+0000] {kafka_stream.py:75} INFO - Data sent to Kafka: {'symbol': 'ALGOUSDT', 'date': '2024-10-26', 'open': 0.1144, 'high': 0.1155, 'low': 0.1123, 'close': 0.1148, 'volume': 20805030.0} on topic 'crypto_prices'
[2024-10-26T09:44:48.852+0000] {kafka_stream.py:75} INFO - Data sent to Kafka: {'symbol': 'HBARUSDT', 'date': '2024-10-26', 'open': 0.0477, 'high': 0.0485, 'low': 0.047, 'close': 0.0483, 'volume': 66114891.0} on topic 'crypto_prices'
[2024-10-26T09:44:48.853+0000] {kafka_stream.py:75} INFO - Data sent to Kafka: {'symbol': 'MANAUSDT', 'date': '2024-10-26', 'open': 0.2846, 'high': 0.2904, 'low': 0.279, 'close': 0.2884, 'volume': 3999367.0} on topic 'crypto_prices'
[2024-10-26T09:44:48.855+0000] {kafka_stream.py:75} INFO - Data sent to Kafka: {'symbol': 'VETUSDT', 'date': '2024-10-26', 'open': 0.02157, 'high': 0.02176, 'low': 0.02117, 'close': 0.02164, 'volume': 76318284.9} on topic 'crypto_prices'
[2024-10-26T09:44:48.855+0000] {kafka_stream.py:75} INFO - Data sent to Kafka: {'symbol': 'AXSUSDT', 'date': '2024-10-26', 'open': 4.639, 'high': 4.7, 'low': 4.534, 'close': 4.669, 'volume': 350234.53} on topic 'crypto_prices'
[2024-10-26T09:44:48.857+0000] {kafka_stream.py:75} INFO - Data sent to Kafka: {'symbol': 'FTTUSDT', 'date': '2024-10-26', 'open': 1.6898, 'high': 1.7766, 'low': 1.6632, 'close': 1.728, 'volume': 1469144.18} on topic 'crypto_prices'
[2024-10-26T09:45:18.934+0000] {record_accumulator.py:71} WARNING - Produced messages to topic-partition ('crypto_prices', 0) with base offset -1 log start offset None and error None.
[2024-10-26T09:45:19.031+0000] {record_accumulator.py:330} WARNING - Expired 1 batches in accumulator
[2024-10-26T09:45:20.913+0000] {kafka_stream.py:75} INFO - Data sent to Kafka: {'symbol': 'BTCUSDT', 'date': '2024-10-26', 'open': 66698.32, 'high': 67264.34, 'low': 66439.9, 'close': 67134.0, 'volume': 5811.90097} on topic 'crypto_prices'
[2024-10-26T09:45:20.915+0000] {kafka_stream.py:75} INFO - Data sent to Kafka: {'symbol': 'ETHUSDT', 'date': '2024-10-26', 'open': 2440.63, 'high': 2479.7, 'low': 2430.12, 'close': 2470.29, 'volume': 114119.7988} on topic 'crypto_prices'
[2024-10-26T09:45:20.916+0000] {kafka_stream.py:75} INFO - Data sent to Kafka: {'symbol': 'BNBUSDT', 'date': '2024-10-26', 'open': 575.3, 'high': 584.4, 'low': 571.6, 'close': 582.9, 'volume': 68861.679} on topic 'crypto_prices'
[2024-10-26T09:45:20.917+0000] {kafka_stream.py:75} INFO - Data sent to Kafka: {'symbol': 'LTCUSDT', 'date': '2024-10-26', 'open': 68.83, 'high': 69.72, 'low': 68.3, 'close': 68.96, 'volume': 127707.056} on topic 'crypto_prices'
[2024-10-26T09:45:20.918+0000] {kafka_stream.py:75} INFO - Data sent to Kafka: {'symbol': 'XRPUSDT', 'date': '2024-10-26', 'open': 0.5022, 'high': 0.5154, 'low': 0.4989, 'close': 0.5138, 'volume': 72840597.0} on topic 'crypto_prices'
[2024-10-26T09:45:20.919+0000] {kafka_stream.py:75} INFO - Data sent to Kafka: {'symbol': 'DOGEUSDT', 'date': '2024-10-26', 'open': 0.13161, 'high': 0.13525, 'low': 0.13071, 'close': 0.13476, 'volume': 351276388.0} on topic 'crypto_prices'
[2024-10-26T09:45:20.920+0000] {kafka_stream.py:75} INFO - Data sent to Kafka: {'symbol': 'ADAUSDT', 'date': '2024-10-26', 'open': 0.326, 'high': 0.3338, 'low': 0.3206, 'close': 0.3307, 'volume': 44483790.3} on topic 'crypto_prices'
[2024-10-26T09:45:20.921+0000] {kafka_stream.py:75} INFO - Data sent to Kafka: {'symbol': 'AVAXUSDT', 'date': '2024-10-26', 'open': 24.94, 'high': 25.67, 'low': 24.56, 'close': 25.58, 'volume': 618814.17} on topic 'crypto_prices'
[2024-10-26T09:45:20.922+0000] {kafka_stream.py:75} INFO - Data sent to Kafka: {'symbol': 'ATOMUSDT', 'date': '2024-10-26', 'open': 4.414, 'high': 4.512, 'low': 4.341, 'close': 4.446, 'volume': 739605.71} on topic 'crypto_prices'
[2024-10-26T09:45:20.923+0000] {kafka_stream.py:75} INFO - Data sent to Kafka: {'symbol': 'UNIUSDT', 'date': '2024-10-26', 'open': 7.432, 'high': 7.782, 'low': 7.316, 'close': 7.616, 'volume': 2533315.55} on topic 'crypto_prices'
[2024-10-26T09:45:20.923+0000] {kafka_stream.py:75} INFO - Data sent to Kafka: {'symbol': 'XLMUSDT', 'date': '2024-10-26', 'open': 0.0934, 'high': 0.095, 'low': 0.0928, 'close': 0.0941, 'volume': 27955763.0} on topic 'crypto_prices'
[2024-10-26T09:45:20.925+0000] {kafka_stream.py:75} INFO - Data sent to Kafka: {'symbol': 'FTMUSDT', 'date': '2024-10-26', 'open': 0.6202, 'high': 0.6444, 'low': 0.6086, 'close': 0.6401, 'volume': 29790596.0} on topic 'crypto_prices'
[2024-10-26T09:45:20.925+0000] {kafka_stream.py:75} INFO - Data sent to Kafka: {'symbol': 'ICPUSDT', 'date': '2024-10-26', 'open': 7.705, 'high': 7.846, 'low': 7.617, 'close': 7.754, 'volume': 622636.26} on topic 'crypto_prices'
[2024-10-26T09:45:20.926+0000] {kafka_stream.py:75} INFO - Data sent to Kafka: {'symbol': 'FILUSDT', 'date': '2024-10-26', 'open': 3.441, 'high': 3.49, 'low': 3.388, 'close': 3.458, 'volume': 2338084.96} on topic 'crypto_prices'
[2024-10-26T09:45:20.927+0000] {kafka_stream.py:75} INFO - Data sent to Kafka: {'symbol': 'ALGOUSDT', 'date': '2024-10-26', 'open': 0.1144, 'high': 0.1155, 'low': 0.1123, 'close': 0.1147, 'volume': 20805128.0} on topic 'crypto_prices'
[2024-10-26T09:45:20.928+0000] {kafka_stream.py:75} INFO - Data sent to Kafka: {'symbol': 'HBARUSDT', 'date': '2024-10-26', 'open': 0.0477, 'high': 0.0485, 'low': 0.047, 'close': 0.0482, 'volume': 66117255.0} on topic 'crypto_prices'
[2024-10-26T09:45:20.930+0000] {kafka_stream.py:75} INFO - Data sent to Kafka: {'symbol': 'SANDUSDT', 'date': '2024-10-26', 'open': 0.2433, 'high': 0.2485, 'low': 0.2385, 'close': 0.2473, 'volume': 10791159.0} on topic 'crypto_prices'
[2024-10-26T09:45:20.931+0000] {kafka_stream.py:75} INFO - Data sent to Kafka: {'symbol': 'VETUSDT', 'date': '2024-10-26', 'open': 0.02157, 'high': 0.02176, 'low': 0.02117, 'close': 0.02163, 'volume': 76318576.0} on topic 'crypto_prices'
[2024-10-26T09:45:20.932+0000] {kafka_stream.py:75} INFO - Data sent to Kafka: {'symbol': 'AXSUSDT', 'date': '2024-10-26', 'open': 4.639, 'high': 4.7, 'low': 4.534, 'close': 4.672, 'volume': 350449.96} on topic 'crypto_prices'
[2024-10-26T09:45:20.934+0000] {kafka_stream.py:75} INFO - Data sent to Kafka: {'symbol': 'FTTUSDT', 'date': '2024-10-26', 'open': 1.6898, 'high': 1.7766, 'low': 1.6632, 'close': 1.7282, 'volume': 1469581.77} on topic 'crypto_prices'
[2024-10-26T09:45:46.851+0000] {kafka_stream.py:75} INFO - Data sent to Kafka: {'symbol': 'BTCUSDT', 'date': '2024-10-26', 'open': 66698.32, 'high': 67264.34, 'low': 66439.9, 'close': 67142.0, 'volume': 5813.37071} on topic 'crypto_prices'
[2024-10-26T09:45:46.853+0000] {kafka_stream.py:75} INFO - Data sent to Kafka: {'symbol': 'ETHUSDT', 'date': '2024-10-26', 'open': 2440.63, 'high': 2479.7, 'low': 2430.12, 'close': 2470.85, 'volume': 114193.5121} on topic 'crypto_prices'
[2024-10-26T09:45:46.858+0000] {kafka_stream.py:75} INFO - Data sent to Kafka: {'symbol': 'BNBUSDT', 'date': '2024-10-26', 'open': 575.3, 'high': 584.4, 'low': 571.6, 'close': 583.1, 'volume': 68885.344} on topic 'crypto_prices'
[2024-10-26T09:45:46.859+0000] {kafka_stream.py:75} INFO - Data sent to Kafka: {'symbol': 'LTCUSDT', 'date': '2024-10-26', 'open': 68.83, 'high': 69.72, 'low': 68.3, 'close': 69.0, 'volume': 127747.411} on topic 'crypto_prices'
[2024-10-26T09:45:46.863+0000] {kafka_stream.py:75} INFO - Data sent to Kafka: {'symbol': 'XRPUSDT', 'date': '2024-10-26', 'open': 0.5022, 'high': 0.5154, 'low': 0.4989, 'close': 0.5139, 'volume': 72861078.0} on topic 'crypto_prices'
[2024-10-26T09:45:46.865+0000] {kafka_stream.py:75} INFO - Data sent to Kafka: {'symbol': 'DOGEUSDT', 'date': '2024-10-26', 'open': 0.13161, 'high': 0.13525, 'low': 0.13071, 'close': 0.13481, 'volume': 351767513.0} on topic 'crypto_prices'
[2024-10-26T09:45:46.867+0000] {kafka_stream.py:75} INFO - Data sent to Kafka: {'symbol': 'ADAUSDT', 'date': '2024-10-26', 'open': 0.326, 'high': 0.3338, 'low': 0.3206, 'close': 0.3309, 'volume': 44493326.0} on topic 'crypto_prices'
[2024-10-26T09:45:46.870+0000] {kafka_stream.py:75} INFO - Data sent to Kafka: {'symbol': 'SOLUSDT', 'date': '2024-10-26', 'open': 164.91, 'high': 169.56, 'low': 162.43, 'close': 168.99, 'volume': 1557198.079} on topic 'crypto_prices'
[2024-10-26T09:45:46.873+0000] {kafka_stream.py:75} INFO - Data sent to Kafka: {'symbol': 'DOTUSDT', 'date': '2024-10-26', 'open': 3.996, 'high': 4.061, 'low': 3.943, 'close': 4.044, 'volume': 1436968.61} on topic 'crypto_prices'
[2024-10-26T09:45:46.875+0000] {kafka_stream.py:75} INFO - Data sent to Kafka: {'symbol': 'AVAXUSDT', 'date': '2024-10-26', 'open': 24.94, 'high': 25.67, 'low': 24.56, 'close': 25.59, 'volume': 618847.11} on topic 'crypto_prices'
[2024-10-26T09:45:46.878+0000] {kafka_stream.py:75} INFO - Data sent to Kafka: {'symbol': 'SHIBUSDT', 'date': '2024-10-26', 'open': 1.656e-05, 'high': 1.701e-05, 'low': 1.637e-05, 'close': 1.695e-05, 'volume': 978359196150.0} on topic 'crypto_prices'
[2024-10-26T09:45:46.879+0000] {kafka_stream.py:75} INFO - Data sent to Kafka: {'symbol': 'LINKUSDT', 'date': '2024-10-26', 'open': 11.14, 'high': 11.4, 'low': 10.96, 'close': 11.17, 'volume': 1264485.84} on topic 'crypto_prices'
[2024-10-26T09:45:46.883+0000] {kafka_stream.py:75} INFO - Data sent to Kafka: {'symbol': 'FTMUSDT', 'date': '2024-10-26', 'open': 0.6202, 'high': 0.6444, 'low': 0.6086, 'close': 0.6403, 'volume': 30752675.0} on topic 'crypto_prices'
[2024-10-26T09:45:46.885+0000] {kafka_stream.py:75} INFO - Data sent to Kafka: {'symbol': 'NEARUSDT', 'date': '2024-10-26', 'open': 4.172, 'high': 4.252, 'low': 4.099, 'close': 4.239, 'volume': 5117810.7} on topic 'crypto_prices'
[2024-10-26T09:45:46.888+0000] {kafka_stream.py:75} INFO - Data sent to Kafka: {'symbol': 'ICPUSDT', 'date': '2024-10-26', 'open': 7.705, 'high': 7.846, 'low': 7.617, 'close': 7.76, 'volume': 622696.62} on topic 'crypto_prices'
[2024-10-26T09:45:46.932+0000] {kafka_stream.py:75} INFO - Data sent to Kafka: {'symbol': 'FILUSDT', 'date': '2024-10-26', 'open': 3.441, 'high': 3.49, 'low': 3.388, 'close': 3.462, 'volume': 2338651.08} on topic 'crypto_prices'
[2024-10-26T09:45:46.935+0000] {kafka_stream.py:75} INFO - Data sent to Kafka: {'symbol': 'SANDUSDT', 'date': '2024-10-26', 'open': 0.2433, 'high': 0.2485, 'low': 0.2385, 'close': 0.2474, 'volume': 10795159.0} on topic 'crypto_prices'
[2024-10-26T09:45:46.945+0000] {kafka_stream.py:75} INFO - Data sent to Kafka: {'symbol': 'MANAUSDT', 'date': '2024-10-26', 'open': 0.2846, 'high': 0.2904, 'low': 0.279, 'close': 0.2885, 'volume': 4000032.0} on topic 'crypto_prices'
[2024-10-26T09:45:46.957+0000] {kafka_stream.py:75} INFO - Data sent to Kafka: {'symbol': 'VETUSDT', 'date': '2024-10-26', 'open': 0.02157, 'high': 0.02176, 'low': 0.02117, 'close': 0.02164, 'volume': 76319537.8} on topic 'crypto_prices'
[2024-10-26T09:45:50.988+0000] {record_accumulator.py:71} WARNING - Produced messages to topic-partition ('crypto_prices', 0) with base offset -1 log start offset None and error None.
[2024-10-26T09:45:51.002+0000] {record_accumulator.py:330} WARNING - Expired 1 batches in accumulator
[2024-10-26T09:46:20.613+0000] {kafka_stream.py:75} INFO - Data sent to Kafka: {'symbol': 'BTCUSDT', 'date': '2024-10-26', 'open': 66698.32, 'high': 67264.34, 'low': 66439.9, 'close': 67144.89, 'volume': 5816.15685} on topic 'crypto_prices'
[2024-10-26T09:46:20.629+0000] {kafka_stream.py:75} INFO - Data sent to Kafka: {'symbol': 'ETHUSDT', 'date': '2024-10-26', 'open': 2440.63, 'high': 2479.7, 'low': 2430.12, 'close': 2470.02, 'volume': 114272.2342} on topic 'crypto_prices'
[2024-10-26T09:46:20.644+0000] {kafka_stream.py:75} INFO - Data sent to Kafka: {'symbol': 'LTCUSDT', 'date': '2024-10-26', 'open': 68.83, 'high': 69.72, 'low': 68.3, 'close': 68.99, 'volume': 127758.106} on topic 'crypto_prices'
[2024-10-26T09:46:20.663+0000] {kafka_stream.py:75} INFO - Data sent to Kafka: {'symbol': 'XRPUSDT', 'date': '2024-10-26', 'open': 0.5022, 'high': 0.5154, 'low': 0.4989, 'close': 0.514, 'volume': 72870832.0} on topic 'crypto_prices'
[2024-10-26T09:46:20.665+0000] {kafka_stream.py:75} INFO - Data sent to Kafka: {'symbol': 'DOGEUSDT', 'date': '2024-10-26', 'open': 0.13161, 'high': 0.13525, 'low': 0.13071, 'close': 0.13482, 'volume': 351788415.0} on topic 'crypto_prices'
[2024-10-26T09:46:20.681+0000] {kafka_stream.py:75} INFO - Data sent to Kafka: {'symbol': 'DOTUSDT', 'date': '2024-10-26', 'open': 3.996, 'high': 4.061, 'low': 3.943, 'close': 4.041, 'volume': 1437442.59} on topic 'crypto_prices'
[2024-10-26T09:46:20.687+0000] {kafka_stream.py:75} INFO - Data sent to Kafka: {'symbol': 'AVAXUSDT', 'date': '2024-10-26', 'open': 24.94, 'high': 25.67, 'low': 24.56, 'close': 25.61, 'volume': 619100.42} on topic 'crypto_prices'
[2024-10-26T09:46:20.700+0000] {kafka_stream.py:75} INFO - Data sent to Kafka: {'symbol': 'ATOMUSDT', 'date': '2024-10-26', 'open': 4.414, 'high': 4.512, 'low': 4.341, 'close': 4.445, 'volume': 739806.48} on topic 'crypto_prices'
[2024-10-26T09:46:20.704+0000] {kafka_stream.py:75} INFO - Data sent to Kafka: {'symbol': 'LINKUSDT', 'date': '2024-10-26', 'open': 11.14, 'high': 11.4, 'low': 10.96, 'close': 11.16, 'volume': 1264603.13} on topic 'crypto_prices'
[2024-10-26T09:46:20.712+0000] {kafka_stream.py:75} INFO - Data sent to Kafka: {'symbol': 'UNIUSDT', 'date': '2024-10-26', 'open': 7.432, 'high': 7.782, 'low': 7.316, 'close': 7.612, 'volume': 2533339.71} on topic 'crypto_prices'
[2024-10-26T09:46:20.721+0000] {kafka_stream.py:75} INFO - Data sent to Kafka: {'symbol': 'XLMUSDT', 'date': '2024-10-26', 'open': 0.0934, 'high': 0.095, 'low': 0.0928, 'close': 0.0942, 'volume': 28023304.0} on topic 'crypto_prices'
[2024-10-26T09:46:20.737+0000] {kafka_stream.py:75} INFO - Data sent to Kafka: {'symbol': 'FTMUSDT', 'date': '2024-10-26', 'open': 0.6202, 'high': 0.6444, 'low': 0.6086, 'close': 0.6393, 'volume': 30785630.0} on topic 'crypto_prices'
[2024-10-26T09:46:20.745+0000] {kafka_stream.py:75} INFO - Data sent to Kafka: {'symbol': 'NEARUSDT', 'date': '2024-10-26', 'open': 4.172, 'high': 4.252, 'low': 4.099, 'close': 4.237, 'volume': 5120391.8} on topic 'crypto_prices'
[2024-10-26T09:46:20.755+0000] {kafka_stream.py:75} INFO - Data sent to Kafka: {'symbol': 'ICPUSDT', 'date': '2024-10-26', 'open': 7.705, 'high': 7.846, 'low': 7.617, 'close': 7.757, 'volume': 622711.56} on topic 'crypto_prices'
[2024-10-26T09:46:20.762+0000] {kafka_stream.py:75} INFO - Data sent to Kafka: {'symbol': 'FILUSDT', 'date': '2024-10-26', 'open': 3.441, 'high': 3.49, 'low': 3.388, 'close': 3.459, 'volume': 2338823.96} on topic 'crypto_prices'
[2024-10-26T09:46:20.777+0000] {kafka_stream.py:75} INFO - Data sent to Kafka: {'symbol': 'FTTUSDT', 'date': '2024-10-26', 'open': 1.6898, 'high': 1.7766, 'low': 1.6632, 'close': 1.7279, 'volume': 1470005.87} on topic 'crypto_prices'
[2024-10-26T09:46:50.684+0000] {record_accumulator.py:71} WARNING - Produced messages to topic-partition ('crypto_prices', 0) with base offset -1 log start offset None and error None.
[2024-10-26T09:46:50.685+0000] {record_accumulator.py:330} WARNING - Expired 1 batches in accumulator
[2024-10-26T09:46:53.888+0000] {kafka_stream.py:75} INFO - Data sent to Kafka: {'symbol': 'BTCUSDT', 'date': '2024-10-26', 'open': 66698.32, 'high': 67264.34, 'low': 66439.9, 'close': 67137.96, 'volume': 5819.15087} on topic 'crypto_prices'
[2024-10-26T09:46:53.892+0000] {kafka_stream.py:75} INFO - Data sent to Kafka: {'symbol': 'ETHUSDT', 'date': '2024-10-26', 'open': 2440.63, 'high': 2479.7, 'low': 2430.12, 'close': 2469.79, 'volume': 114407.288} on topic 'crypto_prices'
[2024-10-26T09:46:53.900+0000] {kafka_stream.py:75} INFO - Data sent to Kafka: {'symbol': 'LTCUSDT', 'date': '2024-10-26', 'open': 68.83, 'high': 69.72, 'low': 68.3, 'close': 68.96, 'volume': 127831.536} on topic 'crypto_prices'
[2024-10-26T09:46:53.908+0000] {kafka_stream.py:75} INFO - Data sent to Kafka: {'symbol': 'DOGEUSDT', 'date': '2024-10-26', 'open': 0.13161, 'high': 0.13525, 'low': 0.13071, 'close': 0.13477, 'volume': 351814879.0} on topic 'crypto_prices'
[2024-10-26T09:46:53.914+0000] {kafka_stream.py:75} INFO - Data sent to Kafka: {'symbol': 'SOLUSDT', 'date': '2024-10-26', 'open': 164.91, 'high': 169.56, 'low': 162.43, 'close': 169.03, 'volume': 1558579.428} on topic 'crypto_prices'
[2024-10-26T09:46:53.916+0000] {kafka_stream.py:75} INFO - Data sent to Kafka: {'symbol': 'DOTUSDT', 'date': '2024-10-26', 'open': 3.996, 'high': 4.061, 'low': 3.943, 'close': 4.04, 'volume': 1437555.14} on topic 'crypto_prices'
[2024-10-26T09:46:53.918+0000] {kafka_stream.py:75} INFO - Data sent to Kafka: {'symbol': 'AVAXUSDT', 'date': '2024-10-26', 'open': 24.94, 'high': 25.67, 'low': 24.56, 'close': 25.6, 'volume': 619262.8} on topic 'crypto_prices'
[2024-10-26T09:46:53.921+0000] {kafka_stream.py:75} INFO - Data sent to Kafka: {'symbol': 'SHIBUSDT', 'date': '2024-10-26', 'open': 1.656e-05, 'high': 1.701e-05, 'low': 1.637e-05, 'close': 1.693e-05, 'volume': 979485615110.0} on topic 'crypto_prices'
[2024-10-26T09:46:53.923+0000] {kafka_stream.py:75} INFO - Data sent to Kafka: {'symbol': 'ATOMUSDT', 'date': '2024-10-26', 'open': 4.414, 'high': 4.512, 'low': 4.341, 'close': 4.444, 'volume': 740007.27} on topic 'crypto_prices'
[2024-10-26T09:46:53.931+0000] {kafka_stream.py:75} INFO - Data sent to Kafka: {'symbol': 'UNIUSDT', 'date': '2024-10-26', 'open': 7.432, 'high': 7.782, 'low': 7.316, 'close': 7.611, 'volume': 2533644.36} on topic 'crypto_prices'
[2024-10-26T09:46:53.937+0000] {kafka_stream.py:75} INFO - Data sent to Kafka: {'symbol': 'FTMUSDT', 'date': '2024-10-26', 'open': 0.6202, 'high': 0.6444, 'low': 0.6086, 'close': 0.6391, 'volume': 30822204.0} on topic 'crypto_prices'
[2024-10-26T09:46:53.939+0000] {kafka_stream.py:75} INFO - Data sent to Kafka: {'symbol': 'NEARUSDT', 'date': '2024-10-26', 'open': 4.172, 'high': 4.252, 'low': 4.099, 'close': 4.236, 'volume': 5123337.9} on topic 'crypto_prices'
[2024-10-26T09:46:53.941+0000] {kafka_stream.py:75} INFO - Data sent to Kafka: {'symbol': 'ICPUSDT', 'date': '2024-10-26', 'open': 7.705, 'high': 7.846, 'low': 7.617, 'close': 7.756, 'volume': 623314.6} on topic 'crypto_prices'
[2024-10-26T09:46:53.944+0000] {kafka_stream.py:75} INFO - Data sent to Kafka: {'symbol': 'VETUSDT', 'date': '2024-10-26', 'open': 0.02157, 'high': 0.02176, 'low': 0.02117, 'close': 0.02162, 'volume': 76512860.1} on topic 'crypto_prices'
[2024-10-26T09:46:53.946+0000] {kafka_stream.py:75} INFO - Data sent to Kafka: {'symbol': 'XTZUSDT', 'date': '2024-10-26', 'open': 0.626, 'high': 0.639, 'low': 0.62, 'close': 0.633, 'volume': 1001920.4} on topic 'crypto_prices'
[2024-10-26T09:46:53.949+0000] {kafka_stream.py:75} INFO - Data sent to Kafka: {'symbol': 'FTTUSDT', 'date': '2024-10-26', 'open': 1.6898, 'high': 1.7766, 'low': 1.6632, 'close': 1.728, 'volume': 1470257.29} on topic 'crypto_prices'
[2024-10-26T09:47:20.418+0000] {kafka_stream.py:75} INFO - Data sent to Kafka: {'symbol': 'BTCUSDT', 'date': '2024-10-26', 'open': 66698.32, 'high': 67264.34, 'low': 66439.9, 'close': 67123.79, 'volume': 5822.08195} on topic 'crypto_prices'
[2024-10-26T09:47:20.427+0000] {kafka_stream.py:75} INFO - Data sent to Kafka: {'symbol': 'ETHUSDT', 'date': '2024-10-26', 'open': 2440.63, 'high': 2479.7, 'low': 2430.12, 'close': 2469.07, 'volume': 114492.5813} on topic 'crypto_prices'
[2024-10-26T09:47:20.437+0000] {kafka_stream.py:75} INFO - Data sent to Kafka: {'symbol': 'XRPUSDT', 'date': '2024-10-26', 'open': 0.5022, 'high': 0.5154, 'low': 0.4989, 'close': 0.5139, 'volume': 72911414.0} on topic 'crypto_prices'
[2024-10-26T09:47:20.450+0000] {kafka_stream.py:75} INFO - Data sent to Kafka: {'symbol': 'DOGEUSDT', 'date': '2024-10-26', 'open': 0.13161, 'high': 0.13525, 'low': 0.13071, 'close': 0.1347, 'volume': 351858230.0} on topic 'crypto_prices'
[2024-10-26T09:47:20.477+0000] {kafka_stream.py:75} INFO - Data sent to Kafka: {'symbol': 'ADAUSDT', 'date': '2024-10-26', 'open': 0.326, 'high': 0.3338, 'low': 0.3206, 'close': 0.3308, 'volume': 44530290.0} on topic 'crypto_prices'
[2024-10-26T09:47:20.485+0000] {kafka_stream.py:75} INFO - Data sent to Kafka: {'symbol': 'SOLUSDT', 'date': '2024-10-26', 'open': 164.91, 'high': 169.56, 'low': 162.43, 'close': 169.02, 'volume': 1558655.88} on topic 'crypto_prices'
[2024-10-26T09:47:20.488+0000] {kafka_stream.py:75} INFO - Data sent to Kafka: {'symbol': 'ATOMUSDT', 'date': '2024-10-26', 'open': 4.414, 'high': 4.512, 'low': 4.341, 'close': 4.446, 'volume': 740144.97} on topic 'crypto_prices'
[2024-10-26T09:47:20.491+0000] {kafka_stream.py:75} INFO - Data sent to Kafka: {'symbol': 'LINKUSDT', 'date': '2024-10-26', 'open': 11.14, 'high': 11.4, 'low': 10.96, 'close': 11.15, 'volume': 1264760.02} on topic 'crypto_prices'
[2024-10-26T09:47:20.493+0000] {kafka_stream.py:75} INFO - Data sent to Kafka: {'symbol': 'UNIUSDT', 'date': '2024-10-26', 'open': 7.432, 'high': 7.782, 'low': 7.316, 'close': 7.613, 'volume': 2533670.98} on topic 'crypto_prices'
[2024-10-26T09:47:20.495+0000] {kafka_stream.py:75} INFO - Data sent to Kafka: {'symbol': 'XLMUSDT', 'date': '2024-10-26', 'open': 0.0934, 'high': 0.095, 'low': 0.0928, 'close': 0.0941, 'volume': 28023903.0} on topic 'crypto_prices'
[2024-10-26T09:47:20.496+0000] {kafka_stream.py:75} INFO - Data sent to Kafka: {'symbol': 'FTMUSDT', 'date': '2024-10-26', 'open': 0.6202, 'high': 0.6444, 'low': 0.6086, 'close': 0.6392, 'volume': 30826762.0} on topic 'crypto_prices'
[2024-10-26T09:47:20.498+0000] {kafka_stream.py:75} INFO - Data sent to Kafka: {'symbol': 'ICPUSDT', 'date': '2024-10-26', 'open': 7.705, 'high': 7.846, 'low': 7.617, 'close': 7.753, 'volume': 623506.26} on topic 'crypto_prices'
[2024-10-26T09:47:20.499+0000] {kafka_stream.py:75} INFO - Data sent to Kafka: {'symbol': 'FILUSDT', 'date': '2024-10-26', 'open': 3.441, 'high': 3.49, 'low': 3.388, 'close': 3.458, 'volume': 2339072.86} on topic 'crypto_prices'
[2024-10-26T09:47:20.500+0000] {kafka_stream.py:75} INFO - Data sent to Kafka: {'symbol': 'SANDUSDT', 'date': '2024-10-26', 'open': 0.2433, 'high': 0.2485, 'low': 0.2385, 'close': 0.2473, 'volume': 10795834.0} on topic 'crypto_prices'
[2024-10-26T09:47:20.501+0000] {kafka_stream.py:75} INFO - Data sent to Kafka: {'symbol': 'VETUSDT', 'date': '2024-10-26', 'open': 0.02157, 'high': 0.02176, 'low': 0.02117, 'close': 0.02163, 'volume': 76520488.3} on topic 'crypto_prices'
[2024-10-26T09:47:20.502+0000] {kafka_stream.py:75} INFO - Data sent to Kafka: {'symbol': 'AXSUSDT', 'date': '2024-10-26', 'open': 4.639, 'high': 4.7, 'low': 4.534, 'close': 4.665, 'volume': 351452.76} on topic 'crypto_prices'
[2024-10-26T09:47:20.503+0000] {kafka_stream.py:75} INFO - Data sent to Kafka: {'symbol': 'FTTUSDT', 'date': '2024-10-26', 'open': 1.6898, 'high': 1.7766, 'low': 1.6632, 'close': 1.7292, 'volume': 1472255.42} on topic 'crypto_prices'
[2024-10-26T09:47:23.948+0000] {record_accumulator.py:71} WARNING - Produced messages to topic-partition ('crypto_prices', 0) with base offset -1 log start offset None and error None.
[2024-10-26T09:47:23.952+0000] {record_accumulator.py:330} WARNING - Expired 1 batches in accumulator
[2024-10-26T09:47:49.440+0000] {kafka_stream.py:75} INFO - Data sent to Kafka: {'symbol': 'BTCUSDT', 'date': '2024-10-26', 'open': 66698.32, 'high': 67264.34, 'low': 66439.9, 'close': 67121.21, 'volume': 5822.90285} on topic 'crypto_prices'
[2024-10-26T09:47:49.453+0000] {kafka_stream.py:75} INFO - Data sent to Kafka: {'symbol': 'ETHUSDT', 'date': '2024-10-26', 'open': 2440.63, 'high': 2479.7, 'low': 2430.12, 'close': 2468.26, 'volume': 114762.7792} on topic 'crypto_prices'
[2024-10-26T09:47:49.457+0000] {kafka_stream.py:75} INFO - Data sent to Kafka: {'symbol': 'BNBUSDT', 'date': '2024-10-26', 'open': 575.3, 'high': 584.4, 'low': 571.6, 'close': 583.0, 'volume': 68925.058} on topic 'crypto_prices'
[2024-10-26T09:47:49.460+0000] {kafka_stream.py:75} INFO - Data sent to Kafka: {'symbol': 'SOLUSDT', 'date': '2024-10-26', 'open': 164.91, 'high': 169.56, 'low': 162.43, 'close': 169.03, 'volume': 1558948.007} on topic 'crypto_prices'
[2024-10-26T09:47:49.464+0000] {kafka_stream.py:75} INFO - Data sent to Kafka: {'symbol': 'DOTUSDT', 'date': '2024-10-26', 'open': 3.996, 'high': 4.061, 'low': 3.943, 'close': 4.041, 'volume': 1438095.05} on topic 'crypto_prices'
[2024-10-26T09:47:49.467+0000] {kafka_stream.py:75} INFO - Data sent to Kafka: {'symbol': 'SHIBUSDT', 'date': '2024-10-26', 'open': 1.656e-05, 'high': 1.701e-05, 'low': 1.637e-05, 'close': 1.694e-05, 'volume': 979811559752.0} on topic 'crypto_prices'
[2024-10-26T09:47:49.471+0000] {kafka_stream.py:75} INFO - Data sent to Kafka: {'symbol': 'ATOMUSDT', 'date': '2024-10-26', 'open': 4.414, 'high': 4.512, 'low': 4.341, 'close': 4.444, 'volume': 740351.31} on topic 'crypto_prices'
[2024-10-26T09:47:49.476+0000] {kafka_stream.py:75} INFO - Data sent to Kafka: {'symbol': 'LINKUSDT', 'date': '2024-10-26', 'open': 11.14, 'high': 11.4, 'low': 10.96, 'close': 11.16, 'volume': 1264772.28} on topic 'crypto_prices'
[2024-10-26T09:47:49.479+0000] {kafka_stream.py:75} INFO - Data sent to Kafka: {'symbol': 'UNIUSDT', 'date': '2024-10-26', 'open': 7.432, 'high': 7.782, 'low': 7.316, 'close': 7.612, 'volume': 2535868.47} on topic 'crypto_prices'
[2024-10-26T09:47:49.481+0000] {kafka_stream.py:75} INFO - Data sent to Kafka: {'symbol': 'FTMUSDT', 'date': '2024-10-26', 'open': 0.6202, 'high': 0.6444, 'low': 0.6086, 'close': 0.6395, 'volume': 30835068.0} on topic 'crypto_prices'
[2024-10-26T09:47:49.482+0000] {kafka_stream.py:75} INFO - Data sent to Kafka: {'symbol': 'ALGOUSDT', 'date': '2024-10-26', 'open': 0.1144, 'high': 0.1155, 'low': 0.1123, 'close': 0.1148, 'volume': 20808432.0} on topic 'crypto_prices'
[2024-10-26T09:47:49.483+0000] {kafka_stream.py:75} INFO - Data sent to Kafka: {'symbol': 'HBARUSDT', 'date': '2024-10-26', 'open': 0.0477, 'high': 0.0485, 'low': 0.047, 'close': 0.0483, 'volume': 67178479.0} on topic 'crypto_prices'
[2024-10-26T09:47:49.485+0000] {kafka_stream.py:75} INFO - Data sent to Kafka: {'symbol': 'AXSUSDT', 'date': '2024-10-26', 'open': 4.639, 'high': 4.7, 'low': 4.534, 'close': 4.664, 'volume': 351466.11} on topic 'crypto_prices'
[2024-10-26T09:47:49.487+0000] {kafka_stream.py:75} INFO - Data sent to Kafka: {'symbol': 'FTTUSDT', 'date': '2024-10-26', 'open': 1.6898, 'high': 1.7766, 'low': 1.6632, 'close': 1.7297, 'volume': 1472314.84} on topic 'crypto_prices'
[2024-10-26T09:48:10.958+0000] {kafka_stream.py:75} INFO - Data sent to Kafka: {'symbol': 'BTCUSDT', 'date': '2024-10-26', 'open': 66698.32, 'high': 67264.34, 'low': 66439.9, 'close': 67121.22, 'volume': 5823.20325} on topic 'crypto_prices'
[2024-10-26T09:48:10.964+0000] {kafka_stream.py:75} INFO - Data sent to Kafka: {'symbol': 'ETHUSDT', 'date': '2024-10-26', 'open': 2440.63, 'high': 2479.7, 'low': 2430.12, 'close': 2468.7, 'volume': 114875.9002} on topic 'crypto_prices'
[2024-10-26T09:48:10.972+0000] {kafka_stream.py:75} INFO - Data sent to Kafka: {'symbol': 'BNBUSDT', 'date': '2024-10-26', 'open': 575.3, 'high': 584.4, 'low': 571.6, 'close': 583.1, 'volume': 68928.333} on topic 'crypto_prices'
[2024-10-26T09:48:10.975+0000] {kafka_stream.py:75} INFO - Data sent to Kafka: {'symbol': 'LTCUSDT', 'date': '2024-10-26', 'open': 68.83, 'high': 69.72, 'low': 68.3, 'close': 68.97, 'volume': 127909.876} on topic 'crypto_prices'
[2024-10-26T09:48:10.977+0000] {kafka_stream.py:75} INFO - Data sent to Kafka: {'symbol': 'DOGEUSDT', 'date': '2024-10-26', 'open': 0.13161, 'high': 0.13525, 'low': 0.13071, 'close': 0.13472, 'volume': 352537084.0} on topic 'crypto_prices'
[2024-10-26T09:48:10.978+0000] {kafka_stream.py:75} INFO - Data sent to Kafka: {'symbol': 'ADAUSDT', 'date': '2024-10-26', 'open': 0.326, 'high': 0.3338, 'low': 0.3206, 'close': 0.3306, 'volume': 44545995.3} on topic 'crypto_prices'
[2024-10-26T09:48:10.980+0000] {kafka_stream.py:75} INFO - Data sent to Kafka: {'symbol': 'SOLUSDT', 'date': '2024-10-26', 'open': 164.91, 'high': 169.56, 'low': 162.43, 'close': 169.05, 'volume': 1559187.539} on topic 'crypto_prices'
[2024-10-26T09:48:10.981+0000] {kafka_stream.py:75} INFO - Data sent to Kafka: {'symbol': 'ATOMUSDT', 'date': '2024-10-26', 'open': 4.414, 'high': 4.512, 'low': 4.341, 'close': 4.446, 'volume': 740392.77} on topic 'crypto_prices'
[2024-10-26T09:48:10.983+0000] {kafka_stream.py:75} INFO - Data sent to Kafka: {'symbol': 'TRXUSDT', 'date': '2024-10-26', 'open': 0.1625, 'high': 0.1649, 'low': 0.1624, 'close': 0.1648, 'volume': 97677515.5} on topic 'crypto_prices'
[2024-10-26T09:48:10.985+0000] {kafka_stream.py:75} INFO - Data sent to Kafka: {'symbol': 'UNIUSDT', 'date': '2024-10-26', 'open': 7.432, 'high': 7.782, 'low': 7.316, 'close': 7.613, 'volume': 2535929.97} on topic 'crypto_prices'
[2024-10-26T09:48:10.986+0000] {kafka_stream.py:75} INFO - Data sent to Kafka: {'symbol': 'FTMUSDT', 'date': '2024-10-26', 'open': 0.6202, 'high': 0.6444, 'low': 0.6086, 'close': 0.6397, 'volume': 30840759.0} on topic 'crypto_prices'
[2024-10-26T09:48:10.987+0000] {kafka_stream.py:75} INFO - Data sent to Kafka: {'symbol': 'NEARUSDT', 'date': '2024-10-26', 'open': 4.172, 'high': 4.252, 'low': 4.099, 'close': 4.235, 'volume': 5128454.6} on topic 'crypto_prices'
[2024-10-26T09:48:10.988+0000] {kafka_stream.py:75} INFO - Data sent to Kafka: {'symbol': 'ICPUSDT', 'date': '2024-10-26', 'open': 7.705, 'high': 7.846, 'low': 7.617, 'close': 7.754, 'volume': 623803.45} on topic 'crypto_prices'
[2024-10-26T09:48:10.989+0000] {kafka_stream.py:75} INFO - Data sent to Kafka: {'symbol': 'FILUSDT', 'date': '2024-10-26', 'open': 3.441, 'high': 3.49, 'low': 3.388, 'close': 3.459, 'volume': 2340147.47} on topic 'crypto_prices'
[2024-10-26T09:48:10.991+0000] {kafka_stream.py:75} INFO - Data sent to Kafka: {'symbol': 'FTTUSDT', 'date': '2024-10-26', 'open': 1.6898, 'high': 1.7766, 'low': 1.6632, 'close': 1.7311, 'volume': 1472657.79} on topic 'crypto_prices'
[2024-10-26T09:48:19.483+0000] {record_accumulator.py:71} WARNING - Produced messages to topic-partition ('crypto_prices', 0) with base offset -1 log start offset None and error None.
[2024-10-26T09:48:19.484+0000] {record_accumulator.py:330} WARNING - Expired 1 batches in accumulator
[2024-10-26T09:48:42.316+0000] {kafka_stream.py:75} INFO - Data sent to Kafka: {'symbol': 'BTCUSDT', 'date': '2024-10-26', 'open': 66698.32, 'high': 67264.34, 'low': 66439.9, 'close': 67120.82, 'volume': 5828.26381} on topic 'crypto_prices'
[2024-10-26T09:48:42.326+0000] {kafka_stream.py:75} INFO - Data sent to Kafka: {'symbol': 'ETHUSDT', 'date': '2024-10-26', 'open': 2440.63, 'high': 2479.7, 'low': 2430.12, 'close': 2468.01, 'volume': 114987.635} on topic 'crypto_prices'
[2024-10-26T09:48:42.331+0000] {kafka_stream.py:75} INFO - Data sent to Kafka: {'symbol': 'BNBUSDT', 'date': '2024-10-26', 'open': 575.3, 'high': 584.4, 'low': 571.6, 'close': 583.0, 'volume': 68934.594} on topic 'crypto_prices'
[2024-10-26T09:48:42.338+0000] {kafka_stream.py:75} INFO - Data sent to Kafka: {'symbol': 'LTCUSDT', 'date': '2024-10-26', 'open': 68.83, 'high': 69.72, 'low': 68.3, 'close': 68.96, 'volume': 127928.183} on topic 'crypto_prices'
[2024-10-26T09:48:42.342+0000] {kafka_stream.py:75} INFO - Data sent to Kafka: {'symbol': 'DOGEUSDT', 'date': '2024-10-26', 'open': 0.13161, 'high': 0.13525, 'low': 0.13071, 'close': 0.1347, 'volume': 352605678.0} on topic 'crypto_prices'
[2024-10-26T09:48:42.346+0000] {kafka_stream.py:75} INFO - Data sent to Kafka: {'symbol': 'AVAXUSDT', 'date': '2024-10-26', 'open': 24.94, 'high': 25.67, 'low': 24.56, 'close': 25.59, 'volume': 619721.56} on topic 'crypto_prices'
[2024-10-26T09:48:42.351+0000] {kafka_stream.py:75} INFO - Data sent to Kafka: {'symbol': 'SHIBUSDT', 'date': '2024-10-26', 'open': 1.656e-05, 'high': 1.701e-05, 'low': 1.637e-05, 'close': 1.693e-05, 'volume': 979933495803.0} on topic 'crypto_prices'
[2024-10-26T09:48:42.354+0000] {kafka_stream.py:75} INFO - Data sent to Kafka: {'symbol': 'ATOMUSDT', 'date': '2024-10-26', 'open': 4.414, 'high': 4.512, 'low': 4.341, 'close': 4.445, 'volume': 740403.54} on topic 'crypto_prices'
[2024-10-26T09:48:42.359+0000] {kafka_stream.py:75} INFO - Data sent to Kafka: {'symbol': 'TRXUSDT', 'date': '2024-10-26', 'open': 0.1625, 'high': 0.1649, 'low': 0.1624, 'close': 0.1649, 'volume': 97703769.5} on topic 'crypto_prices'
[2024-10-26T09:48:42.378+0000] {kafka_stream.py:75} INFO - Data sent to Kafka: {'symbol': 'UNIUSDT', 'date': '2024-10-26', 'open': 7.432, 'high': 7.782, 'low': 7.316, 'close': 7.611, 'volume': 2536110.63} on topic 'crypto_prices'
[2024-10-26T09:48:42.382+0000] {kafka_stream.py:75} INFO - Data sent to Kafka: {'symbol': 'FTMUSDT', 'date': '2024-10-26', 'open': 0.6202, 'high': 0.6444, 'low': 0.6086, 'close': 0.6392, 'volume': 30852127.0} on topic 'crypto_prices'
[2024-10-26T09:48:42.390+0000] {kafka_stream.py:75} INFO - Data sent to Kafka: {'symbol': 'NEARUSDT', 'date': '2024-10-26', 'open': 4.172, 'high': 4.252, 'low': 4.099, 'close': 4.236, 'volume': 5141575.8} on topic 'crypto_prices'
[2024-10-26T09:48:42.395+0000] {kafka_stream.py:75} INFO - Data sent to Kafka: {'symbol': 'ICPUSDT', 'date': '2024-10-26', 'open': 7.705, 'high': 7.846, 'low': 7.617, 'close': 7.756, 'volume': 623838.44} on topic 'crypto_prices'
[2024-10-26T09:48:42.403+0000] {kafka_stream.py:75} INFO - Data sent to Kafka: {'symbol': 'FILUSDT', 'date': '2024-10-26', 'open': 3.441, 'high': 3.49, 'low': 3.388, 'close': 3.458, 'volume': 2340301.63} on topic 'crypto_prices'
[2024-10-26T09:48:42.406+0000] {kafka_stream.py:75} INFO - Data sent to Kafka: {'symbol': 'MANAUSDT', 'date': '2024-10-26', 'open': 0.2846, 'high': 0.2904, 'low': 0.279, 'close': 0.2887, 'volume': 4020713.0} on topic 'crypto_prices'
[2024-10-26T09:48:42.410+0000] {kafka_stream.py:75} INFO - Data sent to Kafka: {'symbol': 'VETUSDT', 'date': '2024-10-26', 'open': 0.02157, 'high': 0.02176, 'low': 0.02117, 'close': 0.02162, 'volume': 76528406.8} on topic 'crypto_prices'
[2024-10-26T09:48:42.415+0000] {kafka_stream.py:75} INFO - Data sent to Kafka: {'symbol': 'FTTUSDT', 'date': '2024-10-26', 'open': 1.6898, 'high': 1.7766, 'low': 1.6632, 'close': 1.7324, 'volume': 1473429.83} on topic 'crypto_prices'
[2024-10-26T09:49:09.909+0000] {kafka_stream.py:75} INFO - Data sent to Kafka: {'symbol': 'BTCUSDT', 'date': '2024-10-26', 'open': 66698.32, 'high': 67264.34, 'low': 66439.9, 'close': 67120.96, 'volume': 5828.42775} on topic 'crypto_prices'
[2024-10-26T09:49:09.912+0000] {kafka_stream.py:75} INFO - Data sent to Kafka: {'symbol': 'ETHUSDT', 'date': '2024-10-26', 'open': 2440.63, 'high': 2479.7, 'low': 2430.12, 'close': 2468.3, 'volume': 115082.6111} on topic 'crypto_prices'
[2024-10-26T09:49:09.915+0000] {kafka_stream.py:75} INFO - Data sent to Kafka: {'symbol': 'BNBUSDT', 'date': '2024-10-26', 'open': 575.3, 'high': 584.4, 'low': 571.6, 'close': 583.1, 'volume': 68940.57} on topic 'crypto_prices'
[2024-10-26T09:49:09.917+0000] {kafka_stream.py:75} INFO - Data sent to Kafka: {'symbol': 'LTCUSDT', 'date': '2024-10-26', 'open': 68.83, 'high': 69.72, 'low': 68.3, 'close': 68.97, 'volume': 127944.099} on topic 'crypto_prices'
[2024-10-26T09:49:09.920+0000] {kafka_stream.py:75} INFO - Data sent to Kafka: {'symbol': 'XRPUSDT', 'date': '2024-10-26', 'open': 0.5022, 'high': 0.5154, 'low': 0.4989, 'close': 0.514, 'volume': 72942734.0} on topic 'crypto_prices'
[2024-10-26T09:49:09.925+0000] {kafka_stream.py:75} INFO - Data sent to Kafka: {'symbol': 'ADAUSDT', 'date': '2024-10-26', 'open': 0.326, 'high': 0.3338, 'low': 0.3206, 'close': 0.3307, 'volume': 44557574.6} on topic 'crypto_prices'
[2024-10-26T09:49:09.928+0000] {kafka_stream.py:75} INFO - Data sent to Kafka: {'symbol': 'SOLUSDT', 'date': '2024-10-26', 'open': 164.91, 'high': 169.56, 'low': 162.43, 'close': 169.02, 'volume': 1566747.45} on topic 'crypto_prices'
[2024-10-26T09:49:09.930+0000] {kafka_stream.py:75} INFO - Data sent to Kafka: {'symbol': 'AVAXUSDT', 'date': '2024-10-26', 'open': 24.94, 'high': 25.67, 'low': 24.56, 'close': 25.6, 'volume': 619881.46} on topic 'crypto_prices'
[2024-10-26T09:49:09.935+0000] {kafka_stream.py:75} INFO - Data sent to Kafka: {'symbol': 'ATOMUSDT', 'date': '2024-10-26', 'open': 4.414, 'high': 4.512, 'low': 4.341, 'close': 4.443, 'volume': 740696.32} on topic 'crypto_prices'
[2024-10-26T09:49:09.937+0000] {kafka_stream.py:75} INFO - Data sent to Kafka: {'symbol': 'LINKUSDT', 'date': '2024-10-26', 'open': 11.14, 'high': 11.4, 'low': 10.96, 'close': 11.15, 'volume': 1265092.14} on topic 'crypto_prices'
[2024-10-26T09:49:09.939+0000] {kafka_stream.py:75} INFO - Data sent to Kafka: {'symbol': 'TRXUSDT', 'date': '2024-10-26', 'open': 0.1625, 'high': 0.1649, 'low': 0.1624, 'close': 0.1648, 'volume': 97717280.9} on topic 'crypto_prices'
[2024-10-26T09:49:09.941+0000] {kafka_stream.py:75} INFO - Data sent to Kafka: {'symbol': 'UNIUSDT', 'date': '2024-10-26', 'open': 7.432, 'high': 7.782, 'low': 7.316, 'close': 7.61, 'volume': 2536135.76} on topic 'crypto_prices'
[2024-10-26T09:49:09.943+0000] {kafka_stream.py:75} INFO - Data sent to Kafka: {'symbol': 'FTMUSDT', 'date': '2024-10-26', 'open': 0.6202, 'high': 0.6444, 'low': 0.6086, 'close': 0.6396, 'volume': 30862766.0} on topic 'crypto_prices'
[2024-10-26T09:49:09.947+0000] {kafka_stream.py:75} INFO - Data sent to Kafka: {'symbol': 'NEARUSDT', 'date': '2024-10-26', 'open': 4.172, 'high': 4.252, 'low': 4.099, 'close': 4.235, 'volume': 5144872.2} on topic 'crypto_prices'
[2024-10-26T09:49:09.949+0000] {kafka_stream.py:75} INFO - Data sent to Kafka: {'symbol': 'ICPUSDT', 'date': '2024-10-26', 'open': 7.705, 'high': 7.846, 'low': 7.617, 'close': 7.754, 'volume': 623855.52} on topic 'crypto_prices'
[2024-10-26T09:49:09.953+0000] {kafka_stream.py:75} INFO - Data sent to Kafka: {'symbol': 'HBARUSDT', 'date': '2024-10-26', 'open': 0.0477, 'high': 0.0485, 'low': 0.047, 'close': 0.0482, 'volume': 67331750.0} on topic 'crypto_prices'
[2024-10-26T09:49:09.956+0000] {kafka_stream.py:75} INFO - Data sent to Kafka: {'symbol': 'MANAUSDT', 'date': '2024-10-26', 'open': 0.2846, 'high': 0.2904, 'low': 0.279, 'close': 0.2886, 'volume': 4020733.0} on topic 'crypto_prices'
[2024-10-26T09:49:09.959+0000] {kafka_stream.py:75} INFO - Data sent to Kafka: {'symbol': 'VETUSDT', 'date': '2024-10-26', 'open': 0.02157, 'high': 0.02176, 'low': 0.02117, 'close': 0.02163, 'volume': 76536921.4} on topic 'crypto_prices'
[2024-10-26T09:49:09.963+0000] {kafka_stream.py:75} INFO - Data sent to Kafka: {'symbol': 'XTZUSDT', 'date': '2024-10-26', 'open': 0.626, 'high': 0.639, 'low': 0.62, 'close': 0.634, 'volume': 1001930.2} on topic 'crypto_prices'
[2024-10-26T09:49:09.964+0000] {kafka_stream.py:75} INFO - Data sent to Kafka: {'symbol': 'THETAUSDT', 'date': '2024-10-26', 'open': 1.139, 'high': 1.158, 'low': 1.11, 'close': 1.144, 'volume': 1758422.4} on topic 'crypto_prices'
[2024-10-26T09:49:09.966+0000] {kafka_stream.py:75} INFO - Data sent to Kafka: {'symbol': 'AXSUSDT', 'date': '2024-10-26', 'open': 4.639, 'high': 4.7, 'low': 4.534, 'close': 4.667, 'volume': 351476.12} on topic 'crypto_prices'
[2024-10-26T09:49:09.967+0000] {kafka_stream.py:75} INFO - Data sent to Kafka: {'symbol': 'FTTUSDT', 'date': '2024-10-26', 'open': 1.6898, 'high': 1.7766, 'low': 1.6632, 'close': 1.7329, 'volume': 1473698.5} on topic 'crypto_prices'
[2024-10-26T09:49:12.433+0000] {record_accumulator.py:71} WARNING - Produced messages to topic-partition ('crypto_prices', 0) with base offset -1 log start offset None and error None.
[2024-10-26T09:49:12.434+0000] {record_accumulator.py:330} WARNING - Expired 1 batches in accumulator
[2024-10-26T09:49:27.469+0000] {local_task_job_runner.py:124} ERROR - Received SIGTERM. Terminating subprocesses
[2024-10-26T09:49:27.629+0000] {process_utils.py:132} INFO - Sending 15 to group 253. PIDs of all processes in the group: [253]
[2024-10-26T09:49:27.674+0000] {process_utils.py:87} INFO - Sending the signal 15 to group 253
[2024-10-26T09:49:27.716+0000] {taskinstance.py:2611} ERROR - Received SIGTERM. Terminating subprocesses.
[2024-10-26T09:49:27.722+0000] {taskinstance.py:441} INFO - ::group::Post task execution logs
[2024-10-26T09:49:27.796+0000] {taskinstance.py:2905} ERROR - Task failed with exception
Traceback (most recent call last):
  File "/home/airflow/.local/lib/python3.12/site-packages/airflow/models/taskinstance.py", line 465, in _execute_task
    result = _execute_callable(context=context, **execute_callable_kwargs)
             ^^^^^^^^^^^^^^^^^^^^^^^^^^^^^^^^^^^^^^^^^^^^^^^^^^^^^^^^^^^^^
  File "/home/airflow/.local/lib/python3.12/site-packages/airflow/models/taskinstance.py", line 432, in _execute_callable
    return execute_callable(context=context, **execute_callable_kwargs)
           ^^^^^^^^^^^^^^^^^^^^^^^^^^^^^^^^^^^^^^^^^^^^^^^^^^^^^^^^^^^^
  File "/home/airflow/.local/lib/python3.12/site-packages/airflow/models/baseoperator.py", line 401, in wrapper
    return func(self, *args, **kwargs)
           ^^^^^^^^^^^^^^^^^^^^^^^^^^^
  File "/home/airflow/.local/lib/python3.12/site-packages/airflow/operators/python.py", line 235, in execute
    return_value = self.execute_callable()
                   ^^^^^^^^^^^^^^^^^^^^^^^
  File "/home/airflow/.local/lib/python3.12/site-packages/airflow/operators/python.py", line 252, in execute_callable
    return self.python_callable(*self.op_args, **self.op_kwargs)
           ^^^^^^^^^^^^^^^^^^^^^^^^^^^^^^^^^^^^^^^^^^^^^^^^^^^^^
  File "/opt/airflow/dags/kafka_stream.py", line 69, in stream_data_on_price_change
    changed_prices = fetch_and_compare_prices()
                     ^^^^^^^^^^^^^^^^^^^^^^^^^^
  File "/opt/airflow/dags/kafka_stream.py", line 36, in fetch_and_compare_prices
    response = requests.get(f'https://api.binance.com/api/v3/klines?symbol={symbol}&interval=1d&limit=1')
               ^^^^^^^^^^^^^^^^^^^^^^^^^^^^^^^^^^^^^^^^^^^^^^^^^^^^^^^^^^^^^^^^^^^^^^^^^^^^^^^^^^^^^^^^^^
  File "/home/airflow/.local/lib/python3.12/site-packages/requests/api.py", line 73, in get
    return request("get", url, params=params, **kwargs)
           ^^^^^^^^^^^^^^^^^^^^^^^^^^^^^^^^^^^^^^^^^^^^
  File "/home/airflow/.local/lib/python3.12/site-packages/requests/api.py", line 59, in request
    return session.request(method=method, url=url, **kwargs)
           ^^^^^^^^^^^^^^^^^^^^^^^^^^^^^^^^^^^^^^^^^^^^^^^^^
  File "/home/airflow/.local/lib/python3.12/site-packages/requests/sessions.py", line 589, in request
    resp = self.send(prep, **send_kwargs)
           ^^^^^^^^^^^^^^^^^^^^^^^^^^^^^^
  File "/home/airflow/.local/lib/python3.12/site-packages/requests/sessions.py", line 703, in send
    r = adapter.send(request, **kwargs)
        ^^^^^^^^^^^^^^^^^^^^^^^^^^^^^^^
  File "/home/airflow/.local/lib/python3.12/site-packages/requests/adapters.py", line 667, in send
    resp = conn.urlopen(
           ^^^^^^^^^^^^^
  File "/home/airflow/.local/lib/python3.12/site-packages/urllib3/connectionpool.py", line 791, in urlopen
    response = self._make_request(
               ^^^^^^^^^^^^^^^^^^^
  File "/home/airflow/.local/lib/python3.12/site-packages/urllib3/connectionpool.py", line 537, in _make_request
    response = conn.getresponse()
               ^^^^^^^^^^^^^^^^^^
  File "/home/airflow/.local/lib/python3.12/site-packages/urllib3/connection.py", line 461, in getresponse
    httplib_response = super().getresponse()
                       ^^^^^^^^^^^^^^^^^^^^^
  File "/usr/local/lib/python3.12/http/client.py", line 1428, in getresponse
    response.begin()
  File "/usr/local/lib/python3.12/http/client.py", line 331, in begin
    version, status, reason = self._read_status()
                              ^^^^^^^^^^^^^^^^^^^
  File "/usr/local/lib/python3.12/http/client.py", line 292, in _read_status
    line = str(self.fp.readline(_MAXLINE + 1), "iso-8859-1")
               ^^^^^^^^^^^^^^^^^^^^^^^^^^^^^^
  File "/usr/local/lib/python3.12/socket.py", line 708, in readinto
    return self._sock.recv_into(b)
           ^^^^^^^^^^^^^^^^^^^^^^^
  File "/usr/local/lib/python3.12/ssl.py", line 1252, in recv_into
    return self.read(nbytes, buffer)
           ^^^^^^^^^^^^^^^^^^^^^^^^^
  File "/usr/local/lib/python3.12/ssl.py", line 1104, in read
    return self._sslobj.read(len, buffer)
           ^^^^^^^^^^^^^^^^^^^^^^^^^^^^^^
  File "/home/airflow/.local/lib/python3.12/site-packages/airflow/models/taskinstance.py", line 2613, in signal_handler
    raise AirflowTaskTerminated("Task received SIGTERM signal")
airflow.exceptions.AirflowTaskTerminated: Task received SIGTERM signal
[2024-10-26T09:49:27.975+0000] {taskinstance.py:1206} INFO - Marking task as FAILED. dag_id=crypto_price_automation, task_id=stream_crypto_prices_on_change, run_id=scheduled__2024-10-25T00:00:00+00:00, execution_date=20241025T000000, start_date=20241026T094144, end_date=20241026T094927
[2024-10-26T09:49:28.200+0000] {conn.py:673} ERROR - <BrokerConnection node_id=1002 host=kafka:9093 <connected> [IPv4 ('172.21.0.10', 9093)]>: Closing connection. KafkaConnectionError: Socket EVENT_READ without in-flight-requests
[2024-10-26T09:49:28.231+0000] {client_async.py:330} WARNING - Node 1002 connection failed -- refreshing metadata
[2024-10-26T09:49:28.422+0000] {conn.py:362} INFO - <BrokerConnection node_id=1002 host=kafka:9093 <connecting> [IPv4 ('172.21.0.10', 9093)]>: connecting to kafka:9093 [('172.21.0.10', 9093) IPv4]
[2024-10-26T09:49:28.496+0000] {conn.py:402} ERROR - Connect attempt to <BrokerConnection node_id=1002 host=kafka:9093 <connecting> [IPv4 ('172.21.0.10', 9093)]> returned error 111. Disconnecting.
[2024-10-26T09:49:28.500+0000] {conn.py:673} ERROR - <BrokerConnection node_id=1002 host=kafka:9093 <connecting> [IPv4 ('172.21.0.10', 9093)]>: Closing connection. KafkaConnectionError: 111 ECONNREFUSED
[2024-10-26T09:49:28.586+0000] {process_utils.py:80} INFO - Process psutil.Process(pid=253, status='terminated', exitcode=2, started='09:41:44') (253) terminated with exit code 2
[2024-10-26T09:49:28.604+0000] {local_task_job_runner.py:243} INFO - Task exited with return code 143
[2024-10-26T09:49:28.745+0000] {taskinstance.py:3503} INFO - 0 downstream tasks scheduled from follow-on schedule check
[2024-10-26T09:49:31.911+0000] {local_task_job_runner.py:222} INFO - ::endgroup::
