[2024-10-25T10:41:26.524+0000] {local_task_job_runner.py:120} INFO - ::group::Pre task execution logs
[2024-10-25T10:41:26.775+0000] {taskinstance.py:2076} INFO - Dependencies all met for dep_context=non-requeueable deps ti=<TaskInstance: crypto_price_automation.stream_crypto_prices scheduled__2024-10-24T00:00:00+00:00 [queued]>
[2024-10-25T10:41:26.827+0000] {taskinstance.py:2076} INFO - Dependencies all met for dep_context=requeueable deps ti=<TaskInstance: crypto_price_automation.stream_crypto_prices scheduled__2024-10-24T00:00:00+00:00 [queued]>
[2024-10-25T10:41:26.828+0000] {taskinstance.py:2306} INFO - Starting attempt 1 of 1
[2024-10-25T10:41:26.874+0000] {taskinstance.py:2330} INFO - Executing <Task(PythonOperator): stream_crypto_prices> on 2024-10-24 00:00:00+00:00
[2024-10-25T10:41:26.902+0000] {standard_task_runner.py:90} INFO - Running: ['***', 'tasks', 'run', 'crypto_price_automation', 'stream_crypto_prices', 'scheduled__2024-10-24T00:00:00+00:00', '--job-id', '171', '--raw', '--subdir', 'DAGS_FOLDER/kafka_stream.py', '--cfg-path', '/tmp/tmppteb14qe']
[2024-10-25T10:41:26.931+0000] {standard_task_runner.py:91} INFO - Job 171: Subtask stream_crypto_prices
[2024-10-25T10:41:26.929+0000] {logging_mixin.py:188} WARNING - /home/***/.local/lib/python3.12/site-packages/***/task/task_runner/standard_task_runner.py:62 DeprecationWarning: This process (pid=272) is multi-threaded, use of fork() may lead to deadlocks in the child.
[2024-10-25T10:41:26.940+0000] {standard_task_runner.py:64} INFO - Started process 273 to run task
[2024-10-25T10:41:27.174+0000] {task_command.py:426} INFO - Running <TaskInstance: crypto_price_automation.stream_crypto_prices scheduled__2024-10-24T00:00:00+00:00 [running]> on host 99d2c9a4153a
[2024-10-25T10:41:27.637+0000] {taskinstance.py:2648} INFO - Exporting env vars: AIRFLOW_CTX_DAG_OWNER='admin' AIRFLOW_CTX_DAG_ID='crypto_price_automation' AIRFLOW_CTX_TASK_ID='stream_crypto_prices' AIRFLOW_CTX_EXECUTION_DATE='2024-10-24T00:00:00+00:00' AIRFLOW_CTX_TRY_NUMBER='1' AIRFLOW_CTX_DAG_RUN_ID='scheduled__2024-10-24T00:00:00+00:00'
[2024-10-25T10:41:27.639+0000] {taskinstance.py:430} INFO - ::endgroup::
[2024-10-25T10:41:28.487+0000] {conn.py:362} INFO - <BrokerConnection node_id=bootstrap-0 host=kafka:9093 <connecting> [IPv4 ('172.21.0.4', 9093)]>: connecting to kafka:9093 [('172.21.0.4', 9093) IPv4]
[2024-10-25T10:41:28.489+0000] {conn.py:957} INFO - Probing node bootstrap-0 broker version
[2024-10-25T10:41:28.492+0000] {conn.py:393} INFO - <BrokerConnection node_id=bootstrap-0 host=kafka:9093 <connecting> [IPv4 ('172.21.0.4', 9093)]>: Connection complete.
[2024-10-25T10:41:28.653+0000] {conn.py:1019} INFO - Broker version identified as 2.6.0
[2024-10-25T10:41:28.655+0000] {conn.py:1020} INFO - Set configuration api_version=(2, 6, 0) to skip auto check_version requests on startup
[2024-10-25T10:41:30.047+0000] {kafka_stream.py:61} INFO - Data sent to Kafka: {'symbol': 'BTCUSDT', 'date': '2024-10-25', 'open': 68198.27, 'high': 68286.56, 'low': 67250.0, 'close': 67849.92, 'volume': 7629.47377} on topic 'crypto_prices'
[2024-10-25T10:41:30.051+0000] {conn.py:362} INFO - <BrokerConnection node_id=1001 host=kafka:9093 <connecting> [IPv4 ('172.21.0.4', 9093)]>: connecting to kafka:9093 [('172.21.0.4', 9093) IPv4]
[2024-10-25T10:41:30.054+0000] {conn.py:393} INFO - <BrokerConnection node_id=1001 host=kafka:9093 <connecting> [IPv4 ('172.21.0.4', 9093)]>: Connection complete.
[2024-10-25T10:41:30.056+0000] {conn.py:673} INFO - <BrokerConnection node_id=bootstrap-0 host=kafka:9093 <connected> [IPv4 ('172.21.0.4', 9093)]>: Closing connection. 
[2024-10-25T10:41:31.253+0000] {kafka_stream.py:61} INFO - Data sent to Kafka: {'symbol': 'ETHUSDT', 'date': '2024-10-25', 'open': 2535.82, 'high': 2545.0, 'low': 2462.06, 'close': 2541.99, 'volume': 157326.5318} on topic 'crypto_prices'
[2024-10-25T10:41:33.370+0000] {kafka_stream.py:61} INFO - Data sent to Kafka: {'symbol': 'BNBUSDT', 'date': '2024-10-25', 'open': 594.5, 'high': 597.6, 'low': 586.2, 'close': 591.6, 'volume': 69270.989} on topic 'crypto_prices'
[2024-10-25T10:41:35.246+0000] {kafka_stream.py:61} INFO - Data sent to Kafka: {'symbol': 'BTCUSDT', 'date': '2024-10-25', 'open': 68198.27, 'high': 68286.56, 'low': 67250.0, 'close': 67845.61, 'volume': 7629.86509} on topic 'crypto_prices'
[2024-10-25T10:41:36.579+0000] {kafka_stream.py:61} INFO - Data sent to Kafka: {'symbol': 'ETHUSDT', 'date': '2024-10-25', 'open': 2535.82, 'high': 2545.0, 'low': 2462.06, 'close': 2541.61, 'volume': 157329.0449} on topic 'crypto_prices'
[2024-10-25T10:41:38.217+0000] {kafka_stream.py:61} INFO - Data sent to Kafka: {'symbol': 'BNBUSDT', 'date': '2024-10-25', 'open': 594.5, 'high': 597.6, 'low': 586.2, 'close': 591.5, 'volume': 69271.07} on topic 'crypto_prices'
[2024-10-25T10:41:39.652+0000] {kafka_stream.py:61} INFO - Data sent to Kafka: {'symbol': 'BTCUSDT', 'date': '2024-10-25', 'open': 68198.27, 'high': 68286.56, 'low': 67250.0, 'close': 67840.01, 'volume': 7630.18337} on topic 'crypto_prices'
[2024-10-25T10:41:41.697+0000] {kafka_stream.py:61} INFO - Data sent to Kafka: {'symbol': 'ETHUSDT', 'date': '2024-10-25', 'open': 2535.82, 'high': 2545.0, 'low': 2462.06, 'close': 2541.6, 'volume': 157331.6947} on topic 'crypto_prices'
[2024-10-25T10:41:43.667+0000] {kafka_stream.py:61} INFO - Data sent to Kafka: {'symbol': 'BNBUSDT', 'date': '2024-10-25', 'open': 594.5, 'high': 597.6, 'low': 586.2, 'close': 591.5, 'volume': 69271.166} on topic 'crypto_prices'
[2024-10-25T10:41:45.945+0000] {kafka_stream.py:61} INFO - Data sent to Kafka: {'symbol': 'BTCUSDT', 'date': '2024-10-25', 'open': 68198.27, 'high': 68286.56, 'low': 67250.0, 'close': 67840.01, 'volume': 7630.97463} on topic 'crypto_prices'
[2024-10-25T10:41:47.443+0000] {kafka_stream.py:61} INFO - Data sent to Kafka: {'symbol': 'ETHUSDT', 'date': '2024-10-25', 'open': 2535.82, 'high': 2545.0, 'low': 2462.06, 'close': 2541.77, 'volume': 157360.2903} on topic 'crypto_prices'
[2024-10-25T10:41:48.765+0000] {kafka_stream.py:61} INFO - Data sent to Kafka: {'symbol': 'BNBUSDT', 'date': '2024-10-25', 'open': 594.5, 'high': 597.6, 'low': 586.2, 'close': 591.4, 'volume': 69277.304} on topic 'crypto_prices'
[2024-10-25T10:41:50.424+0000] {kafka_stream.py:61} INFO - Data sent to Kafka: {'symbol': 'BTCUSDT', 'date': '2024-10-25', 'open': 68198.27, 'high': 68286.56, 'low': 67250.0, 'close': 67840.01, 'volume': 7631.02231} on topic 'crypto_prices'
[2024-10-25T10:41:52.464+0000] {kafka_stream.py:61} INFO - Data sent to Kafka: {'symbol': 'ETHUSDT', 'date': '2024-10-25', 'open': 2535.82, 'high': 2545.0, 'low': 2462.06, 'close': 2541.89, 'volume': 157363.239} on topic 'crypto_prices'
[2024-10-25T10:41:53.703+0000] {kafka_stream.py:61} INFO - Data sent to Kafka: {'symbol': 'BNBUSDT', 'date': '2024-10-25', 'open': 594.5, 'high': 597.6, 'low': 586.2, 'close': 591.5, 'volume': 69278.09} on topic 'crypto_prices'
[2024-10-25T10:41:56.159+0000] {kafka_stream.py:61} INFO - Data sent to Kafka: {'symbol': 'BTCUSDT', 'date': '2024-10-25', 'open': 68198.27, 'high': 68286.56, 'low': 67250.0, 'close': 67840.0, 'volume': 7631.08202} on topic 'crypto_prices'
[2024-10-25T10:41:58.466+0000] {kafka_stream.py:61} INFO - Data sent to Kafka: {'symbol': 'ETHUSDT', 'date': '2024-10-25', 'open': 2535.82, 'high': 2545.0, 'low': 2462.06, 'close': 2541.61, 'volume': 157388.1448} on topic 'crypto_prices'
[2024-10-25T10:42:05.257+0000] {kafka_stream.py:61} INFO - Data sent to Kafka: {'symbol': 'BNBUSDT', 'date': '2024-10-25', 'open': 594.5, 'high': 597.6, 'low': 586.2, 'close': 591.4, 'volume': 69290.811} on topic 'crypto_prices'
[2024-10-25T10:42:07.193+0000] {conn.py:673} INFO - <BrokerConnection node_id=1001 host=kafka:9093 <connected> [IPv4 ('172.21.0.4', 9093)]>: Closing connection. 
[2024-10-25T10:42:07.198+0000] {python.py:237} INFO - Done. Returned value was: Data streaming completed.
[2024-10-25T10:42:07.200+0000] {taskinstance.py:441} INFO - ::group::Post task execution logs
[2024-10-25T10:42:07.307+0000] {taskinstance.py:1206} INFO - Marking task as SUCCESS. dag_id=crypto_price_automation, task_id=stream_crypto_prices, run_id=scheduled__2024-10-24T00:00:00+00:00, execution_date=20241024T000000, start_date=20241025T104126, end_date=20241025T104207
[2024-10-25T10:42:07.386+0000] {local_task_job_runner.py:243} INFO - Task exited with return code 0
[2024-10-25T10:42:07.425+0000] {taskinstance.py:3503} INFO - 0 downstream tasks scheduled from follow-on schedule check
[2024-10-25T10:42:07.431+0000] {local_task_job_runner.py:222} INFO - ::endgroup::
