[2024-10-25T09:39:35.977+0000] {local_task_job_runner.py:120} INFO - ::group::Pre task execution logs
[2024-10-25T09:39:37.651+0000] {taskinstance.py:2076} INFO - Dependencies all met for dep_context=non-requeueable deps ti=<TaskInstance: user_automation.stream_data_from_api scheduled__2024-10-24T00:00:00+00:00 [queued]>
[2024-10-25T09:39:38.461+0000] {taskinstance.py:2076} INFO - Dependencies all met for dep_context=requeueable deps ti=<TaskInstance: user_automation.stream_data_from_api scheduled__2024-10-24T00:00:00+00:00 [queued]>
[2024-10-25T09:39:38.478+0000] {taskinstance.py:2306} INFO - Starting attempt 1 of 1
[2024-10-25T09:39:39.246+0000] {taskinstance.py:2330} INFO - Executing <Task(PythonOperator): stream_data_from_api> on 2024-10-24 00:00:00+00:00
[2024-10-25T09:39:39.630+0000] {standard_task_runner.py:90} INFO - Running: ['***', 'tasks', 'run', 'user_automation', 'stream_data_from_api', 'scheduled__2024-10-24T00:00:00+00:00', '--job-id', '166', '--raw', '--subdir', 'DAGS_FOLDER/kafka_stream.py', '--cfg-path', '/tmp/tmpfvckqyu2']
[2024-10-25T09:39:39.803+0000] {standard_task_runner.py:91} INFO - Job 166: Subtask stream_data_from_api
[2024-10-25T09:39:39.741+0000] {logging_mixin.py:188} WARNING - /home/***/.local/lib/python3.12/site-packages/***/task/task_runner/standard_task_runner.py:62 DeprecationWarning: This process (pid=235) is multi-threaded, use of fork() may lead to deadlocks in the child.
[2024-10-25T09:39:39.904+0000] {standard_task_runner.py:64} INFO - Started process 242 to run task
[2024-10-25T09:39:42.047+0000] {task_command.py:426} INFO - Running <TaskInstance: user_automation.stream_data_from_api scheduled__2024-10-24T00:00:00+00:00 [running]> on host 99d2c9a4153a
[2024-10-25T09:39:44.705+0000] {taskinstance.py:2648} INFO - Exporting env vars: AIRFLOW_CTX_DAG_OWNER='admin' AIRFLOW_CTX_DAG_ID='user_automation' AIRFLOW_CTX_TASK_ID='stream_data_from_api' AIRFLOW_CTX_EXECUTION_DATE='2024-10-24T00:00:00+00:00' AIRFLOW_CTX_TRY_NUMBER='1' AIRFLOW_CTX_DAG_RUN_ID='scheduled__2024-10-24T00:00:00+00:00'
[2024-10-25T09:39:44.765+0000] {taskinstance.py:430} INFO - ::endgroup::
[2024-10-25T09:39:55.659+0000] {conn.py:362} INFO - <BrokerConnection node_id=bootstrap-0 host=kafka:9093 <connecting> [IPv4 ('172.21.0.8', 9093)]>: connecting to kafka:9093 [('172.21.0.8', 9093) IPv4]
[2024-10-25T09:39:55.678+0000] {conn.py:957} INFO - Probing node bootstrap-0 broker version
[2024-10-25T09:39:55.703+0000] {conn.py:393} INFO - <BrokerConnection node_id=bootstrap-0 host=kafka:9093 <connecting> [IPv4 ('172.21.0.8', 9093)]>: Connection complete.
[2024-10-25T09:39:57.914+0000] {conn.py:809} WARNING - <BrokerConnection node_id=bootstrap-0 host=kafka:9093 <connected> [IPv4 ('172.21.0.8', 9093)]> timed out after 1959.4438076019287 ms. Closing connection.
[2024-10-25T09:39:57.937+0000] {conn.py:673} ERROR - <BrokerConnection node_id=bootstrap-0 host=kafka:9093 <connected> [IPv4 ('172.21.0.8', 9093)]>: Closing connection. [Error 7] RequestTimedOutError: Request timed out after 1959.4438076019287 ms
[2024-10-25T09:39:57.953+0000] {conn.py:1042} INFO - Broker is not v(0, 10) -- it did not recognize ApiVersionRequest_v0
[2024-10-25T09:39:57.986+0000] {taskinstance.py:441} INFO - ::group::Post task execution logs
[2024-10-25T09:39:58.073+0000] {taskinstance.py:2905} ERROR - Task failed with exception
Traceback (most recent call last):
  File "/home/airflow/.local/lib/python3.12/site-packages/airflow/models/taskinstance.py", line 465, in _execute_task
    result = _execute_callable(context=context, **execute_callable_kwargs)
             ^^^^^^^^^^^^^^^^^^^^^^^^^^^^^^^^^^^^^^^^^^^^^^^^^^^^^^^^^^^^^
  File "/home/airflow/.local/lib/python3.12/site-packages/airflow/models/taskinstance.py", line 432, in _execute_callable
    return execute_callable(context=context, **execute_callable_kwargs)
           ^^^^^^^^^^^^^^^^^^^^^^^^^^^^^^^^^^^^^^^^^^^^^^^^^^^^^^^^^^^^
  File "/home/airflow/.local/lib/python3.12/site-packages/airflow/models/baseoperator.py", line 401, in wrapper
    return func(self, *args, **kwargs)
           ^^^^^^^^^^^^^^^^^^^^^^^^^^^
  File "/home/airflow/.local/lib/python3.12/site-packages/airflow/operators/python.py", line 235, in execute
    return_value = self.execute_callable()
                   ^^^^^^^^^^^^^^^^^^^^^^^
  File "/home/airflow/.local/lib/python3.12/site-packages/airflow/operators/python.py", line 252, in execute_callable
    return self.python_callable(*self.op_args, **self.op_kwargs)
           ^^^^^^^^^^^^^^^^^^^^^^^^^^^^^^^^^^^^^^^^^^^^^^^^^^^^^
  File "/opt/airflow/dags/kafka_stream.py", line 44, in stream_data
    producer = KafkaProducer(bootstrap_servers='kafka:9093', max_block_ms=5000)
               ^^^^^^^^^^^^^^^^^^^^^^^^^^^^^^^^^^^^^^^^^^^^^^^^^^^^^^^^^^^^^^^^
  File "/home/airflow/.local/lib/python3.12/site-packages/kafka/producer/kafka.py", line 383, in __init__
    client = self.config['kafka_client'](
             ^^^^^^^^^^^^^^^^^^^^^^^^^^^^
  File "/home/airflow/.local/lib/python3.12/site-packages/kafka/client_async.py", line 234, in __init__
    self.config['api_version'] = self.check_version(timeout=check_timeout)
                                 ^^^^^^^^^^^^^^^^^^^^^^^^^^^^^^^^^^^^^^^^^
  File "/home/airflow/.local/lib/python3.12/site-packages/kafka/client_async.py", line 929, in check_version
    raise Errors.NoBrokersAvailable()
kafka.errors.NoBrokersAvailable: NoBrokersAvailable
[2024-10-25T09:39:59.053+0000] {taskinstance.py:1206} INFO - Marking task as FAILED. dag_id=user_automation, task_id=stream_data_from_api, run_id=scheduled__2024-10-24T00:00:00+00:00, execution_date=20241024T000000, start_date=20241025T093937, end_date=20241025T093959
[2024-10-25T09:39:59.488+0000] {standard_task_runner.py:110} ERROR - Failed to execute job 166 for task stream_data_from_api (NoBrokersAvailable; 242)
[2024-10-25T09:39:59.644+0000] {local_task_job_runner.py:243} INFO - Task exited with return code 1
[2024-10-25T09:40:00.173+0000] {taskinstance.py:3503} INFO - 0 downstream tasks scheduled from follow-on schedule check
[2024-10-25T09:40:00.222+0000] {local_task_job_runner.py:222} INFO - ::endgroup::
