[2024-10-25T09:39:26.467+0000] {processor.py:161} INFO - Started process (PID=231) to work on /opt/airflow/dags/kafka_stream.py
[2024-10-25T09:39:26.598+0000] {processor.py:830} INFO - Processing file /opt/airflow/dags/kafka_stream.py for tasks to queue
[2024-10-25T09:39:26.681+0000] {logging_mixin.py:188} INFO - [2024-10-25T09:39:26.680+0000] {dagbag.py:545} INFO - Filling up the DagBag from /opt/airflow/dags/kafka_stream.py
[2024-10-25T09:39:27.401+0000] {processor.py:840} INFO - DAG(s) 'user_automation' retrieved from /opt/airflow/dags/kafka_stream.py
[2024-10-25T09:39:39.134+0000] {logging_mixin.py:188} INFO - [2024-10-25T09:39:39.133+0000] {dag.py:3089} INFO - Sync 1 DAGs
[2024-10-25T09:39:40.686+0000] {logging_mixin.py:188} INFO - [2024-10-25T09:39:40.686+0000] {dag.py:3947} INFO - Setting next_dagrun for user_automation to 2024-10-25 00:00:00+00:00, run_after=2024-10-26 00:00:00+00:00
[2024-10-25T09:39:42.000+0000] {processor.py:183} INFO - Processing /opt/airflow/dags/kafka_stream.py took 15.930 seconds
[2024-10-25T09:40:13.558+0000] {processor.py:161} INFO - Started process (PID=251) to work on /opt/airflow/dags/kafka_stream.py
[2024-10-25T09:40:13.594+0000] {processor.py:830} INFO - Processing file /opt/airflow/dags/kafka_stream.py for tasks to queue
[2024-10-25T09:40:13.733+0000] {logging_mixin.py:188} INFO - [2024-10-25T09:40:13.702+0000] {dagbag.py:545} INFO - Filling up the DagBag from /opt/airflow/dags/kafka_stream.py
[2024-10-25T09:40:16.990+0000] {processor.py:840} INFO - DAG(s) 'user_automation' retrieved from /opt/airflow/dags/kafka_stream.py
[2024-10-25T09:40:19.699+0000] {logging_mixin.py:188} INFO - [2024-10-25T09:40:19.683+0000] {dag.py:3089} INFO - Sync 1 DAGs
[2024-10-25T09:40:23.802+0000] {logging_mixin.py:188} INFO - [2024-10-25T09:40:23.769+0000] {dag.py:3947} INFO - Setting next_dagrun for user_automation to 2024-10-25 00:00:00+00:00, run_after=2024-10-26 00:00:00+00:00
[2024-10-25T09:40:26.166+0000] {processor.py:183} INFO - Processing /opt/airflow/dags/kafka_stream.py took 12.753 seconds
[2024-10-25T09:40:57.226+0000] {processor.py:161} INFO - Started process (PID=262) to work on /opt/airflow/dags/kafka_stream.py
[2024-10-25T09:40:57.236+0000] {processor.py:830} INFO - Processing file /opt/airflow/dags/kafka_stream.py for tasks to queue
[2024-10-25T09:40:57.276+0000] {logging_mixin.py:188} INFO - [2024-10-25T09:40:57.246+0000] {dagbag.py:545} INFO - Filling up the DagBag from /opt/airflow/dags/kafka_stream.py
[2024-10-25T09:40:58.087+0000] {processor.py:840} INFO - DAG(s) 'user_automation' retrieved from /opt/airflow/dags/kafka_stream.py
[2024-10-25T09:40:58.992+0000] {logging_mixin.py:188} INFO - [2024-10-25T09:40:58.991+0000] {dag.py:3089} INFO - Sync 1 DAGs
[2024-10-25T09:40:59.926+0000] {logging_mixin.py:188} INFO - [2024-10-25T09:40:59.926+0000] {dag.py:3947} INFO - Setting next_dagrun for user_automation to 2024-10-25 00:00:00+00:00, run_after=2024-10-26 00:00:00+00:00
[2024-10-25T09:41:00.313+0000] {processor.py:183} INFO - Processing /opt/airflow/dags/kafka_stream.py took 3.121 seconds
[2024-10-25T09:41:30.880+0000] {processor.py:161} INFO - Started process (PID=274) to work on /opt/airflow/dags/kafka_stream.py
[2024-10-25T09:41:30.887+0000] {processor.py:830} INFO - Processing file /opt/airflow/dags/kafka_stream.py for tasks to queue
[2024-10-25T09:41:30.899+0000] {logging_mixin.py:188} INFO - [2024-10-25T09:41:30.899+0000] {dagbag.py:545} INFO - Filling up the DagBag from /opt/airflow/dags/kafka_stream.py
[2024-10-25T09:41:31.309+0000] {processor.py:840} INFO - DAG(s) 'user_automation' retrieved from /opt/airflow/dags/kafka_stream.py
[2024-10-25T09:41:33.177+0000] {logging_mixin.py:188} INFO - [2024-10-25T09:41:33.164+0000] {dag.py:3089} INFO - Sync 1 DAGs
[2024-10-25T09:41:33.419+0000] {logging_mixin.py:188} INFO - [2024-10-25T09:41:33.418+0000] {dag.py:3947} INFO - Setting next_dagrun for user_automation to 2024-10-25 00:00:00+00:00, run_after=2024-10-26 00:00:00+00:00
[2024-10-25T09:41:33.701+0000] {processor.py:183} INFO - Processing /opt/airflow/dags/kafka_stream.py took 2.916 seconds
[2024-10-25T09:42:03.944+0000] {processor.py:161} INFO - Started process (PID=285) to work on /opt/airflow/dags/kafka_stream.py
[2024-10-25T09:42:03.948+0000] {processor.py:830} INFO - Processing file /opt/airflow/dags/kafka_stream.py for tasks to queue
[2024-10-25T09:42:03.953+0000] {logging_mixin.py:188} INFO - [2024-10-25T09:42:03.952+0000] {dagbag.py:545} INFO - Filling up the DagBag from /opt/airflow/dags/kafka_stream.py
[2024-10-25T09:42:04.018+0000] {processor.py:840} INFO - DAG(s) 'user_automation' retrieved from /opt/airflow/dags/kafka_stream.py
[2024-10-25T09:42:04.065+0000] {logging_mixin.py:188} INFO - [2024-10-25T09:42:04.061+0000] {dag.py:3089} INFO - Sync 1 DAGs
[2024-10-25T09:42:04.145+0000] {logging_mixin.py:188} INFO - [2024-10-25T09:42:04.144+0000] {dag.py:3947} INFO - Setting next_dagrun for user_automation to 2024-10-25 00:00:00+00:00, run_after=2024-10-26 00:00:00+00:00
[2024-10-25T09:42:04.205+0000] {processor.py:183} INFO - Processing /opt/airflow/dags/kafka_stream.py took 0.278 seconds
[2024-10-25T09:42:34.738+0000] {processor.py:161} INFO - Started process (PID=296) to work on /opt/airflow/dags/kafka_stream.py
[2024-10-25T09:42:34.740+0000] {processor.py:830} INFO - Processing file /opt/airflow/dags/kafka_stream.py for tasks to queue
[2024-10-25T09:42:34.753+0000] {logging_mixin.py:188} INFO - [2024-10-25T09:42:34.752+0000] {dagbag.py:545} INFO - Filling up the DagBag from /opt/airflow/dags/kafka_stream.py
[2024-10-25T09:42:34.839+0000] {processor.py:840} INFO - DAG(s) 'user_automation' retrieved from /opt/airflow/dags/kafka_stream.py
[2024-10-25T09:42:35.853+0000] {logging_mixin.py:188} INFO - [2024-10-25T09:42:35.853+0000] {dag.py:3089} INFO - Sync 1 DAGs
[2024-10-25T09:42:36.198+0000] {logging_mixin.py:188} INFO - [2024-10-25T09:42:36.197+0000] {dag.py:3947} INFO - Setting next_dagrun for user_automation to 2024-10-25 00:00:00+00:00, run_after=2024-10-26 00:00:00+00:00
[2024-10-25T09:42:36.293+0000] {processor.py:183} INFO - Processing /opt/airflow/dags/kafka_stream.py took 1.579 seconds
[2024-10-25T09:43:07.376+0000] {processor.py:161} INFO - Started process (PID=307) to work on /opt/airflow/dags/kafka_stream.py
[2024-10-25T09:43:07.393+0000] {processor.py:830} INFO - Processing file /opt/airflow/dags/kafka_stream.py for tasks to queue
[2024-10-25T09:43:07.411+0000] {logging_mixin.py:188} INFO - [2024-10-25T09:43:07.399+0000] {dagbag.py:545} INFO - Filling up the DagBag from /opt/airflow/dags/kafka_stream.py
[2024-10-25T09:43:07.539+0000] {processor.py:840} INFO - DAG(s) 'user_automation' retrieved from /opt/airflow/dags/kafka_stream.py
[2024-10-25T09:43:07.810+0000] {logging_mixin.py:188} INFO - [2024-10-25T09:43:07.809+0000] {dag.py:3089} INFO - Sync 1 DAGs
[2024-10-25T09:43:08.011+0000] {logging_mixin.py:188} INFO - [2024-10-25T09:43:08.010+0000] {dag.py:3947} INFO - Setting next_dagrun for user_automation to 2024-10-25 00:00:00+00:00, run_after=2024-10-26 00:00:00+00:00
[2024-10-25T09:43:08.158+0000] {processor.py:183} INFO - Processing /opt/airflow/dags/kafka_stream.py took 0.841 seconds
[2024-10-25T09:43:38.798+0000] {processor.py:161} INFO - Started process (PID=325) to work on /opt/airflow/dags/kafka_stream.py
[2024-10-25T09:43:38.811+0000] {processor.py:830} INFO - Processing file /opt/airflow/dags/kafka_stream.py for tasks to queue
[2024-10-25T09:43:38.832+0000] {logging_mixin.py:188} INFO - [2024-10-25T09:43:38.817+0000] {dagbag.py:545} INFO - Filling up the DagBag from /opt/airflow/dags/kafka_stream.py
[2024-10-25T09:43:38.948+0000] {processor.py:840} INFO - DAG(s) 'user_automation' retrieved from /opt/airflow/dags/kafka_stream.py
[2024-10-25T09:43:39.040+0000] {logging_mixin.py:188} INFO - [2024-10-25T09:43:39.039+0000] {dag.py:3089} INFO - Sync 1 DAGs
[2024-10-25T09:43:39.184+0000] {logging_mixin.py:188} INFO - [2024-10-25T09:43:39.183+0000] {dag.py:3947} INFO - Setting next_dagrun for user_automation to 2024-10-25 00:00:00+00:00, run_after=2024-10-26 00:00:00+00:00
[2024-10-25T09:43:39.356+0000] {processor.py:183} INFO - Processing /opt/airflow/dags/kafka_stream.py took 0.601 seconds
[2024-10-25T09:44:10.295+0000] {processor.py:161} INFO - Started process (PID=336) to work on /opt/airflow/dags/kafka_stream.py
[2024-10-25T09:44:10.299+0000] {processor.py:830} INFO - Processing file /opt/airflow/dags/kafka_stream.py for tasks to queue
[2024-10-25T09:44:10.318+0000] {logging_mixin.py:188} INFO - [2024-10-25T09:44:10.316+0000] {dagbag.py:545} INFO - Filling up the DagBag from /opt/airflow/dags/kafka_stream.py
[2024-10-25T09:44:10.456+0000] {processor.py:840} INFO - DAG(s) 'user_automation' retrieved from /opt/airflow/dags/kafka_stream.py
[2024-10-25T09:44:10.681+0000] {logging_mixin.py:188} INFO - [2024-10-25T09:44:10.680+0000] {dag.py:3089} INFO - Sync 1 DAGs
[2024-10-25T09:44:10.787+0000] {logging_mixin.py:188} INFO - [2024-10-25T09:44:10.786+0000] {dag.py:3947} INFO - Setting next_dagrun for user_automation to 2024-10-25 00:00:00+00:00, run_after=2024-10-26 00:00:00+00:00
[2024-10-25T09:44:10.858+0000] {processor.py:183} INFO - Processing /opt/airflow/dags/kafka_stream.py took 0.617 seconds
[2024-10-25T09:44:41.180+0000] {processor.py:161} INFO - Started process (PID=347) to work on /opt/airflow/dags/kafka_stream.py
[2024-10-25T09:44:41.183+0000] {processor.py:830} INFO - Processing file /opt/airflow/dags/kafka_stream.py for tasks to queue
[2024-10-25T09:44:41.190+0000] {logging_mixin.py:188} INFO - [2024-10-25T09:44:41.189+0000] {dagbag.py:545} INFO - Filling up the DagBag from /opt/airflow/dags/kafka_stream.py
[2024-10-25T09:44:41.276+0000] {processor.py:840} INFO - DAG(s) 'user_automation' retrieved from /opt/airflow/dags/kafka_stream.py
[2024-10-25T09:44:41.434+0000] {logging_mixin.py:188} INFO - [2024-10-25T09:44:41.433+0000] {dag.py:3089} INFO - Sync 1 DAGs
[2024-10-25T09:44:41.528+0000] {logging_mixin.py:188} INFO - [2024-10-25T09:44:41.527+0000] {dag.py:3947} INFO - Setting next_dagrun for user_automation to 2024-10-25 00:00:00+00:00, run_after=2024-10-26 00:00:00+00:00
[2024-10-25T09:44:41.681+0000] {processor.py:183} INFO - Processing /opt/airflow/dags/kafka_stream.py took 0.532 seconds
[2024-10-25T09:45:12.232+0000] {processor.py:161} INFO - Started process (PID=358) to work on /opt/airflow/dags/kafka_stream.py
[2024-10-25T09:45:12.235+0000] {processor.py:830} INFO - Processing file /opt/airflow/dags/kafka_stream.py for tasks to queue
[2024-10-25T09:45:12.243+0000] {logging_mixin.py:188} INFO - [2024-10-25T09:45:12.242+0000] {dagbag.py:545} INFO - Filling up the DagBag from /opt/airflow/dags/kafka_stream.py
[2024-10-25T09:45:12.321+0000] {processor.py:840} INFO - DAG(s) 'user_automation' retrieved from /opt/airflow/dags/kafka_stream.py
[2024-10-25T09:45:12.435+0000] {logging_mixin.py:188} INFO - [2024-10-25T09:45:12.434+0000] {dag.py:3089} INFO - Sync 1 DAGs
[2024-10-25T09:45:12.530+0000] {logging_mixin.py:188} INFO - [2024-10-25T09:45:12.530+0000] {dag.py:3947} INFO - Setting next_dagrun for user_automation to 2024-10-25 00:00:00+00:00, run_after=2024-10-26 00:00:00+00:00
[2024-10-25T09:45:12.603+0000] {processor.py:183} INFO - Processing /opt/airflow/dags/kafka_stream.py took 0.393 seconds
[2024-10-25T09:45:42.795+0000] {processor.py:161} INFO - Started process (PID=369) to work on /opt/airflow/dags/kafka_stream.py
[2024-10-25T09:45:42.798+0000] {processor.py:830} INFO - Processing file /opt/airflow/dags/kafka_stream.py for tasks to queue
[2024-10-25T09:45:42.803+0000] {logging_mixin.py:188} INFO - [2024-10-25T09:45:42.802+0000] {dagbag.py:545} INFO - Filling up the DagBag from /opt/airflow/dags/kafka_stream.py
[2024-10-25T09:45:42.871+0000] {processor.py:840} INFO - DAG(s) 'user_automation' retrieved from /opt/airflow/dags/kafka_stream.py
[2024-10-25T09:45:42.945+0000] {logging_mixin.py:188} INFO - [2024-10-25T09:45:42.944+0000] {dag.py:3089} INFO - Sync 1 DAGs
[2024-10-25T09:45:43.036+0000] {logging_mixin.py:188} INFO - [2024-10-25T09:45:43.035+0000] {dag.py:3947} INFO - Setting next_dagrun for user_automation to 2024-10-25 00:00:00+00:00, run_after=2024-10-26 00:00:00+00:00
[2024-10-25T09:45:43.104+0000] {processor.py:183} INFO - Processing /opt/airflow/dags/kafka_stream.py took 0.325 seconds
[2024-10-25T09:46:13.303+0000] {processor.py:161} INFO - Started process (PID=380) to work on /opt/airflow/dags/kafka_stream.py
[2024-10-25T09:46:13.307+0000] {processor.py:830} INFO - Processing file /opt/airflow/dags/kafka_stream.py for tasks to queue
[2024-10-25T09:46:13.313+0000] {logging_mixin.py:188} INFO - [2024-10-25T09:46:13.312+0000] {dagbag.py:545} INFO - Filling up the DagBag from /opt/airflow/dags/kafka_stream.py
[2024-10-25T09:46:13.377+0000] {processor.py:840} INFO - DAG(s) 'user_automation' retrieved from /opt/airflow/dags/kafka_stream.py
[2024-10-25T09:46:13.511+0000] {logging_mixin.py:188} INFO - [2024-10-25T09:46:13.508+0000] {dag.py:3089} INFO - Sync 1 DAGs
[2024-10-25T09:46:13.617+0000] {logging_mixin.py:188} INFO - [2024-10-25T09:46:13.617+0000] {dag.py:3947} INFO - Setting next_dagrun for user_automation to 2024-10-25 00:00:00+00:00, run_after=2024-10-26 00:00:00+00:00
[2024-10-25T09:46:13.786+0000] {processor.py:183} INFO - Processing /opt/airflow/dags/kafka_stream.py took 0.507 seconds
[2024-10-25T09:46:44.639+0000] {processor.py:161} INFO - Started process (PID=392) to work on /opt/airflow/dags/kafka_stream.py
[2024-10-25T09:46:44.643+0000] {processor.py:830} INFO - Processing file /opt/airflow/dags/kafka_stream.py for tasks to queue
[2024-10-25T09:46:44.650+0000] {logging_mixin.py:188} INFO - [2024-10-25T09:46:44.649+0000] {dagbag.py:545} INFO - Filling up the DagBag from /opt/airflow/dags/kafka_stream.py
[2024-10-25T09:46:44.728+0000] {processor.py:840} INFO - DAG(s) 'user_automation' retrieved from /opt/airflow/dags/kafka_stream.py
[2024-10-25T09:46:44.804+0000] {logging_mixin.py:188} INFO - [2024-10-25T09:46:44.803+0000] {dag.py:3089} INFO - Sync 1 DAGs
[2024-10-25T09:46:44.874+0000] {logging_mixin.py:188} INFO - [2024-10-25T09:46:44.873+0000] {dag.py:3947} INFO - Setting next_dagrun for user_automation to 2024-10-25 00:00:00+00:00, run_after=2024-10-26 00:00:00+00:00
[2024-10-25T09:46:44.933+0000] {processor.py:183} INFO - Processing /opt/airflow/dags/kafka_stream.py took 0.312 seconds
[2024-10-25T09:47:15.626+0000] {processor.py:161} INFO - Started process (PID=403) to work on /opt/airflow/dags/kafka_stream.py
[2024-10-25T09:47:15.628+0000] {processor.py:830} INFO - Processing file /opt/airflow/dags/kafka_stream.py for tasks to queue
[2024-10-25T09:47:15.632+0000] {logging_mixin.py:188} INFO - [2024-10-25T09:47:15.631+0000] {dagbag.py:545} INFO - Filling up the DagBag from /opt/airflow/dags/kafka_stream.py
[2024-10-25T09:47:15.689+0000] {processor.py:840} INFO - DAG(s) 'user_automation' retrieved from /opt/airflow/dags/kafka_stream.py
[2024-10-25T09:47:15.789+0000] {logging_mixin.py:188} INFO - [2024-10-25T09:47:15.788+0000] {dag.py:3089} INFO - Sync 1 DAGs
[2024-10-25T09:47:15.847+0000] {logging_mixin.py:188} INFO - [2024-10-25T09:47:15.847+0000] {dag.py:3947} INFO - Setting next_dagrun for user_automation to 2024-10-25 00:00:00+00:00, run_after=2024-10-26 00:00:00+00:00
[2024-10-25T09:47:15.897+0000] {processor.py:183} INFO - Processing /opt/airflow/dags/kafka_stream.py took 0.287 seconds
[2024-10-25T09:47:46.629+0000] {processor.py:161} INFO - Started process (PID=421) to work on /opt/airflow/dags/kafka_stream.py
[2024-10-25T09:47:46.632+0000] {processor.py:830} INFO - Processing file /opt/airflow/dags/kafka_stream.py for tasks to queue
[2024-10-25T09:47:46.687+0000] {logging_mixin.py:188} INFO - [2024-10-25T09:47:46.638+0000] {dagbag.py:545} INFO - Filling up the DagBag from /opt/airflow/dags/kafka_stream.py
[2024-10-25T09:47:46.863+0000] {processor.py:840} INFO - DAG(s) 'user_automation' retrieved from /opt/airflow/dags/kafka_stream.py
[2024-10-25T09:47:47.015+0000] {logging_mixin.py:188} INFO - [2024-10-25T09:47:47.013+0000] {dag.py:3089} INFO - Sync 1 DAGs
[2024-10-25T09:47:47.209+0000] {logging_mixin.py:188} INFO - [2024-10-25T09:47:47.208+0000] {dag.py:3947} INFO - Setting next_dagrun for user_automation to 2024-10-25 00:00:00+00:00, run_after=2024-10-26 00:00:00+00:00
[2024-10-25T09:47:47.354+0000] {processor.py:183} INFO - Processing /opt/airflow/dags/kafka_stream.py took 0.757 seconds
[2024-10-25T09:48:18.438+0000] {processor.py:161} INFO - Started process (PID=432) to work on /opt/airflow/dags/kafka_stream.py
[2024-10-25T09:48:18.440+0000] {processor.py:830} INFO - Processing file /opt/airflow/dags/kafka_stream.py for tasks to queue
[2024-10-25T09:48:18.446+0000] {logging_mixin.py:188} INFO - [2024-10-25T09:48:18.445+0000] {dagbag.py:545} INFO - Filling up the DagBag from /opt/airflow/dags/kafka_stream.py
[2024-10-25T09:48:18.539+0000] {processor.py:840} INFO - DAG(s) 'user_automation' retrieved from /opt/airflow/dags/kafka_stream.py
[2024-10-25T09:48:18.638+0000] {logging_mixin.py:188} INFO - [2024-10-25T09:48:18.637+0000] {dag.py:3089} INFO - Sync 1 DAGs
[2024-10-25T09:48:18.835+0000] {logging_mixin.py:188} INFO - [2024-10-25T09:48:18.834+0000] {dag.py:3947} INFO - Setting next_dagrun for user_automation to 2024-10-25 00:00:00+00:00, run_after=2024-10-26 00:00:00+00:00
[2024-10-25T09:48:18.921+0000] {processor.py:183} INFO - Processing /opt/airflow/dags/kafka_stream.py took 0.511 seconds
[2024-10-25T09:48:49.712+0000] {processor.py:161} INFO - Started process (PID=443) to work on /opt/airflow/dags/kafka_stream.py
[2024-10-25T09:48:49.715+0000] {processor.py:830} INFO - Processing file /opt/airflow/dags/kafka_stream.py for tasks to queue
[2024-10-25T09:48:49.721+0000] {logging_mixin.py:188} INFO - [2024-10-25T09:48:49.719+0000] {dagbag.py:545} INFO - Filling up the DagBag from /opt/airflow/dags/kafka_stream.py
[2024-10-25T09:48:49.967+0000] {processor.py:840} INFO - DAG(s) 'user_automation' retrieved from /opt/airflow/dags/kafka_stream.py
[2024-10-25T09:48:50.184+0000] {logging_mixin.py:188} INFO - [2024-10-25T09:48:50.183+0000] {dag.py:3089} INFO - Sync 1 DAGs
[2024-10-25T09:48:50.435+0000] {logging_mixin.py:188} INFO - [2024-10-25T09:48:50.428+0000] {dag.py:3947} INFO - Setting next_dagrun for user_automation to 2024-10-25 00:00:00+00:00, run_after=2024-10-26 00:00:00+00:00
[2024-10-25T09:48:50.620+0000] {processor.py:183} INFO - Processing /opt/airflow/dags/kafka_stream.py took 0.947 seconds
[2024-10-25T09:49:21.179+0000] {processor.py:161} INFO - Started process (PID=454) to work on /opt/airflow/dags/kafka_stream.py
[2024-10-25T09:49:21.184+0000] {processor.py:830} INFO - Processing file /opt/airflow/dags/kafka_stream.py for tasks to queue
[2024-10-25T09:49:21.202+0000] {logging_mixin.py:188} INFO - [2024-10-25T09:49:21.201+0000] {dagbag.py:545} INFO - Filling up the DagBag from /opt/airflow/dags/kafka_stream.py
[2024-10-25T09:49:21.647+0000] {processor.py:840} INFO - DAG(s) 'user_automation' retrieved from /opt/airflow/dags/kafka_stream.py
[2024-10-25T09:49:21.770+0000] {logging_mixin.py:188} INFO - [2024-10-25T09:49:21.769+0000] {dag.py:3089} INFO - Sync 1 DAGs
[2024-10-25T09:49:21.937+0000] {logging_mixin.py:188} INFO - [2024-10-25T09:49:21.936+0000] {dag.py:3947} INFO - Setting next_dagrun for user_automation to 2024-10-25 00:00:00+00:00, run_after=2024-10-26 00:00:00+00:00
[2024-10-25T09:49:22.041+0000] {processor.py:183} INFO - Processing /opt/airflow/dags/kafka_stream.py took 0.890 seconds
[2024-10-25T09:49:54.004+0000] {processor.py:161} INFO - Started process (PID=465) to work on /opt/airflow/dags/kafka_stream.py
[2024-10-25T09:49:54.020+0000] {processor.py:830} INFO - Processing file /opt/airflow/dags/kafka_stream.py for tasks to queue
[2024-10-25T09:49:54.098+0000] {logging_mixin.py:188} INFO - [2024-10-25T09:49:54.085+0000] {dagbag.py:545} INFO - Filling up the DagBag from /opt/airflow/dags/kafka_stream.py
[2024-10-25T09:49:56.124+0000] {processor.py:840} INFO - DAG(s) 'user_automation' retrieved from /opt/airflow/dags/kafka_stream.py
[2024-10-25T09:49:57.139+0000] {logging_mixin.py:188} INFO - [2024-10-25T09:49:57.139+0000] {dag.py:3089} INFO - Sync 1 DAGs
[2024-10-25T09:50:00.392+0000] {logging_mixin.py:188} INFO - [2024-10-25T09:50:00.391+0000] {dag.py:3947} INFO - Setting next_dagrun for user_automation to 2024-10-25 00:00:00+00:00, run_after=2024-10-26 00:00:00+00:00
[2024-10-25T09:50:00.577+0000] {processor.py:183} INFO - Processing /opt/airflow/dags/kafka_stream.py took 6.717 seconds
[2024-10-25T09:50:31.492+0000] {processor.py:161} INFO - Started process (PID=477) to work on /opt/airflow/dags/kafka_stream.py
[2024-10-25T09:50:31.496+0000] {processor.py:830} INFO - Processing file /opt/airflow/dags/kafka_stream.py for tasks to queue
[2024-10-25T09:50:31.506+0000] {logging_mixin.py:188} INFO - [2024-10-25T09:50:31.504+0000] {dagbag.py:545} INFO - Filling up the DagBag from /opt/airflow/dags/kafka_stream.py
[2024-10-25T09:50:31.851+0000] {processor.py:840} INFO - DAG(s) 'user_automation' retrieved from /opt/airflow/dags/kafka_stream.py
[2024-10-25T09:50:32.397+0000] {logging_mixin.py:188} INFO - [2024-10-25T09:50:32.397+0000] {dag.py:3089} INFO - Sync 1 DAGs
[2024-10-25T09:50:32.506+0000] {logging_mixin.py:188} INFO - [2024-10-25T09:50:32.506+0000] {dag.py:3947} INFO - Setting next_dagrun for user_automation to 2024-10-25 00:00:00+00:00, run_after=2024-10-26 00:00:00+00:00
[2024-10-25T09:50:32.588+0000] {processor.py:183} INFO - Processing /opt/airflow/dags/kafka_stream.py took 1.135 seconds
[2024-10-25T09:51:02.923+0000] {processor.py:161} INFO - Started process (PID=488) to work on /opt/airflow/dags/kafka_stream.py
[2024-10-25T09:51:02.926+0000] {processor.py:830} INFO - Processing file /opt/airflow/dags/kafka_stream.py for tasks to queue
[2024-10-25T09:51:02.934+0000] {logging_mixin.py:188} INFO - [2024-10-25T09:51:02.932+0000] {dagbag.py:545} INFO - Filling up the DagBag from /opt/airflow/dags/kafka_stream.py
[2024-10-25T09:51:03.136+0000] {processor.py:840} INFO - DAG(s) 'user_automation' retrieved from /opt/airflow/dags/kafka_stream.py
[2024-10-25T09:51:03.357+0000] {logging_mixin.py:188} INFO - [2024-10-25T09:51:03.356+0000] {dag.py:3089} INFO - Sync 1 DAGs
[2024-10-25T09:51:03.535+0000] {logging_mixin.py:188} INFO - [2024-10-25T09:51:03.534+0000] {dag.py:3947} INFO - Setting next_dagrun for user_automation to 2024-10-25 00:00:00+00:00, run_after=2024-10-26 00:00:00+00:00
[2024-10-25T09:51:03.659+0000] {processor.py:183} INFO - Processing /opt/airflow/dags/kafka_stream.py took 0.785 seconds
[2024-10-25T09:51:34.346+0000] {processor.py:161} INFO - Started process (PID=499) to work on /opt/airflow/dags/kafka_stream.py
[2024-10-25T09:51:34.350+0000] {processor.py:830} INFO - Processing file /opt/airflow/dags/kafka_stream.py for tasks to queue
[2024-10-25T09:51:34.358+0000] {logging_mixin.py:188} INFO - [2024-10-25T09:51:34.356+0000] {dagbag.py:545} INFO - Filling up the DagBag from /opt/airflow/dags/kafka_stream.py
[2024-10-25T09:51:34.586+0000] {processor.py:840} INFO - DAG(s) 'user_automation' retrieved from /opt/airflow/dags/kafka_stream.py
[2024-10-25T09:51:34.729+0000] {logging_mixin.py:188} INFO - [2024-10-25T09:51:34.728+0000] {dag.py:3089} INFO - Sync 1 DAGs
[2024-10-25T09:51:34.829+0000] {logging_mixin.py:188} INFO - [2024-10-25T09:51:34.829+0000] {dag.py:3947} INFO - Setting next_dagrun for user_automation to 2024-10-25 00:00:00+00:00, run_after=2024-10-26 00:00:00+00:00
[2024-10-25T09:51:34.900+0000] {processor.py:183} INFO - Processing /opt/airflow/dags/kafka_stream.py took 0.582 seconds
[2024-10-25T09:52:05.223+0000] {processor.py:161} INFO - Started process (PID=510) to work on /opt/airflow/dags/kafka_stream.py
[2024-10-25T09:52:05.229+0000] {processor.py:830} INFO - Processing file /opt/airflow/dags/kafka_stream.py for tasks to queue
[2024-10-25T09:52:05.239+0000] {logging_mixin.py:188} INFO - [2024-10-25T09:52:05.237+0000] {dagbag.py:545} INFO - Filling up the DagBag from /opt/airflow/dags/kafka_stream.py
[2024-10-25T09:52:05.427+0000] {processor.py:840} INFO - DAG(s) 'user_automation' retrieved from /opt/airflow/dags/kafka_stream.py
[2024-10-25T09:52:05.629+0000] {logging_mixin.py:188} INFO - [2024-10-25T09:52:05.629+0000] {dag.py:3089} INFO - Sync 1 DAGs
[2024-10-25T09:52:05.721+0000] {logging_mixin.py:188} INFO - [2024-10-25T09:52:05.720+0000] {dag.py:3947} INFO - Setting next_dagrun for user_automation to 2024-10-25 00:00:00+00:00, run_after=2024-10-26 00:00:00+00:00
[2024-10-25T09:52:05.793+0000] {processor.py:183} INFO - Processing /opt/airflow/dags/kafka_stream.py took 0.610 seconds
[2024-10-25T09:52:36.769+0000] {processor.py:161} INFO - Started process (PID=521) to work on /opt/airflow/dags/kafka_stream.py
[2024-10-25T09:52:36.773+0000] {processor.py:830} INFO - Processing file /opt/airflow/dags/kafka_stream.py for tasks to queue
[2024-10-25T09:52:36.780+0000] {logging_mixin.py:188} INFO - [2024-10-25T09:52:36.779+0000] {dagbag.py:545} INFO - Filling up the DagBag from /opt/airflow/dags/kafka_stream.py
[2024-10-25T09:52:36.853+0000] {processor.py:840} INFO - DAG(s) 'user_automation' retrieved from /opt/airflow/dags/kafka_stream.py
[2024-10-25T09:52:36.957+0000] {logging_mixin.py:188} INFO - [2024-10-25T09:52:36.956+0000] {dag.py:3089} INFO - Sync 1 DAGs
[2024-10-25T09:52:37.035+0000] {logging_mixin.py:188} INFO - [2024-10-25T09:52:37.035+0000] {dag.py:3947} INFO - Setting next_dagrun for user_automation to 2024-10-25 00:00:00+00:00, run_after=2024-10-26 00:00:00+00:00
[2024-10-25T09:52:37.109+0000] {processor.py:183} INFO - Processing /opt/airflow/dags/kafka_stream.py took 0.368 seconds
[2024-10-25T09:53:07.280+0000] {processor.py:161} INFO - Started process (PID=532) to work on /opt/airflow/dags/kafka_stream.py
[2024-10-25T09:53:07.283+0000] {processor.py:830} INFO - Processing file /opt/airflow/dags/kafka_stream.py for tasks to queue
[2024-10-25T09:53:07.288+0000] {logging_mixin.py:188} INFO - [2024-10-25T09:53:07.287+0000] {dagbag.py:545} INFO - Filling up the DagBag from /opt/airflow/dags/kafka_stream.py
[2024-10-25T09:53:07.353+0000] {processor.py:840} INFO - DAG(s) 'user_automation' retrieved from /opt/airflow/dags/kafka_stream.py
[2024-10-25T09:53:07.441+0000] {logging_mixin.py:188} INFO - [2024-10-25T09:53:07.440+0000] {dag.py:3089} INFO - Sync 1 DAGs
[2024-10-25T09:53:07.520+0000] {logging_mixin.py:188} INFO - [2024-10-25T09:53:07.519+0000] {dag.py:3947} INFO - Setting next_dagrun for user_automation to 2024-10-25 00:00:00+00:00, run_after=2024-10-26 00:00:00+00:00
[2024-10-25T09:53:07.597+0000] {processor.py:183} INFO - Processing /opt/airflow/dags/kafka_stream.py took 0.335 seconds
[2024-10-25T09:53:38.252+0000] {processor.py:161} INFO - Started process (PID=544) to work on /opt/airflow/dags/kafka_stream.py
[2024-10-25T09:53:38.254+0000] {processor.py:830} INFO - Processing file /opt/airflow/dags/kafka_stream.py for tasks to queue
[2024-10-25T09:53:38.259+0000] {logging_mixin.py:188} INFO - [2024-10-25T09:53:38.258+0000] {dagbag.py:545} INFO - Filling up the DagBag from /opt/airflow/dags/kafka_stream.py
[2024-10-25T09:53:38.328+0000] {processor.py:840} INFO - DAG(s) 'user_automation' retrieved from /opt/airflow/dags/kafka_stream.py
[2024-10-25T09:53:38.418+0000] {logging_mixin.py:188} INFO - [2024-10-25T09:53:38.418+0000] {dag.py:3089} INFO - Sync 1 DAGs
[2024-10-25T09:53:38.521+0000] {logging_mixin.py:188} INFO - [2024-10-25T09:53:38.521+0000] {dag.py:3947} INFO - Setting next_dagrun for user_automation to 2024-10-25 00:00:00+00:00, run_after=2024-10-26 00:00:00+00:00
[2024-10-25T09:53:38.590+0000] {processor.py:183} INFO - Processing /opt/airflow/dags/kafka_stream.py took 0.358 seconds
[2024-10-25T09:54:09.275+0000] {processor.py:161} INFO - Started process (PID=555) to work on /opt/airflow/dags/kafka_stream.py
[2024-10-25T09:54:09.279+0000] {processor.py:830} INFO - Processing file /opt/airflow/dags/kafka_stream.py for tasks to queue
[2024-10-25T09:54:09.291+0000] {logging_mixin.py:188} INFO - [2024-10-25T09:54:09.289+0000] {dagbag.py:545} INFO - Filling up the DagBag from /opt/airflow/dags/kafka_stream.py
[2024-10-25T09:54:09.409+0000] {processor.py:840} INFO - DAG(s) 'user_automation' retrieved from /opt/airflow/dags/kafka_stream.py
[2024-10-25T09:54:09.593+0000] {logging_mixin.py:188} INFO - [2024-10-25T09:54:09.592+0000] {dag.py:3089} INFO - Sync 1 DAGs
[2024-10-25T09:54:09.739+0000] {logging_mixin.py:188} INFO - [2024-10-25T09:54:09.738+0000] {dag.py:3947} INFO - Setting next_dagrun for user_automation to 2024-10-25 00:00:00+00:00, run_after=2024-10-26 00:00:00+00:00
[2024-10-25T09:54:09.941+0000] {processor.py:183} INFO - Processing /opt/airflow/dags/kafka_stream.py took 0.706 seconds
