[2024-10-23T13:00:37.054+0000] {local_task_job_runner.py:120} INFO - ::group::Pre task execution logs
[2024-10-23T13:00:37.249+0000] {taskinstance.py:2076} INFO - Dependencies all met for dep_context=non-requeueable deps ti=<TaskInstance: user_automation.stream_data_from_api scheduled__2024-10-22T00:00:00+00:00 [queued]>
[2024-10-23T13:00:37.297+0000] {taskinstance.py:2076} INFO - Dependencies all met for dep_context=requeueable deps ti=<TaskInstance: user_automation.stream_data_from_api scheduled__2024-10-22T00:00:00+00:00 [queued]>
[2024-10-23T13:00:37.299+0000] {taskinstance.py:2306} INFO - Starting attempt 11 of 11
[2024-10-23T13:00:37.374+0000] {taskinstance.py:2330} INFO - Executing <Task(PythonOperator): stream_data_from_api> on 2024-10-22 00:00:00+00:00
[2024-10-23T13:00:37.405+0000] {standard_task_runner.py:90} INFO - Running: ['***', 'tasks', 'run', 'user_automation', 'stream_data_from_api', 'scheduled__2024-10-22T00:00:00+00:00', '--job-id', '124', '--raw', '--subdir', 'DAGS_FOLDER/kafka_stream.py', '--cfg-path', '/tmp/tmpy26kc5oj']
[2024-10-23T13:00:37.418+0000] {standard_task_runner.py:91} INFO - Job 124: Subtask stream_data_from_api
[2024-10-23T13:00:37.438+0000] {logging_mixin.py:188} WARNING - /home/***/.local/lib/python3.12/site-packages/***/task/task_runner/standard_task_runner.py:62 DeprecationWarning: This process (pid=832) is multi-threaded, use of fork() may lead to deadlocks in the child.
[2024-10-23T13:00:37.443+0000] {standard_task_runner.py:64} INFO - Started process 833 to run task
[2024-10-23T13:00:37.675+0000] {task_command.py:426} INFO - Running <TaskInstance: user_automation.stream_data_from_api scheduled__2024-10-22T00:00:00+00:00 [running]> on host 99d2c9a4153a
[2024-10-23T13:00:37.909+0000] {taskinstance.py:2648} INFO - Exporting env vars: AIRFLOW_CTX_DAG_OWNER='admin' AIRFLOW_CTX_DAG_ID='user_automation' AIRFLOW_CTX_TASK_ID='stream_data_from_api' AIRFLOW_CTX_EXECUTION_DATE='2024-10-22T00:00:00+00:00' AIRFLOW_CTX_TRY_NUMBER='11' AIRFLOW_CTX_DAG_RUN_ID='scheduled__2024-10-22T00:00:00+00:00'
[2024-10-23T13:00:37.911+0000] {taskinstance.py:430} INFO - ::endgroup::
[2024-10-23T13:00:38.360+0000] {conn.py:362} INFO - <BrokerConnection node_id=bootstrap-0 host=kafka:9093 <connecting> [IPv4 ('172.21.0.5', 9093)]>: connecting to kafka:9093 [('172.21.0.5', 9093) IPv4]
[2024-10-23T13:00:38.362+0000] {conn.py:957} INFO - Probing node bootstrap-0 broker version
[2024-10-23T13:00:38.365+0000] {conn.py:393} INFO - <BrokerConnection node_id=bootstrap-0 host=kafka:9093 <connecting> [IPv4 ('172.21.0.5', 9093)]>: Connection complete.
[2024-10-23T13:00:38.481+0000] {conn.py:1019} INFO - Broker version identified as 2.6.0
[2024-10-23T13:00:38.484+0000] {conn.py:1020} INFO - Set configuration api_version=(2, 6, 0) to skip auto check_version requests on startup
[2024-10-23T13:00:40.206+0000] {kafka_stream.py:56} INFO - Data sent to Kafka: {'first_name': 'Justin', 'last_name': 'Hawkins', 'gender': 'male', 'address': '6931 Richmond Park, Bray, Kilkenny, Ireland', 'post_code': 59950, 'email': 'justin.hawkins@example.com', 'username': 'redswan125', 'dob': '1962-03-14T17:36:25.776Z', 'registered_date': '2004-01-30T15:18:55.487Z', 'phone': '031-316-8410', 'picture': 'https://randomuser.me/api/portraits/med/men/23.jpg'}
[2024-10-23T13:00:40.209+0000] {conn.py:362} INFO - <BrokerConnection node_id=1001 host=kafka:9093 <connecting> [IPv4 ('172.21.0.5', 9093)]>: connecting to kafka:9093 [('172.21.0.5', 9093) IPv4]
[2024-10-23T13:00:40.245+0000] {conn.py:393} INFO - <BrokerConnection node_id=1001 host=kafka:9093 <connecting> [IPv4 ('172.21.0.5', 9093)]>: Connection complete.
[2024-10-23T13:00:40.247+0000] {conn.py:673} INFO - <BrokerConnection node_id=bootstrap-0 host=kafka:9093 <connected> [IPv4 ('172.21.0.5', 9093)]>: Closing connection. 
[2024-10-23T13:00:42.685+0000] {kafka_stream.py:56} INFO - Data sent to Kafka: {'first_name': 'Araceli', 'last_name': 'Martins', 'gender': 'female', 'address': '7738 Avenida Brasil , Caraguatatuba, Espírito Santo, Brazil', 'post_code': 25088, 'email': 'araceli.martins@example.com', 'username': 'angryrabbit295', 'dob': '1952-12-06T21:42:24.757Z', 'registered_date': '2003-05-26T11:01:23.680Z', 'phone': '(03) 1855-9538', 'picture': 'https://randomuser.me/api/portraits/med/women/68.jpg'}
[2024-10-23T13:00:44.026+0000] {kafka_stream.py:56} INFO - Data sent to Kafka: {'first_name': 'Trupti', 'last_name': 'Almeida', 'gender': 'female', 'address': '4295 Commercial St, Bhagalpur, Rajasthan, India', 'post_code': 67936, 'email': 'trupti.almeida@example.com', 'username': 'greenbutterfly628', 'dob': '1991-12-14T13:56:29.882Z', 'registered_date': '2016-05-23T06:21:20.407Z', 'phone': '8931121912', 'picture': 'https://randomuser.me/api/portraits/med/women/54.jpg'}
[2024-10-23T13:00:46.509+0000] {kafka_stream.py:56} INFO - Data sent to Kafka: {'first_name': 'Manuel', 'last_name': 'Smith', 'gender': 'male', 'address': '6860 Forest Ln, Springfield, Oklahoma, United States', 'post_code': 76892, 'email': 'manuel.smith@example.com', 'username': 'lazywolf948', 'dob': '1981-08-04T13:57:08.458Z', 'registered_date': '2021-04-06T09:34:45.127Z', 'phone': '(966) 554-0865', 'picture': 'https://randomuser.me/api/portraits/med/men/74.jpg'}
[2024-10-23T13:00:48.036+0000] {kafka_stream.py:56} INFO - Data sent to Kafka: {'first_name': 'Amanda', 'last_name': 'Gonzalez', 'gender': 'female', 'address': '2106 Victoria Road, Kingston upon Hull, East Sussex, United Kingdom', 'post_code': 'BM8 5QZ', 'email': 'amanda.gonzalez@example.com', 'username': 'heavymeercat220', 'dob': '1993-07-29T15:59:50.795Z', 'registered_date': '2014-11-05T13:53:09.054Z', 'phone': '013873 67166', 'picture': 'https://randomuser.me/api/portraits/med/women/57.jpg'}
[2024-10-23T13:00:49.954+0000] {kafka_stream.py:56} INFO - Data sent to Kafka: {'first_name': 'Rayina', 'last_name': 'Gorohovskiy', 'gender': 'female', 'address': '5377 Popivka, Rozhishche, Sumska, Ukraine', 'post_code': 96390, 'email': 'rayina.gorohovskiy@example.com', 'username': 'silverlion886', 'dob': '1999-01-30T07:55:02.757Z', 'registered_date': '2019-07-20T15:07:44.488Z', 'phone': '(097) H91-0002', 'picture': 'https://randomuser.me/api/portraits/med/women/5.jpg'}
[2024-10-23T13:00:52.133+0000] {kafka_stream.py:56} INFO - Data sent to Kafka: {'first_name': 'Nelly', 'last_name': 'Løvland', 'gender': 'female', 'address': '7192 Åslandveien, Hunn, Finnmark - Finnmárku, Norway', 'post_code': '5749', 'email': 'nelly.lovland@example.com', 'username': 'orangekoala420', 'dob': '1977-03-23T04:41:23.404Z', 'registered_date': '2003-09-13T22:43:39.788Z', 'phone': '83324927', 'picture': 'https://randomuser.me/api/portraits/med/women/61.jpg'}
[2024-10-23T13:00:54.052+0000] {kafka_stream.py:56} INFO - Data sent to Kafka: {'first_name': 'Lourdes', 'last_name': 'Núñez', 'gender': 'female', 'address': '6192 Paseo de Zorrilla, Lorca, Islas Baleares, Spain', 'post_code': 22564, 'email': 'lourdes.nunez@example.com', 'username': 'beautifulwolf917', 'dob': '1945-02-03T06:23:32.136Z', 'registered_date': '2011-01-26T22:53:34.764Z', 'phone': '918-164-263', 'picture': 'https://randomuser.me/api/portraits/med/women/24.jpg'}
[2024-10-23T13:00:55.283+0000] {kafka_stream.py:56} INFO - Data sent to Kafka: {'first_name': 'Mélissa', 'last_name': 'Leroux', 'gender': 'female', 'address': "8744 Rue de L'Église, Toulon, Loire, France", 'post_code': 54128, 'email': 'melissa.leroux@example.com', 'username': 'organicrabbit998', 'dob': '1950-02-22T01:28:07.597Z', 'registered_date': '2016-02-10T00:24:43.993Z', 'phone': '04-77-18-69-13', 'picture': 'https://randomuser.me/api/portraits/med/women/69.jpg'}
[2024-10-23T13:00:56.507+0000] {kafka_stream.py:56} INFO - Data sent to Kafka: {'first_name': 'Yarovid', 'last_name': 'Nikolyuk', 'gender': 'male', 'address': '4874 Naberezhno-Zhilyanska, Alchevsk, Hersonska, Ukraine', 'post_code': 66859, 'email': 'yarovid.nikolyuk@example.com', 'username': 'organicsnake282', 'dob': '1963-11-18T22:02:32.614Z', 'registered_date': '2003-04-08T14:04:30.238Z', 'phone': '(099) W62-2122', 'picture': 'https://randomuser.me/api/portraits/med/men/20.jpg'}
[2024-10-23T13:00:58.438+0000] {kafka_stream.py:56} INFO - Data sent to Kafka: {'first_name': 'Pirmin', 'last_name': 'Jean', 'gender': 'male', 'address': '1116 Rue Dugas-Montbel, Bonvillars, Fribourg, Switzerland', 'post_code': 6491, 'email': 'pirmin.jean@example.com', 'username': 'sadgoose621', 'dob': '1967-04-11T06:05:33.284Z', 'registered_date': '2010-06-07T06:27:53.225Z', 'phone': '076 350 71 67', 'picture': 'https://randomuser.me/api/portraits/med/men/69.jpg'}
[2024-10-23T13:00:59.767+0000] {kafka_stream.py:56} INFO - Data sent to Kafka: {'first_name': 'Quinn', 'last_name': 'Williams', 'gender': 'male', 'address': '2373 Gladstone Road, New Plymouth, Wellington, New Zealand', 'post_code': 48484, 'email': 'quinn.williams@example.com', 'username': 'orangerabbit442', 'dob': '1954-11-18T02:59:50.270Z', 'registered_date': '2020-09-06T17:05:58.475Z', 'phone': '(789)-887-9655', 'picture': 'https://randomuser.me/api/portraits/med/men/65.jpg'}
[2024-10-23T13:01:01.820+0000] {kafka_stream.py:56} INFO - Data sent to Kafka: {'first_name': 'Armando', 'last_name': 'Ross', 'gender': 'male', 'address': '2595 Broadway, Preston, Tayside, United Kingdom', 'post_code': 'EC2 4AN', 'email': 'armando.ross@example.com', 'username': 'purplerabbit470', 'dob': '1982-05-15T07:48:44.749Z', 'registered_date': '2007-03-01T09:20:06.710Z', 'phone': '015242 44802', 'picture': 'https://randomuser.me/api/portraits/med/men/96.jpg'}
[2024-10-23T13:01:02.706+0000] {kafka_stream.py:56} INFO - Data sent to Kafka: {'first_name': 'Nihal', 'last_name': 'Shenoy', 'gender': 'male', 'address': '2980 Janpath, Faridabad, Maharashtra, India', 'post_code': 41019, 'email': 'nihal.shenoy@example.com', 'username': 'brownlion348', 'dob': '1981-05-10T12:29:49.950Z', 'registered_date': '2003-09-26T10:51:47.643Z', 'phone': '8444431027', 'picture': 'https://randomuser.me/api/portraits/med/men/50.jpg'}
[2024-10-23T13:01:04.889+0000] {kafka_stream.py:56} INFO - Data sent to Kafka: {'first_name': 'Susan', 'last_name': 'Chavez', 'gender': 'female', 'address': '7930 Park Avenue, Ripon, Gloucestershire, United Kingdom', 'post_code': 'F2N 4YW', 'email': 'susan.chavez@example.com', 'username': 'crazyfish593', 'dob': '1962-12-21T21:16:53.020Z', 'registered_date': '2005-11-23T05:26:37.085Z', 'phone': '0111 211 6736', 'picture': 'https://randomuser.me/api/portraits/med/women/88.jpg'}
[2024-10-23T13:01:06.787+0000] {kafka_stream.py:56} INFO - Data sent to Kafka: {'first_name': 'Ayla', 'last_name': 'Jackson', 'gender': 'female', 'address': '3588 Main Street East, Palmerston North, Tasman, New Zealand', 'post_code': 75033, 'email': 'ayla.jackson@example.com', 'username': 'whitebird648', 'dob': '1986-11-24T18:21:28.791Z', 'registered_date': '2020-03-12T06:50:52.177Z', 'phone': '(751)-295-7191', 'picture': 'https://randomuser.me/api/portraits/med/women/43.jpg'}
[2024-10-23T13:01:08.622+0000] {conn.py:673} INFO - <BrokerConnection node_id=1001 host=kafka:9093 <connected> [IPv4 ('172.21.0.5', 9093)]>: Closing connection. 
[2024-10-23T13:01:08.626+0000] {python.py:237} INFO - Done. Returned value was: {'first_name': 'Ayla', 'last_name': 'Jackson', 'gender': 'female', 'address': '3588 Main Street East, Palmerston North, Tasman, New Zealand', 'post_code': 75033, 'email': 'ayla.jackson@example.com', 'username': 'whitebird648', 'dob': '1986-11-24T18:21:28.791Z', 'registered_date': '2020-03-12T06:50:52.177Z', 'phone': '(751)-295-7191', 'picture': 'https://randomuser.me/api/portraits/med/women/43.jpg'}
[2024-10-23T13:01:08.631+0000] {taskinstance.py:441} INFO - ::group::Post task execution logs
[2024-10-23T13:01:08.739+0000] {taskinstance.py:1206} INFO - Marking task as SUCCESS. dag_id=user_automation, task_id=stream_data_from_api, run_id=scheduled__2024-10-22T00:00:00+00:00, execution_date=20241022T000000, start_date=20241023T130037, end_date=20241023T130108
[2024-10-23T13:01:08.838+0000] {local_task_job_runner.py:243} INFO - Task exited with return code 0
[2024-10-23T13:01:08.941+0000] {taskinstance.py:3503} INFO - 0 downstream tasks scheduled from follow-on schedule check
[2024-10-23T13:01:08.952+0000] {local_task_job_runner.py:222} INFO - ::endgroup::
