[2024-10-23T09:30:55.297+0000] {local_task_job_runner.py:120} INFO - ::group::Pre task execution logs
[2024-10-23T09:30:56.411+0000] {taskinstance.py:2076} INFO - Dependencies all met for dep_context=non-requeueable deps ti=<TaskInstance: user_automation.stream_data_from_api scheduled__2024-10-22T00:00:00+00:00 [queued]>
[2024-10-23T09:30:56.454+0000] {taskinstance.py:2076} INFO - Dependencies all met for dep_context=requeueable deps ti=<TaskInstance: user_automation.stream_data_from_api scheduled__2024-10-22T00:00:00+00:00 [queued]>
[2024-10-23T09:30:56.464+0000] {taskinstance.py:2306} INFO - Starting attempt 2 of 2
[2024-10-23T09:30:56.562+0000] {taskinstance.py:2330} INFO - Executing <Task(PythonOperator): stream_data_from_api> on 2024-10-22 00:00:00+00:00
[2024-10-23T09:30:56.589+0000] {standard_task_runner.py:90} INFO - Running: ['***', 'tasks', 'run', 'user_automation', 'stream_data_from_api', 'scheduled__2024-10-22T00:00:00+00:00', '--job-id', '108', '--raw', '--subdir', 'DAGS_FOLDER/kafka_stream.py', '--cfg-path', '/tmp/tmpdv_mxxvl']
[2024-10-23T09:30:56.602+0000] {standard_task_runner.py:91} INFO - Job 108: Subtask stream_data_from_api
[2024-10-23T09:30:56.614+0000] {logging_mixin.py:188} WARNING - /home/***/.local/lib/python3.12/site-packages/***/task/task_runner/standard_task_runner.py:62 DeprecationWarning: This process (pid=672) is multi-threaded, use of fork() may lead to deadlocks in the child.
[2024-10-23T09:30:56.618+0000] {standard_task_runner.py:64} INFO - Started process 673 to run task
[2024-10-23T09:30:56.846+0000] {task_command.py:426} INFO - Running <TaskInstance: user_automation.stream_data_from_api scheduled__2024-10-22T00:00:00+00:00 [running]> on host bdd5421c2cdf
[2024-10-23T09:30:57.270+0000] {taskinstance.py:2648} INFO - Exporting env vars: AIRFLOW_CTX_DAG_OWNER='admin' AIRFLOW_CTX_DAG_ID='user_automation' AIRFLOW_CTX_TASK_ID='stream_data_from_api' AIRFLOW_CTX_EXECUTION_DATE='2024-10-22T00:00:00+00:00' AIRFLOW_CTX_TRY_NUMBER='2' AIRFLOW_CTX_DAG_RUN_ID='scheduled__2024-10-22T00:00:00+00:00'
[2024-10-23T09:30:57.275+0000] {taskinstance.py:430} INFO - ::endgroup::
[2024-10-23T09:30:58.857+0000] {conn.py:362} INFO - <BrokerConnection node_id=bootstrap-0 host=broker:9093 <connecting> [IPv4 ('172.21.0.3', 9093)]>: connecting to broker:9093 [('172.21.0.3', 9093) IPv4]
[2024-10-23T09:30:58.860+0000] {conn.py:957} INFO - Probing node bootstrap-0 broker version
[2024-10-23T09:30:58.863+0000] {conn.py:393} INFO - <BrokerConnection node_id=bootstrap-0 host=broker:9093 <connecting> [IPv4 ('172.21.0.3', 9093)]>: Connection complete.
[2024-10-23T09:30:59.097+0000] {conn.py:1019} INFO - Broker version identified as 2.6.0
[2024-10-23T09:30:59.102+0000] {conn.py:1020} INFO - Set configuration api_version=(2, 6, 0) to skip auto check_version requests on startup
[2024-10-23T09:31:00.972+0000] {conn.py:362} INFO - <BrokerConnection node_id=1002 host=broker:9093 <connecting> [IPv4 ('172.21.0.3', 9093)]>: connecting to broker:9093 [('172.21.0.3', 9093) IPv4]
[2024-10-23T09:31:00.986+0000] {conn.py:393} INFO - <BrokerConnection node_id=1002 host=broker:9093 <connecting> [IPv4 ('172.21.0.3', 9093)]>: Connection complete.
[2024-10-23T09:31:00.991+0000] {conn.py:673} INFO - <BrokerConnection node_id=bootstrap-0 host=broker:9093 <connected> [IPv4 ('172.21.0.3', 9093)]>: Closing connection. 
[2024-10-23T09:31:31.023+0000] {record_accumulator.py:71} WARNING - Produced messages to topic-partition ('users_created', 2) with base offset -1 log start offset None and error None.
[2024-10-23T09:31:31.025+0000] {record_accumulator.py:330} WARNING - Expired 1 batches in accumulator
[2024-10-23T09:31:32.308+0000] {record_accumulator.py:71} WARNING - Produced messages to topic-partition ('users_created', 0) with base offset -1 log start offset None and error None.
[2024-10-23T09:31:32.310+0000] {record_accumulator.py:330} WARNING - Expired 1 batches in accumulator
[2024-10-23T09:31:40.077+0000] {record_accumulator.py:71} WARNING - Produced messages to topic-partition ('users_created', 1) with base offset -1 log start offset None and error None.
[2024-10-23T09:31:40.085+0000] {record_accumulator.py:330} WARNING - Expired 1 batches in accumulator
[2024-10-23T09:32:01.535+0000] {record_accumulator.py:71} WARNING - Produced messages to topic-partition ('users_created', 2) with base offset -1 log start offset None and error None.
[2024-10-23T09:32:01.626+0000] {record_accumulator.py:330} WARNING - Expired 1 batches in accumulator
[2024-10-23T09:32:11.756+0000] {record_accumulator.py:71} WARNING - Produced messages to topic-partition ('users_created', 1) with base offset -1 log start offset None and error None.
[2024-10-23T09:32:11.771+0000] {record_accumulator.py:330} WARNING - Expired 1 batches in accumulator
[2024-10-23T09:32:15.385+0000] {record_accumulator.py:71} WARNING - Produced messages to topic-partition ('users_created', 0) with base offset -1 log start offset None and error None.
[2024-10-23T09:32:15.392+0000] {record_accumulator.py:330} WARNING - Expired 1 batches in accumulator
[2024-10-23T09:32:39.339+0000] {record_accumulator.py:71} WARNING - Produced messages to topic-partition ('users_created', 2) with base offset -1 log start offset None and error None.
[2024-10-23T09:32:39.348+0000] {record_accumulator.py:330} WARNING - Expired 1 batches in accumulator
[2024-10-23T09:32:47.495+0000] {record_accumulator.py:71} WARNING - Produced messages to topic-partition ('users_created', 1) with base offset -1 log start offset None and error None.
[2024-10-23T09:32:47.499+0000] {record_accumulator.py:330} WARNING - Expired 1 batches in accumulator
[2024-10-23T09:32:48.726+0000] {record_accumulator.py:71} WARNING - Produced messages to topic-partition ('users_created', 0) with base offset -1 log start offset None and error None.
[2024-10-23T09:32:48.734+0000] {record_accumulator.py:330} WARNING - Expired 1 batches in accumulator
[2024-10-23T09:33:19.369+0000] {record_accumulator.py:71} WARNING - Produced messages to topic-partition ('users_created', 1) with base offset -1 log start offset None and error None.
[2024-10-23T09:33:19.372+0000] {record_accumulator.py:330} WARNING - Expired 1 batches in accumulator
[2024-10-23T09:33:22.352+0000] {record_accumulator.py:71} WARNING - Produced messages to topic-partition ('users_created', 2) with base offset -1 log start offset None and error None.
[2024-10-23T09:33:22.355+0000] {record_accumulator.py:330} WARNING - Expired 1 batches in accumulator
[2024-10-23T09:33:26.258+0000] {record_accumulator.py:71} WARNING - Produced messages to topic-partition ('users_created', 0) with base offset -1 log start offset None and error None.
[2024-10-23T09:33:26.261+0000] {record_accumulator.py:330} WARNING - Expired 1 batches in accumulator
[2024-10-23T09:33:26.276+0000] {conn.py:673} INFO - <BrokerConnection node_id=1002 host=broker:9093 <connected> [IPv4 ('172.21.0.3', 9093)]>: Closing connection. 
[2024-10-23T09:33:26.287+0000] {python.py:237} INFO - Done. Returned value was: None
[2024-10-23T09:33:26.293+0000] {taskinstance.py:441} INFO - ::group::Post task execution logs
[2024-10-23T09:33:26.389+0000] {taskinstance.py:1206} INFO - Marking task as SUCCESS. dag_id=user_automation, task_id=stream_data_from_api, run_id=scheduled__2024-10-22T00:00:00+00:00, execution_date=20241022T000000, start_date=20241023T093056, end_date=20241023T093326
[2024-10-23T09:33:26.602+0000] {local_task_job_runner.py:243} INFO - Task exited with return code 0
[2024-10-23T09:33:26.801+0000] {taskinstance.py:3503} INFO - 0 downstream tasks scheduled from follow-on schedule check
[2024-10-23T09:33:26.852+0000] {local_task_job_runner.py:222} INFO - ::endgroup::
