[2024-10-23T09:44:16.697+0000] {local_task_job_runner.py:120} INFO - ::group::Pre task execution logs
[2024-10-23T09:44:16.986+0000] {taskinstance.py:2076} INFO - Dependencies all met for dep_context=non-requeueable deps ti=<TaskInstance: user_automation.stream_data_from_api scheduled__2024-10-22T00:00:00+00:00 [queued]>
[2024-10-23T09:44:17.060+0000] {taskinstance.py:2076} INFO - Dependencies all met for dep_context=requeueable deps ti=<TaskInstance: user_automation.stream_data_from_api scheduled__2024-10-22T00:00:00+00:00 [queued]>
[2024-10-23T09:44:17.064+0000] {taskinstance.py:2306} INFO - Starting attempt 3 of 3
[2024-10-23T09:44:17.177+0000] {taskinstance.py:2330} INFO - Executing <Task(PythonOperator): stream_data_from_api> on 2024-10-22 00:00:00+00:00
[2024-10-23T09:44:17.195+0000] {standard_task_runner.py:90} INFO - Running: ['***', 'tasks', 'run', 'user_automation', 'stream_data_from_api', 'scheduled__2024-10-22T00:00:00+00:00', '--job-id', '109', '--raw', '--subdir', 'DAGS_FOLDER/kafka_stream.py', '--cfg-path', '/tmp/tmpipmty3mo']
[2024-10-23T09:44:17.203+0000] {standard_task_runner.py:91} INFO - Job 109: Subtask stream_data_from_api
[2024-10-23T09:44:17.218+0000] {logging_mixin.py:188} WARNING - /home/***/.local/lib/python3.12/site-packages/***/task/task_runner/standard_task_runner.py:62 DeprecationWarning: This process (pid=964) is multi-threaded, use of fork() may lead to deadlocks in the child.
[2024-10-23T09:44:17.221+0000] {standard_task_runner.py:64} INFO - Started process 967 to run task
[2024-10-23T09:44:17.435+0000] {task_command.py:426} INFO - Running <TaskInstance: user_automation.stream_data_from_api scheduled__2024-10-22T00:00:00+00:00 [running]> on host bdd5421c2cdf
[2024-10-23T09:44:17.819+0000] {taskinstance.py:2648} INFO - Exporting env vars: AIRFLOW_CTX_DAG_OWNER='admin' AIRFLOW_CTX_DAG_ID='user_automation' AIRFLOW_CTX_TASK_ID='stream_data_from_api' AIRFLOW_CTX_EXECUTION_DATE='2024-10-22T00:00:00+00:00' AIRFLOW_CTX_TRY_NUMBER='3' AIRFLOW_CTX_DAG_RUN_ID='scheduled__2024-10-22T00:00:00+00:00'
[2024-10-23T09:44:17.822+0000] {taskinstance.py:430} INFO - ::endgroup::
[2024-10-23T09:44:19.762+0000] {conn.py:362} INFO - <BrokerConnection node_id=bootstrap-0 host=broker:9093 <connecting> [IPv4 ('172.21.0.3', 9093)]>: connecting to broker:9093 [('172.21.0.3', 9093) IPv4]
[2024-10-23T09:44:19.765+0000] {conn.py:957} INFO - Probing node bootstrap-0 broker version
[2024-10-23T09:44:19.769+0000] {conn.py:393} INFO - <BrokerConnection node_id=bootstrap-0 host=broker:9093 <connecting> [IPv4 ('172.21.0.3', 9093)]>: Connection complete.
[2024-10-23T09:44:19.922+0000] {conn.py:1019} INFO - Broker version identified as 2.6.0
[2024-10-23T09:44:19.926+0000] {conn.py:1020} INFO - Set configuration api_version=(2, 6, 0) to skip auto check_version requests on startup
[2024-10-23T09:44:22.072+0000] {conn.py:362} INFO - <BrokerConnection node_id=1002 host=broker:9093 <connecting> [IPv4 ('172.21.0.3', 9093)]>: connecting to broker:9093 [('172.21.0.3', 9093) IPv4]
[2024-10-23T09:44:22.088+0000] {conn.py:393} INFO - <BrokerConnection node_id=1002 host=broker:9093 <connecting> [IPv4 ('172.21.0.3', 9093)]>: Connection complete.
[2024-10-23T09:44:22.099+0000] {conn.py:673} INFO - <BrokerConnection node_id=bootstrap-0 host=broker:9093 <connected> [IPv4 ('172.21.0.3', 9093)]>: Closing connection. 
[2024-10-23T09:44:52.058+0000] {record_accumulator.py:71} WARNING - Produced messages to topic-partition ('users_created', 2) with base offset -1 log start offset None and error None.
[2024-10-23T09:44:52.106+0000] {record_accumulator.py:330} WARNING - Expired 1 batches in accumulator
[2024-10-23T09:44:54.662+0000] {record_accumulator.py:71} WARNING - Produced messages to topic-partition ('users_created', 0) with base offset -1 log start offset None and error None.
[2024-10-23T09:44:54.689+0000] {record_accumulator.py:330} WARNING - Expired 1 batches in accumulator
[2024-10-23T09:44:58.906+0000] {record_accumulator.py:71} WARNING - Produced messages to topic-partition ('users_created', 1) with base offset -1 log start offset None and error None.
[2024-10-23T09:44:58.936+0000] {record_accumulator.py:330} WARNING - Expired 1 batches in accumulator
[2024-10-23T09:45:28.258+0000] {record_accumulator.py:71} WARNING - Produced messages to topic-partition ('users_created', 2) with base offset -1 log start offset None and error None.
[2024-10-23T09:45:28.262+0000] {record_accumulator.py:330} WARNING - Expired 1 batches in accumulator
[2024-10-23T09:45:40.793+0000] {record_accumulator.py:71} WARNING - Produced messages to topic-partition ('users_created', 0) with base offset -1 log start offset None and error None.
[2024-10-23T09:45:40.796+0000] {record_accumulator.py:330} WARNING - Expired 1 batches in accumulator
[2024-10-23T09:45:50.965+0000] {record_accumulator.py:71} WARNING - Produced messages to topic-partition ('users_created', 1) with base offset -1 log start offset None and error None.
[2024-10-23T09:45:51.010+0000] {record_accumulator.py:330} WARNING - Expired 1 batches in accumulator
[2024-10-23T09:46:01.557+0000] {record_accumulator.py:71} WARNING - Produced messages to topic-partition ('users_created', 2) with base offset -1 log start offset None and error None.
[2024-10-23T09:46:01.559+0000] {record_accumulator.py:330} WARNING - Expired 1 batches in accumulator
[2024-10-23T09:46:18.130+0000] {record_accumulator.py:71} WARNING - Produced messages to topic-partition ('users_created', 0) with base offset -1 log start offset None and error None.
[2024-10-23T09:46:18.131+0000] {record_accumulator.py:330} WARNING - Expired 1 batches in accumulator
[2024-10-23T09:46:28.024+0000] {record_accumulator.py:71} WARNING - Produced messages to topic-partition ('users_created', 1) with base offset -1 log start offset None and error None.
[2024-10-23T09:46:28.025+0000] {record_accumulator.py:330} WARNING - Expired 1 batches in accumulator
[2024-10-23T09:46:35.038+0000] {record_accumulator.py:71} WARNING - Produced messages to topic-partition ('users_created', 2) with base offset -1 log start offset None and error None.
[2024-10-23T09:46:35.046+0000] {record_accumulator.py:330} WARNING - Expired 1 batches in accumulator
[2024-10-23T09:46:35.050+0000] {conn.py:673} INFO - <BrokerConnection node_id=1002 host=broker:9093 <connected> [IPv4 ('172.21.0.3', 9093)]>: Closing connection. 
[2024-10-23T09:46:35.059+0000] {python.py:237} INFO - Done. Returned value was: None
[2024-10-23T09:46:35.062+0000] {taskinstance.py:441} INFO - ::group::Post task execution logs
[2024-10-23T09:46:35.146+0000] {taskinstance.py:1206} INFO - Marking task as SUCCESS. dag_id=user_automation, task_id=stream_data_from_api, run_id=scheduled__2024-10-22T00:00:00+00:00, execution_date=20241022T000000, start_date=20241023T094416, end_date=20241023T094635
[2024-10-23T09:46:35.964+0000] {local_task_job_runner.py:243} INFO - Task exited with return code 0
[2024-10-23T09:46:36.138+0000] {taskinstance.py:3503} INFO - 0 downstream tasks scheduled from follow-on schedule check
[2024-10-23T09:46:36.152+0000] {local_task_job_runner.py:222} INFO - ::endgroup::
