[2024-10-22T12:01:52.645+0000] {local_task_job_runner.py:120} INFO - ::group::Pre task execution logs
[2024-10-22T12:01:52.805+0000] {taskinstance.py:2076} INFO - Dependencies all met for dep_context=non-requeueable deps ti=<TaskInstance: user_automation.stream_data_from_api scheduled__2024-10-21T00:00:00+00:00 [queued]>
[2024-10-22T12:01:52.836+0000] {taskinstance.py:2076} INFO - Dependencies all met for dep_context=requeueable deps ti=<TaskInstance: user_automation.stream_data_from_api scheduled__2024-10-21T00:00:00+00:00 [queued]>
[2024-10-22T12:01:52.838+0000] {taskinstance.py:2306} INFO - Starting attempt 8 of 8
[2024-10-22T12:01:52.907+0000] {taskinstance.py:2330} INFO - Executing <Task(PythonOperator): stream_data_from_api> on 2024-10-21 00:00:00+00:00
[2024-10-22T12:01:52.944+0000] {standard_task_runner.py:90} INFO - Running: ['***', 'tasks', 'run', 'user_automation', 'stream_data_from_api', 'scheduled__2024-10-21T00:00:00+00:00', '--job-id', '66', '--raw', '--subdir', 'DAGS_FOLDER/kafka_stream.py', '--cfg-path', '/tmp/tmpqys3izfr']
[2024-10-22T12:01:52.971+0000] {standard_task_runner.py:91} INFO - Job 66: Subtask stream_data_from_api
[2024-10-22T12:01:52.974+0000] {logging_mixin.py:188} WARNING - /home/***/.local/lib/python3.12/site-packages/***/task/task_runner/standard_task_runner.py:62 DeprecationWarning: This process (pid=1307) is multi-threaded, use of fork() may lead to deadlocks in the child.
[2024-10-22T12:01:52.977+0000] {standard_task_runner.py:64} INFO - Started process 1308 to run task
[2024-10-22T12:01:53.264+0000] {task_command.py:426} INFO - Running <TaskInstance: user_automation.stream_data_from_api scheduled__2024-10-21T00:00:00+00:00 [running]> on host bdd5421c2cdf
[2024-10-22T12:01:53.646+0000] {taskinstance.py:2648} INFO - Exporting env vars: AIRFLOW_CTX_DAG_OWNER='admin' AIRFLOW_CTX_DAG_ID='user_automation' AIRFLOW_CTX_TASK_ID='stream_data_from_api' AIRFLOW_CTX_EXECUTION_DATE='2024-10-21T00:00:00+00:00' AIRFLOW_CTX_TRY_NUMBER='8' AIRFLOW_CTX_DAG_RUN_ID='scheduled__2024-10-21T00:00:00+00:00'
[2024-10-22T12:01:53.652+0000] {taskinstance.py:430} INFO - ::endgroup::
[2024-10-22T12:01:54.344+0000] {conn.py:362} INFO - <BrokerConnection node_id=bootstrap-0 host=kafka:9093 <connecting> [IPv4 ('172.21.0.6', 9093)]>: connecting to kafka:9093 [('172.21.0.6', 9093) IPv4]
[2024-10-22T12:01:54.346+0000] {conn.py:957} INFO - Probing node bootstrap-0 broker version
[2024-10-22T12:01:54.352+0000] {conn.py:393} INFO - <BrokerConnection node_id=bootstrap-0 host=kafka:9093 <connecting> [IPv4 ('172.21.0.6', 9093)]>: Connection complete.
[2024-10-22T12:01:54.461+0000] {conn.py:1019} INFO - Broker version identified as 2.6.0
[2024-10-22T12:01:54.462+0000] {conn.py:1020} INFO - Set configuration api_version=(2, 6, 0) to skip auto check_version requests on startup
[2024-10-22T12:01:55.343+0000] {conn.py:673} INFO - <BrokerConnection node_id=bootstrap-0 host=kafka:9093 <connected> [IPv4 ('172.21.0.6', 9093)]>: Closing connection. 
[2024-10-22T12:01:55.346+0000] {python.py:237} INFO - Done. Returned value was: Michele
[2024-10-22T12:01:55.353+0000] {taskinstance.py:441} INFO - ::group::Post task execution logs
[2024-10-22T12:01:55.514+0000] {taskinstance.py:1206} INFO - Marking task as SUCCESS. dag_id=user_automation, task_id=stream_data_from_api, run_id=scheduled__2024-10-21T00:00:00+00:00, execution_date=20241021T000000, start_date=20241022T120152, end_date=20241022T120155
[2024-10-22T12:01:55.805+0000] {local_task_job_runner.py:243} INFO - Task exited with return code 0
[2024-10-22T12:01:55.890+0000] {taskinstance.py:3503} INFO - 0 downstream tasks scheduled from follow-on schedule check
[2024-10-22T12:01:56.240+0000] {local_task_job_runner.py:222} INFO - ::endgroup::
