[2024-10-22T13:17:20.771+0000] {local_task_job_runner.py:120} INFO - ::group::Pre task execution logs
[2024-10-22T13:17:21.097+0000] {taskinstance.py:2076} INFO - Dependencies all met for dep_context=non-requeueable deps ti=<TaskInstance: user_automation.stream_data_from_api scheduled__2024-10-21T00:00:00+00:00 [queued]>
[2024-10-22T13:17:21.129+0000] {taskinstance.py:2076} INFO - Dependencies all met for dep_context=requeueable deps ti=<TaskInstance: user_automation.stream_data_from_api scheduled__2024-10-21T00:00:00+00:00 [queued]>
[2024-10-22T13:17:21.130+0000] {taskinstance.py:2306} INFO - Starting attempt 10 of 10
[2024-10-22T13:17:21.192+0000] {taskinstance.py:2330} INFO - Executing <Task(PythonOperator): stream_data_from_api> on 2024-10-21 00:00:00+00:00
[2024-10-22T13:17:21.212+0000] {standard_task_runner.py:90} INFO - Running: ['***', 'tasks', 'run', 'user_automation', 'stream_data_from_api', 'scheduled__2024-10-21T00:00:00+00:00', '--job-id', '72', '--raw', '--subdir', 'DAGS_FOLDER/kafka_stream.py', '--cfg-path', '/tmp/tmpol1m_ngu']
[2024-10-22T13:17:21.220+0000] {standard_task_runner.py:91} INFO - Job 72: Subtask stream_data_from_api
[2024-10-22T13:17:21.237+0000] {logging_mixin.py:188} WARNING - /home/***/.local/lib/python3.12/site-packages/***/task/task_runner/standard_task_runner.py:62 DeprecationWarning: This process (pid=378) is multi-threaded, use of fork() may lead to deadlocks in the child.
[2024-10-22T13:17:21.241+0000] {standard_task_runner.py:64} INFO - Started process 379 to run task
[2024-10-22T13:17:21.386+0000] {task_command.py:426} INFO - Running <TaskInstance: user_automation.stream_data_from_api scheduled__2024-10-21T00:00:00+00:00 [running]> on host bdd5421c2cdf
[2024-10-22T13:17:21.797+0000] {taskinstance.py:2648} INFO - Exporting env vars: AIRFLOW_CTX_DAG_OWNER='admin' AIRFLOW_CTX_DAG_ID='user_automation' AIRFLOW_CTX_TASK_ID='stream_data_from_api' AIRFLOW_CTX_EXECUTION_DATE='2024-10-21T00:00:00+00:00' AIRFLOW_CTX_TRY_NUMBER='10' AIRFLOW_CTX_DAG_RUN_ID='scheduled__2024-10-21T00:00:00+00:00'
[2024-10-22T13:17:21.801+0000] {taskinstance.py:430} INFO - ::endgroup::
[2024-10-22T13:17:23.529+0000] {conn.py:362} INFO - <BrokerConnection node_id=bootstrap-0 host=broker:9093 <connecting> [IPv4 ('172.21.0.7', 9093)]>: connecting to broker:9093 [('172.21.0.7', 9093) IPv4]
[2024-10-22T13:17:23.532+0000] {conn.py:957} INFO - Probing node bootstrap-0 broker version
[2024-10-22T13:17:23.537+0000] {conn.py:393} INFO - <BrokerConnection node_id=bootstrap-0 host=broker:9093 <connecting> [IPv4 ('172.21.0.7', 9093)]>: Connection complete.
[2024-10-22T13:17:23.814+0000] {conn.py:1019} INFO - Broker version identified as 2.6.0
[2024-10-22T13:17:23.816+0000] {conn.py:1020} INFO - Set configuration api_version=(2, 6, 0) to skip auto check_version requests on startup
[2024-10-22T13:17:26.683+0000] {conn.py:362} INFO - <BrokerConnection node_id=1002 host=broker:9093 <connecting> [IPv4 ('172.21.0.7', 9093)]>: connecting to broker:9093 [('172.21.0.7', 9093) IPv4]
[2024-10-22T13:17:26.687+0000] {conn.py:393} INFO - <BrokerConnection node_id=1002 host=broker:9093 <connecting> [IPv4 ('172.21.0.7', 9093)]>: Connection complete.
[2024-10-22T13:17:26.691+0000] {conn.py:673} INFO - <BrokerConnection node_id=bootstrap-0 host=broker:9093 <connected> [IPv4 ('172.21.0.7', 9093)]>: Closing connection. 
[2024-10-22T13:17:56.708+0000] {record_accumulator.py:71} WARNING - Produced messages to topic-partition ('users_created', 0) with base offset -1 log start offset None and error None.
[2024-10-22T13:17:56.709+0000] {record_accumulator.py:330} WARNING - Expired 1 batches in accumulator
[2024-10-22T13:17:59.242+0000] {record_accumulator.py:71} WARNING - Produced messages to topic-partition ('users_created', 2) with base offset -1 log start offset None and error None.
[2024-10-22T13:17:59.245+0000] {record_accumulator.py:330} WARNING - Expired 1 batches in accumulator
[2024-10-22T13:18:05.586+0000] {record_accumulator.py:71} WARNING - Produced messages to topic-partition ('users_created', 1) with base offset -1 log start offset None and error None.
[2024-10-22T13:18:05.588+0000] {record_accumulator.py:330} WARNING - Expired 1 batches in accumulator
[2024-10-22T13:18:27.474+0000] {record_accumulator.py:71} WARNING - Produced messages to topic-partition ('users_created', 0) with base offset -1 log start offset None and error None.
[2024-10-22T13:18:27.487+0000] {record_accumulator.py:330} WARNING - Expired 1 batches in accumulator
[2024-10-22T13:18:29.604+0000] {record_accumulator.py:71} WARNING - Produced messages to topic-partition ('users_created', 2) with base offset -1 log start offset None and error None.
[2024-10-22T13:18:29.606+0000] {record_accumulator.py:330} WARNING - Expired 1 batches in accumulator
[2024-10-22T13:18:38.064+0000] {record_accumulator.py:71} WARNING - Produced messages to topic-partition ('users_created', 1) with base offset -1 log start offset None and error None.
[2024-10-22T13:18:38.072+0000] {record_accumulator.py:330} WARNING - Expired 1 batches in accumulator
[2024-10-22T13:18:59.517+0000] {record_accumulator.py:71} WARNING - Produced messages to topic-partition ('users_created', 0) with base offset -1 log start offset None and error None.
[2024-10-22T13:18:59.542+0000] {record_accumulator.py:330} WARNING - Expired 1 batches in accumulator
[2024-10-22T13:19:08.819+0000] {record_accumulator.py:71} WARNING - Produced messages to topic-partition ('users_created', 2) with base offset -1 log start offset None and error None.
[2024-10-22T13:19:08.820+0000] {record_accumulator.py:330} WARNING - Expired 1 batches in accumulator
[2024-10-22T13:19:10.901+0000] {record_accumulator.py:71} WARNING - Produced messages to topic-partition ('users_created', 1) with base offset -1 log start offset None and error None.
[2024-10-22T13:19:10.919+0000] {record_accumulator.py:330} WARNING - Expired 1 batches in accumulator
[2024-10-22T13:19:30.756+0000] {record_accumulator.py:71} WARNING - Produced messages to topic-partition ('users_created', 0) with base offset -1 log start offset None and error None.
[2024-10-22T13:19:30.757+0000] {record_accumulator.py:330} WARNING - Expired 1 batches in accumulator
[2024-10-22T13:19:42.542+0000] {record_accumulator.py:71} WARNING - Produced messages to topic-partition ('users_created', 2) with base offset -1 log start offset None and error None.
[2024-10-22T13:19:42.553+0000] {record_accumulator.py:330} WARNING - Expired 1 batches in accumulator
[2024-10-22T13:19:42.566+0000] {conn.py:673} INFO - <BrokerConnection node_id=1002 host=broker:9093 <connected> [IPv4 ('172.21.0.7', 9093)]>: Closing connection. 
[2024-10-22T13:19:42.570+0000] {python.py:237} INFO - Done. Returned value was: None
[2024-10-22T13:19:42.573+0000] {taskinstance.py:441} INFO - ::group::Post task execution logs
[2024-10-22T13:19:42.626+0000] {taskinstance.py:1206} INFO - Marking task as SUCCESS. dag_id=user_automation, task_id=stream_data_from_api, run_id=scheduled__2024-10-21T00:00:00+00:00, execution_date=20241021T000000, start_date=20241022T131721, end_date=20241022T131942
[2024-10-22T13:19:42.817+0000] {local_task_job_runner.py:243} INFO - Task exited with return code 0
[2024-10-22T13:19:42.860+0000] {local_task_job_runner.py:222} INFO - ::endgroup::
