[2024-10-24T16:57:37.343+0000] {local_task_job_runner.py:120} INFO - ::group::Pre task execution logs
[2024-10-24T16:57:38.017+0000] {taskinstance.py:2076} INFO - Dependencies all met for dep_context=non-requeueable deps ti=<TaskInstance: user_automation.stream_data_from_api scheduled__2024-10-23T00:00:00+00:00 [queued]>
[2024-10-24T16:57:38.053+0000] {taskinstance.py:2076} INFO - Dependencies all met for dep_context=requeueable deps ti=<TaskInstance: user_automation.stream_data_from_api scheduled__2024-10-23T00:00:00+00:00 [queued]>
[2024-10-24T16:57:38.054+0000] {taskinstance.py:2306} INFO - Starting attempt 2 of 2
[2024-10-24T16:57:38.162+0000] {taskinstance.py:2330} INFO - Executing <Task(PythonOperator): stream_data_from_api> on 2024-10-23 00:00:00+00:00
[2024-10-24T16:57:38.246+0000] {standard_task_runner.py:90} INFO - Running: ['***', 'tasks', 'run', 'user_automation', 'stream_data_from_api', 'scheduled__2024-10-23T00:00:00+00:00', '--job-id', '161', '--raw', '--subdir', 'DAGS_FOLDER/kafka_stream.py', '--cfg-path', '/tmp/tmp6f0a4a_c']
[2024-10-24T16:57:38.259+0000] {standard_task_runner.py:91} INFO - Job 161: Subtask stream_data_from_api
[2024-10-24T16:57:38.268+0000] {logging_mixin.py:188} WARNING - /home/***/.local/lib/python3.12/site-packages/***/task/task_runner/standard_task_runner.py:62 DeprecationWarning: This process (pid=1077) is multi-threaded, use of fork() may lead to deadlocks in the child.
[2024-10-24T16:57:38.278+0000] {standard_task_runner.py:64} INFO - Started process 1078 to run task
[2024-10-24T16:57:38.435+0000] {task_command.py:426} INFO - Running <TaskInstance: user_automation.stream_data_from_api scheduled__2024-10-23T00:00:00+00:00 [running]> on host 99d2c9a4153a
[2024-10-24T16:57:38.941+0000] {taskinstance.py:2648} INFO - Exporting env vars: AIRFLOW_CTX_DAG_OWNER='admin' AIRFLOW_CTX_DAG_ID='user_automation' AIRFLOW_CTX_TASK_ID='stream_data_from_api' AIRFLOW_CTX_EXECUTION_DATE='2024-10-23T00:00:00+00:00' AIRFLOW_CTX_TRY_NUMBER='2' AIRFLOW_CTX_DAG_RUN_ID='scheduled__2024-10-23T00:00:00+00:00'
[2024-10-24T16:57:38.954+0000] {taskinstance.py:430} INFO - ::endgroup::
[2024-10-24T16:57:40.030+0000] {conn.py:362} INFO - <BrokerConnection node_id=bootstrap-0 host=kafka:9093 <connecting> [IPv4 ('172.21.0.8', 9093)]>: connecting to kafka:9093 [('172.21.0.8', 9093) IPv4]
[2024-10-24T16:57:40.033+0000] {conn.py:957} INFO - Probing node bootstrap-0 broker version
[2024-10-24T16:57:40.035+0000] {conn.py:393} INFO - <BrokerConnection node_id=bootstrap-0 host=kafka:9093 <connecting> [IPv4 ('172.21.0.8', 9093)]>: Connection complete.
[2024-10-24T16:57:40.177+0000] {conn.py:1019} INFO - Broker version identified as 2.6.0
[2024-10-24T16:57:40.183+0000] {conn.py:1020} INFO - Set configuration api_version=(2, 6, 0) to skip auto check_version requests on startup
[2024-10-24T16:57:41.911+0000] {kafka_stream.py:56} INFO - Data sent to Kafka: {'first_name': 'Ana', 'last_name': 'Uzelac', 'gender': 'female', 'address': '7091 Mučanjska, Mali Zvornik, West Bačka, Serbia', 'post_code': 15549, 'email': 'ana.uzelac@example.com', 'username': 'lazyladybug592', 'dob': '1992-06-17T08:55:16.525Z', 'registered_date': '2012-02-22T14:45:54.439Z', 'phone': '027-3319-487', 'picture': 'https://randomuser.me/api/portraits/med/women/43.jpg'}
[2024-10-24T16:57:41.918+0000] {conn.py:362} INFO - <BrokerConnection node_id=1001 host=kafka:9093 <connecting> [IPv4 ('172.21.0.8', 9093)]>: connecting to kafka:9093 [('172.21.0.8', 9093) IPv4]
[2024-10-24T16:57:41.922+0000] {conn.py:393} INFO - <BrokerConnection node_id=1001 host=kafka:9093 <connecting> [IPv4 ('172.21.0.8', 9093)]>: Connection complete.
[2024-10-24T16:57:41.923+0000] {conn.py:673} INFO - <BrokerConnection node_id=bootstrap-0 host=kafka:9093 <connected> [IPv4 ('172.21.0.8', 9093)]>: Closing connection. 
[2024-10-24T16:57:44.447+0000] {kafka_stream.py:56} INFO - Data sent to Kafka: {'first_name': 'Tyler', 'last_name': 'Kumar', 'gender': 'male', 'address': '5130 Taradale Road, Whangarei, Otago, New Zealand', 'post_code': 72268, 'email': 'tyler.kumar@example.com', 'username': 'greenduck636', 'dob': '1996-06-25T07:43:03.075Z', 'registered_date': '2006-08-13T08:43:54.776Z', 'phone': '(262)-833-1576', 'picture': 'https://randomuser.me/api/portraits/med/men/61.jpg'}
[2024-10-24T16:57:46.121+0000] {kafka_stream.py:56} INFO - Data sent to Kafka: {'first_name': 'Eugenia', 'last_name': 'Esparza', 'gender': 'female', 'address': '5028 Prolongación Puebla, Zacatipa, Veracruz, Mexico', 'post_code': 33750, 'email': 'eugenia.esparza@example.com', 'username': 'silvermeercat668', 'dob': '1993-11-03T14:52:00.910Z', 'registered_date': '2017-12-15T16:55:31.732Z', 'phone': '(678) 374 1796', 'picture': 'https://randomuser.me/api/portraits/med/women/96.jpg'}
[2024-10-24T16:57:47.550+0000] {kafka_stream.py:56} INFO - Data sent to Kafka: {'first_name': 'Emilio', 'last_name': 'Parra', 'gender': 'male', 'address': '2416 Diagonal Reino Unido de Gran Bretaña e Irlanda del Norte, Seybaplaya, Durango, Mexico', 'post_code': 29953, 'email': 'emilio.parra@example.com', 'username': 'whiteduck237', 'dob': '1960-08-18T02:01:54.846Z', 'registered_date': '2020-08-18T16:48:51.202Z', 'phone': '(624) 877 5018', 'picture': 'https://randomuser.me/api/portraits/med/men/77.jpg'}
[2024-10-24T16:57:49.430+0000] {kafka_stream.py:56} INFO - Data sent to Kafka: {'first_name': 'Louna', 'last_name': 'Schmitt', 'gender': 'female', 'address': '3038 Rue Duguesclin, Tourcoing, Orne, France', 'post_code': 57215, 'email': 'louna.schmitt@example.com', 'username': 'heavybutterfly627', 'dob': '1966-12-26T05:15:03.319Z', 'registered_date': '2018-06-22T14:16:33.470Z', 'phone': '02-58-98-65-36', 'picture': 'https://randomuser.me/api/portraits/med/women/52.jpg'}
[2024-10-24T16:57:51.327+0000] {kafka_stream.py:56} INFO - Data sent to Kafka: {'first_name': 'Beth', 'last_name': 'Byrd', 'gender': 'female', 'address': '4369 Edwards Rd, Port Macquarie, Victoria, Australia', 'post_code': 7375, 'email': 'beth.byrd@example.com', 'username': 'goldengoose163', 'dob': '1966-09-25T19:06:11.197Z', 'registered_date': '2009-02-07T23:20:10.634Z', 'phone': '00-0407-8044', 'picture': 'https://randomuser.me/api/portraits/med/women/77.jpg'}
[2024-10-24T16:57:53.578+0000] {kafka_stream.py:56} INFO - Data sent to Kafka: {'first_name': 'Luna', 'last_name': 'Dağ', 'gender': 'female', 'address': '884 Bremsingel, Banholt, Groningen, Netherlands', 'post_code': '7464 EM', 'email': 'luna.dag@example.com', 'username': 'heavymeercat171', 'dob': '1946-03-19T22:05:57.582Z', 'registered_date': '2014-05-04T03:29:21.445Z', 'phone': '(0237) 316331', 'picture': 'https://randomuser.me/api/portraits/med/women/39.jpg'}
[2024-10-24T16:57:54.703+0000] {kafka_stream.py:56} INFO - Data sent to Kafka: {'first_name': 'Radim', 'last_name': 'Kindratenko', 'gender': 'male', 'address': '7655 Tripilska, Pereshchepine, Chernivecka, Ukraine', 'post_code': 24178, 'email': 'radim.kindratenko@example.com', 'username': 'greensnake430', 'dob': '1946-03-02T00:09:22.030Z', 'registered_date': '2018-02-02T19:58:27.620Z', 'phone': '(068) H15-5852', 'picture': 'https://randomuser.me/api/portraits/med/men/36.jpg'}
[2024-10-24T16:57:56.334+0000] {kafka_stream.py:56} INFO - Data sent to Kafka: {'first_name': 'Afet', 'last_name': 'Okur', 'gender': 'female', 'address': '8016 Atatürk Sk, Burdur, Kahramanmaraş, Turkey', 'post_code': 39901, 'email': 'afet.okur@example.com', 'username': 'sadsnake246', 'dob': '1954-07-21T20:49:40.130Z', 'registered_date': '2015-03-26T13:02:10.476Z', 'phone': '(770)-773-3610', 'picture': 'https://randomuser.me/api/portraits/med/women/54.jpg'}
[2024-10-24T16:57:58.705+0000] {kafka_stream.py:56} INFO - Data sent to Kafka: {'first_name': 'Lyudomil', 'last_name': 'Kostogriz', 'gender': 'male', 'address': '5473 Koshicya, Chigirin, Rivnenska, Ukraine', 'post_code': 34327, 'email': 'lyudomil.kostogriz@example.com', 'username': 'heavypeacock833', 'dob': '1966-05-29T03:37:43.491Z', 'registered_date': '2008-08-13T14:42:27.087Z', 'phone': '(097) Z74-2371', 'picture': 'https://randomuser.me/api/portraits/med/men/16.jpg'}
[2024-10-24T16:58:00.865+0000] {kafka_stream.py:56} INFO - Data sent to Kafka: {'first_name': 'Mahamed', 'last_name': 'Nesse', 'gender': 'male', 'address': '73 Jørnsløkkveien, Skibotn, Bergen, Norway', 'post_code': '3249', 'email': 'mahamed.nesse@example.com', 'username': 'greentiger348', 'dob': '1964-10-10T19:56:48.907Z', 'registered_date': '2008-01-12T06:57:28.184Z', 'phone': '35909093', 'picture': 'https://randomuser.me/api/portraits/med/men/30.jpg'}
[2024-10-24T16:58:02.731+0000] {kafka_stream.py:56} INFO - Data sent to Kafka: {'first_name': 'Deepak', 'last_name': 'Kumari', 'gender': 'male', 'address': '8766 Dwaraka Nagar, Tirunelveli, Tripura, India', 'post_code': 15558, 'email': 'deepak.kumari@example.com', 'username': 'beautifulduck784', 'dob': '1948-12-01T02:38:09.827Z', 'registered_date': '2012-08-15T21:34:53.205Z', 'phone': '8379471954', 'picture': 'https://randomuser.me/api/portraits/med/men/76.jpg'}
[2024-10-24T16:58:04.358+0000] {kafka_stream.py:56} INFO - Data sent to Kafka: {'first_name': 'Karoline', 'last_name': 'Berg', 'gender': 'female', 'address': '3252 Solligrenda, Ulefoss, Vest-Agder, Norway', 'post_code': '4095', 'email': 'karoline.berg@example.com', 'username': 'blackduck794', 'dob': '1988-01-05T21:29:50.630Z', 'registered_date': '2016-06-09T02:00:57.801Z', 'phone': '56906442', 'picture': 'https://randomuser.me/api/portraits/med/women/35.jpg'}
[2024-10-24T16:58:06.101+0000] {kafka_stream.py:56} INFO - Data sent to Kafka: {'first_name': 'Sofia', 'last_name': 'Carroll', 'gender': 'female', 'address': '4049 High Street, Carrick-on-Shannon, South Dublin, Ireland', 'post_code': 47015, 'email': 'sofia.carroll@example.com', 'username': 'browncat433', 'dob': '1969-10-07T13:59:46.820Z', 'registered_date': '2008-07-08T19:58:49.078Z', 'phone': '011-149-7093', 'picture': 'https://randomuser.me/api/portraits/med/women/1.jpg'}
[2024-10-24T16:58:08.329+0000] {kafka_stream.py:56} INFO - Data sent to Kafka: {'first_name': 'Anton', 'last_name': 'Jensen', 'gender': 'male', 'address': '9563 Feriebyen, Århus C., Nordjylland, Denmark', 'post_code': 75184, 'email': 'anton.jensen@example.com', 'username': 'heavyladybug892', 'dob': '1994-06-22T15:14:13.997Z', 'registered_date': '2002-12-17T00:45:59.065Z', 'phone': '23367081', 'picture': 'https://randomuser.me/api/portraits/med/men/46.jpg'}
[2024-10-24T16:58:09.486+0000] {kafka_stream.py:56} INFO - Data sent to Kafka: {'first_name': 'Nelson', 'last_name': 'Scott', 'gender': 'male', 'address': '3687 Galway Road, Bray, Louth, Ireland', 'post_code': 48865, 'email': 'nelson.scott@example.com', 'username': 'silversnake533', 'dob': '1986-11-30T16:57:17.758Z', 'registered_date': '2002-07-11T17:39:07.796Z', 'phone': '021-535-9707', 'picture': 'https://randomuser.me/api/portraits/med/men/75.jpg'}
[2024-10-24T16:58:11.128+0000] {conn.py:673} INFO - <BrokerConnection node_id=1001 host=kafka:9093 <connected> [IPv4 ('172.21.0.8', 9093)]>: Closing connection. 
[2024-10-24T16:58:11.134+0000] {python.py:237} INFO - Done. Returned value was: {'first_name': 'Nelson', 'last_name': 'Scott', 'gender': 'male', 'address': '3687 Galway Road, Bray, Louth, Ireland', 'post_code': 48865, 'email': 'nelson.scott@example.com', 'username': 'silversnake533', 'dob': '1986-11-30T16:57:17.758Z', 'registered_date': '2002-07-11T17:39:07.796Z', 'phone': '021-535-9707', 'picture': 'https://randomuser.me/api/portraits/med/men/75.jpg'}
[2024-10-24T16:58:11.138+0000] {taskinstance.py:441} INFO - ::group::Post task execution logs
[2024-10-24T16:58:11.417+0000] {taskinstance.py:1206} INFO - Marking task as SUCCESS. dag_id=user_automation, task_id=stream_data_from_api, run_id=scheduled__2024-10-23T00:00:00+00:00, execution_date=20241023T000000, start_date=20241024T165738, end_date=20241024T165811
[2024-10-24T16:58:11.550+0000] {local_task_job_runner.py:243} INFO - Task exited with return code 0
[2024-10-24T16:58:11.593+0000] {taskinstance.py:3503} INFO - 0 downstream tasks scheduled from follow-on schedule check
[2024-10-24T16:58:11.602+0000] {local_task_job_runner.py:222} INFO - ::endgroup::
