[2024-10-25T09:47:43.533+0000] {local_task_job_runner.py:120} INFO - ::group::Pre task execution logs
[2024-10-25T09:47:43.618+0000] {taskinstance.py:2076} INFO - Dependencies all met for dep_context=non-requeueable deps ti=<TaskInstance: user_automation.stream_data_from_api scheduled__2024-10-23T00:00:00+00:00 [queued]>
[2024-10-25T09:47:43.640+0000] {taskinstance.py:2076} INFO - Dependencies all met for dep_context=requeueable deps ti=<TaskInstance: user_automation.stream_data_from_api scheduled__2024-10-23T00:00:00+00:00 [queued]>
[2024-10-25T09:47:43.642+0000] {taskinstance.py:2306} INFO - Starting attempt 5 of 5
[2024-10-25T09:47:43.680+0000] {taskinstance.py:2330} INFO - Executing <Task(PythonOperator): stream_data_from_api> on 2024-10-23 00:00:00+00:00
[2024-10-25T09:47:43.704+0000] {standard_task_runner.py:90} INFO - Running: ['***', 'tasks', 'run', 'user_automation', 'stream_data_from_api', 'scheduled__2024-10-23T00:00:00+00:00', '--job-id', '168', '--raw', '--subdir', 'DAGS_FOLDER/kafka_stream.py', '--cfg-path', '/tmp/tmpyk8bfq7h']
[2024-10-25T09:47:43.713+0000] {standard_task_runner.py:91} INFO - Job 168: Subtask stream_data_from_api
[2024-10-25T09:47:43.728+0000] {logging_mixin.py:188} WARNING - /home/***/.local/lib/python3.12/site-packages/***/task/task_runner/standard_task_runner.py:62 DeprecationWarning: This process (pid=417) is multi-threaded, use of fork() may lead to deadlocks in the child.
[2024-10-25T09:47:43.730+0000] {standard_task_runner.py:64} INFO - Started process 418 to run task
[2024-10-25T09:47:43.853+0000] {task_command.py:426} INFO - Running <TaskInstance: user_automation.stream_data_from_api scheduled__2024-10-23T00:00:00+00:00 [running]> on host 99d2c9a4153a
[2024-10-25T09:47:44.093+0000] {taskinstance.py:2648} INFO - Exporting env vars: AIRFLOW_CTX_DAG_OWNER='admin' AIRFLOW_CTX_DAG_ID='user_automation' AIRFLOW_CTX_TASK_ID='stream_data_from_api' AIRFLOW_CTX_EXECUTION_DATE='2024-10-23T00:00:00+00:00' AIRFLOW_CTX_TRY_NUMBER='5' AIRFLOW_CTX_DAG_RUN_ID='scheduled__2024-10-23T00:00:00+00:00'
[2024-10-25T09:47:44.095+0000] {taskinstance.py:430} INFO - ::endgroup::
[2024-10-25T09:47:44.503+0000] {conn.py:362} INFO - <BrokerConnection node_id=bootstrap-0 host=kafka:9093 <connecting> [IPv4 ('172.21.0.8', 9093)]>: connecting to kafka:9093 [('172.21.0.8', 9093) IPv4]
[2024-10-25T09:47:44.506+0000] {conn.py:957} INFO - Probing node bootstrap-0 broker version
[2024-10-25T09:47:44.511+0000] {conn.py:393} INFO - <BrokerConnection node_id=bootstrap-0 host=kafka:9093 <connecting> [IPv4 ('172.21.0.8', 9093)]>: Connection complete.
[2024-10-25T09:47:44.641+0000] {conn.py:1019} INFO - Broker version identified as 2.6.0
[2024-10-25T09:47:44.643+0000] {conn.py:1020} INFO - Set configuration api_version=(2, 6, 0) to skip auto check_version requests on startup
[2024-10-25T09:47:46.997+0000] {kafka_stream.py:56} INFO - Data sent to Kafka: {'first_name': 'Yarovit', 'last_name': 'Semenko', 'gender': 'male', 'address': "540 Terleckogo, Mar'yinka, Ivano-Frankivska, Ukraine", 'post_code': 53626, 'email': 'yarovit.semenko@example.com', 'username': 'blackzebra563', 'dob': '1948-02-12T01:07:55.958Z', 'registered_date': '2019-12-02T03:17:48.303Z', 'phone': '(066) Z94-8180', 'picture': 'https://randomuser.me/api/portraits/med/men/32.jpg'} topic users
[2024-10-25T09:47:47.006+0000] {conn.py:362} INFO - <BrokerConnection node_id=1001 host=kafka:9093 <connecting> [IPv4 ('172.21.0.8', 9093)]>: connecting to kafka:9093 [('172.21.0.8', 9093) IPv4]
[2024-10-25T09:47:47.021+0000] {conn.py:393} INFO - <BrokerConnection node_id=1001 host=kafka:9093 <connecting> [IPv4 ('172.21.0.8', 9093)]>: Connection complete.
[2024-10-25T09:47:47.024+0000] {conn.py:673} INFO - <BrokerConnection node_id=bootstrap-0 host=kafka:9093 <connected> [IPv4 ('172.21.0.8', 9093)]>: Closing connection. 
[2024-10-25T09:47:48.638+0000] {kafka_stream.py:56} INFO - Data sent to Kafka: {'first_name': 'Olga', 'last_name': 'Vidić', 'gender': 'female', 'address': '3219 Sare Bernar, Leposavić, Moravica, Serbia', 'post_code': 41227, 'email': 'olga.vidic@example.com', 'username': 'smallswan415', 'dob': '1962-01-17T21:38:02.326Z', 'registered_date': '2005-02-26T17:21:45.112Z', 'phone': '025-4476-505', 'picture': 'https://randomuser.me/api/portraits/med/women/63.jpg'} topic users
[2024-10-25T09:47:50.734+0000] {kafka_stream.py:56} INFO - Data sent to Kafka: {'first_name': 'Ramiro', 'last_name': 'Barros', 'gender': 'male', 'address': '9828 Avenida D. Pedro Ii, Cariacica, Minas Gerais, Brazil', 'post_code': 16826, 'email': 'ramiro.barros@example.com', 'username': 'redmeercat138', 'dob': '1952-04-02T16:06:21.709Z', 'registered_date': '2008-01-28T21:32:43.573Z', 'phone': '(26) 9104-7599', 'picture': 'https://randomuser.me/api/portraits/med/men/41.jpg'} topic users
[2024-10-25T09:47:52.207+0000] {kafka_stream.py:56} INFO - Data sent to Kafka: {'first_name': 'Toni', 'last_name': 'Pietschmann', 'gender': 'male', 'address': '9325 Mühlenstraße, Hagen, Hessen, Germany', 'post_code': 73949, 'email': 'toni.pietschmann@example.com', 'username': 'sadzebra490', 'dob': '1996-05-07T13:32:14.930Z', 'registered_date': '2018-12-17T10:46:06.389Z', 'phone': '0746-3811164', 'picture': 'https://randomuser.me/api/portraits/med/men/88.jpg'} topic users
[2024-10-25T09:47:53.276+0000] {kafka_stream.py:56} INFO - Data sent to Kafka: {'first_name': 'Maria', 'last_name': 'Roberts', 'gender': 'female', 'address': '4436 Elizabeth Street, Taupo, Manawatu-Wanganui, New Zealand', 'post_code': 41706, 'email': 'maria.roberts@example.com', 'username': 'sadbird144', 'dob': '1997-11-15T10:17:38.510Z', 'registered_date': '2004-06-30T13:34:40.799Z', 'phone': '(536)-117-1458', 'picture': 'https://randomuser.me/api/portraits/med/women/20.jpg'} topic users
[2024-10-25T09:47:57.856+0000] {kafka_stream.py:56} INFO - Data sent to Kafka: {'first_name': 'Eli', 'last_name': 'Li', 'gender': 'male', 'address': '5324 Karangahape Road, Hastings, Otago, New Zealand', 'post_code': 75093, 'email': 'eli.li@example.com', 'username': 'yellowtiger930', 'dob': '1966-08-30T05:00:27.015Z', 'registered_date': '2009-04-14T06:08:32.640Z', 'phone': '(380)-735-5989', 'picture': 'https://randomuser.me/api/portraits/med/men/97.jpg'} topic users
[2024-10-25T09:47:58.970+0000] {kafka_stream.py:56} INFO - Data sent to Kafka: {'first_name': 'Marco', 'last_name': 'Pastor', 'gender': 'male', 'address': '9859 Calle de Bravo Murillo, Las Palmas de Gran Canaria, Ceuta, Spain', 'post_code': 57029, 'email': 'marco.pastor@example.com', 'username': 'smallgorilla976', 'dob': '1986-01-15T14:33:02.062Z', 'registered_date': '2022-04-17T14:39:27.849Z', 'phone': '937-718-301', 'picture': 'https://randomuser.me/api/portraits/med/men/71.jpg'} topic users
[2024-10-25T09:48:00.689+0000] {kafka_stream.py:56} INFO - Data sent to Kafka: {'first_name': 'Luigino', 'last_name': 'Beintema', 'gender': 'male', 'address': '561 Het Bat, Thorn, Friesland, Netherlands', 'post_code': '8126 BJ', 'email': 'luigino.beintema@example.com', 'username': 'goldencat733', 'dob': '1949-01-31T22:33:26.366Z', 'registered_date': '2019-01-13T17:03:58.125Z', 'phone': '(029) 6832548', 'picture': 'https://randomuser.me/api/portraits/med/men/56.jpg'} topic users
[2024-10-25T09:48:02.773+0000] {kafka_stream.py:56} INFO - Data sent to Kafka: {'first_name': 'Anton', 'last_name': 'Kauppi', 'gender': 'male', 'address': '866 Nordenskiöldinkatu, Siikalatva, Åland, Finland', 'post_code': 86380, 'email': 'anton.kauppi@example.com', 'username': 'smallgorilla671', 'dob': '1983-06-12T05:33:38.386Z', 'registered_date': '2018-01-01T12:02:15.997Z', 'phone': '07-144-327', 'picture': 'https://randomuser.me/api/portraits/med/men/56.jpg'} topic users
[2024-10-25T09:48:04.088+0000] {kafka_stream.py:56} INFO - Data sent to Kafka: {'first_name': 'Anton', 'last_name': 'Petersen', 'gender': 'male', 'address': '568 Skovparken, Overby Lyng, Syddanmark, Denmark', 'post_code': 46275, 'email': 'anton.petersen@example.com', 'username': 'beautifulpeacock970', 'dob': '1998-04-19T11:16:46.906Z', 'registered_date': '2015-04-10T07:11:36.272Z', 'phone': '90381050', 'picture': 'https://randomuser.me/api/portraits/med/men/51.jpg'} topic users
[2024-10-25T09:48:05.741+0000] {kafka_stream.py:56} INFO - Data sent to Kafka: {'first_name': 'Ladislava', 'last_name': 'Barilyak', 'gender': 'female', 'address': '1099 Stepana Kovnira, Bahchisaray, Vinnicka, Ukraine', 'post_code': 33027, 'email': 'ladislava.barilyak@example.com', 'username': 'beautifultiger465', 'dob': '1966-08-07T18:01:29.916Z', 'registered_date': '2009-03-16T07:37:34.061Z', 'phone': '(066) S43-9178', 'picture': 'https://randomuser.me/api/portraits/med/women/47.jpg'} topic users
[2024-10-25T09:48:10.976+0000] {kafka_stream.py:56} INFO - Data sent to Kafka: {'first_name': 'Rafaél', 'last_name': 'Ocasio', 'gender': 'male', 'address': '6948 Circuito Norte Haro, Gral.Felipe Carrillo Puerto, Sinaloa, Mexico', 'post_code': 55949, 'email': 'rafael.ocasio@example.com', 'username': 'crazybear879', 'dob': '1967-12-01T03:54:32.076Z', 'registered_date': '2014-04-15T21:36:18.742Z', 'phone': '(637) 561 9801', 'picture': 'https://randomuser.me/api/portraits/med/men/82.jpg'} topic users
[2024-10-25T09:48:12.227+0000] {kafka_stream.py:56} INFO - Data sent to Kafka: {'first_name': 'Samaksh', 'last_name': 'Namnaik', 'gender': 'male', 'address': '3580 Rajaji Salai, Deoghar, Maharashtra, India', 'post_code': 26064, 'email': 'samaksh.namnaik@example.com', 'username': 'greenwolf157', 'dob': '1974-03-12T17:29:48.700Z', 'registered_date': '2003-07-22T07:40:00.229Z', 'phone': '8576488939', 'picture': 'https://randomuser.me/api/portraits/med/men/35.jpg'} topic users
[2024-10-25T09:48:13.413+0000] {kafka_stream.py:56} INFO - Data sent to Kafka: {'first_name': 'Yann', 'last_name': 'Bertrand', 'gender': 'male', 'address': '5294 Rue de la Mairie, Pau, Deux-Sèvres, France', 'post_code': 50022, 'email': 'yann.bertrand@example.com', 'username': 'redbird650', 'dob': '1990-02-23T04:29:11.898Z', 'registered_date': '2020-03-28T03:18:10.216Z', 'phone': '01-60-57-59-03', 'picture': 'https://randomuser.me/api/portraits/med/men/55.jpg'} topic users
[2024-10-25T09:48:14.838+0000] {conn.py:673} INFO - <BrokerConnection node_id=1001 host=kafka:9093 <connected> [IPv4 ('172.21.0.8', 9093)]>: Closing connection. 
[2024-10-25T09:48:14.840+0000] {python.py:237} INFO - Done. Returned value was: {'first_name': 'Yann', 'last_name': 'Bertrand', 'gender': 'male', 'address': '5294 Rue de la Mairie, Pau, Deux-Sèvres, France', 'post_code': 50022, 'email': 'yann.bertrand@example.com', 'username': 'redbird650', 'dob': '1990-02-23T04:29:11.898Z', 'registered_date': '2020-03-28T03:18:10.216Z', 'phone': '01-60-57-59-03', 'picture': 'https://randomuser.me/api/portraits/med/men/55.jpg'}
[2024-10-25T09:48:14.841+0000] {taskinstance.py:441} INFO - ::group::Post task execution logs
[2024-10-25T09:48:14.902+0000] {taskinstance.py:1206} INFO - Marking task as SUCCESS. dag_id=user_automation, task_id=stream_data_from_api, run_id=scheduled__2024-10-23T00:00:00+00:00, execution_date=20241023T000000, start_date=20241025T094743, end_date=20241025T094814
[2024-10-25T09:48:14.992+0000] {local_task_job_runner.py:243} INFO - Task exited with return code 0
[2024-10-25T09:48:15.037+0000] {taskinstance.py:3503} INFO - 0 downstream tasks scheduled from follow-on schedule check
[2024-10-25T09:48:15.043+0000] {local_task_job_runner.py:222} INFO - ::endgroup::
